This is pdfTeX, Version 3.141592653-2.6-1.40.22 (TeX Live 2022/dev/Debian) (preloaded format=pdflatex 2024.4.26)  1 JUN 2024 23:12
entering extended mode
 restricted \write18 enabled.
 %&-line parsing enabled.
**Chapter0.tex
(./Chapter0.tex
LaTeX2e <2021-11-15> patch level 1
L3 programming layer <2022-01-21>
! Undefined control sequence.
l.1 \section
            {–í–≤–µ–¥–µ–Ω–∏–µ}
The control sequence at the end of the top line
of your error message was never \def'ed. If you have
misspelled it (e.g., `\hobx'), type `I' and the correct
spelling (e.g., `I\hbox'). Otherwise just continue,
and I'll forget about whatever was undefined.


! LaTeX Error: Unicode character –í (U+0412)
               not set up for use with LaTeX.

See the LaTeX manual or LaTeX Companion for explanation.
Type  H <return>  for immediate help.
 ...                                              
                                                  
l.1 \section{–í
               –≤–µ–¥–µ–Ω–∏–µ}
You may provide a definition with
\DeclareUnicodeCharacter 


! LaTeX Error: Unicode character –≤ (U+0432)
               not set up for use with LaTeX.

See the LaTeX manual or LaTeX Companion for explanation.
Type  H <return>  for immediate help.
 ...                                              
                                                  
l.1 \section{–í–≤
                 –µ–¥–µ–Ω–∏–µ}
You may provide a definition with
\DeclareUnicodeCharacter 


! LaTeX Error: Unicode character –µ (U+0435)
               not set up for use with LaTeX.

See the LaTeX manual or LaTeX Companion for explanation.
Type  H <return>  for immediate help.
 ...                                              
                                                  
l.1 \section{–í–≤–µ
                   –¥–µ–Ω–∏–µ}
You may provide a definition with
\DeclareUnicodeCharacter 


! LaTeX Error: Unicode character –¥ (U+0434)
               not set up for use with LaTeX.

See the LaTeX manual or LaTeX Companion for explanation.
Type  H <return>  for immediate help.
 ...                                              
                                                  
l.1 \section{–í–≤–µ–¥
                     –µ–Ω–∏–µ}
You may provide a definition with
\DeclareUnicodeCharacter 


! LaTeX Error: Unicode character –µ (U+0435)
               not set up for use with LaTeX.

See the LaTeX manual or LaTeX Companion for explanation.
Type  H <return>  for immediate help.
 ...                                              
                                                  
l.1 \section{–í–≤–µ–¥–µ
                       –Ω–∏–µ}
You may provide a definition with
\DeclareUnicodeCharacter 


! LaTeX Error: Unicode character –Ω (U+043D)
               not set up for use with LaTeX.

See the LaTeX manual or LaTeX Companion for explanation.
Type  H <return>  for immediate help.
 ...                                              
                                                  
l.1 \section{–í–≤–µ–¥–µ–Ω
                         –∏–µ}
You may provide a definition with
\DeclareUnicodeCharacter 


! LaTeX Error: Unicode character –∏ (U+0438)
               not set up for use with LaTeX.

See the LaTeX manual or LaTeX Companion for explanation.
Type  H <return>  for immediate help.
 ...                                              
                                                  
l.1 \section{–í–≤–µ–¥–µ–Ω–∏
                           –µ}
You may provide a definition with
\DeclareUnicodeCharacter 


! LaTeX Error: Unicode character –µ (U+0435)
               not set up for use with LaTeX.

See the LaTeX manual or LaTeX Companion for explanation.
Type  H <return>  for immediate help.
 ...                                              
                                                  
l.1 \section{–í–≤–µ–¥–µ–Ω–∏–µ
                             }
You may provide a definition with
\DeclareUnicodeCharacter 


! LaTeX Error: Unicode character –° (U+0421)
               not set up for use with LaTeX.

See the LaTeX manual or LaTeX Companion for explanation.
Type  H <return>  for immediate help.
 ...                                              
                                                  
l.7 –°
      –æ–≤—Ä–µ–º–µ–Ω–Ω—ã–µ —Ç–µ—Ö–Ω–æ–ª–æ–≥–∏–∏ –º–∞—à–∏–Ω–Ω–æ–≥–æ –æ–±—É—á–...

You may provide a definition with
\DeclareUnicodeCharacter 


! LaTeX Error: Unicode character –æ (U+043E)
               not set up for use with LaTeX.

See the LaTeX manual or LaTeX Companion for explanation.
Type  H <return>  for immediate help.
 ...                                              
                                                  
l.7 –°–æ
        –≤—Ä–µ–º–µ–Ω–Ω—ã–µ —Ç–µ—Ö–Ω–æ–ª–æ–≥–∏–∏ –º–∞—à–∏–Ω–Ω–æ–≥–æ –æ–±—É—á–...

You may provide a definition with
\DeclareUnicodeCharacter 


! LaTeX Error: Unicode character –≤ (U+0432)
               not set up for use with LaTeX.

See the LaTeX manual or LaTeX Companion for explanation.
Type  H <return>  for immediate help.
 ...                                              
                                                  
l.7 –°–æ–≤
          —Ä–µ–º–µ–Ω–Ω—ã–µ —Ç–µ—Ö–Ω–æ–ª–æ–≥–∏–∏ –º–∞—à–∏–Ω–Ω–æ–≥–æ –æ–±—É—á–...

You may provide a definition with
\DeclareUnicodeCharacter 


! LaTeX Error: Unicode character —Ä (U+0440)
               not set up for use with LaTeX.

See the LaTeX manual or LaTeX Companion for explanation.
Type  H <return>  for immediate help.
 ...                                              
                                                  
l.7 –°–æ–≤—Ä
            –µ–º–µ–Ω–Ω—ã–µ —Ç–µ—Ö–Ω–æ–ª–æ–≥–∏–∏ –º–∞—à–∏–Ω–Ω–æ–≥–æ –æ–±—É—á–...

You may provide a definition with
\DeclareUnicodeCharacter 


! LaTeX Error: Unicode character –µ (U+0435)
               not set up for use with LaTeX.

See the LaTeX manual or LaTeX Companion for explanation.
Type  H <return>  for immediate help.
 ...                                              
                                                  
l.7 –°–æ–≤—Ä–µ
              –º–µ–Ω–Ω—ã–µ —Ç–µ—Ö–Ω–æ–ª–æ–≥–∏–∏ –º–∞—à–∏–Ω–Ω–æ–≥–æ –æ–±—É—á–...

You may provide a definition with
\DeclareUnicodeCharacter 


! LaTeX Error: Unicode character –º (U+043C)
               not set up for use with LaTeX.

See the LaTeX manual or LaTeX Companion for explanation.
Type  H <return>  for immediate help.
 ...                                              
                                                  
l.7 –°–æ–≤—Ä–µ–º
                –µ–Ω–Ω—ã–µ —Ç–µ—Ö–Ω–æ–ª–æ–≥–∏–∏ –º–∞—à–∏–Ω–Ω–æ–≥–æ –æ–±—É—á–...

You may provide a definition with
\DeclareUnicodeCharacter 


! LaTeX Error: Unicode character –µ (U+0435)
               not set up for use with LaTeX.

See the LaTeX manual or LaTeX Companion for explanation.
Type  H <return>  for immediate help.
 ...                                              
                                                  
l.7 –°–æ–≤—Ä–µ–º–µ
                  –Ω–Ω—ã–µ —Ç–µ—Ö–Ω–æ–ª–æ–≥–∏–∏ –º–∞—à–∏–Ω–Ω–æ–≥–æ –æ–±—É—á–...

You may provide a definition with
\DeclareUnicodeCharacter 


! LaTeX Error: Unicode character –Ω (U+043D)
               not set up for use with LaTeX.

See the LaTeX manual or LaTeX Companion for explanation.
Type  H <return>  for immediate help.
 ...                                              
                                                  
l.7 –°–æ–≤—Ä–µ–º–µ–Ω
                    –Ω—ã–µ —Ç–µ—Ö–Ω–æ–ª–æ–≥–∏–∏ –º–∞—à–∏–Ω–Ω–æ–≥–æ –æ–±—É—á–...

You may provide a definition with
\DeclareUnicodeCharacter 


! LaTeX Error: Unicode character –Ω (U+043D)
               not set up for use with LaTeX.

See the LaTeX manual or LaTeX Companion for explanation.
Type  H <return>  for immediate help.
 ...                                              
                                                  
l.7 –°–æ–≤—Ä–µ–º–µ–Ω–Ω
                      —ã–µ —Ç–µ—Ö–Ω–æ–ª–æ–≥–∏–∏ –º–∞—à–∏–Ω–Ω–æ–≥–æ –æ–±—É—á–...

You may provide a definition with
\DeclareUnicodeCharacter 


! LaTeX Error: Unicode character —ã (U+044B)
               not set up for use with LaTeX.

See the LaTeX manual or LaTeX Companion for explanation.
Type  H <return>  for immediate help.
 ...                                              
                                                  
l.7 –°–æ–≤—Ä–µ–º–µ–Ω–Ω—ã
                        –µ —Ç–µ—Ö–Ω–æ–ª–æ–≥–∏–∏ –º–∞—à–∏–Ω–Ω–æ–≥–æ –æ–±—É—á–...

You may provide a definition with
\DeclareUnicodeCharacter 


! LaTeX Error: Unicode character –µ (U+0435)
               not set up for use with LaTeX.

See the LaTeX manual or LaTeX Companion for explanation.
Type  H <return>  for immediate help.
 ...                                              
                                                  
l.7 –°–æ–≤—Ä–µ–º–µ–Ω–Ω—ã–µ
                           —Ç–µ—Ö–Ω–æ–ª–æ–≥–∏–∏ –º–∞—à–∏–Ω–Ω–æ–≥–æ –æ–±—É—á–...

You may provide a definition with
\DeclareUnicodeCharacter 


! LaTeX Error: Unicode character —Ç (U+0442)
               not set up for use with LaTeX.

See the LaTeX manual or LaTeX Companion for explanation.
Type  H <return>  for immediate help.
 ...                                              
                                                  
l.7 –°–æ–≤—Ä–µ–º–µ–Ω–Ω—ã–µ —Ç
                             –µ—Ö–Ω–æ–ª–æ–≥–∏–∏ –º–∞—à–∏–Ω–Ω–æ–≥–æ –æ–±—É—á–...

You may provide a definition with
\DeclareUnicodeCharacter 


! LaTeX Error: Unicode character –µ (U+0435)
               not set up for use with LaTeX.

See the LaTeX manual or LaTeX Companion for explanation.
Type  H <return>  for immediate help.
 ...                                              
                                                  
l.7 –°–æ–≤—Ä–µ–º–µ–Ω–Ω—ã–µ —Ç–µ
                               —Ö–Ω–æ–ª–æ–≥–∏–∏ –º–∞—à–∏–Ω–Ω–æ–≥–æ –æ–±—É—á–...

You may provide a definition with
\DeclareUnicodeCharacter 


! LaTeX Error: Unicode character —Ö (U+0445)
               not set up for use with LaTeX.

See the LaTeX manual or LaTeX Companion for explanation.
Type  H <return>  for immediate help.
 ...                                              
                                                  
l.7 –°–æ–≤—Ä–µ–º–µ–Ω–Ω—ã–µ —Ç–µ—Ö
                                 –Ω–æ–ª–æ–≥–∏–∏ –º–∞—à–∏–Ω–Ω–æ–≥–æ –æ–±—É—á–...

You may provide a definition with
\DeclareUnicodeCharacter 


! LaTeX Error: Unicode character –Ω (U+043D)
               not set up for use with LaTeX.

See the LaTeX manual or LaTeX Companion for explanation.
Type  H <return>  for immediate help.
 ...                                              
                                                  
l.7 –°–æ–≤—Ä–µ–º–µ–Ω–Ω—ã–µ —Ç–µ—Ö–Ω
                                   –æ–ª–æ–≥–∏–∏ –º–∞—à–∏–Ω–Ω–æ–≥–æ –æ–±—É—á–...

You may provide a definition with
\DeclareUnicodeCharacter 


! LaTeX Error: Unicode character –æ (U+043E)
               not set up for use with LaTeX.

See the LaTeX manual or LaTeX Companion for explanation.
Type  H <return>  for immediate help.
 ...                                              
                                                  
l.7 –°–æ–≤—Ä–µ–º–µ–Ω–Ω—ã–µ —Ç–µ—Ö–Ω–æ
                                     –ª–æ–≥–∏–∏ –º–∞—à–∏–Ω–Ω–æ–≥–æ –æ–±—É—á–...

You may provide a definition with
\DeclareUnicodeCharacter 


! LaTeX Error: Unicode character –ª (U+043B)
               not set up for use with LaTeX.

See the LaTeX manual or LaTeX Companion for explanation.
Type  H <return>  for immediate help.
 ...                                              
                                                  
l.7 –°–æ–≤—Ä–µ–º–µ–Ω–Ω—ã–µ —Ç–µ—Ö–Ω–æ–ª
                                       –æ–≥–∏–∏ –º–∞—à–∏–Ω–Ω–æ–≥–æ –æ–±—É—á–...

You may provide a definition with
\DeclareUnicodeCharacter 


! LaTeX Error: Unicode character –æ (U+043E)
               not set up for use with LaTeX.

See the LaTeX manual or LaTeX Companion for explanation.
Type  H <return>  for immediate help.
 ...                                              
                                                  
l.7 –°–æ–≤—Ä–µ–º–µ–Ω–Ω—ã–µ —Ç–µ—Ö–Ω–æ–ª–æ
                                         –≥–∏–∏ –º–∞—à–∏–Ω–Ω–æ–≥–æ –æ–±—É—á–...

You may provide a definition with
\DeclareUnicodeCharacter 


! LaTeX Error: Unicode character –≥ (U+0433)
               not set up for use with LaTeX.

See the LaTeX manual or LaTeX Companion for explanation.
Type  H <return>  for immediate help.
 ...                                              
                                                  
l.7 –°–æ–≤—Ä–µ–º–µ–Ω–Ω—ã–µ —Ç–µ—Ö–Ω–æ–ª–æ–≥
                                           –∏–∏ –º–∞—à–∏–Ω–Ω–æ–≥–æ –æ–±—É—á–...

You may provide a definition with
\DeclareUnicodeCharacter 


! LaTeX Error: Unicode character –∏ (U+0438)
               not set up for use with LaTeX.

See the LaTeX manual or LaTeX Companion for explanation.
Type  H <return>  for immediate help.
 ...                                              
                                                  
l.7 –°–æ–≤—Ä–µ–º–µ–Ω–Ω—ã–µ —Ç–µ—Ö–Ω–æ–ª–æ–≥–∏
                                             –∏ –º–∞—à–∏–Ω–Ω–æ–≥–æ –æ–±—É—á–...

You may provide a definition with
\DeclareUnicodeCharacter 


! LaTeX Error: Unicode character –∏ (U+0438)
               not set up for use with LaTeX.

See the LaTeX manual or LaTeX Companion for explanation.
Type  H <return>  for immediate help.
 ...                                              
                                                  
l.7 –°–æ–≤—Ä–µ–º–µ–Ω–Ω—ã–µ —Ç–µ—Ö–Ω–æ–ª–æ–≥–∏–∏
                                                –º–∞—à–∏–Ω–Ω–æ–≥–æ –æ–±—É—á–...

You may provide a definition with
\DeclareUnicodeCharacter 


! LaTeX Error: Unicode character –º (U+043C)
               not set up for use with LaTeX.

See the LaTeX manual or LaTeX Companion for explanation.
Type  H <return>  for immediate help.
 ...                                              
                                                  
l.7 –°–æ–≤—Ä–µ–º–µ–Ω–Ω—ã–µ —Ç–µ—Ö–Ω–æ–ª–æ–≥–∏–∏ –º
                                                  –∞—à–∏–Ω–Ω–æ–≥–æ –æ–±—É—á–...

You may provide a definition with
\DeclareUnicodeCharacter 


! LaTeX Error: Unicode character –∞ (U+0430)
               not set up for use with LaTeX.

See the LaTeX manual or LaTeX Companion for explanation.
Type  H <return>  for immediate help.
 ...                                              
                                                  
l.7 ...≤—Ä–µ–º–µ–Ω–Ω—ã–µ —Ç–µ—Ö–Ω–æ–ª–æ–≥–∏–∏ –º–∞
                                                  —à–∏–Ω–Ω–æ–≥–æ –æ–±—É—á–µ–...

You may provide a definition with
\DeclareUnicodeCharacter 


! LaTeX Error: Unicode character —à (U+0448)
               not set up for use with LaTeX.

See the LaTeX manual or LaTeX Companion for explanation.
Type  H <return>  for immediate help.
 ...                                              
                                                  
l.7 ...Ä–µ–º–µ–Ω–Ω—ã–µ —Ç–µ—Ö–Ω–æ–ª–æ–≥–∏–∏ –º–∞—à
                                                  –∏–Ω–Ω–æ–≥–æ –æ–±—É—á–µ–Ω–...

You may provide a definition with
\DeclareUnicodeCharacter 


! LaTeX Error: Unicode character –∏ (U+0438)
               not set up for use with LaTeX.

See the LaTeX manual or LaTeX Companion for explanation.
Type  H <return>  for immediate help.
 ...                                              
                                                  
l.7 ...µ–º–µ–Ω–Ω—ã–µ —Ç–µ—Ö–Ω–æ–ª–æ–≥–∏–∏ –º–∞—à–∏
                                                  –Ω–Ω–æ–≥–æ –æ–±—É—á–µ–Ω–∏—...

You may provide a definition with
\DeclareUnicodeCharacter 


! LaTeX Error: Unicode character –Ω (U+043D)
               not set up for use with LaTeX.

See the LaTeX manual or LaTeX Companion for explanation.
Type  H <return>  for immediate help.
 ...                                              
                                                  
l.7 ...º–µ–Ω–Ω—ã–µ —Ç–µ—Ö–Ω–æ–ª–æ–≥–∏–∏ –º–∞—à–∏–Ω
                                                  –Ω–æ–≥–æ –æ–±—É—á–µ–Ω–∏—è ...

You may provide a definition with
\DeclareUnicodeCharacter 


! LaTeX Error: Unicode character –Ω (U+043D)
               not set up for use with LaTeX.

See the LaTeX manual or LaTeX Companion for explanation.
Type  H <return>  for immediate help.
 ...                                              
                                                  
l.7 ...µ–Ω–Ω—ã–µ —Ç–µ—Ö–Ω–æ–ª–æ–≥–∏–∏ –º–∞—à–∏–Ω–Ω
                                                  –æ–≥–æ –æ–±—É—á–µ–Ω–∏—è –∏...

You may provide a definition with
\DeclareUnicodeCharacter 


! LaTeX Error: Unicode character –æ (U+043E)
               not set up for use with LaTeX.

See the LaTeX manual or LaTeX Companion for explanation.
Type  H <return>  for immediate help.
 ...                                              
                                                  
l.7 ...Ω–Ω—ã–µ —Ç–µ—Ö–Ω–æ–ª–æ–≥–∏–∏ –º–∞—à–∏–Ω–Ω–æ
                                                  –≥–æ –æ–±—É—á–µ–Ω–∏—è –∏ –...

You may provide a definition with
\DeclareUnicodeCharacter 


! LaTeX Error: Unicode character –≥ (U+0433)
               not set up for use with LaTeX.

See the LaTeX manual or LaTeX Companion for explanation.
Type  H <return>  for immediate help.
 ...                                              
                                                  
l.7 ...Ω—ã–µ —Ç–µ—Ö–Ω–æ–ª–æ–≥–∏–∏ –º–∞—à–∏–Ω–Ω–æ–≥
                                                  –æ –æ–±—É—á–µ–Ω–∏—è –∏ –∫–...

You may provide a definition with
\DeclareUnicodeCharacter 


! LaTeX Error: Unicode character –æ (U+043E)
               not set up for use with LaTeX.

See the LaTeX manual or LaTeX Companion for explanation.
Type  H <return>  for immediate help.
 ...                                              
                                                  
l.7 ...ã–µ —Ç–µ—Ö–Ω–æ–ª–æ–≥–∏–∏ –º–∞—à–∏–Ω–Ω–æ–≥–æ
                                                   –æ–±—É—á–µ–Ω–∏—è –∏ –∫–æ–...

You may provide a definition with
\DeclareUnicodeCharacter 


! LaTeX Error: Unicode character –æ (U+043E)
               not set up for use with LaTeX.

See the LaTeX manual or LaTeX Companion for explanation.
Type  H <return>  for immediate help.
 ...                                              
                                                  
l.7 ... —Ç–µ—Ö–Ω–æ–ª–æ–≥–∏–∏ –º–∞—à–∏–Ω–Ω–æ–≥–æ –æ
                                                  –±—É—á–µ–Ω–∏—è –∏ –∫–æ–º–ø...

You may provide a definition with
\DeclareUnicodeCharacter 


! LaTeX Error: Unicode character –± (U+0431)
               not set up for use with LaTeX.

See the LaTeX manual or LaTeX Companion for explanation.
Type  H <return>  for immediate help.
 ...                                              
                                                  
l.7 ...Ç–µ—Ö–Ω–æ–ª–æ–≥–∏–∏ –º–∞—à–∏–Ω–Ω–æ–≥–æ –æ–±
                                                  —É—á–µ–Ω–∏—è –∏ –∫–æ–º–ø—å...

You may provide a definition with
\DeclareUnicodeCharacter 


! LaTeX Error: Unicode character —É (U+0443)
               not set up for use with LaTeX.

See the LaTeX manual or LaTeX Companion for explanation.
Type  H <return>  for immediate help.
 ...                                              
                                                  
l.7 ...µ—Ö–Ω–æ–ª–æ–≥–∏–∏ –º–∞—à–∏–Ω–Ω–æ–≥–æ –æ–±—É
                                                  —á–µ–Ω–∏—è –∏ –∫–æ–º–ø—å—é...

You may provide a definition with
\DeclareUnicodeCharacter 


! LaTeX Error: Unicode character —á (U+0447)
               not set up for use with LaTeX.

See the LaTeX manual or LaTeX Companion for explanation.
Type  H <return>  for immediate help.
 ...                                              
                                                  
l.7 ...Ö–Ω–æ–ª–æ–≥–∏–∏ –º–∞—à–∏–Ω–Ω–æ–≥–æ –æ–±—É—á
                                                  –µ–Ω–∏—è –∏ –∫–æ–º–ø—å—é—Ç...

You may provide a definition with
\DeclareUnicodeCharacter 


! LaTeX Error: Unicode character –µ (U+0435)
               not set up for use with LaTeX.

See the LaTeX manual or LaTeX Companion for explanation.
Type  H <return>  for immediate help.
 ...                                              
                                                  
l.7 ...Ω–æ–ª–æ–≥–∏–∏ –º–∞—à–∏–Ω–Ω–æ–≥–æ –æ–±—É—á–µ
                                                  –Ω–∏—è –∏ –∫–æ–º–ø—å—é—Ç–µ...

You may provide a definition with
\DeclareUnicodeCharacter 


! LaTeX Error: Unicode character –Ω (U+043D)
               not set up for use with LaTeX.

See the LaTeX manual or LaTeX Companion for explanation.
Type  H <return>  for immediate help.
 ...                                              
                                                  
l.7 ...æ–ª–æ–≥–∏–∏ –º–∞—à–∏–Ω–Ω–æ–≥–æ –æ–±—É—á–µ–Ω
                                                  –∏—è –∏ –∫–æ–º–ø—å—é—Ç–µ—Ä...

You may provide a definition with
\DeclareUnicodeCharacter 


! LaTeX Error: Unicode character –∏ (U+0438)
               not set up for use with LaTeX.

See the LaTeX manual or LaTeX Companion for explanation.
Type  H <return>  for immediate help.
 ...                                              
                                                  
l.7 ...ª–æ–≥–∏–∏ –º–∞—à–∏–Ω–Ω–æ–≥–æ –æ–±—É—á–µ–Ω–∏
                                                  —è –∏ –∫–æ–º–ø—å—é—Ç–µ—Ä–Ω...

You may provide a definition with
\DeclareUnicodeCharacter 


! LaTeX Error: Unicode character —è (U+044F)
               not set up for use with LaTeX.

See the LaTeX manual or LaTeX Companion for explanation.
Type  H <return>  for immediate help.
 ...                                              
                                                  
l.7 ...æ–≥–∏–∏ –º–∞—à–∏–Ω–Ω–æ–≥–æ –æ–±—É—á–µ–Ω–∏—è
                                                   –∏ –∫–æ–º–ø—å—é—Ç–µ—Ä–Ω–æ...

You may provide a definition with
\DeclareUnicodeCharacter 


! LaTeX Error: Unicode character –∏ (U+0438)
               not set up for use with LaTeX.

See the LaTeX manual or LaTeX Companion for explanation.
Type  H <return>  for immediate help.
 ...                                              
                                                  
l.7 ...–∏–∏ –º–∞—à–∏–Ω–Ω–æ–≥–æ –æ–±—É—á–µ–Ω–∏—è –∏
                                                   –∫–æ–º–ø—å—é—Ç–µ—Ä–Ω–æ–≥–...

You may provide a definition with
\DeclareUnicodeCharacter 


! LaTeX Error: Unicode character –∫ (U+043A)
               not set up for use with LaTeX.

See the LaTeX manual or LaTeX Companion for explanation.
Type  H <return>  for immediate help.
 ...                                              
                                                  
l.7 ...∏ –º–∞—à–∏–Ω–Ω–æ–≥–æ –æ–±—É—á–µ–Ω–∏—è –∏ –∫
                                                  –æ–º–ø—å—é—Ç–µ—Ä–Ω–æ–≥–æ –...

You may provide a definition with
\DeclareUnicodeCharacter 


! LaTeX Error: Unicode character –æ (U+043E)
               not set up for use with LaTeX.

See the LaTeX manual or LaTeX Companion for explanation.
Type  H <return>  for immediate help.
 ...                                              
                                                  
l.7 ...–º–∞—à–∏–Ω–Ω–æ–≥–æ –æ–±—É—á–µ–Ω–∏—è –∏ –∫–æ
                                                  –º–ø—å—é—Ç–µ—Ä–Ω–æ–≥–æ –∑—...

You may provide a definition with
\DeclareUnicodeCharacter 


! LaTeX Error: Unicode character –º (U+043C)
               not set up for use with LaTeX.

See the LaTeX manual or LaTeX Companion for explanation.
Type  H <return>  for immediate help.
 ...                                              
                                                  
l.7 ...–∞—à–∏–Ω–Ω–æ–≥–æ –æ–±—É—á–µ–Ω–∏—è –∏ –∫–æ–º
                                                  –ø—å—é—Ç–µ—Ä–Ω–æ–≥–æ –∑—Ä–...

You may provide a definition with
\DeclareUnicodeCharacter 


! LaTeX Error: Unicode character –ø (U+043F)
               not set up for use with LaTeX.

See the LaTeX manual or LaTeX Companion for explanation.
Type  H <return>  for immediate help.
 ...                                              
                                                  
l.7 ...—à–∏–Ω–Ω–æ–≥–æ –æ–±—É—á–µ–Ω–∏—è –∏ –∫–æ–º–ø
                                                  —å—é—Ç–µ—Ä–Ω–æ–≥–æ –∑—Ä–µ–...

You may provide a definition with
\DeclareUnicodeCharacter 


! LaTeX Error: Unicode character —å (U+044C)
               not set up for use with LaTeX.

See the LaTeX manual or LaTeX Companion for explanation.
Type  H <return>  for immediate help.
 ...                                              
                                                  
l.7 ...–∏–Ω–Ω–æ–≥–æ –æ–±—É—á–µ–Ω–∏—è –∏ –∫–æ–º–ø—å
                                                  —é—Ç–µ—Ä–Ω–æ–≥–æ –∑—Ä–µ–Ω–...

You may provide a definition with
\DeclareUnicodeCharacter 


! LaTeX Error: Unicode character —é (U+044E)
               not set up for use with LaTeX.

See the LaTeX manual or LaTeX Companion for explanation.
Type  H <return>  for immediate help.
 ...                                              
                                                  
l.7 ...–Ω–Ω–æ–≥–æ –æ–±—É—á–µ–Ω–∏—è –∏ –∫–æ–º–ø—å—é
                                                  —Ç–µ—Ä–Ω–æ–≥–æ –∑—Ä–µ–Ω–∏—...

You may provide a definition with
\DeclareUnicodeCharacter 


! LaTeX Error: Unicode character —Ç (U+0442)
               not set up for use with LaTeX.

See the LaTeX manual or LaTeX Companion for explanation.
Type  H <return>  for immediate help.
 ...                                              
                                                  
l.7 ...–Ω–æ–≥–æ –æ–±—É—á–µ–Ω–∏—è –∏ –∫–æ–º–ø—å—é—Ç
                                                  –µ—Ä–Ω–æ–≥–æ –∑—Ä–µ–Ω–∏—è ...

You may provide a definition with
\DeclareUnicodeCharacter 


! LaTeX Error: Unicode character –µ (U+0435)
               not set up for use with LaTeX.

See the LaTeX manual or LaTeX Companion for explanation.
Type  H <return>  for immediate help.
 ...                                              
                                                  
l.7 ...–æ–≥–æ –æ–±—É—á–µ–Ω–∏—è –∏ –∫–æ–º–ø—å—é—Ç–µ
                                                  —Ä–Ω–æ–≥–æ –∑—Ä–µ–Ω–∏—è –ø...

You may provide a definition with
\DeclareUnicodeCharacter 


! LaTeX Error: Unicode character —Ä (U+0440)
               not set up for use with LaTeX.

See the LaTeX manual or LaTeX Companion for explanation.
Type  H <return>  for immediate help.
 ...                                              
                                                  
l.7 ...–≥–æ –æ–±—É—á–µ–Ω–∏—è –∏ –∫–æ–º–ø—å—é—Ç–µ—Ä
                                                  –Ω–æ–≥–æ –∑—Ä–µ–Ω–∏—è –ø—Ä...

You may provide a definition with
\DeclareUnicodeCharacter 


! LaTeX Error: Unicode character –Ω (U+043D)
               not set up for use with LaTeX.

See the LaTeX manual or LaTeX Companion for explanation.
Type  H <return>  for immediate help.
 ...                                              
                                                  
l.7 ...–æ –æ–±—É—á–µ–Ω–∏—è –∏ –∫–æ–º–ø—å—é—Ç–µ—Ä–Ω
                                                  –æ–≥–æ –∑—Ä–µ–Ω–∏—è –ø—Ä–æ...

You may provide a definition with
\DeclareUnicodeCharacter 


! LaTeX Error: Unicode character –æ (U+043E)
               not set up for use with LaTeX.

See the LaTeX manual or LaTeX Companion for explanation.
Type  H <return>  for immediate help.
 ...                                              
                                                  
l.7 ... –æ–±—É—á–µ–Ω–∏—è –∏ –∫–æ–º–ø—å—é—Ç–µ—Ä–Ω–æ
                                                  –≥–æ –∑—Ä–µ–Ω–∏—è –ø—Ä–æ–¥...

You may provide a definition with
\DeclareUnicodeCharacter 


! LaTeX Error: Unicode character –≥ (U+0433)
               not set up for use with LaTeX.

See the LaTeX manual or LaTeX Companion for explanation.
Type  H <return>  for immediate help.
 ...                                              
                                                  
l.7 ...æ–±—É—á–µ–Ω–∏—è –∏ –∫–æ–º–ø—å—é—Ç–µ—Ä–Ω–æ–≥
                                                  –æ –∑—Ä–µ–Ω–∏—è –ø—Ä–æ–¥–æ...

You may provide a definition with
\DeclareUnicodeCharacter 


! LaTeX Error: Unicode character –æ (U+043E)
               not set up for use with LaTeX.

See the LaTeX manual or LaTeX Companion for explanation.
Type  H <return>  for immediate help.
 ...                                              
                                                  
l.7 ...±—É—á–µ–Ω–∏—è –∏ –∫–æ–º–ø—å—é—Ç–µ—Ä–Ω–æ–≥–æ
                                                   –∑—Ä–µ–Ω–∏—è –ø—Ä–æ–¥–æ–ª...

You may provide a definition with
\DeclareUnicodeCharacter 


! LaTeX Error: Unicode character –∑ (U+0437)
               not set up for use with LaTeX.

See the LaTeX manual or LaTeX Companion for explanation.
Type  H <return>  for immediate help.
 ...                                              
                                                  
l.7 ...—á–µ–Ω–∏—è –∏ –∫–æ–º–ø—å—é—Ç–µ—Ä–Ω–æ–≥–æ –∑
                                                  —Ä–µ–Ω–∏—è –ø—Ä–æ–¥–æ–ª–∂–...

You may provide a definition with
\DeclareUnicodeCharacter 


! LaTeX Error: Unicode character —Ä (U+0440)
               not set up for use with LaTeX.

See the LaTeX manual or LaTeX Companion for explanation.
Type  H <return>  for immediate help.
 ...                                              
                                                  
l.7 ...–µ–Ω–∏—è –∏ –∫–æ–º–ø—å—é—Ç–µ—Ä–Ω–æ–≥–æ –∑—Ä
                                                  –µ–Ω–∏—è –ø—Ä–æ–¥–æ–ª–∂–∞—...

You may provide a definition with
\DeclareUnicodeCharacter 


! LaTeX Error: Unicode character –µ (U+0435)
               not set up for use with LaTeX.

See the LaTeX manual or LaTeX Companion for explanation.
Type  H <return>  for immediate help.
 ...                                              
                                                  
l.7 ...–Ω–∏—è –∏ –∫–æ–º–ø—å—é—Ç–µ—Ä–Ω–æ–≥–æ –∑—Ä–µ
                                                  –Ω–∏—è –ø—Ä–æ–¥–æ–ª–∂–∞—é—...

You may provide a definition with
\DeclareUnicodeCharacter 


! LaTeX Error: Unicode character –Ω (U+043D)
               not set up for use with LaTeX.

See the LaTeX manual or LaTeX Companion for explanation.
Type  H <return>  for immediate help.
 ...                                              
                                                  
l.7 ...–∏—è –∏ –∫–æ–º–ø—å—é—Ç–µ—Ä–Ω–æ–≥–æ –∑—Ä–µ–Ω
                                                  –∏—è –ø—Ä–æ–¥–æ–ª–∂–∞—é—Ç ...

You may provide a definition with
\DeclareUnicodeCharacter 


! LaTeX Error: Unicode character –∏ (U+0438)
               not set up for use with LaTeX.

See the LaTeX manual or LaTeX Companion for explanation.
Type  H <return>  for immediate help.
 ...                                              
                                                  
l.7 ...—è –∏ –∫–æ–º–ø—å—é—Ç–µ—Ä–Ω–æ–≥–æ –∑—Ä–µ–Ω–∏
                                                  —è –ø—Ä–æ–¥–æ–ª–∂–∞—é—Ç –∞...

You may provide a definition with
\DeclareUnicodeCharacter 


! LaTeX Error: Unicode character —è (U+044F)
               not set up for use with LaTeX.

See the LaTeX manual or LaTeX Companion for explanation.
Type  H <return>  for immediate help.
 ...                                              
                                                  
l.7 ... –∏ –∫–æ–º–ø—å—é—Ç–µ—Ä–Ω–æ–≥–æ –∑—Ä–µ–Ω–∏—è
                                                   –ø—Ä–æ–¥–æ–ª–∂–∞—é—Ç –∞–∫...

You may provide a definition with
\DeclareUnicodeCharacter 


! LaTeX Error: Unicode character –ø (U+043F)
               not set up for use with LaTeX.

See the LaTeX manual or LaTeX Companion for explanation.
Type  H <return>  for immediate help.
 ...                                              
                                                  
l.7 ... –∫–æ–º–ø—å—é—Ç–µ—Ä–Ω–æ–≥–æ –∑—Ä–µ–Ω–∏—è –ø
                                                  —Ä–æ–¥–æ–ª–∂–∞—é—Ç –∞–∫—Ç–...

You may provide a definition with
\DeclareUnicodeCharacter 


! LaTeX Error: Unicode character —Ä (U+0440)
               not set up for use with LaTeX.

See the LaTeX manual or LaTeX Companion for explanation.
Type  H <return>  for immediate help.
 ...                                              
                                                  
l.7 ...∫–æ–º–ø—å—é—Ç–µ—Ä–Ω–æ–≥–æ –∑—Ä–µ–Ω–∏—è –ø—Ä
                                                  –æ–¥–æ–ª–∂–∞—é—Ç –∞–∫—Ç–∏–...

You may provide a definition with
\DeclareUnicodeCharacter 


! LaTeX Error: Unicode character –æ (U+043E)
               not set up for use with LaTeX.

See the LaTeX manual or LaTeX Companion for explanation.
Type  H <return>  for immediate help.
 ...                                              
                                                  
l.7 ...æ–º–ø—å—é—Ç–µ—Ä–Ω–æ–≥–æ –∑—Ä–µ–Ω–∏—è –ø—Ä–æ
                                                  –¥–æ–ª–∂–∞—é—Ç –∞–∫—Ç–∏–≤–...

You may provide a definition with
\DeclareUnicodeCharacter 


! LaTeX Error: Unicode character –¥ (U+0434)
               not set up for use with LaTeX.

See the LaTeX manual or LaTeX Companion for explanation.
Type  H <return>  for immediate help.
 ...                                              
                                                  
l.7 ...º–ø—å—é—Ç–µ—Ä–Ω–æ–≥–æ –∑—Ä–µ–Ω–∏—è –ø—Ä–æ–¥
                                                  –æ–ª–∂–∞—é—Ç –∞–∫—Ç–∏–≤–Ω–...

You may provide a definition with
\DeclareUnicodeCharacter 


! LaTeX Error: Unicode character –æ (U+043E)
               not set up for use with LaTeX.

See the LaTeX manual or LaTeX Companion for explanation.
Type  H <return>  for immediate help.
 ...                                              
                                                  
l.7 ...ø—å—é—Ç–µ—Ä–Ω–æ–≥–æ –∑—Ä–µ–Ω–∏—è –ø—Ä–æ–¥–æ
                                                  –ª–∂–∞—é—Ç –∞–∫—Ç–∏–≤–Ω–æ ...

You may provide a definition with
\DeclareUnicodeCharacter 


! LaTeX Error: Unicode character –ª (U+043B)
               not set up for use with LaTeX.

See the LaTeX manual or LaTeX Companion for explanation.
Type  H <return>  for immediate help.
 ...                                              
                                                  
l.7 ...å—é—Ç–µ—Ä–Ω–æ–≥–æ –∑—Ä–µ–Ω–∏—è –ø—Ä–æ–¥–æ–ª
                                                  –∂–∞—é—Ç –∞–∫—Ç–∏–≤–Ω–æ —Ä...

You may provide a definition with
\DeclareUnicodeCharacter 


! LaTeX Error: Unicode character –∂ (U+0436)
               not set up for use with LaTeX.

See the LaTeX manual or LaTeX Companion for explanation.
Type  H <return>  for immediate help.
 ...                                              
                                                  
l.7 ...é—Ç–µ—Ä–Ω–æ–≥–æ –∑—Ä–µ–Ω–∏—è –ø—Ä–æ–¥–æ–ª–∂
                                                  –∞—é—Ç –∞–∫—Ç–∏–≤–Ω–æ —Ä–∞...

You may provide a definition with
\DeclareUnicodeCharacter 


! LaTeX Error: Unicode character –∞ (U+0430)
               not set up for use with LaTeX.

See the LaTeX manual or LaTeX Companion for explanation.
Type  H <return>  for immediate help.
 ...                                              
                                                  
l.7 ...Ç–µ—Ä–Ω–æ–≥–æ –∑—Ä–µ–Ω–∏—è –ø—Ä–æ–¥–æ–ª–∂–∞
                                                  —é—Ç –∞–∫—Ç–∏–≤–Ω–æ —Ä–∞–∑...

You may provide a definition with
\DeclareUnicodeCharacter 


! LaTeX Error: Unicode character —é (U+044E)
               not set up for use with LaTeX.

See the LaTeX manual or LaTeX Companion for explanation.
Type  H <return>  for immediate help.
 ...                                              
                                                  
l.7 ...µ—Ä–Ω–æ–≥–æ –∑—Ä–µ–Ω–∏—è –ø—Ä–æ–¥–æ–ª–∂–∞—é
                                                  —Ç –∞–∫—Ç–∏–≤–Ω–æ —Ä–∞–∑–≤...

You may provide a definition with
\DeclareUnicodeCharacter 


! LaTeX Error: Unicode character —Ç (U+0442)
               not set up for use with LaTeX.

See the LaTeX manual or LaTeX Companion for explanation.
Type  H <return>  for immediate help.
 ...                                              
                                                  
l.7 ...Ä–Ω–æ–≥–æ –∑—Ä–µ–Ω–∏—è –ø—Ä–æ–¥–æ–ª–∂–∞—é—Ç
                                                   –∞–∫—Ç–∏–≤–Ω–æ —Ä–∞–∑–≤–∏...

You may provide a definition with
\DeclareUnicodeCharacter 


! LaTeX Error: Unicode character –∞ (U+0430)
               not set up for use with LaTeX.

See the LaTeX manual or LaTeX Companion for explanation.
Type  H <return>  for immediate help.
 ...                                              
                                                  
l.7 ...–æ–≥–æ –∑—Ä–µ–Ω–∏—è –ø—Ä–æ–¥–æ–ª–∂–∞—é—Ç –∞
                                                  –∫—Ç–∏–≤–Ω–æ —Ä–∞–∑–≤–∏–≤–...

You may provide a definition with
\DeclareUnicodeCharacter 


! LaTeX Error: Unicode character –∫ (U+043A)
               not set up for use with LaTeX.

See the LaTeX manual or LaTeX Companion for explanation.
Type  H <return>  for immediate help.
 ...                                              
                                                  
l.7 ...–≥–æ –∑—Ä–µ–Ω–∏—è –ø—Ä–æ–¥–æ–ª–∂–∞—é—Ç –∞–∫
                                                  —Ç–∏–≤–Ω–æ —Ä–∞–∑–≤–∏–≤–∞—...

You may provide a definition with
\DeclareUnicodeCharacter 


! LaTeX Error: Unicode character —Ç (U+0442)
               not set up for use with LaTeX.

See the LaTeX manual or LaTeX Companion for explanation.
Type  H <return>  for immediate help.
 ...                                              
                                                  
l.7 ...–æ –∑—Ä–µ–Ω–∏—è –ø—Ä–æ–¥–æ–ª–∂–∞—é—Ç –∞–∫—Ç
                                                  –∏–≤–Ω–æ —Ä–∞–∑–≤–∏–≤–∞—Ç—...

You may provide a definition with
\DeclareUnicodeCharacter 


! LaTeX Error: Unicode character –∏ (U+0438)
               not set up for use with LaTeX.

See the LaTeX manual or LaTeX Companion for explanation.
Type  H <return>  for immediate help.
 ...                                              
                                                  
l.7 ... –∑—Ä–µ–Ω–∏—è –ø—Ä–æ–¥–æ–ª–∂–∞—é—Ç –∞–∫—Ç–∏
                                                  –≤–Ω–æ —Ä–∞–∑–≤–∏–≤–∞—Ç—å—...

You may provide a definition with
\DeclareUnicodeCharacter 


! LaTeX Error: Unicode character –≤ (U+0432)
               not set up for use with LaTeX.

See the LaTeX manual or LaTeX Companion for explanation.
Type  H <return>  for immediate help.
 ...                                              
                                                  
l.7 ...∑—Ä–µ–Ω–∏—è –ø—Ä–æ–¥–æ–ª–∂–∞—é—Ç –∞–∫—Ç–∏–≤
                                                  –Ω–æ —Ä–∞–∑–≤–∏–≤–∞—Ç—å—Å—...

You may provide a definition with
\DeclareUnicodeCharacter 


! LaTeX Error: Unicode character –Ω (U+043D)
               not set up for use with LaTeX.

See the LaTeX manual or LaTeX Companion for explanation.
Type  H <return>  for immediate help.
 ...                                              
                                                  
l.7 ...Ä–µ–Ω–∏—è –ø—Ä–æ–¥–æ–ª–∂–∞—é—Ç –∞–∫—Ç–∏–≤–Ω
                                                  –æ —Ä–∞–∑–≤–∏–≤–∞—Ç—å—Å—è,...

You may provide a definition with
\DeclareUnicodeCharacter 


! LaTeX Error: Unicode character –æ (U+043E)
               not set up for use with LaTeX.

See the LaTeX manual or LaTeX Companion for explanation.
Type  H <return>  for immediate help.
 ...                                              
                                                  
l.7 ...µ–Ω–∏—è –ø—Ä–æ–¥–æ–ª–∂–∞—é—Ç –∞–∫—Ç–∏–≤–Ω–æ
                                                   —Ä–∞–∑–≤–∏–≤–∞—Ç—å—Å—è, –...

You may provide a definition with
\DeclareUnicodeCharacter 


! LaTeX Error: Unicode character —Ä (U+0440)
               not set up for use with LaTeX.

See the LaTeX manual or LaTeX Companion for explanation.
Type  H <return>  for immediate help.
 ...                                              
                                                  
l.7 ...–∏—è –ø—Ä–æ–¥–æ–ª–∂–∞—é—Ç –∞–∫—Ç–∏–≤–Ω–æ —Ä
                                                  –∞–∑–≤–∏–≤–∞—Ç—å—Å—è, –Ω–∞...

You may provide a definition with
\DeclareUnicodeCharacter 


! LaTeX Error: Unicode character –∞ (U+0430)
               not set up for use with LaTeX.

See the LaTeX manual or LaTeX Companion for explanation.
Type  H <return>  for immediate help.
 ...                                              
                                                  
l.7 ...—è –ø—Ä–æ–¥–æ–ª–∂–∞—é—Ç –∞–∫—Ç–∏–≤–Ω–æ —Ä–∞
                                                  –∑–≤–∏–≤–∞—Ç—å—Å—è, –Ω–∞—Ö...

You may provide a definition with
\DeclareUnicodeCharacter 


! LaTeX Error: Unicode character –∑ (U+0437)
               not set up for use with LaTeX.

See the LaTeX manual or LaTeX Companion for explanation.
Type  H <return>  for immediate help.
 ...                                              
                                                  
l.7 ... –ø—Ä–æ–¥–æ–ª–∂–∞—é—Ç –∞–∫—Ç–∏–≤–Ω–æ —Ä–∞–∑
                                                  –≤–∏–≤–∞—Ç—å—Å—è, –Ω–∞—Ö–æ...

You may provide a definition with
\DeclareUnicodeCharacter 


! LaTeX Error: Unicode character –≤ (U+0432)
               not set up for use with LaTeX.

See the LaTeX manual or LaTeX Companion for explanation.
Type  H <return>  for immediate help.
 ...                                              
                                                  
l.7 ...ø—Ä–æ–¥–æ–ª–∂–∞—é—Ç –∞–∫—Ç–∏–≤–Ω–æ —Ä–∞–∑–≤
                                                  –∏–≤–∞—Ç—å—Å—è, –Ω–∞—Ö–æ–¥...

You may provide a definition with
\DeclareUnicodeCharacter 


! LaTeX Error: Unicode character –∏ (U+0438)
               not set up for use with LaTeX.

See the LaTeX manual or LaTeX Companion for explanation.
Type  H <return>  for immediate help.
 ...                                              
                                                  
l.7 ...Ä–æ–¥–æ–ª–∂–∞—é—Ç –∞–∫—Ç–∏–≤–Ω–æ —Ä–∞–∑–≤–∏
                                                  –≤–∞—Ç—å—Å—è, –Ω–∞—Ö–æ–¥—è...

You may provide a definition with
\DeclareUnicodeCharacter 


! LaTeX Error: Unicode character –≤ (U+0432)
               not set up for use with LaTeX.

See the LaTeX manual or LaTeX Companion for explanation.
Type  H <return>  for immediate help.
 ...                                              
                                                  
l.7 ...æ–¥–æ–ª–∂–∞—é—Ç –∞–∫—Ç–∏–≤–Ω–æ —Ä–∞–∑–≤–∏–≤
                                                  –∞—Ç—å—Å—è, –Ω–∞—Ö–æ–¥—è –...

You may provide a definition with
\DeclareUnicodeCharacter 


! LaTeX Error: Unicode character –∞ (U+0430)
               not set up for use with LaTeX.

See the LaTeX manual or LaTeX Companion for explanation.
Type  H <return>  for immediate help.
 ...                                              
                                                  
l.7 ...¥–æ–ª–∂–∞—é—Ç –∞–∫—Ç–∏–≤–Ω–æ —Ä–∞–∑–≤–∏–≤–∞
                                                  —Ç—å—Å—è, –Ω–∞—Ö–æ–¥—è –ø—...

You may provide a definition with
\DeclareUnicodeCharacter 


! LaTeX Error: Unicode character —Ç (U+0442)
               not set up for use with LaTeX.

See the LaTeX manual or LaTeX Companion for explanation.
Type  H <return>  for immediate help.
 ...                                              
                                                  
l.7 ...æ–ª–∂–∞—é—Ç –∞–∫—Ç–∏–≤–Ω–æ —Ä–∞–∑–≤–∏–≤–∞—Ç
                                                  —å—Å—è, –Ω–∞—Ö–æ–¥—è –ø—Ä–...

You may provide a definition with
\DeclareUnicodeCharacter 


! LaTeX Error: Unicode character —å (U+044C)
               not set up for use with LaTeX.

See the LaTeX manual or LaTeX Companion for explanation.
Type  H <return>  for immediate help.
 ...                                              
                                                  
l.7 ...ª–∂–∞—é—Ç –∞–∫—Ç–∏–≤–Ω–æ —Ä–∞–∑–≤–∏–≤–∞—Ç—å
                                                  —Å—è, –Ω–∞—Ö–æ–¥—è –ø—Ä–∏–...

You may provide a definition with
\DeclareUnicodeCharacter 


! LaTeX Error: Unicode character —Å (U+0441)
               not set up for use with LaTeX.

See the LaTeX manual or LaTeX Companion for explanation.
Type  H <return>  for immediate help.
 ...                                              
                                                  
l.7 ...∂–∞—é—Ç –∞–∫—Ç–∏–≤–Ω–æ —Ä–∞–∑–≤–∏–≤–∞—Ç—å—Å
                                                  —è, –Ω–∞—Ö–æ–¥—è –ø—Ä–∏–º–...

You may provide a definition with
\DeclareUnicodeCharacter 


! LaTeX Error: Unicode character —è (U+044F)
               not set up for use with LaTeX.

See the LaTeX manual or LaTeX Companion for explanation.
Type  H <return>  for immediate help.
 ...                                              
                                                  
l.7 ...∞—é—Ç –∞–∫—Ç–∏–≤–Ω–æ —Ä–∞–∑–≤–∏–≤–∞—Ç—å—Å—è
                                                  , –Ω–∞—Ö–æ–¥—è –ø—Ä–∏–º–µ–...

You may provide a definition with
\DeclareUnicodeCharacter 


! LaTeX Error: Missing \begin{document}.

See the LaTeX manual or LaTeX Companion for explanation.
Type  H <return>  for immediate help.
 ...                                              
                                                  
l.7 ...—é—Ç –∞–∫—Ç–∏–≤–Ω–æ —Ä–∞–∑–≤–∏–≤–∞—Ç—å—Å—è,
                                                   –Ω–∞—Ö–æ–¥—è –ø—Ä–∏–º–µ–Ω...

You're in trouble here.  Try typing  <return>  to proceed.
If that doesn't work, type  X <return>  to quit.

Missing character: There is no , in font nullfont!

! LaTeX Error: Unicode character –Ω (U+043D)
               not set up for use with LaTeX.

See the LaTeX manual or LaTeX Companion for explanation.
Type  H <return>  for immediate help.
 ...                                              
                                                  
l.7 ...Ç –∞–∫—Ç–∏–≤–Ω–æ —Ä–∞–∑–≤–∏–≤–∞—Ç—å—Å—è, –Ω
                                                  –∞—Ö–æ–¥—è –ø—Ä–∏–º–µ–Ω–µ–...

You may provide a definition with
\DeclareUnicodeCharacter 


! LaTeX Error: Unicode character –∞ (U+0430)
               not set up for use with LaTeX.

See the LaTeX manual or LaTeX Companion for explanation.
Type  H <return>  for immediate help.
 ...                                              
                                                  
l.7 ...–∞–∫—Ç–∏–≤–Ω–æ —Ä–∞–∑–≤–∏–≤–∞—Ç—å—Å—è, –Ω–∞
                                                  —Ö–æ–¥—è –ø—Ä–∏–º–µ–Ω–µ–Ω–...

You may provide a definition with
\DeclareUnicodeCharacter 


! LaTeX Error: Unicode character —Ö (U+0445)
               not set up for use with LaTeX.

See the LaTeX manual or LaTeX Companion for explanation.
Type  H <return>  for immediate help.
 ...                                              
                                                  
l.7 ...–∫—Ç–∏–≤–Ω–æ —Ä–∞–∑–≤–∏–≤–∞—Ç—å—Å—è, –Ω–∞—Ö
                                                  –æ–¥—è –ø—Ä–∏–º–µ–Ω–µ–Ω–∏–...

You may provide a definition with
\DeclareUnicodeCharacter 


! LaTeX Error: Unicode character –æ (U+043E)
               not set up for use with LaTeX.

See the LaTeX manual or LaTeX Companion for explanation.
Type  H <return>  for immediate help.
 ...                                              
                                                  
l.7 ...—Ç–∏–≤–Ω–æ —Ä–∞–∑–≤–∏–≤–∞—Ç—å—Å—è, –Ω–∞—Ö–æ
                                                  –¥—è –ø—Ä–∏–º–µ–Ω–µ–Ω–∏–µ ...

You may provide a definition with
\DeclareUnicodeCharacter 


! LaTeX Error: Unicode character –¥ (U+0434)
               not set up for use with LaTeX.

See the LaTeX manual or LaTeX Companion for explanation.
Type  H <return>  for immediate help.
 ...                                              
                                                  
l.7 ...–∏–≤–Ω–æ —Ä–∞–∑–≤–∏–≤–∞—Ç—å—Å—è, –Ω–∞—Ö–æ–¥
                                                  —è –ø—Ä–∏–º–µ–Ω–µ–Ω–∏–µ –≤...

You may provide a definition with
\DeclareUnicodeCharacter 


! LaTeX Error: Unicode character —è (U+044F)
               not set up for use with LaTeX.

See the LaTeX manual or LaTeX Companion for explanation.
Type  H <return>  for immediate help.
 ...                                              
                                                  
l.7 ...–≤–Ω–æ —Ä–∞–∑–≤–∏–≤–∞—Ç—å—Å—è, –Ω–∞—Ö–æ–¥—è
                                                   –ø—Ä–∏–º–µ–Ω–µ–Ω–∏–µ –≤ —...

You may provide a definition with
\DeclareUnicodeCharacter 


! LaTeX Error: Unicode character –ø (U+043F)
               not set up for use with LaTeX.

See the LaTeX manual or LaTeX Companion for explanation.
Type  H <return>  for immediate help.
 ...                                              
                                                  
l.7 ...Ω–æ —Ä–∞–∑–≤–∏–≤–∞—Ç—å—Å—è, –Ω–∞—Ö–æ–¥—è –ø
                                                  —Ä–∏–º–µ–Ω–µ–Ω–∏–µ –≤ —Å–∞...

You may provide a definition with
\DeclareUnicodeCharacter 


! LaTeX Error: Unicode character —Ä (U+0440)
               not set up for use with LaTeX.

See the LaTeX manual or LaTeX Companion for explanation.
Type  H <return>  for immediate help.
 ...                                              
                                                  
l.7 ...æ —Ä–∞–∑–≤–∏–≤–∞—Ç—å—Å—è, –Ω–∞—Ö–æ–¥—è –ø—Ä
                                                  –∏–º–µ–Ω–µ–Ω–∏–µ –≤ —Å–∞–º...

You may provide a definition with
\DeclareUnicodeCharacter 


! LaTeX Error: Unicode character –∏ (U+0438)
               not set up for use with LaTeX.

See the LaTeX manual or LaTeX Companion for explanation.
Type  H <return>  for immediate help.
 ...                                              
                                                  
l.7 ...—Ä–∞–∑–≤–∏–≤–∞—Ç—å—Å—è, –Ω–∞—Ö–æ–¥—è –ø—Ä–∏
                                                  –º–µ–Ω–µ–Ω–∏–µ –≤ —Å–∞–º—ã...

You may provide a definition with
\DeclareUnicodeCharacter 


! LaTeX Error: Unicode character –º (U+043C)
               not set up for use with LaTeX.

See the LaTeX manual or LaTeX Companion for explanation.
Type  H <return>  for immediate help.
 ...                                              
                                                  
l.7 ...–∞–∑–≤–∏–≤–∞—Ç—å—Å—è, –Ω–∞—Ö–æ–¥—è –ø—Ä–∏–º
                                                  –µ–Ω–µ–Ω–∏–µ –≤ —Å–∞–º—ã—Ö...

You may provide a definition with
\DeclareUnicodeCharacter 


! LaTeX Error: Unicode character –µ (U+0435)
               not set up for use with LaTeX.

See the LaTeX manual or LaTeX Companion for explanation.
Type  H <return>  for immediate help.
 ...                                              
                                                  
l.7 ...–∑–≤–∏–≤–∞—Ç—å—Å—è, –Ω–∞—Ö–æ–¥—è –ø—Ä–∏–º–µ
                                                  –Ω–µ–Ω–∏–µ –≤ —Å–∞–º—ã—Ö —...

You may provide a definition with
\DeclareUnicodeCharacter 


! LaTeX Error: Unicode character –Ω (U+043D)
               not set up for use with LaTeX.

See the LaTeX manual or LaTeX Companion for explanation.
Type  H <return>  for immediate help.
 ...                                              
                                                  
l.7 ...–≤–∏–≤–∞—Ç—å—Å—è, –Ω–∞—Ö–æ–¥—è –ø—Ä–∏–º–µ–Ω
                                                  –µ–Ω–∏–µ –≤ —Å–∞–º—ã—Ö —Ä–...

You may provide a definition with
\DeclareUnicodeCharacter 


! LaTeX Error: Unicode character –µ (U+0435)
               not set up for use with LaTeX.

See the LaTeX manual or LaTeX Companion for explanation.
Type  H <return>  for immediate help.
 ...                                              
                                                  
l.7 ...–∏–≤–∞—Ç—å—Å—è, –Ω–∞—Ö–æ–¥—è –ø—Ä–∏–º–µ–Ω–µ
                                                  –Ω–∏–µ –≤ —Å–∞–º—ã—Ö —Ä–∞–...

You may provide a definition with
\DeclareUnicodeCharacter 


! LaTeX Error: Unicode character –Ω (U+043D)
               not set up for use with LaTeX.

See the LaTeX manual or LaTeX Companion for explanation.
Type  H <return>  for immediate help.
 ...                                              
                                                  
l.7 ...–≤–∞—Ç—å—Å—è, –Ω–∞—Ö–æ–¥—è –ø—Ä–∏–º–µ–Ω–µ–Ω
                                                  –∏–µ –≤ —Å–∞–º—ã—Ö —Ä–∞–∑–...

You may provide a definition with
\DeclareUnicodeCharacter 


! LaTeX Error: Unicode character –∏ (U+0438)
               not set up for use with LaTeX.

See the LaTeX manual or LaTeX Companion for explanation.
Type  H <return>  for immediate help.
 ...                                              
                                                  
l.7 ...–∞—Ç—å—Å—è, –Ω–∞—Ö–æ–¥—è –ø—Ä–∏–º–µ–Ω–µ–Ω–∏
                                                  –µ –≤ —Å–∞–º—ã—Ö —Ä–∞–∑–Ω–...

You may provide a definition with
\DeclareUnicodeCharacter 


! LaTeX Error: Unicode character –µ (U+0435)
               not set up for use with LaTeX.

See the LaTeX manual or LaTeX Companion for explanation.
Type  H <return>  for immediate help.
 ...                                              
                                                  
l.7 ...—Ç—å—Å—è, –Ω–∞—Ö–æ–¥—è –ø—Ä–∏–º–µ–Ω–µ–Ω–∏–µ
                                                   –≤ —Å–∞–º—ã—Ö —Ä–∞–∑–Ω–æ–...

You may provide a definition with
\DeclareUnicodeCharacter 


! LaTeX Error: Unicode character –≤ (U+0432)
               not set up for use with LaTeX.

See the LaTeX manual or LaTeX Companion for explanation.
Type  H <return>  for immediate help.
 ...                                              
                                                  
l.7 ...å—Å—è, –Ω–∞—Ö–æ–¥—è –ø—Ä–∏–º–µ–Ω–µ–Ω–∏–µ –≤
                                                   —Å–∞–º—ã—Ö —Ä–∞–∑–Ω–æ–æ–±...

You may provide a definition with
\DeclareUnicodeCharacter 


! LaTeX Error: Unicode character —Å (U+0441)
               not set up for use with LaTeX.

See the LaTeX manual or LaTeX Companion for explanation.
Type  H <return>  for immediate help.
 ...                                              
                                                  
l.7 ...—è, –Ω–∞—Ö–æ–¥—è –ø—Ä–∏–º–µ–Ω–µ–Ω–∏–µ –≤ —Å
                                                  –∞–º—ã—Ö —Ä–∞–∑–Ω–æ–æ–±—Ä–...

You may provide a definition with
\DeclareUnicodeCharacter 


! LaTeX Error: Unicode character –∞ (U+0430)
               not set up for use with LaTeX.

See the LaTeX manual or LaTeX Companion for explanation.
Type  H <return>  for immediate help.
 ...                                              
                                                  
l.7 ..., –Ω–∞—Ö–æ–¥—è –ø—Ä–∏–º–µ–Ω–µ–Ω–∏–µ –≤ —Å–∞
                                                  –º—ã—Ö —Ä–∞–∑–Ω–æ–æ–±—Ä–∞–...

You may provide a definition with
\DeclareUnicodeCharacter 


! LaTeX Error: Unicode character –º (U+043C)
               not set up for use with LaTeX.

See the LaTeX manual or LaTeX Companion for explanation.
Type  H <return>  for immediate help.
 ...                                              
                                                  
l.7 ...–Ω–∞—Ö–æ–¥—è –ø—Ä–∏–º–µ–Ω–µ–Ω–∏–µ –≤ —Å–∞–º
                                                  —ã—Ö —Ä–∞–∑–Ω–æ–æ–±—Ä–∞–∑–...

You may provide a definition with
\DeclareUnicodeCharacter 


! LaTeX Error: Unicode character —ã (U+044B)
               not set up for use with LaTeX.

See the LaTeX manual or LaTeX Companion for explanation.
Type  H <return>  for immediate help.
 ...                                              
                                                  
l.7 ...–∞—Ö–æ–¥—è –ø—Ä–∏–º–µ–Ω–µ–Ω–∏–µ –≤ —Å–∞–º—ã
                                                  —Ö —Ä–∞–∑–Ω–æ–æ–±—Ä–∞–∑–Ω—...

You may provide a definition with
\DeclareUnicodeCharacter 


! LaTeX Error: Unicode character —Ö (U+0445)
               not set up for use with LaTeX.

See the LaTeX manual or LaTeX Companion for explanation.
Type  H <return>  for immediate help.
 ...                                              
                                                  
l.7 ...—Ö–æ–¥—è –ø—Ä–∏–º–µ–Ω–µ–Ω–∏–µ –≤ —Å–∞–º—ã—Ö
                                                   —Ä–∞–∑–Ω–æ–æ–±—Ä–∞–∑–Ω—ã—...

You may provide a definition with
\DeclareUnicodeCharacter 


! LaTeX Error: Unicode character —Ä (U+0440)
               not set up for use with LaTeX.

See the LaTeX manual or LaTeX Companion for explanation.
Type  H <return>  for immediate help.
 ...                                              
                                                  
l.7 ...æ–¥—è –ø—Ä–∏–º–µ–Ω–µ–Ω–∏–µ –≤ —Å–∞–º—ã—Ö —Ä
                                                  –∞–∑–Ω–æ–æ–±—Ä–∞–∑–Ω—ã—Ö –...

You may provide a definition with
\DeclareUnicodeCharacter 


! LaTeX Error: Unicode character –∞ (U+0430)
               not set up for use with LaTeX.

See the LaTeX manual or LaTeX Companion for explanation.
Type  H <return>  for immediate help.
 ...                                              
                                                  
l.7 ...¥—è –ø—Ä–∏–º–µ–Ω–µ–Ω–∏–µ –≤ —Å–∞–º—ã—Ö —Ä–∞
                                                  –∑–Ω–æ–æ–±—Ä–∞–∑–Ω—ã—Ö –æ–...

You may provide a definition with
\DeclareUnicodeCharacter 


! LaTeX Error: Unicode character –∑ (U+0437)
               not set up for use with LaTeX.

See the LaTeX manual or LaTeX Companion for explanation.
Type  H <return>  for immediate help.
 ...                                              
                                                  
l.7 ...è –ø—Ä–∏–º–µ–Ω–µ–Ω–∏–µ –≤ —Å–∞–º—ã—Ö —Ä–∞–∑
                                                  –Ω–æ–æ–±—Ä–∞–∑–Ω—ã—Ö –æ–±–...

You may provide a definition with
\DeclareUnicodeCharacter 


! LaTeX Error: Unicode character –Ω (U+043D)
               not set up for use with LaTeX.

See the LaTeX manual or LaTeX Companion for explanation.
Type  H <return>  for immediate help.
 ...                                              
                                                  
l.7 ...–ø—Ä–∏–º–µ–Ω–µ–Ω–∏–µ –≤ —Å–∞–º—ã—Ö —Ä–∞–∑–Ω
                                                  –æ–æ–±—Ä–∞–∑–Ω—ã—Ö –æ–±–ª–...

You may provide a definition with
\DeclareUnicodeCharacter 


! LaTeX Error: Unicode character –æ (U+043E)
               not set up for use with LaTeX.

See the LaTeX manual or LaTeX Companion for explanation.
Type  H <return>  for immediate help.
 ...                                              
                                                  
l.7 ...—Ä–∏–º–µ–Ω–µ–Ω–∏–µ –≤ —Å–∞–º—ã—Ö —Ä–∞–∑–Ω–æ
                                                  –æ–±—Ä–∞–∑–Ω—ã—Ö –æ–±–ª–∞—...

You may provide a definition with
\DeclareUnicodeCharacter 


! LaTeX Error: Unicode character –æ (U+043E)
               not set up for use with LaTeX.

See the LaTeX manual or LaTeX Companion for explanation.
Type  H <return>  for immediate help.
 ...                                              
                                                  
l.7 ...–∏–º–µ–Ω–µ–Ω–∏–µ –≤ —Å–∞–º—ã—Ö —Ä–∞–∑–Ω–æ–æ
                                                  –±—Ä–∞–∑–Ω—ã—Ö –æ–±–ª–∞—Å—...

You may provide a definition with
\DeclareUnicodeCharacter 


! LaTeX Error: Unicode character –± (U+0431)
               not set up for use with LaTeX.

See the LaTeX manual or LaTeX Companion for explanation.
Type  H <return>  for immediate help.
 ...                                              
                                                  
l.7 ...–º–µ–Ω–µ–Ω–∏–µ –≤ —Å–∞–º—ã—Ö —Ä–∞–∑–Ω–æ–æ–±
                                                  —Ä–∞–∑–Ω—ã—Ö –æ–±–ª–∞—Å—Ç—...

You may provide a definition with
\DeclareUnicodeCharacter 


! LaTeX Error: Unicode character —Ä (U+0440)
               not set up for use with LaTeX.

See the LaTeX manual or LaTeX Companion for explanation.
Type  H <return>  for immediate help.
 ...                                              
                                                  
l.7 ...–µ–Ω–µ–Ω–∏–µ –≤ —Å–∞–º—ã—Ö —Ä–∞–∑–Ω–æ–æ–±—Ä
                                                  –∞–∑–Ω—ã—Ö –æ–±–ª–∞—Å—Ç—è—...

You may provide a definition with
\DeclareUnicodeCharacter 


! LaTeX Error: Unicode character –∞ (U+0430)
               not set up for use with LaTeX.

See the LaTeX manual or LaTeX Companion for explanation.
Type  H <return>  for immediate help.
 ...                                              
                                                  
l.7 ...–Ω–µ–Ω–∏–µ –≤ —Å–∞–º—ã—Ö —Ä–∞–∑–Ω–æ–æ–±—Ä–∞
                                                  –∑–Ω—ã—Ö –æ–±–ª–∞—Å—Ç—è—Ö....

You may provide a definition with
\DeclareUnicodeCharacter 


! LaTeX Error: Unicode character –∑ (U+0437)
               not set up for use with LaTeX.

See the LaTeX manual or LaTeX Companion for explanation.
Type  H <return>  for immediate help.
 ...                                              
                                                  
l.7 ...–µ–Ω–∏–µ –≤ —Å–∞–º—ã—Ö —Ä–∞–∑–Ω–æ–æ–±—Ä–∞–∑
                                                  –Ω—ã—Ö –æ–±–ª–∞—Å—Ç—è—Ö. –...

You may provide a definition with
\DeclareUnicodeCharacter 


! LaTeX Error: Unicode character –Ω (U+043D)
               not set up for use with LaTeX.

See the LaTeX manual or LaTeX Companion for explanation.
Type  H <return>  for immediate help.
 ...                                              
                                                  
l.7 ...–Ω–∏–µ –≤ —Å–∞–º—ã—Ö —Ä–∞–∑–Ω–æ–æ–±—Ä–∞–∑–Ω
                                                  —ã—Ö –æ–±–ª–∞—Å—Ç—è—Ö. –û–...

You may provide a definition with
\DeclareUnicodeCharacter 


! LaTeX Error: Unicode character —ã (U+044B)
               not set up for use with LaTeX.

See the LaTeX manual or LaTeX Companion for explanation.
Type  H <return>  for immediate help.
 ...                                              
                                                  
l.7 ...–∏–µ –≤ —Å–∞–º—ã—Ö —Ä–∞–∑–Ω–æ–æ–±—Ä–∞–∑–Ω—ã
                                                  —Ö –æ–±–ª–∞—Å—Ç—è—Ö. –û–¥–...

You may provide a definition with
\DeclareUnicodeCharacter 


! LaTeX Error: Unicode character —Ö (U+0445)
               not set up for use with LaTeX.

See the LaTeX manual or LaTeX Companion for explanation.
Type  H <return>  for immediate help.
 ...                                              
                                                  
l.7 ...–µ –≤ —Å–∞–º—ã—Ö —Ä–∞–∑–Ω–æ–æ–±—Ä–∞–∑–Ω—ã—Ö
                                                   –æ–±–ª–∞—Å—Ç—è—Ö. –û–¥–Ω–...

You may provide a definition with
\DeclareUnicodeCharacter 


! LaTeX Error: Unicode character –æ (U+043E)
               not set up for use with LaTeX.

See the LaTeX manual or LaTeX Companion for explanation.
Type  H <return>  for immediate help.
 ...                                              
                                                  
l.7 ...–≤ —Å–∞–º—ã—Ö —Ä–∞–∑–Ω–æ–æ–±—Ä–∞–∑–Ω—ã—Ö –æ
                                                  –±–ª–∞—Å—Ç—è—Ö. –û–¥–Ω–æ –...

You may provide a definition with
\DeclareUnicodeCharacter 


! LaTeX Error: Unicode character –± (U+0431)
               not set up for use with LaTeX.

See the LaTeX manual or LaTeX Companion for explanation.
Type  H <return>  for immediate help.
 ...                                              
                                                  
l.7 ... —Å–∞–º—ã—Ö —Ä–∞–∑–Ω–æ–æ–±—Ä–∞–∑–Ω—ã—Ö –æ–±
                                                  –ª–∞—Å—Ç—è—Ö. –û–¥–Ω–æ –∏–...

You may provide a definition with
\DeclareUnicodeCharacter 


! LaTeX Error: Unicode character –ª (U+043B)
               not set up for use with LaTeX.

See the LaTeX manual or LaTeX Companion for explanation.
Type  H <return>  for immediate help.
 ...                                              
                                                  
l.7 ...Å–∞–º—ã—Ö —Ä–∞–∑–Ω–æ–æ–±—Ä–∞–∑–Ω—ã—Ö –æ–±–ª
                                                  –∞—Å—Ç—è—Ö. –û–¥–Ω–æ –∏–∑ ...

You may provide a definition with
\DeclareUnicodeCharacter 


! LaTeX Error: Unicode character –∞ (U+0430)
               not set up for use with LaTeX.

See the LaTeX manual or LaTeX Companion for explanation.
Type  H <return>  for immediate help.
 ...                                              
                                                  
l.7 ...∞–º—ã—Ö —Ä–∞–∑–Ω–æ–æ–±—Ä–∞–∑–Ω—ã—Ö –æ–±–ª–∞
                                                  —Å—Ç—è—Ö. –û–¥–Ω–æ –∏–∑ –Ω...

You may provide a definition with
\DeclareUnicodeCharacter 


! LaTeX Error: Unicode character —Å (U+0441)
               not set up for use with LaTeX.

See the LaTeX manual or LaTeX Companion for explanation.
Type  H <return>  for immediate help.
 ...                                              
                                                  
l.7 ...º—ã—Ö —Ä–∞–∑–Ω–æ–æ–±—Ä–∞–∑–Ω—ã—Ö –æ–±–ª–∞—Å
                                                  —Ç—è—Ö. –û–¥–Ω–æ –∏–∑ –Ω–∞...

You may provide a definition with
\DeclareUnicodeCharacter 


! LaTeX Error: Unicode character —Ç (U+0442)
               not set up for use with LaTeX.

See the LaTeX manual or LaTeX Companion for explanation.
Type  H <return>  for immediate help.
 ...                                              
                                                  
l.7 ...ã—Ö —Ä–∞–∑–Ω–æ–æ–±—Ä–∞–∑–Ω—ã—Ö –æ–±–ª–∞—Å—Ç
                                                  —è—Ö. –û–¥–Ω–æ –∏–∑ –Ω–∞–ø...

You may provide a definition with
\DeclareUnicodeCharacter 


! LaTeX Error: Unicode character —è (U+044F)
               not set up for use with LaTeX.

See the LaTeX manual or LaTeX Companion for explanation.
Type  H <return>  for immediate help.
 ...                                              
                                                  
l.7 ...Ö —Ä–∞–∑–Ω–æ–æ–±—Ä–∞–∑–Ω—ã—Ö –æ–±–ª–∞—Å—Ç—è
                                                  —Ö. –û–¥–Ω–æ –∏–∑ –Ω–∞–ø—Ä...

You may provide a definition with
\DeclareUnicodeCharacter 


! LaTeX Error: Unicode character —Ö (U+0445)
               not set up for use with LaTeX.

See the LaTeX manual or LaTeX Companion for explanation.
Type  H <return>  for immediate help.
 ...                                              
                                                  
l.7 ...—Ä–∞–∑–Ω–æ–æ–±—Ä–∞–∑–Ω—ã—Ö –æ–±–ª–∞—Å—Ç—è—Ö
                                                  . –û–¥–Ω–æ –∏–∑ –Ω–∞–ø—Ä–∞...

You may provide a definition with
\DeclareUnicodeCharacter 

Missing character: There is no . in font nullfont!

! LaTeX Error: Unicode character –û (U+041E)
               not set up for use with LaTeX.

See the LaTeX manual or LaTeX Companion for explanation.
Type  H <return>  for immediate help.
 ...                                              
                                                  
l.7 ...–∑–Ω–æ–æ–±—Ä–∞–∑–Ω—ã—Ö –æ–±–ª–∞—Å—Ç—è—Ö. –û
                                                  –¥–Ω–æ –∏–∑ –Ω–∞–ø—Ä–∞–≤–ª...

You may provide a definition with
\DeclareUnicodeCharacter 


! LaTeX Error: Unicode character –¥ (U+0434)
               not set up for use with LaTeX.

See the LaTeX manual or LaTeX Companion for explanation.
Type  H <return>  for immediate help.
 ...                                              
                                                  
l.7 ...–Ω–æ–æ–±—Ä–∞–∑–Ω—ã—Ö –æ–±–ª–∞—Å—Ç—è—Ö. –û–¥
                                                  –Ω–æ –∏–∑ –Ω–∞–ø—Ä–∞–≤–ª–µ...

You may provide a definition with
\DeclareUnicodeCharacter 


! LaTeX Error: Unicode character –Ω (U+043D)
               not set up for use with LaTeX.

See the LaTeX manual or LaTeX Companion for explanation.
Type  H <return>  for immediate help.
 ...                                              
                                                  
l.7 ...–æ–æ–±—Ä–∞–∑–Ω—ã—Ö –æ–±–ª–∞—Å—Ç—è—Ö. –û–¥–Ω
                                                  –æ –∏–∑ –Ω–∞–ø—Ä–∞–≤–ª–µ–Ω...

You may provide a definition with
\DeclareUnicodeCharacter 


! LaTeX Error: Unicode character –æ (U+043E)
               not set up for use with LaTeX.

See the LaTeX manual or LaTeX Companion for explanation.
Type  H <return>  for immediate help.
 ...                                              
                                                  
l.7 ...–æ–±—Ä–∞–∑–Ω—ã—Ö –æ–±–ª–∞—Å—Ç—è—Ö. –û–¥–Ω–æ
                                                   –∏–∑ –Ω–∞–ø—Ä–∞–≤–ª–µ–Ω–∏...

You may provide a definition with
\DeclareUnicodeCharacter 


! LaTeX Error: Unicode character –∏ (U+0438)
               not set up for use with LaTeX.

See the LaTeX manual or LaTeX Companion for explanation.
Type  H <return>  for immediate help.
 ...                                              
                                                  
l.7 ...±—Ä–∞–∑–Ω—ã—Ö –æ–±–ª–∞—Å—Ç—è—Ö. –û–¥–Ω–æ –∏
                                                  –∑ –Ω–∞–ø—Ä–∞–≤–ª–µ–Ω–∏–π,...

You may provide a definition with
\DeclareUnicodeCharacter 


! LaTeX Error: Unicode character –∑ (U+0437)
               not set up for use with LaTeX.

See the LaTeX manual or LaTeX Companion for explanation.
Type  H <return>  for immediate help.
 ...                                              
                                                  
l.7 ...Ä–∞–∑–Ω—ã—Ö –æ–±–ª–∞—Å—Ç—è—Ö. –û–¥–Ω–æ –∏–∑
                                                   –Ω–∞–ø—Ä–∞–≤–ª–µ–Ω–∏–π, –...

You may provide a definition with
\DeclareUnicodeCharacter 


! LaTeX Error: Unicode character –Ω (U+043D)
               not set up for use with LaTeX.

See the LaTeX manual or LaTeX Companion for explanation.
Type  H <return>  for immediate help.
 ...                                              
                                                  
l.7 ...–∑–Ω—ã—Ö –æ–±–ª–∞—Å—Ç—è—Ö. –û–¥–Ω–æ –∏–∑ –Ω
                                                  –∞–ø—Ä–∞–≤–ª–µ–Ω–∏–π, –∞–∫...

You may provide a definition with
\DeclareUnicodeCharacter 


! LaTeX Error: Unicode character –∞ (U+0430)
               not set up for use with LaTeX.

See the LaTeX manual or LaTeX Companion for explanation.
Type  H <return>  for immediate help.
 ...                                              
                                                  
l.7 ...–Ω—ã—Ö –æ–±–ª–∞—Å—Ç—è—Ö. –û–¥–Ω–æ –∏–∑ –Ω–∞
                                                  –ø—Ä–∞–≤–ª–µ–Ω–∏–π, –∞–∫—Ç...

You may provide a definition with
\DeclareUnicodeCharacter 


! LaTeX Error: Unicode character –ø (U+043F)
               not set up for use with LaTeX.

See the LaTeX manual or LaTeX Companion for explanation.
Type  H <return>  for immediate help.
 ...                                              
                                                  
l.7 ...—ã—Ö –æ–±–ª–∞—Å—Ç—è—Ö. –û–¥–Ω–æ –∏–∑ –Ω–∞–ø
                                                  —Ä–∞–≤–ª–µ–Ω–∏–π, –∞–∫—Ç–∏...

You may provide a definition with
\DeclareUnicodeCharacter 


! LaTeX Error: Unicode character —Ä (U+0440)
               not set up for use with LaTeX.

See the LaTeX manual or LaTeX Companion for explanation.
Type  H <return>  for immediate help.
 ...                                              
                                                  
l.7 ...—Ö –æ–±–ª–∞—Å—Ç—è—Ö. –û–¥–Ω–æ –∏–∑ –Ω–∞–ø—Ä
                                                  –∞–≤–ª–µ–Ω–∏–π, –∞–∫—Ç–∏–≤...

You may provide a definition with
\DeclareUnicodeCharacter 


! LaTeX Error: Unicode character –∞ (U+0430)
               not set up for use with LaTeX.

See the LaTeX manual or LaTeX Companion for explanation.
Type  H <return>  for immediate help.
 ...                                              
                                                  
l.7 ... –æ–±–ª–∞—Å—Ç—è—Ö. –û–¥–Ω–æ –∏–∑ –Ω–∞–ø—Ä–∞
                                                  –≤–ª–µ–Ω–∏–π, –∞–∫—Ç–∏–≤–Ω...

You may provide a definition with
\DeclareUnicodeCharacter 


! LaTeX Error: Unicode character –≤ (U+0432)
               not set up for use with LaTeX.

See the LaTeX manual or LaTeX Companion for explanation.
Type  H <return>  for immediate help.
 ...                                              
                                                  
l.7 ...æ–±–ª–∞—Å—Ç—è—Ö. –û–¥–Ω–æ –∏–∑ –Ω–∞–ø—Ä–∞–≤
                                                  –ª–µ–Ω–∏–π, –∞–∫—Ç–∏–≤–Ω–æ...

You may provide a definition with
\DeclareUnicodeCharacter 


! LaTeX Error: Unicode character –ª (U+043B)
               not set up for use with LaTeX.

See the LaTeX manual or LaTeX Companion for explanation.
Type  H <return>  for immediate help.
 ...                                              
                                                  
l.7 ...±–ª–∞—Å—Ç—è—Ö. –û–¥–Ω–æ –∏–∑ –Ω–∞–ø—Ä–∞–≤–ª
                                                  –µ–Ω–∏–π, –∞–∫—Ç–∏–≤–Ω–æ —...

You may provide a definition with
\DeclareUnicodeCharacter 


! LaTeX Error: Unicode character –µ (U+0435)
               not set up for use with LaTeX.

See the LaTeX manual or LaTeX Companion for explanation.
Type  H <return>  for immediate help.
 ...                                              
                                                  
l.7 ...ª–∞—Å—Ç—è—Ö. –û–¥–Ω–æ –∏–∑ –Ω–∞–ø—Ä–∞–≤–ª–µ
                                                  –Ω–∏–π, –∞–∫—Ç–∏–≤–Ω–æ —Ä–...

You may provide a definition with
\DeclareUnicodeCharacter 


! LaTeX Error: Unicode character –Ω (U+043D)
               not set up for use with LaTeX.

See the LaTeX manual or LaTeX Companion for explanation.
Type  H <return>  for immediate help.
 ...                                              
                                                  
l.7 ...∞—Å—Ç—è—Ö. –û–¥–Ω–æ –∏–∑ –Ω–∞–ø—Ä–∞–≤–ª–µ–Ω
                                                  –∏–π, –∞–∫—Ç–∏–≤–Ω–æ —Ä–∞–...

You may provide a definition with
\DeclareUnicodeCharacter 


! LaTeX Error: Unicode character –∏ (U+0438)
               not set up for use with LaTeX.

See the LaTeX manual or LaTeX Companion for explanation.
Type  H <return>  for immediate help.
 ...                                              
                                                  
l.7 ...Å—Ç—è—Ö. –û–¥–Ω–æ –∏–∑ –Ω–∞–ø—Ä–∞–≤–ª–µ–Ω–∏
                                                  –π, –∞–∫—Ç–∏–≤–Ω–æ —Ä–∞–∑–...

You may provide a definition with
\DeclareUnicodeCharacter 


! LaTeX Error: Unicode character –π (U+0439)
               not set up for use with LaTeX.

See the LaTeX manual or LaTeX Companion for explanation.
Type  H <return>  for immediate help.
 ...                                              
                                                  
l.7 ...Ç—è—Ö. –û–¥–Ω–æ –∏–∑ –Ω–∞–ø—Ä–∞–≤–ª–µ–Ω–∏–π
                                                  , –∞–∫—Ç–∏–≤–Ω–æ —Ä–∞–∑–≤–...

You may provide a definition with
\DeclareUnicodeCharacter 

Missing character: There is no , in font nullfont!

! LaTeX Error: Unicode character –∞ (U+0430)
               not set up for use with LaTeX.

See the LaTeX manual or LaTeX Companion for explanation.
Type  H <return>  for immediate help.
 ...                                              
                                                  
l.7 ...Ö. –û–¥–Ω–æ –∏–∑ –Ω–∞–ø—Ä–∞–≤–ª–µ–Ω–∏–π, –∞
                                                  –∫—Ç–∏–≤–Ω–æ —Ä–∞–∑–≤–∏–≤–...

You may provide a definition with
\DeclareUnicodeCharacter 


! LaTeX Error: Unicode character –∫ (U+043A)
               not set up for use with LaTeX.

See the LaTeX manual or LaTeX Companion for explanation.
Type  H <return>  for immediate help.
 ...                                              
                                                  
l.7 ... –û–¥–Ω–æ –∏–∑ –Ω–∞–ø—Ä–∞–≤–ª–µ–Ω–∏–π, –∞–∫
                                                  —Ç–∏–≤–Ω–æ —Ä–∞–∑–≤–∏–≤–∞—...

You may provide a definition with
\DeclareUnicodeCharacter 


! LaTeX Error: Unicode character —Ç (U+0442)
               not set up for use with LaTeX.

See the LaTeX manual or LaTeX Companion for explanation.
Type  H <return>  for immediate help.
 ...                                              
                                                  
l.7 ...û–¥–Ω–æ –∏–∑ –Ω–∞–ø—Ä–∞–≤–ª–µ–Ω–∏–π, –∞–∫—Ç
                                                  –∏–≤–Ω–æ —Ä–∞–∑–≤–∏–≤–∞—é—...

You may provide a definition with
\DeclareUnicodeCharacter 


! LaTeX Error: Unicode character –∏ (U+0438)
               not set up for use with LaTeX.

See the LaTeX manual or LaTeX Companion for explanation.
Type  H <return>  for immediate help.
 ...                                              
                                                  
l.7 ...¥–Ω–æ –∏–∑ –Ω–∞–ø—Ä–∞–≤–ª–µ–Ω–∏–π, –∞–∫—Ç–∏
                                                  –≤–Ω–æ —Ä–∞–∑–≤–∏–≤–∞—é—â–...

You may provide a definition with
\DeclareUnicodeCharacter 


! LaTeX Error: Unicode character –≤ (U+0432)
               not set up for use with LaTeX.

See the LaTeX manual or LaTeX Companion for explanation.
Type  H <return>  for immediate help.
 ...                                              
                                                  
l.7 ...Ω–æ –∏–∑ –Ω–∞–ø—Ä–∞–≤–ª–µ–Ω–∏–π, –∞–∫—Ç–∏–≤
                                                  –Ω–æ —Ä–∞–∑–≤–∏–≤–∞—é—â–∏—...

You may provide a definition with
\DeclareUnicodeCharacter 


! LaTeX Error: Unicode character –Ω (U+043D)
               not set up for use with LaTeX.

See the LaTeX manual or LaTeX Companion for explanation.
Type  H <return>  for immediate help.
 ...                                              
                                                  
l.7 ...æ –∏–∑ –Ω–∞–ø—Ä–∞–≤–ª–µ–Ω–∏–π, –∞–∫—Ç–∏–≤–Ω
                                                  –æ —Ä–∞–∑–≤–∏–≤–∞—é—â–∏—Ö—...

You may provide a definition with
\DeclareUnicodeCharacter 


! LaTeX Error: Unicode character –æ (U+043E)
               not set up for use with LaTeX.

See the LaTeX manual or LaTeX Companion for explanation.
Type  H <return>  for immediate help.
 ...                                              
                                                  
l.7 ...–∏–∑ –Ω–∞–ø—Ä–∞–≤–ª–µ–Ω–∏–π, –∞–∫—Ç–∏–≤–Ω–æ
                                                   —Ä–∞–∑–≤–∏–≤–∞—é—â–∏—Ö—Å—...

You may provide a definition with
\DeclareUnicodeCharacter 


! LaTeX Error: Unicode character —Ä (U+0440)
               not set up for use with LaTeX.

See the LaTeX manual or LaTeX Companion for explanation.
Type  H <return>  for immediate help.
 ...                                              
                                                  
l.7 ...∑ –Ω–∞–ø—Ä–∞–≤–ª–µ–Ω–∏–π, –∞–∫—Ç–∏–≤–Ω–æ —Ä
                                                  –∞–∑–≤–∏–≤–∞—é—â–∏—Ö—Å—è –...

You may provide a definition with
\DeclareUnicodeCharacter 


! LaTeX Error: Unicode character –∞ (U+0430)
               not set up for use with LaTeX.

See the LaTeX manual or LaTeX Companion for explanation.
Type  H <return>  for immediate help.
 ...                                              
                                                  
l.7 ...–Ω–∞–ø—Ä–∞–≤–ª–µ–Ω–∏–π, –∞–∫—Ç–∏–≤–Ω–æ —Ä–∞
                                                  –∑–≤–∏–≤–∞—é—â–∏—Ö—Å—è –≤ ...

You may provide a definition with
\DeclareUnicodeCharacter 


! LaTeX Error: Unicode character –∑ (U+0437)
               not set up for use with LaTeX.

See the LaTeX manual or LaTeX Companion for explanation.
Type  H <return>  for immediate help.
 ...                                              
                                                  
l.7 ...–∞–ø—Ä–∞–≤–ª–µ–Ω–∏–π, –∞–∫—Ç–∏–≤–Ω–æ —Ä–∞–∑
                                                  –≤–∏–≤–∞—é—â–∏—Ö—Å—è –≤ –ø...

You may provide a definition with
\DeclareUnicodeCharacter 


! LaTeX Error: Unicode character –≤ (U+0432)
               not set up for use with LaTeX.

See the LaTeX manual or LaTeX Companion for explanation.
Type  H <return>  for immediate help.
 ...                                              
                                                  
l.7 ...–ø—Ä–∞–≤–ª–µ–Ω–∏–π, –∞–∫—Ç–∏–≤–Ω–æ —Ä–∞–∑–≤
                                                  –∏–≤–∞—é—â–∏—Ö—Å—è –≤ –ø–æ...

You may provide a definition with
\DeclareUnicodeCharacter 


! LaTeX Error: Unicode character –∏ (U+0438)
               not set up for use with LaTeX.

See the LaTeX manual or LaTeX Companion for explanation.
Type  H <return>  for immediate help.
 ...                                              
                                                  
l.7 ...—Ä–∞–≤–ª–µ–Ω–∏–π, –∞–∫—Ç–∏–≤–Ω–æ —Ä–∞–∑–≤–∏
                                                  –≤–∞—é—â–∏—Ö—Å—è –≤ –ø–æ—Å...

You may provide a definition with
\DeclareUnicodeCharacter 


! LaTeX Error: Unicode character –≤ (U+0432)
               not set up for use with LaTeX.

See the LaTeX manual or LaTeX Companion for explanation.
Type  H <return>  for immediate help.
 ...                                              
                                                  
l.7 ...–∞–≤–ª–µ–Ω–∏–π, –∞–∫—Ç–∏–≤–Ω–æ —Ä–∞–∑–≤–∏–≤
                                                  –∞—é—â–∏—Ö—Å—è –≤ –ø–æ—Å–ª...

You may provide a definition with
\DeclareUnicodeCharacter 


! LaTeX Error: Unicode character –∞ (U+0430)
               not set up for use with LaTeX.

See the LaTeX manual or LaTeX Companion for explanation.
Type  H <return>  for immediate help.
 ...                                              
                                                  
l.7 ...–≤–ª–µ–Ω–∏–π, –∞–∫—Ç–∏–≤–Ω–æ —Ä–∞–∑–≤–∏–≤–∞
                                                  —é—â–∏—Ö—Å—è –≤ –ø–æ—Å–ª–µ...

You may provide a definition with
\DeclareUnicodeCharacter 


! LaTeX Error: Unicode character —é (U+044E)
               not set up for use with LaTeX.

See the LaTeX manual or LaTeX Companion for explanation.
Type  H <return>  for immediate help.
 ...                                              
                                                  
l.7 ...–ª–µ–Ω–∏–π, –∞–∫—Ç–∏–≤–Ω–æ —Ä–∞–∑–≤–∏–≤–∞—é
                                                  —â–∏—Ö—Å—è –≤ –ø–æ—Å–ª–µ–¥...

You may provide a definition with
\DeclareUnicodeCharacter 


! LaTeX Error: Unicode character —â (U+0449)
               not set up for use with LaTeX.

See the LaTeX manual or LaTeX Companion for explanation.
Type  H <return>  for immediate help.
 ...                                              
                                                  
l.7 ...–µ–Ω–∏–π, –∞–∫—Ç–∏–≤–Ω–æ —Ä–∞–∑–≤–∏–≤–∞—é—â
                                                  –∏—Ö—Å—è –≤ –ø–æ—Å–ª–µ–¥–Ω...

You may provide a definition with
\DeclareUnicodeCharacter 


! LaTeX Error: Unicode character –∏ (U+0438)
               not set up for use with LaTeX.

See the LaTeX manual or LaTeX Companion for explanation.
Type  H <return>  for immediate help.
 ...                                              
                                                  
l.7 ...–Ω–∏–π, –∞–∫—Ç–∏–≤–Ω–æ —Ä–∞–∑–≤–∏–≤–∞—é—â–∏
                                                  —Ö—Å—è –≤ –ø–æ—Å–ª–µ–¥–Ω–∏...

You may provide a definition with
\DeclareUnicodeCharacter 


! LaTeX Error: Unicode character —Ö (U+0445)
               not set up for use with LaTeX.

See the LaTeX manual or LaTeX Companion for explanation.
Type  H <return>  for immediate help.
 ...                                              
                                                  
l.7 ...–∏–π, –∞–∫—Ç–∏–≤–Ω–æ —Ä–∞–∑–≤–∏–≤–∞—é—â–∏—Ö
                                                  —Å—è –≤ –ø–æ—Å–ª–µ–¥–Ω–∏–µ...

You may provide a definition with
\DeclareUnicodeCharacter 


! LaTeX Error: Unicode character —Å (U+0441)
               not set up for use with LaTeX.

See the LaTeX manual or LaTeX Companion for explanation.
Type  H <return>  for immediate help.
 ...                                              
                                                  
l.7 ...–π, –∞–∫—Ç–∏–≤–Ω–æ —Ä–∞–∑–≤–∏–≤–∞—é—â–∏—Ö—Å
                                                  —è –≤ –ø–æ—Å–ª–µ–¥–Ω–∏–µ –...

You may provide a definition with
\DeclareUnicodeCharacter 


! LaTeX Error: Unicode character —è (U+044F)
               not set up for use with LaTeX.

See the LaTeX manual or LaTeX Companion for explanation.
Type  H <return>  for immediate help.
 ...                                              
                                                  
l.7 ..., –∞–∫—Ç–∏–≤–Ω–æ —Ä–∞–∑–≤–∏–≤–∞—é—â–∏—Ö—Å—è
                                                   –≤ –ø–æ—Å–ª–µ–¥–Ω–∏–µ –≥–...

You may provide a definition with
\DeclareUnicodeCharacter 


! LaTeX Error: Unicode character –≤ (U+0432)
               not set up for use with LaTeX.

See the LaTeX manual or LaTeX Companion for explanation.
Type  H <return>  for immediate help.
 ...                                              
                                                  
l.7 ...∞–∫—Ç–∏–≤–Ω–æ —Ä–∞–∑–≤–∏–≤–∞—é—â–∏—Ö—Å—è –≤
                                                   –ø–æ—Å–ª–µ–¥–Ω–∏–µ –≥–æ–¥...

You may provide a definition with
\DeclareUnicodeCharacter 


! LaTeX Error: Unicode character –ø (U+043F)
               not set up for use with LaTeX.

See the LaTeX manual or LaTeX Companion for explanation.
Type  H <return>  for immediate help.
 ...                                              
                                                  
l.7 ...—Ç–∏–≤–Ω–æ —Ä–∞–∑–≤–∏–≤–∞—é—â–∏—Ö—Å—è –≤ –ø
                                                  –æ—Å–ª–µ–¥–Ω–∏–µ –≥–æ–¥—ã,...

You may provide a definition with
\DeclareUnicodeCharacter 


! LaTeX Error: Unicode character –æ (U+043E)
               not set up for use with LaTeX.

See the LaTeX manual or LaTeX Companion for explanation.
Type  H <return>  for immediate help.
 ...                                              
                                                  
l.7 ...–∏–≤–Ω–æ —Ä–∞–∑–≤–∏–≤–∞—é—â–∏—Ö—Å—è –≤ –ø–æ
                                                  —Å–ª–µ–¥–Ω–∏–µ –≥–æ–¥—ã, —...

You may provide a definition with
\DeclareUnicodeCharacter 


! LaTeX Error: Unicode character —Å (U+0441)
               not set up for use with LaTeX.

See the LaTeX manual or LaTeX Companion for explanation.
Type  H <return>  for immediate help.
 ...                                              
                                                  
l.7 ...–≤–Ω–æ —Ä–∞–∑–≤–∏–≤–∞—é—â–∏—Ö—Å—è –≤ –ø–æ—Å
                                                  –ª–µ–¥–Ω–∏–µ –≥–æ–¥—ã, —è–...

You may provide a definition with
\DeclareUnicodeCharacter 


! LaTeX Error: Unicode character –ª (U+043B)
               not set up for use with LaTeX.

See the LaTeX manual or LaTeX Companion for explanation.
Type  H <return>  for immediate help.
 ...                                              
                                                  
l.7 ...–Ω–æ —Ä–∞–∑–≤–∏–≤–∞—é—â–∏—Ö—Å—è –≤ –ø–æ—Å–ª
                                                  –µ–¥–Ω–∏–µ –≥–æ–¥—ã, —è–≤–...

You may provide a definition with
\DeclareUnicodeCharacter 


! LaTeX Error: Unicode character –µ (U+0435)
               not set up for use with LaTeX.

See the LaTeX manual or LaTeX Companion for explanation.
Type  H <return>  for immediate help.
 ...                                              
                                                  
l.7 ...–æ —Ä–∞–∑–≤–∏–≤–∞—é—â–∏—Ö—Å—è –≤ –ø–æ—Å–ª–µ
                                                  –¥–Ω–∏–µ –≥–æ–¥—ã, —è–≤–ª—...

You may provide a definition with
\DeclareUnicodeCharacter 


! LaTeX Error: Unicode character –¥ (U+0434)
               not set up for use with LaTeX.

See the LaTeX manual or LaTeX Companion for explanation.
Type  H <return>  for immediate help.
 ...                                              
                                                  
l.7 ... —Ä–∞–∑–≤–∏–≤–∞—é—â–∏—Ö—Å—è –≤ –ø–æ—Å–ª–µ–¥
                                                  –Ω–∏–µ –≥–æ–¥—ã, —è–≤–ª—è–...

You may provide a definition with
\DeclareUnicodeCharacter 


! LaTeX Error: Unicode character –Ω (U+043D)
               not set up for use with LaTeX.

See the LaTeX manual or LaTeX Companion for explanation.
Type  H <return>  for immediate help.
 ...                                              
                                                  
l.7 ...Ä–∞–∑–≤–∏–≤–∞—é—â–∏—Ö—Å—è –≤ –ø–æ—Å–ª–µ–¥–Ω
                                                  –∏–µ –≥–æ–¥—ã, —è–≤–ª—è–µ—...

You may provide a definition with
\DeclareUnicodeCharacter 


! LaTeX Error: Unicode character –∏ (U+0438)
               not set up for use with LaTeX.

See the LaTeX manual or LaTeX Companion for explanation.
Type  H <return>  for immediate help.
 ...                                              
                                                  
l.7 ...∞–∑–≤–∏–≤–∞—é—â–∏—Ö—Å—è –≤ –ø–æ—Å–ª–µ–¥–Ω–∏
                                                  –µ –≥–æ–¥—ã, —è–≤–ª—è–µ—Ç—...

You may provide a definition with
\DeclareUnicodeCharacter 


! LaTeX Error: Unicode character –µ (U+0435)
               not set up for use with LaTeX.

See the LaTeX manual or LaTeX Companion for explanation.
Type  H <return>  for immediate help.
 ...                                              
                                                  
l.7 ...∑–≤–∏–≤–∞—é—â–∏—Ö—Å—è –≤ –ø–æ—Å–ª–µ–¥–Ω–∏–µ
                                                   –≥–æ–¥—ã, —è–≤–ª—è–µ—Ç—Å—...

You may provide a definition with
\DeclareUnicodeCharacter 


! LaTeX Error: Unicode character –≥ (U+0433)
               not set up for use with LaTeX.

See the LaTeX manual or LaTeX Companion for explanation.
Type  H <return>  for immediate help.
 ...                                              
                                                  
l.7 ...–∏–≤–∞—é—â–∏—Ö—Å—è –≤ –ø–æ—Å–ª–µ–¥–Ω–∏–µ –≥
                                                  –æ–¥—ã, —è–≤–ª—è–µ—Ç—Å—è —...

You may provide a definition with
\DeclareUnicodeCharacter 


! LaTeX Error: Unicode character –æ (U+043E)
               not set up for use with LaTeX.

See the LaTeX manual or LaTeX Companion for explanation.
Type  H <return>  for immediate help.
 ...                                              
                                                  
l.7 ...–≤–∞—é—â–∏—Ö—Å—è –≤ –ø–æ—Å–ª–µ–¥–Ω–∏–µ –≥–æ
                                                  –¥—ã, —è–≤–ª—è–µ—Ç—Å—è —Ä–...

You may provide a definition with
\DeclareUnicodeCharacter 


! LaTeX Error: Unicode character –¥ (U+0434)
               not set up for use with LaTeX.

See the LaTeX manual or LaTeX Companion for explanation.
Type  H <return>  for immediate help.
 ...                                              
                                                  
l.7 ...–∞—é—â–∏—Ö—Å—è –≤ –ø–æ—Å–ª–µ–¥–Ω–∏–µ –≥–æ–¥
                                                  —ã, —è–≤–ª—è–µ—Ç—Å—è —Ä–µ—...

You may provide a definition with
\DeclareUnicodeCharacter 


! LaTeX Error: Unicode character —ã (U+044B)
               not set up for use with LaTeX.

See the LaTeX manual or LaTeX Companion for explanation.
Type  H <return>  for immediate help.
 ...                                              
                                                  
l.7 ...—é—â–∏—Ö—Å—è –≤ –ø–æ—Å–ª–µ–¥–Ω–∏–µ –≥–æ–¥—ã
                                                  , —è–≤–ª—è–µ—Ç—Å—è —Ä–µ—à–...

You may provide a definition with
\DeclareUnicodeCharacter 

Missing character: There is no , in font nullfont!

! LaTeX Error: Unicode character —è (U+044F)
               not set up for use with LaTeX.

See the LaTeX manual or LaTeX Companion for explanation.
Type  H <return>  for immediate help.
 ...                                              
                                                  
l.7 ...–∏—Ö—Å—è –≤ –ø–æ—Å–ª–µ–¥–Ω–∏–µ –≥–æ–¥—ã, —è
                                                  –≤–ª—è–µ—Ç—Å—è —Ä–µ—à–µ–Ω–...

You may provide a definition with
\DeclareUnicodeCharacter 


! LaTeX Error: Unicode character –≤ (U+0432)
               not set up for use with LaTeX.

See the LaTeX manual or LaTeX Companion for explanation.
Type  H <return>  for immediate help.
 ...                                              
                                                  
l.7 ...—Ö—Å—è –≤ –ø–æ—Å–ª–µ–¥–Ω–∏–µ –≥–æ–¥—ã, —è–≤
                                                  –ª—è–µ—Ç—Å—è —Ä–µ—à–µ–Ω–∏–...

You may provide a definition with
\DeclareUnicodeCharacter 


! LaTeX Error: Unicode character –ª (U+043B)
               not set up for use with LaTeX.

See the LaTeX manual or LaTeX Companion for explanation.
Type  H <return>  for immediate help.
 ...                                              
                                                  
l.7 ...—Å—è –≤ –ø–æ—Å–ª–µ–¥–Ω–∏–µ –≥–æ–¥—ã, —è–≤–ª
                                                  —è–µ—Ç—Å—è —Ä–µ—à–µ–Ω–∏–µ ...

You may provide a definition with
\DeclareUnicodeCharacter 


! LaTeX Error: Unicode character —è (U+044F)
               not set up for use with LaTeX.

See the LaTeX manual or LaTeX Companion for explanation.
Type  H <return>  for immediate help.
 ...                                              
                                                  
l.7 ...—è –≤ –ø–æ—Å–ª–µ–¥–Ω–∏–µ –≥–æ–¥—ã, —è–≤–ª—è
                                                  –µ—Ç—Å—è —Ä–µ—à–µ–Ω–∏–µ –∑...

You may provide a definition with
\DeclareUnicodeCharacter 


! LaTeX Error: Unicode character –µ (U+0435)
               not set up for use with LaTeX.

See the LaTeX manual or LaTeX Companion for explanation.
Type  H <return>  for immediate help.
 ...                                              
                                                  
l.7 ... –≤ –ø–æ—Å–ª–µ–¥–Ω–∏–µ –≥–æ–¥—ã, —è–≤–ª—è–µ
                                                  —Ç—Å—è —Ä–µ—à–µ–Ω–∏–µ –∑–∞...
(That makes 100 errors; please try again.) 
Here is how much of TeX's memory you used:
 48 strings out of 478287
 740 string characters out of 5849289
 289007 words of memory out of 5000000
 18344 multiletter control sequences out of 15000+600000
 469259 words of font info for 28 fonts, out of 8000000 for 9000
 1141 hyphenation exceptions out of 8191
 13i,0n,12p,834b,24s stack positions out of 5000i,500n,10000p,200000b,80000s

!  ==> Fatal error occurred, no output PDF file produced!
