This is pdfTeX, Version 3.141592653-2.6-1.40.22 (TeX Live 2022/dev/Debian) (preloaded format=pdflatex 2024.4.26)  27 MAY 2024 23:33
entering extended mode
 restricted \write18 enabled.
 %&-line parsing enabled.
**Chapter2.tex
(./Chapter2.tex
LaTeX2e <2021-11-15> patch level 1
L3 programming layer <2022-01-21>
! Undefined control sequence.
l.1 \section
            {–†–∞—Å–ø–æ–∑–Ω–∞–≤–∞–Ω–∏–µ –∫–ª—é—á–µ–≤—ã—Ö —Ç–æ—á–µ–∫}
The control sequence at the end of the top line
of your error message was never \def'ed. If you have
misspelled it (e.g., `\hobx'), type `I' and the correct
spelling (e.g., `I\hbox'). Otherwise just continue,
and I'll forget about whatever was undefined.


! LaTeX Error: Unicode character –† (U+0420)
               not set up for use with LaTeX.

See the LaTeX manual or LaTeX Companion for explanation.
Type  H <return>  for immediate help.
 ...                                              
                                                  
l.1 \section{–†
               –∞—Å–ø–æ–∑–Ω–∞–≤–∞–Ω–∏–µ –∫–ª—é—á–µ–≤—ã—Ö —Ç–æ—á–µ–∫}
You may provide a definition with
\DeclareUnicodeCharacter 


! LaTeX Error: Unicode character –∞ (U+0430)
               not set up for use with LaTeX.

See the LaTeX manual or LaTeX Companion for explanation.
Type  H <return>  for immediate help.
 ...                                              
                                                  
l.1 \section{–†–∞
                 —Å–ø–æ–∑–Ω–∞–≤–∞–Ω–∏–µ –∫–ª—é—á–µ–≤—ã—Ö —Ç–æ—á–µ–∫}
You may provide a definition with
\DeclareUnicodeCharacter 


! LaTeX Error: Unicode character —Å (U+0441)
               not set up for use with LaTeX.

See the LaTeX manual or LaTeX Companion for explanation.
Type  H <return>  for immediate help.
 ...                                              
                                                  
l.1 \section{–†–∞—Å
                   –ø–æ–∑–Ω–∞–≤–∞–Ω–∏–µ –∫–ª—é—á–µ–≤—ã—Ö —Ç–æ—á–µ–∫}
You may provide a definition with
\DeclareUnicodeCharacter 


! LaTeX Error: Unicode character –ø (U+043F)
               not set up for use with LaTeX.

See the LaTeX manual or LaTeX Companion for explanation.
Type  H <return>  for immediate help.
 ...                                              
                                                  
l.1 \section{–†–∞—Å–ø
                     –æ–∑–Ω–∞–≤–∞–Ω–∏–µ –∫–ª—é—á–µ–≤—ã—Ö —Ç–æ—á–µ–∫}
You may provide a definition with
\DeclareUnicodeCharacter 


! LaTeX Error: Unicode character –æ (U+043E)
               not set up for use with LaTeX.

See the LaTeX manual or LaTeX Companion for explanation.
Type  H <return>  for immediate help.
 ...                                              
                                                  
l.1 \section{–†–∞—Å–ø–æ
                       –∑–Ω–∞–≤–∞–Ω–∏–µ –∫–ª—é—á–µ–≤—ã—Ö —Ç–æ—á–µ–∫}
You may provide a definition with
\DeclareUnicodeCharacter 


! LaTeX Error: Unicode character –∑ (U+0437)
               not set up for use with LaTeX.

See the LaTeX manual or LaTeX Companion for explanation.
Type  H <return>  for immediate help.
 ...                                              
                                                  
l.1 \section{–†–∞—Å–ø–æ–∑
                         –Ω–∞–≤–∞–Ω–∏–µ –∫–ª—é—á–µ–≤—ã—Ö —Ç–æ—á–µ–∫}
You may provide a definition with
\DeclareUnicodeCharacter 


! LaTeX Error: Unicode character –Ω (U+043D)
               not set up for use with LaTeX.

See the LaTeX manual or LaTeX Companion for explanation.
Type  H <return>  for immediate help.
 ...                                              
                                                  
l.1 \section{–†–∞—Å–ø–æ–∑–Ω
                           –∞–≤–∞–Ω–∏–µ –∫–ª—é—á–µ–≤—ã—Ö —Ç–æ—á–µ–∫}
You may provide a definition with
\DeclareUnicodeCharacter 


! LaTeX Error: Unicode character –∞ (U+0430)
               not set up for use with LaTeX.

See the LaTeX manual or LaTeX Companion for explanation.
Type  H <return>  for immediate help.
 ...                                              
                                                  
l.1 \section{–†–∞—Å–ø–æ–∑–Ω–∞
                             –≤–∞–Ω–∏–µ –∫–ª—é—á–µ–≤—ã—Ö —Ç–æ—á–µ–∫}
You may provide a definition with
\DeclareUnicodeCharacter 


! LaTeX Error: Unicode character –≤ (U+0432)
               not set up for use with LaTeX.

See the LaTeX manual or LaTeX Companion for explanation.
Type  H <return>  for immediate help.
 ...                                              
                                                  
l.1 \section{–†–∞—Å–ø–æ–∑–Ω–∞–≤
                               –∞–Ω–∏–µ –∫–ª—é—á–µ–≤—ã—Ö —Ç–æ—á–µ–∫}
You may provide a definition with
\DeclareUnicodeCharacter 


! LaTeX Error: Unicode character –∞ (U+0430)
               not set up for use with LaTeX.

See the LaTeX manual or LaTeX Companion for explanation.
Type  H <return>  for immediate help.
 ...                                              
                                                  
l.1 \section{–†–∞—Å–ø–æ–∑–Ω–∞–≤–∞
                                 –Ω–∏–µ –∫–ª—é—á–µ–≤—ã—Ö —Ç–æ—á–µ–∫}
You may provide a definition with
\DeclareUnicodeCharacter 


! LaTeX Error: Unicode character –Ω (U+043D)
               not set up for use with LaTeX.

See the LaTeX manual or LaTeX Companion for explanation.
Type  H <return>  for immediate help.
 ...                                              
                                                  
l.1 \section{–†–∞—Å–ø–æ–∑–Ω–∞–≤–∞–Ω
                                   –∏–µ –∫–ª—é—á–µ–≤—ã—Ö —Ç–æ—á–µ–∫}
You may provide a definition with
\DeclareUnicodeCharacter 


! LaTeX Error: Unicode character –∏ (U+0438)
               not set up for use with LaTeX.

See the LaTeX manual or LaTeX Companion for explanation.
Type  H <return>  for immediate help.
 ...                                              
                                                  
l.1 \section{–†–∞—Å–ø–æ–∑–Ω–∞–≤–∞–Ω–∏
                                     –µ –∫–ª—é—á–µ–≤—ã—Ö —Ç–æ—á–µ–∫}
You may provide a definition with
\DeclareUnicodeCharacter 


! LaTeX Error: Unicode character –µ (U+0435)
               not set up for use with LaTeX.

See the LaTeX manual or LaTeX Companion for explanation.
Type  H <return>  for immediate help.
 ...                                              
                                                  
l.1 \section{–†–∞—Å–ø–æ–∑–Ω–∞–≤–∞–Ω–∏–µ
                                        –∫–ª—é—á–µ–≤—ã—Ö —Ç–æ—á–µ–∫}
You may provide a definition with
\DeclareUnicodeCharacter 


! LaTeX Error: Unicode character –∫ (U+043A)
               not set up for use with LaTeX.

See the LaTeX manual or LaTeX Companion for explanation.
Type  H <return>  for immediate help.
 ...                                              
                                                  
l.1 \section{–†–∞—Å–ø–æ–∑–Ω–∞–≤–∞–Ω–∏–µ –∫
                                          –ª—é—á–µ–≤—ã—Ö —Ç–æ—á–µ–∫}
You may provide a definition with
\DeclareUnicodeCharacter 


! LaTeX Error: Unicode character –ª (U+043B)
               not set up for use with LaTeX.

See the LaTeX manual or LaTeX Companion for explanation.
Type  H <return>  for immediate help.
 ...                                              
                                                  
l.1 \section{–†–∞—Å–ø–æ–∑–Ω–∞–≤–∞–Ω–∏–µ –∫–ª
                                            —é—á–µ–≤—ã—Ö —Ç–æ—á–µ–∫}
You may provide a definition with
\DeclareUnicodeCharacter 


! LaTeX Error: Unicode character —é (U+044E)
               not set up for use with LaTeX.

See the LaTeX manual or LaTeX Companion for explanation.
Type  H <return>  for immediate help.
 ...                                              
                                                  
l.1 \section{–†–∞—Å–ø–æ–∑–Ω–∞–≤–∞–Ω–∏–µ –∫–ª—é
                                              —á–µ–≤—ã—Ö —Ç–æ—á–µ–∫}
You may provide a definition with
\DeclareUnicodeCharacter 


! LaTeX Error: Unicode character —á (U+0447)
               not set up for use with LaTeX.

See the LaTeX manual or LaTeX Companion for explanation.
Type  H <return>  for immediate help.
 ...                                              
                                                  
l.1 \section{–†–∞—Å–ø–æ–∑–Ω–∞–≤–∞–Ω–∏–µ –∫–ª—é—á
                                                –µ–≤—ã—Ö —Ç–æ—á–µ–∫}
You may provide a definition with
\DeclareUnicodeCharacter 


! LaTeX Error: Unicode character –µ (U+0435)
               not set up for use with LaTeX.

See the LaTeX manual or LaTeX Companion for explanation.
Type  H <return>  for immediate help.
 ...                                              
                                                  
l.1 \section{–†–∞—Å–ø–æ–∑–Ω–∞–≤–∞–Ω–∏–µ –∫–ª—é—á–µ
                                                  –≤—ã—Ö —Ç–æ—á–µ–∫}
You may provide a definition with
\DeclareUnicodeCharacter 


! LaTeX Error: Unicode character –≤ (U+0432)
               not set up for use with LaTeX.

See the LaTeX manual or LaTeX Companion for explanation.
Type  H <return>  for immediate help.
 ...                                              
                                                  
l.1 ...ion{–†–∞—Å–ø–æ–∑–Ω–∞–≤–∞–Ω–∏–µ –∫–ª—é—á–µ–≤
                                                  —ã—Ö —Ç–æ—á–µ–∫}
You may provide a definition with
\DeclareUnicodeCharacter 


! LaTeX Error: Unicode character —ã (U+044B)
               not set up for use with LaTeX.

See the LaTeX manual or LaTeX Companion for explanation.
Type  H <return>  for immediate help.
 ...                                              
                                                  
l.1 ...n{–†–∞—Å–ø–æ–∑–Ω–∞–≤–∞–Ω–∏–µ –∫–ª—é—á–µ–≤—ã
                                                  —Ö —Ç–æ—á–µ–∫}
You may provide a definition with
\DeclareUnicodeCharacter 


! LaTeX Error: Unicode character —Ö (U+0445)
               not set up for use with LaTeX.

See the LaTeX manual or LaTeX Companion for explanation.
Type  H <return>  for immediate help.
 ...                                              
                                                  
l.1 ...–†–∞—Å–ø–æ–∑–Ω–∞–≤–∞–Ω–∏–µ –∫–ª—é—á–µ–≤—ã—Ö
                                                   —Ç–æ—á–µ–∫}
You may provide a definition with
\DeclareUnicodeCharacter 


! LaTeX Error: Unicode character —Ç (U+0442)
               not set up for use with LaTeX.

See the LaTeX manual or LaTeX Companion for explanation.
Type  H <return>  for immediate help.
 ...                                              
                                                  
l.1 ...∞—Å–ø–æ–∑–Ω–∞–≤–∞–Ω–∏–µ –∫–ª—é—á–µ–≤—ã—Ö —Ç
                                                  –æ—á–µ–∫}
You may provide a definition with
\DeclareUnicodeCharacter 


! LaTeX Error: Unicode character –æ (U+043E)
               not set up for use with LaTeX.

See the LaTeX manual or LaTeX Companion for explanation.
Type  H <return>  for immediate help.
 ...                                              
                                                  
l.1 ...Å–ø–æ–∑–Ω–∞–≤–∞–Ω–∏–µ –∫–ª—é—á–µ–≤—ã—Ö —Ç–æ
                                                  —á–µ–∫}
You may provide a definition with
\DeclareUnicodeCharacter 


! LaTeX Error: Unicode character —á (U+0447)
               not set up for use with LaTeX.

See the LaTeX manual or LaTeX Companion for explanation.
Type  H <return>  for immediate help.
 ...                                              
                                                  
l.1 ...ø–æ–∑–Ω–∞–≤–∞–Ω–∏–µ –∫–ª—é—á–µ–≤—ã—Ö —Ç–æ—á
                                                  –µ–∫}
You may provide a definition with
\DeclareUnicodeCharacter 


! LaTeX Error: Unicode character –µ (U+0435)
               not set up for use with LaTeX.

See the LaTeX manual or LaTeX Companion for explanation.
Type  H <return>  for immediate help.
 ...                                              
                                                  
l.1 ...æ–∑–Ω–∞–≤–∞–Ω–∏–µ –∫–ª—é—á–µ–≤—ã—Ö —Ç–æ—á–µ
                                                  –∫}
You may provide a definition with
\DeclareUnicodeCharacter 


! LaTeX Error: Unicode character –∫ (U+043A)
               not set up for use with LaTeX.

See the LaTeX manual or LaTeX Companion for explanation.
Type  H <return>  for immediate help.
 ...                                              
                                                  
l.1 ...∑–Ω–∞–≤–∞–Ω–∏–µ –∫–ª—é—á–µ–≤—ã—Ö —Ç–æ—á–µ–∫
                                                  }
You may provide a definition with
\DeclareUnicodeCharacter 


! LaTeX Error: Unicode character –° (U+0421)
               not set up for use with LaTeX.

See the LaTeX manual or LaTeX Companion for explanation.
Type  H <return>  for immediate help.
 ...                                              
                                                  
l.4 –°
       —Ä–∞–∑–≤–∏—Ç–∏–µ–º —Ç–µ—Ö–Ω–æ–ª–æ–≥–∏–π —á–µ–ª–æ–≤–µ—á–µ—Å—Ç–≤–æ –Ω–∞...

You may provide a definition with
\DeclareUnicodeCharacter 


! LaTeX Error: Unicode character —Ä (U+0440)
               not set up for use with LaTeX.

See the LaTeX manual or LaTeX Companion for explanation.
Type  H <return>  for immediate help.
 ...                                              
                                                  
l.4 –° —Ä
         –∞–∑–≤–∏—Ç–∏–µ–º —Ç–µ—Ö–Ω–æ–ª–æ–≥–∏–π —á–µ–ª–æ–≤–µ—á–µ—Å—Ç–≤–æ –Ω–∞...

You may provide a definition with
\DeclareUnicodeCharacter 


! LaTeX Error: Unicode character –∞ (U+0430)
               not set up for use with LaTeX.

See the LaTeX manual or LaTeX Companion for explanation.
Type  H <return>  for immediate help.
 ...                                              
                                                  
l.4 –° —Ä–∞
           –∑–≤–∏—Ç–∏–µ–º —Ç–µ—Ö–Ω–æ–ª–æ–≥–∏–π —á–µ–ª–æ–≤–µ—á–µ—Å—Ç–≤–æ –Ω–∞...

You may provide a definition with
\DeclareUnicodeCharacter 


! LaTeX Error: Unicode character –∑ (U+0437)
               not set up for use with LaTeX.

See the LaTeX manual or LaTeX Companion for explanation.
Type  H <return>  for immediate help.
 ...                                              
                                                  
l.4 –° —Ä–∞–∑
             –≤–∏—Ç–∏–µ–º —Ç–µ—Ö–Ω–æ–ª–æ–≥–∏–π —á–µ–ª–æ–≤–µ—á–µ—Å—Ç–≤–æ –Ω–∞...

You may provide a definition with
\DeclareUnicodeCharacter 


! LaTeX Error: Unicode character –≤ (U+0432)
               not set up for use with LaTeX.

See the LaTeX manual or LaTeX Companion for explanation.
Type  H <return>  for immediate help.
 ...                                              
                                                  
l.4 –° —Ä–∞–∑–≤
               –∏—Ç–∏–µ–º —Ç–µ—Ö–Ω–æ–ª–æ–≥–∏–π —á–µ–ª–æ–≤–µ—á–µ—Å—Ç–≤–æ –Ω–∞...

You may provide a definition with
\DeclareUnicodeCharacter 


! LaTeX Error: Unicode character –∏ (U+0438)
               not set up for use with LaTeX.

See the LaTeX manual or LaTeX Companion for explanation.
Type  H <return>  for immediate help.
 ...                                              
                                                  
l.4 –° —Ä–∞–∑–≤–∏
                 —Ç–∏–µ–º —Ç–µ—Ö–Ω–æ–ª–æ–≥–∏–π —á–µ–ª–æ–≤–µ—á–µ—Å—Ç–≤–æ –Ω–∞...

You may provide a definition with
\DeclareUnicodeCharacter 


! LaTeX Error: Unicode character —Ç (U+0442)
               not set up for use with LaTeX.

See the LaTeX manual or LaTeX Companion for explanation.
Type  H <return>  for immediate help.
 ...                                              
                                                  
l.4 –° —Ä–∞–∑–≤–∏—Ç
                   –∏–µ–º —Ç–µ—Ö–Ω–æ–ª–æ–≥–∏–π —á–µ–ª–æ–≤–µ—á–µ—Å—Ç–≤–æ –Ω–∞...

You may provide a definition with
\DeclareUnicodeCharacter 


! LaTeX Error: Unicode character –∏ (U+0438)
               not set up for use with LaTeX.

See the LaTeX manual or LaTeX Companion for explanation.
Type  H <return>  for immediate help.
 ...                                              
                                                  
l.4 –° —Ä–∞–∑–≤–∏—Ç–∏
                     –µ–º —Ç–µ—Ö–Ω–æ–ª–æ–≥–∏–π —á–µ–ª–æ–≤–µ—á–µ—Å—Ç–≤–æ –Ω–∞...

You may provide a definition with
\DeclareUnicodeCharacter 


! LaTeX Error: Unicode character –µ (U+0435)
               not set up for use with LaTeX.

See the LaTeX manual or LaTeX Companion for explanation.
Type  H <return>  for immediate help.
 ...                                              
                                                  
l.4 –° —Ä–∞–∑–≤–∏—Ç–∏–µ
                       –º —Ç–µ—Ö–Ω–æ–ª–æ–≥–∏–π —á–µ–ª–æ–≤–µ—á–µ—Å—Ç–≤–æ –Ω–∞...

You may provide a definition with
\DeclareUnicodeCharacter 


! LaTeX Error: Unicode character –º (U+043C)
               not set up for use with LaTeX.

See the LaTeX manual or LaTeX Companion for explanation.
Type  H <return>  for immediate help.
 ...                                              
                                                  
l.4 –° —Ä–∞–∑–≤–∏—Ç–∏–µ–º
                          —Ç–µ—Ö–Ω–æ–ª–æ–≥–∏–π —á–µ–ª–æ–≤–µ—á–µ—Å—Ç–≤–æ –Ω–∞...

You may provide a definition with
\DeclareUnicodeCharacter 


! LaTeX Error: Unicode character —Ç (U+0442)
               not set up for use with LaTeX.

See the LaTeX manual or LaTeX Companion for explanation.
Type  H <return>  for immediate help.
 ...                                              
                                                  
l.4 –° —Ä–∞–∑–≤–∏—Ç–∏–µ–º —Ç
                            –µ—Ö–Ω–æ–ª–æ–≥–∏–π —á–µ–ª–æ–≤–µ—á–µ—Å—Ç–≤–æ –Ω–∞...

You may provide a definition with
\DeclareUnicodeCharacter 


! LaTeX Error: Unicode character –µ (U+0435)
               not set up for use with LaTeX.

See the LaTeX manual or LaTeX Companion for explanation.
Type  H <return>  for immediate help.
 ...                                              
                                                  
l.4 –° —Ä–∞–∑–≤–∏—Ç–∏–µ–º —Ç–µ
                              —Ö–Ω–æ–ª–æ–≥–∏–π —á–µ–ª–æ–≤–µ—á–µ—Å—Ç–≤–æ –Ω–∞...

You may provide a definition with
\DeclareUnicodeCharacter 


! LaTeX Error: Unicode character —Ö (U+0445)
               not set up for use with LaTeX.

See the LaTeX manual or LaTeX Companion for explanation.
Type  H <return>  for immediate help.
 ...                                              
                                                  
l.4 –° —Ä–∞–∑–≤–∏—Ç–∏–µ–º —Ç–µ—Ö
                                –Ω–æ–ª–æ–≥–∏–π —á–µ–ª–æ–≤–µ—á–µ—Å—Ç–≤–æ –Ω–∞...

You may provide a definition with
\DeclareUnicodeCharacter 


! LaTeX Error: Unicode character –Ω (U+043D)
               not set up for use with LaTeX.

See the LaTeX manual or LaTeX Companion for explanation.
Type  H <return>  for immediate help.
 ...                                              
                                                  
l.4 –° —Ä–∞–∑–≤–∏—Ç–∏–µ–º —Ç–µ—Ö–Ω
                                  –æ–ª–æ–≥–∏–π —á–µ–ª–æ–≤–µ—á–µ—Å—Ç–≤–æ –Ω–∞...

You may provide a definition with
\DeclareUnicodeCharacter 


! LaTeX Error: Unicode character –æ (U+043E)
               not set up for use with LaTeX.

See the LaTeX manual or LaTeX Companion for explanation.
Type  H <return>  for immediate help.
 ...                                              
                                                  
l.4 –° —Ä–∞–∑–≤–∏—Ç–∏–µ–º —Ç–µ—Ö–Ω–æ
                                    –ª–æ–≥–∏–π —á–µ–ª–æ–≤–µ—á–µ—Å—Ç–≤–æ –Ω–∞...

You may provide a definition with
\DeclareUnicodeCharacter 


! LaTeX Error: Unicode character –ª (U+043B)
               not set up for use with LaTeX.

See the LaTeX manual or LaTeX Companion for explanation.
Type  H <return>  for immediate help.
 ...                                              
                                                  
l.4 –° —Ä–∞–∑–≤–∏—Ç–∏–µ–º —Ç–µ—Ö–Ω–æ–ª
                                      –æ–≥–∏–π —á–µ–ª–æ–≤–µ—á–µ—Å—Ç–≤–æ –Ω–∞...

You may provide a definition with
\DeclareUnicodeCharacter 


! LaTeX Error: Unicode character –æ (U+043E)
               not set up for use with LaTeX.

See the LaTeX manual or LaTeX Companion for explanation.
Type  H <return>  for immediate help.
 ...                                              
                                                  
l.4 –° —Ä–∞–∑–≤–∏—Ç–∏–µ–º —Ç–µ—Ö–Ω–æ–ª–æ
                                        –≥–∏–π —á–µ–ª–æ–≤–µ—á–µ—Å—Ç–≤–æ –Ω–∞...

You may provide a definition with
\DeclareUnicodeCharacter 


! LaTeX Error: Unicode character –≥ (U+0433)
               not set up for use with LaTeX.

See the LaTeX manual or LaTeX Companion for explanation.
Type  H <return>  for immediate help.
 ...                                              
                                                  
l.4 –° —Ä–∞–∑–≤–∏—Ç–∏–µ–º —Ç–µ—Ö–Ω–æ–ª–æ–≥
                                          –∏–π —á–µ–ª–æ–≤–µ—á–µ—Å—Ç–≤–æ –Ω–∞...

You may provide a definition with
\DeclareUnicodeCharacter 


! LaTeX Error: Unicode character –∏ (U+0438)
               not set up for use with LaTeX.

See the LaTeX manual or LaTeX Companion for explanation.
Type  H <return>  for immediate help.
 ...                                              
                                                  
l.4 –° —Ä–∞–∑–≤–∏—Ç–∏–µ–º —Ç–µ—Ö–Ω–æ–ª–æ–≥–∏
                                            –π —á–µ–ª–æ–≤–µ—á–µ—Å—Ç–≤–æ –Ω–∞...

You may provide a definition with
\DeclareUnicodeCharacter 


! LaTeX Error: Unicode character –π (U+0439)
               not set up for use with LaTeX.

See the LaTeX manual or LaTeX Companion for explanation.
Type  H <return>  for immediate help.
 ...                                              
                                                  
l.4 –° —Ä–∞–∑–≤–∏—Ç–∏–µ–º —Ç–µ—Ö–Ω–æ–ª–æ–≥–∏–π
                                               —á–µ–ª–æ–≤–µ—á–µ—Å—Ç–≤–æ –Ω–∞...

You may provide a definition with
\DeclareUnicodeCharacter 


! LaTeX Error: Unicode character —á (U+0447)
               not set up for use with LaTeX.

See the LaTeX manual or LaTeX Companion for explanation.
Type  H <return>  for immediate help.
 ...                                              
                                                  
l.4 –° —Ä–∞–∑–≤–∏—Ç–∏–µ–º —Ç–µ—Ö–Ω–æ–ª–æ–≥–∏–π —á
                                                 –µ–ª–æ–≤–µ—á–µ—Å—Ç–≤–æ –Ω–∞...

You may provide a definition with
\DeclareUnicodeCharacter 


! LaTeX Error: Unicode character –µ (U+0435)
               not set up for use with LaTeX.

See the LaTeX manual or LaTeX Companion for explanation.
Type  H <return>  for immediate help.
 ...                                              
                                                  
l.4 ...Ä–∞–∑–≤–∏—Ç–∏–µ–º —Ç–µ—Ö–Ω–æ–ª–æ–≥–∏–π —á–µ
                                                  –ª–æ–≤–µ—á–µ—Å—Ç–≤–æ –Ω–∞—...

You may provide a definition with
\DeclareUnicodeCharacter 


! LaTeX Error: Unicode character –ª (U+043B)
               not set up for use with LaTeX.

See the LaTeX manual or LaTeX Companion for explanation.
Type  H <return>  for immediate help.
 ...                                              
                                                  
l.4 ...∞–∑–≤–∏—Ç–∏–µ–º —Ç–µ—Ö–Ω–æ–ª–æ–≥–∏–π —á–µ–ª
                                                  –æ–≤–µ—á–µ—Å—Ç–≤–æ –Ω–∞—á–...

You may provide a definition with
\DeclareUnicodeCharacter 


! LaTeX Error: Unicode character –æ (U+043E)
               not set up for use with LaTeX.

See the LaTeX manual or LaTeX Companion for explanation.
Type  H <return>  for immediate help.
 ...                                              
                                                  
l.4 ...∑–≤–∏—Ç–∏–µ–º —Ç–µ—Ö–Ω–æ–ª–æ–≥–∏–π —á–µ–ª–æ
                                                  –≤–µ—á–µ—Å—Ç–≤–æ –Ω–∞—á–∞–...

You may provide a definition with
\DeclareUnicodeCharacter 


! LaTeX Error: Unicode character –≤ (U+0432)
               not set up for use with LaTeX.

See the LaTeX manual or LaTeX Companion for explanation.
Type  H <return>  for immediate help.
 ...                                              
                                                  
l.4 ...≤–∏—Ç–∏–µ–º —Ç–µ—Ö–Ω–æ–ª–æ–≥–∏–π —á–µ–ª–æ–≤
                                                  –µ—á–µ—Å—Ç–≤–æ –Ω–∞—á–∞–ª–...

You may provide a definition with
\DeclareUnicodeCharacter 


! LaTeX Error: Unicode character –µ (U+0435)
               not set up for use with LaTeX.

See the LaTeX manual or LaTeX Companion for explanation.
Type  H <return>  for immediate help.
 ...                                              
                                                  
l.4 ...∏—Ç–∏–µ–º —Ç–µ—Ö–Ω–æ–ª–æ–≥–∏–π —á–µ–ª–æ–≤–µ
                                                  —á–µ—Å—Ç–≤–æ –Ω–∞—á–∞–ª–æ ...

You may provide a definition with
\DeclareUnicodeCharacter 


! LaTeX Error: Unicode character —á (U+0447)
               not set up for use with LaTeX.

See the LaTeX manual or LaTeX Companion for explanation.
Type  H <return>  for immediate help.
 ...                                              
                                                  
l.4 ...Ç–∏–µ–º —Ç–µ—Ö–Ω–æ–ª–æ–≥–∏–π —á–µ–ª–æ–≤–µ—á
                                                  –µ—Å—Ç–≤–æ –Ω–∞—á–∞–ª–æ —Å...

You may provide a definition with
\DeclareUnicodeCharacter 


! LaTeX Error: Unicode character –µ (U+0435)
               not set up for use with LaTeX.

See the LaTeX manual or LaTeX Companion for explanation.
Type  H <return>  for immediate help.
 ...                                              
                                                  
l.4 ...∏–µ–º —Ç–µ—Ö–Ω–æ–ª–æ–≥–∏–π —á–µ–ª–æ–≤–µ—á–µ
                                                  —Å—Ç–≤–æ –Ω–∞—á–∞–ª–æ —Å—Ç...

You may provide a definition with
\DeclareUnicodeCharacter 


! LaTeX Error: Unicode character —Å (U+0441)
               not set up for use with LaTeX.

See the LaTeX manual or LaTeX Companion for explanation.
Type  H <return>  for immediate help.
 ...                                              
                                                  
l.4 ...µ–º —Ç–µ—Ö–Ω–æ–ª–æ–≥–∏–π —á–µ–ª–æ–≤–µ—á–µ—Å
                                                  —Ç–≤–æ –Ω–∞—á–∞–ª–æ —Å—Ç–∞...

You may provide a definition with
\DeclareUnicodeCharacter 


! LaTeX Error: Unicode character —Ç (U+0442)
               not set up for use with LaTeX.

See the LaTeX manual or LaTeX Companion for explanation.
Type  H <return>  for immediate help.
 ...                                              
                                                  
l.4 ...º —Ç–µ—Ö–Ω–æ–ª–æ–≥–∏–π —á–µ–ª–æ–≤–µ—á–µ—Å—Ç
                                                  –≤–æ –Ω–∞—á–∞–ª–æ —Å—Ç–∞–≤...

You may provide a definition with
\DeclareUnicodeCharacter 


! LaTeX Error: Unicode character –≤ (U+0432)
               not set up for use with LaTeX.

See the LaTeX manual or LaTeX Companion for explanation.
Type  H <return>  for immediate help.
 ...                                              
                                                  
l.4 ...—Ç–µ—Ö–Ω–æ–ª–æ–≥–∏–π —á–µ–ª–æ–≤–µ—á–µ—Å—Ç–≤
                                                  –æ –Ω–∞—á–∞–ª–æ —Å—Ç–∞–≤–∏...

You may provide a definition with
\DeclareUnicodeCharacter 


! LaTeX Error: Unicode character –æ (U+043E)
               not set up for use with LaTeX.

See the LaTeX manual or LaTeX Companion for explanation.
Type  H <return>  for immediate help.
 ...                                              
                                                  
l.4 ...–µ—Ö–Ω–æ–ª–æ–≥–∏–π —á–µ–ª–æ–≤–µ—á–µ—Å—Ç–≤–æ
                                                   –Ω–∞—á–∞–ª–æ —Å—Ç–∞–≤–∏—Ç...

You may provide a definition with
\DeclareUnicodeCharacter 


! LaTeX Error: Unicode character –Ω (U+043D)
               not set up for use with LaTeX.

See the LaTeX manual or LaTeX Companion for explanation.
Type  H <return>  for immediate help.
 ...                                              
                                                  
l.4 ...Ö–Ω–æ–ª–æ–≥–∏–π —á–µ–ª–æ–≤–µ—á–µ—Å—Ç–≤–æ –Ω
                                                  –∞—á–∞–ª–æ —Å—Ç–∞–≤–∏—Ç—å ...

You may provide a definition with
\DeclareUnicodeCharacter 


! LaTeX Error: Unicode character –∞ (U+0430)
               not set up for use with LaTeX.

See the LaTeX manual or LaTeX Companion for explanation.
Type  H <return>  for immediate help.
 ...                                              
                                                  
l.4 ...Ω–æ–ª–æ–≥–∏–π —á–µ–ª–æ–≤–µ—á–µ—Å—Ç–≤–æ –Ω–∞
                                                  —á–∞–ª–æ —Å—Ç–∞–≤–∏—Ç—å –≤...

You may provide a definition with
\DeclareUnicodeCharacter 


! LaTeX Error: Unicode character —á (U+0447)
               not set up for use with LaTeX.

See the LaTeX manual or LaTeX Companion for explanation.
Type  H <return>  for immediate help.
 ...                                              
                                                  
l.4 ...æ–ª–æ–≥–∏–π —á–µ–ª–æ–≤–µ—á–µ—Å—Ç–≤–æ –Ω–∞—á
                                                  –∞–ª–æ —Å—Ç–∞–≤–∏—Ç—å –≤—Å...

You may provide a definition with
\DeclareUnicodeCharacter 


! LaTeX Error: Unicode character –∞ (U+0430)
               not set up for use with LaTeX.

See the LaTeX manual or LaTeX Companion for explanation.
Type  H <return>  for immediate help.
 ...                                              
                                                  
l.4 ...ª–æ–≥–∏–π —á–µ–ª–æ–≤–µ—á–µ—Å—Ç–≤–æ –Ω–∞—á–∞
                                                  –ª–æ —Å—Ç–∞–≤–∏—Ç—å –≤—Å–µ...

You may provide a definition with
\DeclareUnicodeCharacter 


! LaTeX Error: Unicode character –ª (U+043B)
               not set up for use with LaTeX.

See the LaTeX manual or LaTeX Companion for explanation.
Type  H <return>  for immediate help.
 ...                                              
                                                  
l.4 ...æ–≥–∏–π —á–µ–ª–æ–≤–µ—á–µ—Å—Ç–≤–æ –Ω–∞—á–∞–ª
                                                  –æ —Å—Ç–∞–≤–∏—Ç—å –≤—Å–µ –...

You may provide a definition with
\DeclareUnicodeCharacter 


! LaTeX Error: Unicode character –æ (U+043E)
               not set up for use with LaTeX.

See the LaTeX manual or LaTeX Companion for explanation.
Type  H <return>  for immediate help.
 ...                                              
                                                  
l.4 ...≥–∏–π —á–µ–ª–æ–≤–µ—á–µ—Å—Ç–≤–æ –Ω–∞—á–∞–ª–æ
                                                   —Å—Ç–∞–≤–∏—Ç—å –≤—Å–µ –±–...

You may provide a definition with
\DeclareUnicodeCharacter 


! LaTeX Error: Unicode character —Å (U+0441)
               not set up for use with LaTeX.

See the LaTeX manual or LaTeX Companion for explanation.
Type  H <return>  for immediate help.
 ...                                              
                                                  
l.4 ...–π —á–µ–ª–æ–≤–µ—á–µ—Å—Ç–≤–æ –Ω–∞—á–∞–ª–æ —Å
                                                  —Ç–∞–≤–∏—Ç—å –≤—Å–µ –±–æ–ª...

You may provide a definition with
\DeclareUnicodeCharacter 


! LaTeX Error: Unicode character —Ç (U+0442)
               not set up for use with LaTeX.

See the LaTeX manual or LaTeX Companion for explanation.
Type  H <return>  for immediate help.
 ...                                              
                                                  
l.4 ... —á–µ–ª–æ–≤–µ—á–µ—Å—Ç–≤–æ –Ω–∞—á–∞–ª–æ —Å—Ç
                                                  –∞–≤–∏—Ç—å –≤—Å–µ –±–æ–ª–µ...

You may provide a definition with
\DeclareUnicodeCharacter 


! LaTeX Error: Unicode character –∞ (U+0430)
               not set up for use with LaTeX.

See the LaTeX manual or LaTeX Companion for explanation.
Type  H <return>  for immediate help.
 ...                                              
                                                  
l.4 ...á–µ–ª–æ–≤–µ—á–µ—Å—Ç–≤–æ –Ω–∞—á–∞–ª–æ —Å—Ç–∞
                                                  –≤–∏—Ç—å –≤—Å–µ –±–æ–ª–µ–µ...

You may provide a definition with
\DeclareUnicodeCharacter 


! LaTeX Error: Unicode character –≤ (U+0432)
               not set up for use with LaTeX.

See the LaTeX manual or LaTeX Companion for explanation.
Type  H <return>  for immediate help.
 ...                                              
                                                  
l.4 ...µ–ª–æ–≤–µ—á–µ—Å—Ç–≤–æ –Ω–∞—á–∞–ª–æ —Å—Ç–∞–≤
                                                  –∏—Ç—å –≤—Å–µ –±–æ–ª–µ–µ —...

You may provide a definition with
\DeclareUnicodeCharacter 


! LaTeX Error: Unicode character –∏ (U+0438)
               not set up for use with LaTeX.

See the LaTeX manual or LaTeX Companion for explanation.
Type  H <return>  for immediate help.
 ...                                              
                                                  
l.4 ...ª–æ–≤–µ—á–µ—Å—Ç–≤–æ –Ω–∞—á–∞–ª–æ —Å—Ç–∞–≤–∏
                                                  —Ç—å –≤—Å–µ –±–æ–ª–µ–µ —Ä–...

You may provide a definition with
\DeclareUnicodeCharacter 


! LaTeX Error: Unicode character —Ç (U+0442)
               not set up for use with LaTeX.

See the LaTeX manual or LaTeX Companion for explanation.
Type  H <return>  for immediate help.
 ...                                              
                                                  
l.4 ...æ–≤–µ—á–µ—Å—Ç–≤–æ –Ω–∞—á–∞–ª–æ —Å—Ç–∞–≤–∏—Ç
                                                  —å –≤—Å–µ –±–æ–ª–µ–µ —Ä–∞–...

You may provide a definition with
\DeclareUnicodeCharacter 


! LaTeX Error: Unicode character —å (U+044C)
               not set up for use with LaTeX.

See the LaTeX manual or LaTeX Companion for explanation.
Type  H <return>  for immediate help.
 ...                                              
                                                  
l.4 ...≤–µ—á–µ—Å—Ç–≤–æ –Ω–∞—á–∞–ª–æ —Å—Ç–∞–≤–∏—Ç—å
                                                   –≤—Å–µ –±–æ–ª–µ–µ —Ä–∞–∑–...

You may provide a definition with
\DeclareUnicodeCharacter 


! LaTeX Error: Unicode character –≤ (U+0432)
               not set up for use with LaTeX.

See the LaTeX manual or LaTeX Companion for explanation.
Type  H <return>  for immediate help.
 ...                                              
                                                  
l.4 ...—á–µ—Å—Ç–≤–æ –Ω–∞—á–∞–ª–æ —Å—Ç–∞–≤–∏—Ç—å –≤
                                                  —Å–µ –±–æ–ª–µ–µ —Ä–∞–∑–Ω–æ...

You may provide a definition with
\DeclareUnicodeCharacter 


! LaTeX Error: Unicode character —Å (U+0441)
               not set up for use with LaTeX.

See the LaTeX manual or LaTeX Companion for explanation.
Type  H <return>  for immediate help.
 ...                                              
                                                  
l.4 ...–µ—Å—Ç–≤–æ –Ω–∞—á–∞–ª–æ —Å—Ç–∞–≤–∏—Ç—å –≤—Å
                                                  –µ –±–æ–ª–µ–µ —Ä–∞–∑–Ω–æ–æ...

You may provide a definition with
\DeclareUnicodeCharacter 


! LaTeX Error: Unicode character –µ (U+0435)
               not set up for use with LaTeX.

See the LaTeX manual or LaTeX Companion for explanation.
Type  H <return>  for immediate help.
 ...                                              
                                                  
l.4 ...—Å—Ç–≤–æ –Ω–∞—á–∞–ª–æ —Å—Ç–∞–≤–∏—Ç—å –≤—Å–µ
                                                   –±–æ–ª–µ–µ —Ä–∞–∑–Ω–æ–æ–±...

You may provide a definition with
\DeclareUnicodeCharacter 


! LaTeX Error: Unicode character –± (U+0431)
               not set up for use with LaTeX.

See the LaTeX manual or LaTeX Companion for explanation.
Type  H <return>  for immediate help.
 ...                                              
                                                  
l.4 ...Ç–≤–æ –Ω–∞—á–∞–ª–æ —Å—Ç–∞–≤–∏—Ç—å –≤—Å–µ –±
                                                  –æ–ª–µ–µ —Ä–∞–∑–Ω–æ–æ–±—Ä–...

You may provide a definition with
\DeclareUnicodeCharacter 


! LaTeX Error: Unicode character –æ (U+043E)
               not set up for use with LaTeX.

See the LaTeX manual or LaTeX Companion for explanation.
Type  H <return>  for immediate help.
 ...                                              
                                                  
l.4 ...≤–æ –Ω–∞—á–∞–ª–æ —Å—Ç–∞–≤–∏—Ç—å –≤—Å–µ –±–æ
                                                  –ª–µ–µ —Ä–∞–∑–Ω–æ–æ–±—Ä–∞–...

You may provide a definition with
\DeclareUnicodeCharacter 


! LaTeX Error: Unicode character –ª (U+043B)
               not set up for use with LaTeX.

See the LaTeX manual or LaTeX Companion for explanation.
Type  H <return>  for immediate help.
 ...                                              
                                                  
l.4 ...æ –Ω–∞—á–∞–ª–æ —Å—Ç–∞–≤–∏—Ç—å –≤—Å–µ –±–æ–ª
                                                  –µ–µ —Ä–∞–∑–Ω–æ–æ–±—Ä–∞–∑–...

You may provide a definition with
\DeclareUnicodeCharacter 


! LaTeX Error: Unicode character –µ (U+0435)
               not set up for use with LaTeX.

See the LaTeX manual or LaTeX Companion for explanation.
Type  H <return>  for immediate help.
 ...                                              
                                                  
l.4 ...–Ω–∞—á–∞–ª–æ —Å—Ç–∞–≤–∏—Ç—å –≤—Å–µ –±–æ–ª–µ
                                                  –µ —Ä–∞–∑–Ω–æ–æ–±—Ä–∞–∑–Ω—...

You may provide a definition with
\DeclareUnicodeCharacter 


! LaTeX Error: Unicode character –µ (U+0435)
               not set up for use with LaTeX.

See the LaTeX manual or LaTeX Companion for explanation.
Type  H <return>  for immediate help.
 ...                                              
                                                  
l.4 ...–∞—á–∞–ª–æ —Å—Ç–∞–≤–∏—Ç—å –≤—Å–µ –±–æ–ª–µ–µ
                                                   —Ä–∞–∑–Ω–æ–æ–±—Ä–∞–∑–Ω—ã–...

You may provide a definition with
\DeclareUnicodeCharacter 


! LaTeX Error: Unicode character —Ä (U+0440)
               not set up for use with LaTeX.

See the LaTeX manual or LaTeX Companion for explanation.
Type  H <return>  for immediate help.
 ...                                              
                                                  
l.4 ...á–∞–ª–æ —Å—Ç–∞–≤–∏—Ç—å –≤—Å–µ –±–æ–ª–µ–µ —Ä
                                                  –∞–∑–Ω–æ–æ–±—Ä–∞–∑–Ω—ã–µ –...

You may provide a definition with
\DeclareUnicodeCharacter 


! LaTeX Error: Unicode character –∞ (U+0430)
               not set up for use with LaTeX.

See the LaTeX manual or LaTeX Companion for explanation.
Type  H <return>  for immediate help.
 ...                                              
                                                  
l.4 ...∞–ª–æ —Å—Ç–∞–≤–∏—Ç—å –≤—Å–µ –±–æ–ª–µ–µ —Ä–∞
                                                  –∑–Ω–æ–æ–±—Ä–∞–∑–Ω—ã–µ –∑–...

You may provide a definition with
\DeclareUnicodeCharacter 


! LaTeX Error: Unicode character –∑ (U+0437)
               not set up for use with LaTeX.

See the LaTeX manual or LaTeX Companion for explanation.
Type  H <return>  for immediate help.
 ...                                              
                                                  
l.4 ...ª–æ —Å—Ç–∞–≤–∏—Ç—å –≤—Å–µ –±–æ–ª–µ–µ —Ä–∞–∑
                                                  –Ω–æ–æ–±—Ä–∞–∑–Ω—ã–µ –∑–∞–...

You may provide a definition with
\DeclareUnicodeCharacter 


! LaTeX Error: Unicode character –Ω (U+043D)
               not set up for use with LaTeX.

See the LaTeX manual or LaTeX Companion for explanation.
Type  H <return>  for immediate help.
 ...                                              
                                                  
l.4 ...æ —Å—Ç–∞–≤–∏—Ç—å –≤—Å–µ –±–æ–ª–µ–µ —Ä–∞–∑–Ω
                                                  –æ–æ–±—Ä–∞–∑–Ω—ã–µ –∑–∞–¥–...

You may provide a definition with
\DeclareUnicodeCharacter 


! LaTeX Error: Unicode character –æ (U+043E)
               not set up for use with LaTeX.

See the LaTeX manual or LaTeX Companion for explanation.
Type  H <return>  for immediate help.
 ...                                              
                                                  
l.4 ...—Å—Ç–∞–≤–∏—Ç—å –≤—Å–µ –±–æ–ª–µ–µ —Ä–∞–∑–Ω–æ
                                                  –æ–±—Ä–∞–∑–Ω—ã–µ –∑–∞–¥–∞—...

You may provide a definition with
\DeclareUnicodeCharacter 


! LaTeX Error: Unicode character –æ (U+043E)
               not set up for use with LaTeX.

See the LaTeX manual or LaTeX Companion for explanation.
Type  H <return>  for immediate help.
 ...                                              
                                                  
l.4 ...—Ç–∞–≤–∏—Ç—å –≤—Å–µ –±–æ–ª–µ–µ —Ä–∞–∑–Ω–æ–æ
                                                  –±—Ä–∞–∑–Ω—ã–µ –∑–∞–¥–∞—á–...

You may provide a definition with
\DeclareUnicodeCharacter 


! LaTeX Error: Unicode character –± (U+0431)
               not set up for use with LaTeX.

See the LaTeX manual or LaTeX Companion for explanation.
Type  H <return>  for immediate help.
 ...                                              
                                                  
l.4 ...–∞–≤–∏—Ç—å –≤—Å–µ –±–æ–ª–µ–µ —Ä–∞–∑–Ω–æ–æ–±
                                                  —Ä–∞–∑–Ω—ã–µ –∑–∞–¥–∞—á–∏,...

You may provide a definition with
\DeclareUnicodeCharacter 


! LaTeX Error: Unicode character —Ä (U+0440)
               not set up for use with LaTeX.

See the LaTeX manual or LaTeX Companion for explanation.
Type  H <return>  for immediate help.
 ...                                              
                                                  
l.4 ...–≤–∏—Ç—å –≤—Å–µ –±–æ–ª–µ–µ —Ä–∞–∑–Ω–æ–æ–±—Ä
                                                  –∞–∑–Ω—ã–µ –∑–∞–¥–∞—á–∏, –...

You may provide a definition with
\DeclareUnicodeCharacter 


! LaTeX Error: Unicode character –∞ (U+0430)
               not set up for use with LaTeX.

See the LaTeX manual or LaTeX Companion for explanation.
Type  H <return>  for immediate help.
 ...                                              
                                                  
l.4 ...–∏—Ç—å –≤—Å–µ –±–æ–ª–µ–µ —Ä–∞–∑–Ω–æ–æ–±—Ä–∞
                                                  –∑–Ω—ã–µ –∑–∞–¥–∞—á–∏, –¥–...

You may provide a definition with
\DeclareUnicodeCharacter 


! LaTeX Error: Unicode character –∑ (U+0437)
               not set up for use with LaTeX.

See the LaTeX manual or LaTeX Companion for explanation.
Type  H <return>  for immediate help.
 ...                                              
                                                  
l.4 ...—Ç—å –≤—Å–µ –±–æ–ª–µ–µ —Ä–∞–∑–Ω–æ–æ–±—Ä–∞–∑
                                                  –Ω—ã–µ –∑–∞–¥–∞—á–∏, –¥–ª—...

You may provide a definition with
\DeclareUnicodeCharacter 


! LaTeX Error: Unicode character –Ω (U+043D)
               not set up for use with LaTeX.

See the LaTeX manual or LaTeX Companion for explanation.
Type  H <return>  for immediate help.
 ...                                              
                                                  
l.4 ...—å –≤—Å–µ –±–æ–ª–µ–µ —Ä–∞–∑–Ω–æ–æ–±—Ä–∞–∑–Ω
                                                  —ã–µ –∑–∞–¥–∞—á–∏, –¥–ª—è ...

You may provide a definition with
\DeclareUnicodeCharacter 


! LaTeX Error: Unicode character —ã (U+044B)
               not set up for use with LaTeX.

See the LaTeX manual or LaTeX Companion for explanation.
Type  H <return>  for immediate help.
 ...                                              
                                                  
l.4 ... –≤—Å–µ –±–æ–ª–µ–µ —Ä–∞–∑–Ω–æ–æ–±—Ä–∞–∑–Ω—ã
                                                  –µ –∑–∞–¥–∞—á–∏, –¥–ª—è —Ä...

You may provide a definition with
\DeclareUnicodeCharacter 


! LaTeX Error: Unicode character –µ (U+0435)
               not set up for use with LaTeX.

See the LaTeX manual or LaTeX Companion for explanation.
Type  H <return>  for immediate help.
 ...                                              
                                                  
l.4 ...≤—Å–µ –±–æ–ª–µ–µ —Ä–∞–∑–Ω–æ–æ–±—Ä–∞–∑–Ω—ã–µ
                                                   –∑–∞–¥–∞—á–∏, –¥–ª—è —Ä–µ...

You may provide a definition with
\DeclareUnicodeCharacter 


! LaTeX Error: Unicode character –∑ (U+0437)
               not set up for use with LaTeX.

See the LaTeX manual or LaTeX Companion for explanation.
Type  H <return>  for immediate help.
 ...                                              
                                                  
l.4 ...–µ –±–æ–ª–µ–µ —Ä–∞–∑–Ω–æ–æ–±—Ä–∞–∑–Ω—ã–µ –∑
                                                  –∞–¥–∞—á–∏, –¥–ª—è —Ä–µ—à–...

You may provide a definition with
\DeclareUnicodeCharacter 


! LaTeX Error: Unicode character –∞ (U+0430)
               not set up for use with LaTeX.

See the LaTeX manual or LaTeX Companion for explanation.
Type  H <return>  for immediate help.
 ...                                              
                                                  
l.4 ... –±–æ–ª–µ–µ —Ä–∞–∑–Ω–æ–æ–±—Ä–∞–∑–Ω—ã–µ –∑–∞
                                                  –¥–∞—á–∏, –¥–ª—è —Ä–µ—à–µ–...

You may provide a definition with
\DeclareUnicodeCharacter 


! LaTeX Error: Unicode character –¥ (U+0434)
               not set up for use with LaTeX.

See the LaTeX manual or LaTeX Companion for explanation.
Type  H <return>  for immediate help.
 ...                                              
                                                  
l.4 ...±–æ–ª–µ–µ —Ä–∞–∑–Ω–æ–æ–±—Ä–∞–∑–Ω—ã–µ –∑–∞–¥
                                                  –∞—á–∏, –¥–ª—è —Ä–µ—à–µ–Ω–...

You may provide a definition with
\DeclareUnicodeCharacter 


! LaTeX Error: Unicode character –∞ (U+0430)
               not set up for use with LaTeX.

See the LaTeX manual or LaTeX Companion for explanation.
Type  H <return>  for immediate help.
 ...                                              
                                                  
l.4 ...æ–ª–µ–µ —Ä–∞–∑–Ω–æ–æ–±—Ä–∞–∑–Ω—ã–µ –∑–∞–¥–∞
                                                  —á–∏, –¥–ª—è —Ä–µ—à–µ–Ω–∏—...

You may provide a definition with
\DeclareUnicodeCharacter 


! LaTeX Error: Unicode character —á (U+0447)
               not set up for use with LaTeX.

See the LaTeX manual or LaTeX Companion for explanation.
Type  H <return>  for immediate help.
 ...                                              
                                                  
l.4 ...ª–µ–µ —Ä–∞–∑–Ω–æ–æ–±—Ä–∞–∑–Ω—ã–µ –∑–∞–¥–∞—á
                                                  –∏, –¥–ª—è —Ä–µ—à–µ–Ω–∏—è ...

You may provide a definition with
\DeclareUnicodeCharacter 


! LaTeX Error: Unicode character –∏ (U+0438)
               not set up for use with LaTeX.

See the LaTeX manual or LaTeX Companion for explanation.
Type  H <return>  for immediate help.
 ...                                              
                                                  
l.4 ...µ–µ —Ä–∞–∑–Ω–æ–æ–±—Ä–∞–∑–Ω—ã–µ –∑–∞–¥–∞—á–∏
                                                  , –¥–ª—è —Ä–µ—à–µ–Ω–∏—è –∫...

You may provide a definition with
\DeclareUnicodeCharacter 


! LaTeX Error: Missing \begin{document}.

See the LaTeX manual or LaTeX Companion for explanation.
Type  H <return>  for immediate help.
 ...                                              
                                                  
l.4 ...–µ —Ä–∞–∑–Ω–æ–æ–±—Ä–∞–∑–Ω—ã–µ –∑–∞–¥–∞—á–∏,
                                                   –¥–ª—è —Ä–µ—à–µ–Ω–∏—è –∫–...

You're in trouble here.  Try typing  <return>  to proceed.
If that doesn't work, type  X <return>  to quit.

Missing character: There is no , in font nullfont!

! LaTeX Error: Unicode character –¥ (U+0434)
               not set up for use with LaTeX.

See the LaTeX manual or LaTeX Companion for explanation.
Type  H <return>  for immediate help.
 ...                                              
                                                  
l.4 ...—Ä–∞–∑–Ω–æ–æ–±—Ä–∞–∑–Ω—ã–µ –∑–∞–¥–∞—á–∏, –¥
                                                  –ª—è —Ä–µ—à–µ–Ω–∏—è –∫–æ—Ç...

You may provide a definition with
\DeclareUnicodeCharacter 


! LaTeX Error: Unicode character –ª (U+043B)
               not set up for use with LaTeX.

See the LaTeX manual or LaTeX Companion for explanation.
Type  H <return>  for immediate help.
 ...                                              
                                                  
l.4 ...–∞–∑–Ω–æ–æ–±—Ä–∞–∑–Ω—ã–µ –∑–∞–¥–∞—á–∏, –¥–ª
                                                  —è —Ä–µ—à–µ–Ω–∏—è –∫–æ—Ç–æ...

You may provide a definition with
\DeclareUnicodeCharacter 


! LaTeX Error: Unicode character —è (U+044F)
               not set up for use with LaTeX.

See the LaTeX manual or LaTeX Companion for explanation.
Type  H <return>  for immediate help.
 ...                                              
                                                  
l.4 ...–∑–Ω–æ–æ–±—Ä–∞–∑–Ω—ã–µ –∑–∞–¥–∞—á–∏, –¥–ª—è
                                                   —Ä–µ—à–µ–Ω–∏—è –∫–æ—Ç–æ—Ä...

You may provide a definition with
\DeclareUnicodeCharacter 


! LaTeX Error: Unicode character —Ä (U+0440)
               not set up for use with LaTeX.

See the LaTeX manual or LaTeX Companion for explanation.
Type  H <return>  for immediate help.
 ...                                              
                                                  
l.4 ...Ω–æ–æ–±—Ä–∞–∑–Ω—ã–µ –∑–∞–¥–∞—á–∏, –¥–ª—è —Ä
                                                  –µ—à–µ–Ω–∏—è –∫–æ—Ç–æ—Ä—ã—...

You may provide a definition with
\DeclareUnicodeCharacter 


! LaTeX Error: Unicode character –µ (U+0435)
               not set up for use with LaTeX.

See the LaTeX manual or LaTeX Companion for explanation.
Type  H <return>  for immediate help.
 ...                                              
                                                  
l.4 ...æ–æ–±—Ä–∞–∑–Ω—ã–µ –∑–∞–¥–∞—á–∏, –¥–ª—è —Ä–µ
                                                  —à–µ–Ω–∏—è –∫–æ—Ç–æ—Ä—ã—Ö ...

You may provide a definition with
\DeclareUnicodeCharacter 


! LaTeX Error: Unicode character —à (U+0448)
               not set up for use with LaTeX.

See the LaTeX manual or LaTeX Companion for explanation.
Type  H <return>  for immediate help.
 ...                                              
                                                  
l.4 ...æ–±—Ä–∞–∑–Ω—ã–µ –∑–∞–¥–∞—á–∏, –¥–ª—è —Ä–µ—à
                                                  –µ–Ω–∏—è –∫–æ—Ç–æ—Ä—ã—Ö –ø...

You may provide a definition with
\DeclareUnicodeCharacter 


! LaTeX Error: Unicode character –µ (U+0435)
               not set up for use with LaTeX.

See the LaTeX manual or LaTeX Companion for explanation.
Type  H <return>  for immediate help.
 ...                                              
                                                  
l.4 ...±—Ä–∞–∑–Ω—ã–µ –∑–∞–¥–∞—á–∏, –¥–ª—è —Ä–µ—à–µ
                                                  –Ω–∏—è –∫–æ—Ç–æ—Ä—ã—Ö –ø—Ä...

You may provide a definition with
\DeclareUnicodeCharacter 


! LaTeX Error: Unicode character –Ω (U+043D)
               not set up for use with LaTeX.

See the LaTeX manual or LaTeX Companion for explanation.
Type  H <return>  for immediate help.
 ...                                              
                                                  
l.4 ...Ä–∞–∑–Ω—ã–µ –∑–∞–¥–∞—á–∏, –¥–ª—è —Ä–µ—à–µ–Ω
                                                  –∏—è –∫–æ—Ç–æ—Ä—ã—Ö –ø—Ä–∏...

You may provide a definition with
\DeclareUnicodeCharacter 


! LaTeX Error: Unicode character –∏ (U+0438)
               not set up for use with LaTeX.

See the LaTeX manual or LaTeX Companion for explanation.
Type  H <return>  for immediate help.
 ...                                              
                                                  
l.4 ...∞–∑–Ω—ã–µ –∑–∞–¥–∞—á–∏, –¥–ª—è —Ä–µ—à–µ–Ω–∏
                                                  —è –∫–æ—Ç–æ—Ä—ã—Ö –ø—Ä–∏–º...

You may provide a definition with
\DeclareUnicodeCharacter 


! LaTeX Error: Unicode character —è (U+044F)
               not set up for use with LaTeX.

See the LaTeX manual or LaTeX Companion for explanation.
Type  H <return>  for immediate help.
 ...                                              
                                                  
l.4 ...∑–Ω—ã–µ –∑–∞–¥–∞—á–∏, –¥–ª—è —Ä–µ—à–µ–Ω–∏—è
                                                   –∫–æ—Ç–æ—Ä—ã—Ö –ø—Ä–∏–º–µ...

You may provide a definition with
\DeclareUnicodeCharacter 


! LaTeX Error: Unicode character –∫ (U+043A)
               not set up for use with LaTeX.

See the LaTeX manual or LaTeX Companion for explanation.
Type  H <return>  for immediate help.
 ...                                              
                                                  
l.4 ...—ã–µ –∑–∞–¥–∞—á–∏, –¥–ª—è —Ä–µ—à–µ–Ω–∏—è –∫
                                                  –æ—Ç–æ—Ä—ã—Ö –ø—Ä–∏–º–µ–Ω—...

You may provide a definition with
\DeclareUnicodeCharacter 


! LaTeX Error: Unicode character –æ (U+043E)
               not set up for use with LaTeX.

See the LaTeX manual or LaTeX Companion for explanation.
Type  H <return>  for immediate help.
 ...                                              
                                                  
l.4 ...–µ –∑–∞–¥–∞—á–∏, –¥–ª—è —Ä–µ—à–µ–Ω–∏—è –∫–æ
                                                  —Ç–æ—Ä—ã—Ö –ø—Ä–∏–º–µ–Ω—è–...

You may provide a definition with
\DeclareUnicodeCharacter 


! LaTeX Error: Unicode character —Ç (U+0442)
               not set up for use with LaTeX.

See the LaTeX manual or LaTeX Companion for explanation.
Type  H <return>  for immediate help.
 ...                                              
                                                  
l.4 ... –∑–∞–¥–∞—á–∏, –¥–ª—è —Ä–µ—à–µ–Ω–∏—è –∫–æ—Ç
                                                  –æ—Ä—ã—Ö –ø—Ä–∏–º–µ–Ω—è–ª–...

You may provide a definition with
\DeclareUnicodeCharacter 


! LaTeX Error: Unicode character –æ (U+043E)
               not set up for use with LaTeX.

See the LaTeX manual or LaTeX Companion for explanation.
Type  H <return>  for immediate help.
 ...                                              
                                                  
l.4 ...∑–∞–¥–∞—á–∏, –¥–ª—è —Ä–µ—à–µ–Ω–∏—è –∫–æ—Ç–æ
                                                  —Ä—ã—Ö –ø—Ä–∏–º–µ–Ω—è–ª–∏—...

You may provide a definition with
\DeclareUnicodeCharacter 


! LaTeX Error: Unicode character —Ä (U+0440)
               not set up for use with LaTeX.

See the LaTeX manual or LaTeX Companion for explanation.
Type  H <return>  for immediate help.
 ...                                              
                                                  
l.4 ...∞–¥–∞—á–∏, –¥–ª—è —Ä–µ—à–µ–Ω–∏—è –∫–æ—Ç–æ—Ä
                                                  —ã—Ö –ø—Ä–∏–º–µ–Ω—è–ª–∏—Å—...

You may provide a definition with
\DeclareUnicodeCharacter 


! LaTeX Error: Unicode character —ã (U+044B)
               not set up for use with LaTeX.

See the LaTeX manual or LaTeX Companion for explanation.
Type  H <return>  for immediate help.
 ...                                              
                                                  
l.4 ...¥–∞—á–∏, –¥–ª—è —Ä–µ—à–µ–Ω–∏—è –∫–æ—Ç–æ—Ä—ã
                                                  —Ö –ø—Ä–∏–º–µ–Ω—è–ª–∏—Å—å ...

You may provide a definition with
\DeclareUnicodeCharacter 


! LaTeX Error: Unicode character —Ö (U+0445)
               not set up for use with LaTeX.

See the LaTeX manual or LaTeX Companion for explanation.
Type  H <return>  for immediate help.
 ...                                              
                                                  
l.4 ...∞—á–∏, –¥–ª—è —Ä–µ—à–µ–Ω–∏—è –∫–æ—Ç–æ—Ä—ã—Ö
                                                   –ø—Ä–∏–º–µ–Ω—è–ª–∏—Å—å —Å...

You may provide a definition with
\DeclareUnicodeCharacter 


! LaTeX Error: Unicode character –ø (U+043F)
               not set up for use with LaTeX.

See the LaTeX manual or LaTeX Companion for explanation.
Type  H <return>  for immediate help.
 ...                                              
                                                  
l.4 ...–∏, –¥–ª—è —Ä–µ—à–µ–Ω–∏—è –∫–æ—Ç–æ—Ä—ã—Ö –ø
                                                  —Ä–∏–º–µ–Ω—è–ª–∏—Å—å —Å–≤–...

You may provide a definition with
\DeclareUnicodeCharacter 


! LaTeX Error: Unicode character —Ä (U+0440)
               not set up for use with LaTeX.

See the LaTeX manual or LaTeX Companion for explanation.
Type  H <return>  for immediate help.
 ...                                              
                                                  
l.4 ..., –¥–ª—è —Ä–µ—à–µ–Ω–∏—è –∫–æ—Ç–æ—Ä—ã—Ö –ø—Ä
                                                  –∏–º–µ–Ω—è–ª–∏—Å—å —Å–≤–µ—...

You may provide a definition with
\DeclareUnicodeCharacter 


! LaTeX Error: Unicode character –∏ (U+0438)
               not set up for use with LaTeX.

See the LaTeX manual or LaTeX Companion for explanation.
Type  H <return>  for immediate help.
 ...                                              
                                                  
l.4 ...–¥–ª—è —Ä–µ—à–µ–Ω–∏—è –∫–æ—Ç–æ—Ä—ã—Ö –ø—Ä–∏
                                                  –º–µ–Ω—è–ª–∏—Å—å —Å–≤–µ—Ä—...

You may provide a definition with
\DeclareUnicodeCharacter 


! LaTeX Error: Unicode character –º (U+043C)
               not set up for use with LaTeX.

See the LaTeX manual or LaTeX Companion for explanation.
Type  H <return>  for immediate help.
 ...                                              
                                                  
l.4 ...–ª—è —Ä–µ—à–µ–Ω–∏—è –∫–æ—Ç–æ—Ä—ã—Ö –ø—Ä–∏–º
                                                  –µ–Ω—è–ª–∏—Å—å —Å–≤–µ—Ä—Ç–...

You may provide a definition with
\DeclareUnicodeCharacter 


! LaTeX Error: Unicode character –µ (U+0435)
               not set up for use with LaTeX.

See the LaTeX manual or LaTeX Companion for explanation.
Type  H <return>  for immediate help.
 ...                                              
                                                  
l.4 ...—è —Ä–µ—à–µ–Ω–∏—è –∫–æ—Ç–æ—Ä—ã—Ö –ø—Ä–∏–º–µ
                                                  –Ω—è–ª–∏—Å—å —Å–≤–µ—Ä—Ç–æ—...

You may provide a definition with
\DeclareUnicodeCharacter 


! LaTeX Error: Unicode character –Ω (U+043D)
               not set up for use with LaTeX.

See the LaTeX manual or LaTeX Companion for explanation.
Type  H <return>  for immediate help.
 ...                                              
                                                  
l.4 ... —Ä–µ—à–µ–Ω–∏—è –∫–æ—Ç–æ—Ä—ã—Ö –ø—Ä–∏–º–µ–Ω
                                                  —è–ª–∏—Å—å —Å–≤–µ—Ä—Ç–æ—á–...

You may provide a definition with
\DeclareUnicodeCharacter 


! LaTeX Error: Unicode character —è (U+044F)
               not set up for use with LaTeX.

See the LaTeX manual or LaTeX Companion for explanation.
Type  H <return>  for immediate help.
 ...                                              
                                                  
l.4 ...Ä–µ—à–µ–Ω–∏—è –∫–æ—Ç–æ—Ä—ã—Ö –ø—Ä–∏–º–µ–Ω—è
                                                  –ª–∏—Å—å —Å–≤–µ—Ä—Ç–æ—á–Ω—...

You may provide a definition with
\DeclareUnicodeCharacter 


! LaTeX Error: Unicode character –ª (U+043B)
               not set up for use with LaTeX.

See the LaTeX manual or LaTeX Companion for explanation.
Type  H <return>  for immediate help.
 ...                                              
                                                  
l.4 ...µ—à–µ–Ω–∏—è –∫–æ—Ç–æ—Ä—ã—Ö –ø—Ä–∏–º–µ–Ω—è–ª
                                                  –∏—Å—å —Å–≤–µ—Ä—Ç–æ—á–Ω—ã–...

You may provide a definition with
\DeclareUnicodeCharacter 


! LaTeX Error: Unicode character –∏ (U+0438)
               not set up for use with LaTeX.

See the LaTeX manual or LaTeX Companion for explanation.
Type  H <return>  for immediate help.
 ...                                              
                                                  
l.4 ...à–µ–Ω–∏—è –∫–æ—Ç–æ—Ä—ã—Ö –ø—Ä–∏–º–µ–Ω—è–ª–∏
                                                  —Å—å —Å–≤–µ—Ä—Ç–æ—á–Ω—ã–µ ...

You may provide a definition with
\DeclareUnicodeCharacter 


! LaTeX Error: Unicode character —Å (U+0441)
               not set up for use with LaTeX.

See the LaTeX manual or LaTeX Companion for explanation.
Type  H <return>  for immediate help.
 ...                                              
                                                  
l.4 ...µ–Ω–∏—è –∫–æ—Ç–æ—Ä—ã—Ö –ø—Ä–∏–º–µ–Ω—è–ª–∏—Å
                                                  —å —Å–≤–µ—Ä—Ç–æ—á–Ω—ã–µ –Ω...

You may provide a definition with
\DeclareUnicodeCharacter 


! LaTeX Error: Unicode character —å (U+044C)
               not set up for use with LaTeX.

See the LaTeX manual or LaTeX Companion for explanation.
Type  H <return>  for immediate help.
 ...                                              
                                                  
l.4 ...Ω–∏—è –∫–æ—Ç–æ—Ä—ã—Ö –ø—Ä–∏–º–µ–Ω—è–ª–∏—Å—å
                                                   —Å–≤–µ—Ä—Ç–æ—á–Ω—ã–µ –Ω–µ...

You may provide a definition with
\DeclareUnicodeCharacter 


! LaTeX Error: Unicode character —Å (U+0441)
               not set up for use with LaTeX.

See the LaTeX manual or LaTeX Companion for explanation.
Type  H <return>  for immediate help.
 ...                                              
                                                  
l.4 ...—è –∫–æ—Ç–æ—Ä—ã—Ö –ø—Ä–∏–º–µ–Ω—è–ª–∏—Å—å —Å
                                                  –≤–µ—Ä—Ç–æ—á–Ω—ã–µ –Ω–µ–π—...

You may provide a definition with
\DeclareUnicodeCharacter 


! LaTeX Error: Unicode character –≤ (U+0432)
               not set up for use with LaTeX.

See the LaTeX manual or LaTeX Companion for explanation.
Type  H <return>  for immediate help.
 ...                                              
                                                  
l.4 ... –∫–æ—Ç–æ—Ä—ã—Ö –ø—Ä–∏–º–µ–Ω—è–ª–∏—Å—å —Å–≤
                                                  –µ—Ä—Ç–æ—á–Ω—ã–µ –Ω–µ–π—Ä–...

You may provide a definition with
\DeclareUnicodeCharacter 


! LaTeX Error: Unicode character –µ (U+0435)
               not set up for use with LaTeX.

See the LaTeX manual or LaTeX Companion for explanation.
Type  H <return>  for immediate help.
 ...                                              
                                                  
l.4 ...∫–æ—Ç–æ—Ä—ã—Ö –ø—Ä–∏–º–µ–Ω—è–ª–∏—Å—å —Å–≤–µ
                                                  —Ä—Ç–æ—á–Ω—ã–µ –Ω–µ–π—Ä–æ–...

You may provide a definition with
\DeclareUnicodeCharacter 


! LaTeX Error: Unicode character —Ä (U+0440)
               not set up for use with LaTeX.

See the LaTeX manual or LaTeX Companion for explanation.
Type  H <return>  for immediate help.
 ...                                              
                                                  
l.4 ...æ—Ç–æ—Ä—ã—Ö –ø—Ä–∏–º–µ–Ω—è–ª–∏—Å—å —Å–≤–µ—Ä
                                                  —Ç–æ—á–Ω—ã–µ –Ω–µ–π—Ä–æ–Ω–...

You may provide a definition with
\DeclareUnicodeCharacter 


! LaTeX Error: Unicode character —Ç (U+0442)
               not set up for use with LaTeX.

See the LaTeX manual or LaTeX Companion for explanation.
Type  H <return>  for immediate help.
 ...                                              
                                                  
l.4 ...Ç–æ—Ä—ã—Ö –ø—Ä–∏–º–µ–Ω—è–ª–∏—Å—å —Å–≤–µ—Ä—Ç
                                                  –æ—á–Ω—ã–µ –Ω–µ–π—Ä–æ–Ω–Ω—...

You may provide a definition with
\DeclareUnicodeCharacter 


! LaTeX Error: Unicode character –æ (U+043E)
               not set up for use with LaTeX.

See the LaTeX manual or LaTeX Companion for explanation.
Type  H <return>  for immediate help.
 ...                                              
                                                  
l.4 ...æ—Ä—ã—Ö –ø—Ä–∏–º–µ–Ω—è–ª–∏—Å—å —Å–≤–µ—Ä—Ç–æ
                                                  —á–Ω—ã–µ –Ω–µ–π—Ä–æ–Ω–Ω—ã–...

You may provide a definition with
\DeclareUnicodeCharacter 


! LaTeX Error: Unicode character —á (U+0447)
               not set up for use with LaTeX.

See the LaTeX manual or LaTeX Companion for explanation.
Type  H <return>  for immediate help.
 ...                                              
                                                  
l.4 ...Ä—ã—Ö –ø—Ä–∏–º–µ–Ω—è–ª–∏—Å—å —Å–≤–µ—Ä—Ç–æ—á
                                                  –Ω—ã–µ –Ω–µ–π—Ä–æ–Ω–Ω—ã–µ ...

You may provide a definition with
\DeclareUnicodeCharacter 


! LaTeX Error: Unicode character –Ω (U+043D)
               not set up for use with LaTeX.

See the LaTeX manual or LaTeX Companion for explanation.
Type  H <return>  for immediate help.
 ...                                              
                                                  
l.4 ...ã—Ö –ø—Ä–∏–º–µ–Ω—è–ª–∏—Å—å —Å–≤–µ—Ä—Ç–æ—á–Ω
                                                  —ã–µ –Ω–µ–π—Ä–æ–Ω–Ω—ã–µ —Å...

You may provide a definition with
\DeclareUnicodeCharacter 


! LaTeX Error: Unicode character —ã (U+044B)
               not set up for use with LaTeX.

See the LaTeX manual or LaTeX Companion for explanation.
Type  H <return>  for immediate help.
 ...                                              
                                                  
l.4 ...Ö –ø—Ä–∏–º–µ–Ω—è–ª–∏—Å—å —Å–≤–µ—Ä—Ç–æ—á–Ω—ã
                                                  –µ –Ω–µ–π—Ä–æ–Ω–Ω—ã–µ —Å–µ...

You may provide a definition with
\DeclareUnicodeCharacter 


! LaTeX Error: Unicode character –µ (U+0435)
               not set up for use with LaTeX.

See the LaTeX manual or LaTeX Companion for explanation.
Type  H <return>  for immediate help.
 ...                                              
                                                  
l.4 ...–ø—Ä–∏–º–µ–Ω—è–ª–∏—Å—å —Å–≤–µ—Ä—Ç–æ—á–Ω—ã–µ
                                                   –Ω–µ–π—Ä–æ–Ω–Ω—ã–µ —Å–µ—Ç...

You may provide a definition with
\DeclareUnicodeCharacter 


! LaTeX Error: Unicode character –Ω (U+043D)
               not set up for use with LaTeX.

See the LaTeX manual or LaTeX Companion for explanation.
Type  H <return>  for immediate help.
 ...                                              
                                                  
l.4 ...Ä–∏–º–µ–Ω—è–ª–∏—Å—å —Å–≤–µ—Ä—Ç–æ—á–Ω—ã–µ –Ω
                                                  –µ–π—Ä–æ–Ω–Ω—ã–µ —Å–µ—Ç–∏ ...

You may provide a definition with
\DeclareUnicodeCharacter 


! LaTeX Error: Unicode character –µ (U+0435)
               not set up for use with LaTeX.

See the LaTeX manual or LaTeX Companion for explanation.
Type  H <return>  for immediate help.
 ...                                              
                                                  
l.4 ...∏–º–µ–Ω—è–ª–∏—Å—å —Å–≤–µ—Ä—Ç–æ—á–Ω—ã–µ –Ω–µ
                                                  –π—Ä–æ–Ω–Ω—ã–µ —Å–µ—Ç–∏ (c...

You may provide a definition with
\DeclareUnicodeCharacter 


! LaTeX Error: Unicode character –π (U+0439)
               not set up for use with LaTeX.

See the LaTeX manual or LaTeX Companion for explanation.
Type  H <return>  for immediate help.
 ...                                              
                                                  
l.4 ...º–µ–Ω—è–ª–∏—Å—å —Å–≤–µ—Ä—Ç–æ—á–Ω—ã–µ –Ω–µ–π
                                                  —Ä–æ–Ω–Ω—ã–µ —Å–µ—Ç–∏ (con...

You may provide a definition with
\DeclareUnicodeCharacter 


! LaTeX Error: Unicode character —Ä (U+0440)
               not set up for use with LaTeX.

See the LaTeX manual or LaTeX Companion for explanation.
Type  H <return>  for immediate help.
 ...                                              
                                                  
l.4 ...µ–Ω—è–ª–∏—Å—å —Å–≤–µ—Ä—Ç–æ—á–Ω—ã–µ –Ω–µ–π—Ä
                                                  –æ–Ω–Ω—ã–µ —Å–µ—Ç–∏ (convo...

You may provide a definition with
\DeclareUnicodeCharacter 


! LaTeX Error: Unicode character –æ (U+043E)
               not set up for use with LaTeX.

See the LaTeX manual or LaTeX Companion for explanation.
Type  H <return>  for immediate help.
 ...                                              
                                                  
l.4 ...Ω—è–ª–∏—Å—å —Å–≤–µ—Ä—Ç–æ—á–Ω—ã–µ –Ω–µ–π—Ä–æ
                                                  –Ω–Ω—ã–µ —Å–µ—Ç–∏ (convolu...

You may provide a definition with
\DeclareUnicodeCharacter 


! LaTeX Error: Unicode character –Ω (U+043D)
               not set up for use with LaTeX.

See the LaTeX manual or LaTeX Companion for explanation.
Type  H <return>  for immediate help.
 ...                                              
                                                  
l.4 ...è–ª–∏—Å—å —Å–≤–µ—Ä—Ç–æ—á–Ω—ã–µ –Ω–µ–π—Ä–æ–Ω
                                                  –Ω—ã–µ —Å–µ—Ç–∏ (convoluti...

You may provide a definition with
\DeclareUnicodeCharacter 


! LaTeX Error: Unicode character –Ω (U+043D)
               not set up for use with LaTeX.

See the LaTeX manual or LaTeX Companion for explanation.
Type  H <return>  for immediate help.
 ...                                              
                                                  
l.4 ...ª–∏—Å—å —Å–≤–µ—Ä—Ç–æ—á–Ω—ã–µ –Ω–µ–π—Ä–æ–Ω–Ω
                                                  —ã–µ —Å–µ—Ç–∏ (convolution...

You may provide a definition with
\DeclareUnicodeCharacter 


! LaTeX Error: Unicode character —ã (U+044B)
               not set up for use with LaTeX.

See the LaTeX manual or LaTeX Companion for explanation.
Type  H <return>  for immediate help.
 ...                                              
                                                  
l.4 ...∏—Å—å —Å–≤–µ—Ä—Ç–æ—á–Ω—ã–µ –Ω–µ–π—Ä–æ–Ω–Ω—ã
                                                  –µ —Å–µ—Ç–∏ (convolutional...

You may provide a definition with
\DeclareUnicodeCharacter 


! LaTeX Error: Unicode character –µ (U+0435)
               not set up for use with LaTeX.

See the LaTeX manual or LaTeX Companion for explanation.
Type  H <return>  for immediate help.
 ...                                              
                                                  
l.4 ...Å—å —Å–≤–µ—Ä—Ç–æ—á–Ω—ã–µ –Ω–µ–π—Ä–æ–Ω–Ω—ã–µ
                                                   —Å–µ—Ç–∏ (convolutional n...

You may provide a definition with
\DeclareUnicodeCharacter 


! LaTeX Error: Unicode character —Å (U+0441)
               not set up for use with LaTeX.

See the LaTeX manual or LaTeX Companion for explanation.
Type  H <return>  for immediate help.
 ...                                              
                                                  
l.4 ... —Å–≤–µ—Ä—Ç–æ—á–Ω—ã–µ –Ω–µ–π—Ä–æ–Ω–Ω—ã–µ —Å
                                                  –µ—Ç–∏ (convolutional neur...

You may provide a definition with
\DeclareUnicodeCharacter 


! LaTeX Error: Unicode character –µ (U+0435)
               not set up for use with LaTeX.

See the LaTeX manual or LaTeX Companion for explanation.
Type  H <return>  for immediate help.
 ...                                              
                                                  
l.4 ...Å–≤–µ—Ä—Ç–æ—á–Ω—ã–µ –Ω–µ–π—Ä–æ–Ω–Ω—ã–µ —Å–µ
                                                  —Ç–∏ (convolutional neural...

You may provide a definition with
\DeclareUnicodeCharacter 


! LaTeX Error: Unicode character —Ç (U+0442)
               not set up for use with LaTeX.

See the LaTeX manual or LaTeX Companion for explanation.
Type  H <return>  for immediate help.
 ...                                              
                                                  
l.4 ...≤–µ—Ä—Ç–æ—á–Ω—ã–µ –Ω–µ–π—Ä–æ–Ω–Ω—ã–µ —Å–µ—Ç
                                                  –∏ (convolutional neural n...

You may provide a definition with
\DeclareUnicodeCharacter 


! LaTeX Error: Unicode character –∏ (U+0438)
               not set up for use with LaTeX.

See the LaTeX manual or LaTeX Companion for explanation.
Type  H <return>  for immediate help.
 ...                                              
                                                  
l.4 ...µ—Ä—Ç–æ—á–Ω—ã–µ –Ω–µ–π—Ä–æ–Ω–Ω—ã–µ —Å–µ—Ç–∏
                                                   (convolutional neural net...

You may provide a definition with
\DeclareUnicodeCharacter 

Missing character: There is no ( in font nullfont!
Missing character: There is no c in font nullfont!
Missing character: There is no o in font nullfont!
Missing character: There is no n in font nullfont!
Missing character: There is no v in font nullfont!
Missing character: There is no o in font nullfont!
Missing character: There is no l in font nullfont!
Missing character: There is no u in font nullfont!
Missing character: There is no t in font nullfont!
Missing character: There is no i in font nullfont!
Missing character: There is no o in font nullfont!
Missing character: There is no n in font nullfont!
Missing character: There is no a in font nullfont!
Missing character: There is no l in font nullfont!
Missing character: There is no n in font nullfont!
Missing character: There is no e in font nullfont!
Missing character: There is no u in font nullfont!
Missing character: There is no r in font nullfont!
Missing character: There is no a in font nullfont!
Missing character: There is no l in font nullfont!
Missing character: There is no n in font nullfont!
Missing character: There is no e in font nullfont!
Missing character: There is no t in font nullfont!
Missing character: There is no w in font nullfont!
Missing character: There is no o in font nullfont!
Missing character: There is no r in font nullfont!
Missing character: There is no k in font nullfont!
Missing character: There is no , in font nullfont!
Missing character: There is no C in font nullfont!
Missing character: There is no N in font nullfont!
Missing character: There is no N in font nullfont!
Missing character: There is no ) in font nullfont!
Missing character: There is no . in font nullfont!

! LaTeX Error: Unicode character –û (U+041E)
               not set up for use with LaTeX.

See the LaTeX manual or LaTeX Companion for explanation.
Type  H <return>  for immediate help.
 ...                                              
                                                  
l.4 ...Ç–∏ (convolutional neural network, CNN). –û
                                                  –¥–Ω–æ–π –∏–∑ —Ç–∞–∫–∏—Ö –...

You may provide a definition with
\DeclareUnicodeCharacter 


! LaTeX Error: Unicode character –¥ (U+0434)
               not set up for use with LaTeX.

See the LaTeX manual or LaTeX Companion for explanation.
Type  H <return>  for immediate help.
 ...                                              
                                                  
l.4 ...∏ (convolutional neural network, CNN). –û–¥
                                                  –Ω–æ–π –∏–∑ —Ç–∞–∫–∏—Ö –∑–...

You may provide a definition with
\DeclareUnicodeCharacter 


! LaTeX Error: Unicode character –Ω (U+043D)
               not set up for use with LaTeX.

See the LaTeX manual or LaTeX Companion for explanation.
Type  H <return>  for immediate help.
 ...                                              
                                                  
l.4 ...(convolutional neural network, CNN). –û–¥–Ω
                                                  –æ–π –∏–∑ —Ç–∞–∫–∏—Ö –∑–∞–...

You may provide a definition with
\DeclareUnicodeCharacter 


! LaTeX Error: Unicode character –æ (U+043E)
               not set up for use with LaTeX.

See the LaTeX manual or LaTeX Companion for explanation.
Type  H <return>  for immediate help.
 ...                                              
                                                  
l.4 ...onvolutional neural network, CNN). –û–¥–Ω–æ
                                                  –π –∏–∑ —Ç–∞–∫–∏—Ö –∑–∞–¥–...

You may provide a definition with
\DeclareUnicodeCharacter 


! LaTeX Error: Unicode character –π (U+0439)
               not set up for use with LaTeX.

See the LaTeX manual or LaTeX Companion for explanation.
Type  H <return>  for immediate help.
 ...                                              
                                                  
l.4 ...volutional neural network, CNN). –û–¥–Ω–æ–π
                                                   –∏–∑ —Ç–∞–∫–∏—Ö –∑–∞–¥–∞—...

You may provide a definition with
\DeclareUnicodeCharacter 


! LaTeX Error: Unicode character –∏ (U+0438)
               not set up for use with LaTeX.

See the LaTeX manual or LaTeX Companion for explanation.
Type  H <return>  for immediate help.
 ...                                              
                                                  
l.4 ...utional neural network, CNN). –û–¥–Ω–æ–π –∏
                                                  –∑ —Ç–∞–∫–∏—Ö –∑–∞–¥–∞—á –...

You may provide a definition with
\DeclareUnicodeCharacter 


! LaTeX Error: Unicode character –∑ (U+0437)
               not set up for use with LaTeX.

See the LaTeX manual or LaTeX Companion for explanation.
Type  H <return>  for immediate help.
 ...                                              
                                                  
l.4 ...ional neural network, CNN). –û–¥–Ω–æ–π –∏–∑
                                                   —Ç–∞–∫–∏—Ö –∑–∞–¥–∞—á –æ–...

You may provide a definition with
\DeclareUnicodeCharacter 


! LaTeX Error: Unicode character —Ç (U+0442)
               not set up for use with LaTeX.

See the LaTeX manual or LaTeX Companion for explanation.
Type  H <return>  for immediate help.
 ...                                              
                                                  
l.4 ...al neural network, CNN). –û–¥–Ω–æ–π –∏–∑ —Ç
                                                  –∞–∫–∏—Ö –∑–∞–¥–∞—á –æ–∫–∞...

You may provide a definition with
\DeclareUnicodeCharacter 


! LaTeX Error: Unicode character –∞ (U+0430)
               not set up for use with LaTeX.

See the LaTeX manual or LaTeX Companion for explanation.
Type  H <return>  for immediate help.
 ...                                              
                                                  
l.4 ... neural network, CNN). –û–¥–Ω–æ–π –∏–∑ —Ç–∞
                                                  –∫–∏—Ö –∑–∞–¥–∞—á –æ–∫–∞–∑...

You may provide a definition with
\DeclareUnicodeCharacter 


! LaTeX Error: Unicode character –∫ (U+043A)
               not set up for use with LaTeX.

See the LaTeX manual or LaTeX Companion for explanation.
Type  H <return>  for immediate help.
 ...                                              
                                                  
l.4 ...eural network, CNN). –û–¥–Ω–æ–π –∏–∑ —Ç–∞–∫
                                                  –∏—Ö –∑–∞–¥–∞—á –æ–∫–∞–∑–∞...

You may provide a definition with
\DeclareUnicodeCharacter 


! LaTeX Error: Unicode character –∏ (U+0438)
               not set up for use with LaTeX.

See the LaTeX manual or LaTeX Companion for explanation.
Type  H <return>  for immediate help.
 ...                                              
                                                  
l.4 ...ral network, CNN). –û–¥–Ω–æ–π –∏–∑ —Ç–∞–∫–∏
                                                  —Ö –∑–∞–¥–∞—á –æ–∫–∞–∑–∞–ª...

You may provide a definition with
\DeclareUnicodeCharacter 


! LaTeX Error: Unicode character —Ö (U+0445)
               not set up for use with LaTeX.

See the LaTeX manual or LaTeX Companion for explanation.
Type  H <return>  for immediate help.
 ...                                              
                                                  
l.4 ...l network, CNN). –û–¥–Ω–æ–π –∏–∑ —Ç–∞–∫–∏—Ö
                                                   –∑–∞–¥–∞—á –æ–∫–∞–∑–∞–ª–æ...

You may provide a definition with
\DeclareUnicodeCharacter 


! LaTeX Error: Unicode character –∑ (U+0437)
               not set up for use with LaTeX.

See the LaTeX manual or LaTeX Companion for explanation.
Type  H <return>  for immediate help.
 ...                                              
                                                  
l.4 ...etwork, CNN). –û–¥–Ω–æ–π –∏–∑ —Ç–∞–∫–∏—Ö –∑
                                                  –∞–¥–∞—á –æ–∫–∞–∑–∞–ª–æ—Å—...

You may provide a definition with
\DeclareUnicodeCharacter 


! LaTeX Error: Unicode character –∞ (U+0430)
               not set up for use with LaTeX.

See the LaTeX manual or LaTeX Companion for explanation.
Type  H <return>  for immediate help.
 ...                                              
                                                  
l.4 ...work, CNN). –û–¥–Ω–æ–π –∏–∑ —Ç–∞–∫–∏—Ö –∑–∞
                                                  –¥–∞—á –æ–∫–∞–∑–∞–ª–æ—Å—å ...

You may provide a definition with
\DeclareUnicodeCharacter 


! LaTeX Error: Unicode character –¥ (U+0434)
               not set up for use with LaTeX.

See the LaTeX manual or LaTeX Companion for explanation.
Type  H <return>  for immediate help.
 ...                                              
                                                  
l.4 ...rk, CNN). –û–¥–Ω–æ–π –∏–∑ —Ç–∞–∫–∏—Ö –∑–∞–¥
                                                  –∞—á –æ–∫–∞–∑–∞–ª–æ—Å—å —Ä...

You may provide a definition with
\DeclareUnicodeCharacter 


! LaTeX Error: Unicode character –∞ (U+0430)
               not set up for use with LaTeX.

See the LaTeX manual or LaTeX Companion for explanation.
Type  H <return>  for immediate help.
 ...                                              
                                                  
l.4 ..., CNN). –û–¥–Ω–æ–π –∏–∑ —Ç–∞–∫–∏—Ö –∑–∞–¥–∞
                                                  —á –æ–∫–∞–∑–∞–ª–æ—Å—å —Ä–∞...

You may provide a definition with
\DeclareUnicodeCharacter 


! LaTeX Error: Unicode character —á (U+0447)
               not set up for use with LaTeX.

See the LaTeX manual or LaTeX Companion for explanation.
Type  H <return>  for immediate help.
 ...                                              
                                                  
l.4 ...CNN). –û–¥–Ω–æ–π –∏–∑ —Ç–∞–∫–∏—Ö –∑–∞–¥–∞—á
                                                   –æ–∫–∞–∑–∞–ª–æ—Å—å —Ä–∞—Å...

You may provide a definition with
\DeclareUnicodeCharacter 


! LaTeX Error: Unicode character –æ (U+043E)
               not set up for use with LaTeX.

See the LaTeX manual or LaTeX Companion for explanation.
Type  H <return>  for immediate help.
 ...                                              
                                                  
l.4 ...). –û–¥–Ω–æ–π –∏–∑ —Ç–∞–∫–∏—Ö –∑–∞–¥–∞—á –æ
                                                  –∫–∞–∑–∞–ª–æ—Å—å —Ä–∞—Å–ø–...

You may provide a definition with
\DeclareUnicodeCharacter 


! LaTeX Error: Unicode character –∫ (U+043A)
               not set up for use with LaTeX.

See the LaTeX manual or LaTeX Companion for explanation.
Type  H <return>  for immediate help.
 ...                                              
                                                  
l.4 ... –û–¥–Ω–æ–π –∏–∑ —Ç–∞–∫–∏—Ö –∑–∞–¥–∞—á –æ–∫
                                                  –∞–∑–∞–ª–æ—Å—å —Ä–∞—Å–ø–æ–...

You may provide a definition with
\DeclareUnicodeCharacter 


! LaTeX Error: Unicode character –∞ (U+0430)
               not set up for use with LaTeX.

See the LaTeX manual or LaTeX Companion for explanation.
Type  H <return>  for immediate help.
 ...                                              
                                                  
l.4 ...û–¥–Ω–æ–π –∏–∑ —Ç–∞–∫–∏—Ö –∑–∞–¥–∞—á –æ–∫–∞
                                                  –∑–∞–ª–æ—Å—å —Ä–∞—Å–ø–æ–∑–...

You may provide a definition with
\DeclareUnicodeCharacter 


! LaTeX Error: Unicode character –∑ (U+0437)
               not set up for use with LaTeX.

See the LaTeX manual or LaTeX Companion for explanation.
Type  H <return>  for immediate help.
 ...                                              
                                                  
l.4 ...¥–Ω–æ–π –∏–∑ —Ç–∞–∫–∏—Ö –∑–∞–¥–∞—á –æ–∫–∞–∑
                                                  –∞–ª–æ—Å—å —Ä–∞—Å–ø–æ–∑–Ω–...

You may provide a definition with
\DeclareUnicodeCharacter 


! LaTeX Error: Unicode character –∞ (U+0430)
               not set up for use with LaTeX.

See the LaTeX manual or LaTeX Companion for explanation.
Type  H <return>  for immediate help.
 ...                                              
                                                  
l.4 ...Ω–æ–π –∏–∑ —Ç–∞–∫–∏—Ö –∑–∞–¥–∞—á –æ–∫–∞–∑–∞
                                                  –ª–æ—Å—å —Ä–∞—Å–ø–æ–∑–Ω–∞–...

You may provide a definition with
\DeclareUnicodeCharacter 


! LaTeX Error: Unicode character –ª (U+043B)
               not set up for use with LaTeX.

See the LaTeX manual or LaTeX Companion for explanation.
Type  H <return>  for immediate help.
 ...                                              
                                                  
l.4 ...æ–π –∏–∑ —Ç–∞–∫–∏—Ö –∑–∞–¥–∞—á –æ–∫–∞–∑–∞–ª
                                                  –æ—Å—å —Ä–∞—Å–ø–æ–∑–Ω–∞–≤–...

You may provide a definition with
\DeclareUnicodeCharacter 


! LaTeX Error: Unicode character –æ (U+043E)
               not set up for use with LaTeX.

See the LaTeX manual or LaTeX Companion for explanation.
Type  H <return>  for immediate help.
 ...                                              
                                                  
l.4 ...π –∏–∑ —Ç–∞–∫–∏—Ö –∑–∞–¥–∞—á –æ–∫–∞–∑–∞–ª–æ
                                                  —Å—å —Ä–∞—Å–ø–æ–∑–Ω–∞–≤–∞–...

You may provide a definition with
\DeclareUnicodeCharacter 


! LaTeX Error: Unicode character —Å (U+0441)
               not set up for use with LaTeX.

See the LaTeX manual or LaTeX Companion for explanation.
Type  H <return>  for immediate help.
 ...                                              
                                                  
l.4 ...–∏–∑ —Ç–∞–∫–∏—Ö –∑–∞–¥–∞—á –æ–∫–∞–∑–∞–ª–æ—Å
                                                  —å —Ä–∞—Å–ø–æ–∑–Ω–∞–≤–∞–Ω–...

You may provide a definition with
\DeclareUnicodeCharacter 


! LaTeX Error: Unicode character —å (U+044C)
               not set up for use with LaTeX.

See the LaTeX manual or LaTeX Companion for explanation.
Type  H <return>  for immediate help.
 ...                                              
                                                  
l.4 ...–∑ —Ç–∞–∫–∏—Ö –∑–∞–¥–∞—á –æ–∫–∞–∑–∞–ª–æ—Å—å
                                                   —Ä–∞—Å–ø–æ–∑–Ω–∞–≤–∞–Ω–∏–...

You may provide a definition with
\DeclareUnicodeCharacter 


! LaTeX Error: Unicode character —Ä (U+0440)
               not set up for use with LaTeX.

See the LaTeX manual or LaTeX Companion for explanation.
Type  H <return>  for immediate help.
 ...                                              
                                                  
l.4 ...—Ç–∞–∫–∏—Ö –∑–∞–¥–∞—á –æ–∫–∞–∑–∞–ª–æ—Å—å —Ä
                                                  –∞—Å–ø–æ–∑–Ω–∞–≤–∞–Ω–∏–µ –...

You may provide a definition with
\DeclareUnicodeCharacter 


! LaTeX Error: Unicode character –∞ (U+0430)
               not set up for use with LaTeX.

See the LaTeX manual or LaTeX Companion for explanation.
Type  H <return>  for immediate help.
 ...                                              
                                                  
l.4 ...–∞–∫–∏—Ö –∑–∞–¥–∞—á –æ–∫–∞–∑–∞–ª–æ—Å—å —Ä–∞
                                                  —Å–ø–æ–∑–Ω–∞–≤–∞–Ω–∏–µ –∫–...

You may provide a definition with
\DeclareUnicodeCharacter 


! LaTeX Error: Unicode character —Å (U+0441)
               not set up for use with LaTeX.

See the LaTeX manual or LaTeX Companion for explanation.
Type  H <return>  for immediate help.
 ...                                              
                                                  
l.4 ...–∫–∏—Ö –∑–∞–¥–∞—á –æ–∫–∞–∑–∞–ª–æ—Å—å —Ä–∞—Å
                                                  –ø–æ–∑–Ω–∞–≤–∞–Ω–∏–µ –∫–ª—...

You may provide a definition with
\DeclareUnicodeCharacter 


! LaTeX Error: Unicode character –ø (U+043F)
               not set up for use with LaTeX.

See the LaTeX manual or LaTeX Companion for explanation.
Type  H <return>  for immediate help.
 ...                                              
                                                  
l.4 ...–∏—Ö –∑–∞–¥–∞—á –æ–∫–∞–∑–∞–ª–æ—Å—å —Ä–∞—Å–ø
                                                  –æ–∑–Ω–∞–≤–∞–Ω–∏–µ –∫–ª—é—...

You may provide a definition with
\DeclareUnicodeCharacter 


! LaTeX Error: Unicode character –æ (U+043E)
               not set up for use with LaTeX.

See the LaTeX manual or LaTeX Companion for explanation.
Type  H <return>  for immediate help.
 ...                                              
                                                  
l.4 ...—Ö –∑–∞–¥–∞—á –æ–∫–∞–∑–∞–ª–æ—Å—å —Ä–∞—Å–ø–æ
                                                  –∑–Ω–∞–≤–∞–Ω–∏–µ –∫–ª—é—á–...

You may provide a definition with
\DeclareUnicodeCharacter 


! LaTeX Error: Unicode character –∑ (U+0437)
               not set up for use with LaTeX.

See the LaTeX manual or LaTeX Companion for explanation.
Type  H <return>  for immediate help.
 ...                                              
                                                  
l.4 ... –∑–∞–¥–∞—á –æ–∫–∞–∑–∞–ª–æ—Å—å —Ä–∞—Å–ø–æ–∑
                                                  –Ω–∞–≤–∞–Ω–∏–µ –∫–ª—é—á–µ–...

You may provide a definition with
\DeclareUnicodeCharacter 


! LaTeX Error: Unicode character –Ω (U+043D)
               not set up for use with LaTeX.

See the LaTeX manual or LaTeX Companion for explanation.
Type  H <return>  for immediate help.
 ...                                              
                                                  
l.4 ...∑–∞–¥–∞—á –æ–∫–∞–∑–∞–ª–æ—Å—å —Ä–∞—Å–ø–æ–∑–Ω
                                                  –∞–≤–∞–Ω–∏–µ –∫–ª—é—á–µ–≤—...

You may provide a definition with
\DeclareUnicodeCharacter 


! LaTeX Error: Unicode character –∞ (U+0430)
               not set up for use with LaTeX.

See the LaTeX manual or LaTeX Companion for explanation.
Type  H <return>  for immediate help.
 ...                                              
                                                  
l.4 ...∞–¥–∞—á –æ–∫–∞–∑–∞–ª–æ—Å—å —Ä–∞—Å–ø–æ–∑–Ω–∞
                                                  –≤–∞–Ω–∏–µ –∫–ª—é—á–µ–≤—ã—...

You may provide a definition with
\DeclareUnicodeCharacter 


! LaTeX Error: Unicode character –≤ (U+0432)
               not set up for use with LaTeX.

See the LaTeX manual or LaTeX Companion for explanation.
Type  H <return>  for immediate help.
 ...                                              
                                                  
l.4 ...¥–∞—á –æ–∫–∞–∑–∞–ª–æ—Å—å —Ä–∞—Å–ø–æ–∑–Ω–∞–≤
                                                  –∞–Ω–∏–µ –∫–ª—é—á–µ–≤—ã—Ö ...

You may provide a definition with
\DeclareUnicodeCharacter 


! LaTeX Error: Unicode character –∞ (U+0430)
               not set up for use with LaTeX.

See the LaTeX manual or LaTeX Companion for explanation.
Type  H <return>  for immediate help.
 ...                                              
                                                  
l.4 ...∞—á –æ–∫–∞–∑–∞–ª–æ—Å—å —Ä–∞—Å–ø–æ–∑–Ω–∞–≤–∞
                                                  –Ω–∏–µ –∫–ª—é—á–µ–≤—ã—Ö —Ç...

You may provide a definition with
\DeclareUnicodeCharacter 


! LaTeX Error: Unicode character –Ω (U+043D)
               not set up for use with LaTeX.

See the LaTeX manual or LaTeX Companion for explanation.
Type  H <return>  for immediate help.
 ...                                              
                                                  
l.4 ...á –æ–∫–∞–∑–∞–ª–æ—Å—å —Ä–∞—Å–ø–æ–∑–Ω–∞–≤–∞–Ω
                                                  –∏–µ –∫–ª—é—á–µ–≤—ã—Ö —Ç–æ...

You may provide a definition with
\DeclareUnicodeCharacter 


! LaTeX Error: Unicode character –∏ (U+0438)
               not set up for use with LaTeX.

See the LaTeX manual or LaTeX Companion for explanation.
Type  H <return>  for immediate help.
 ...                                              
                                                  
l.4 ...–æ–∫–∞–∑–∞–ª–æ—Å—å —Ä–∞—Å–ø–æ–∑–Ω–∞–≤–∞–Ω–∏
                                                  –µ –∫–ª—é—á–µ–≤—ã—Ö —Ç–æ—á...

You may provide a definition with
\DeclareUnicodeCharacter 


! LaTeX Error: Unicode character –µ (U+0435)
               not set up for use with LaTeX.

See the LaTeX manual or LaTeX Companion for explanation.
Type  H <return>  for immediate help.
 ...                                              
                                                  
l.4 ...–∫–∞–∑–∞–ª–æ—Å—å —Ä–∞—Å–ø–æ–∑–Ω–∞–≤–∞–Ω–∏–µ
                                                   –∫–ª—é—á–µ–≤—ã—Ö —Ç–æ—á–µ...

You may provide a definition with
\DeclareUnicodeCharacter 


! LaTeX Error: Unicode character –∫ (U+043A)
               not set up for use with LaTeX.

See the LaTeX manual or LaTeX Companion for explanation.
Type  H <return>  for immediate help.
 ...                                              
                                                  
l.4 ...∞–∑–∞–ª–æ—Å—å —Ä–∞—Å–ø–æ–∑–Ω–∞–≤–∞–Ω–∏–µ –∫
                                                  –ª—é—á–µ–≤—ã—Ö —Ç–æ—á–µ–∫ ...

You may provide a definition with
\DeclareUnicodeCharacter 


! LaTeX Error: Unicode character –ª (U+043B)
               not set up for use with LaTeX.

See the LaTeX manual or LaTeX Companion for explanation.
Type  H <return>  for immediate help.
 ...                                              
                                                  
l.4 ...∑–∞–ª–æ—Å—å —Ä–∞—Å–ø–æ–∑–Ω–∞–≤–∞–Ω–∏–µ –∫–ª
                                                  —é—á–µ–≤—ã—Ö —Ç–æ—á–µ–∫ (K...

You may provide a definition with
\DeclareUnicodeCharacter 


! LaTeX Error: Unicode character —é (U+044E)
               not set up for use with LaTeX.

See the LaTeX manual or LaTeX Companion for explanation.
Type  H <return>  for immediate help.
 ...                                              
                                                  
l.4 ...∞–ª–æ—Å—å —Ä–∞—Å–ø–æ–∑–Ω–∞–≤–∞–Ω–∏–µ –∫–ª—é
                                                  —á–µ–≤—ã—Ö —Ç–æ—á–µ–∫ (Key...

You may provide a definition with
\DeclareUnicodeCharacter 


! LaTeX Error: Unicode character —á (U+0447)
               not set up for use with LaTeX.

See the LaTeX manual or LaTeX Companion for explanation.
Type  H <return>  for immediate help.
 ...                                              
                                                  
l.4 ...ª–æ—Å—å —Ä–∞—Å–ø–æ–∑–Ω–∞–≤–∞–Ω–∏–µ –∫–ª—é—á
                                                  –µ–≤—ã—Ö —Ç–æ—á–µ–∫ (Keypo...

You may provide a definition with
\DeclareUnicodeCharacter 


! LaTeX Error: Unicode character –µ (U+0435)
               not set up for use with LaTeX.

See the LaTeX manual or LaTeX Companion for explanation.
Type  H <return>  for immediate help.
 ...                                              
                                                  
l.4 ...æ—Å—å —Ä–∞—Å–ø–æ–∑–Ω–∞–≤–∞–Ω–∏–µ –∫–ª—é—á–µ
                                                  –≤—ã—Ö —Ç–æ—á–µ–∫ (Keypoin...

You may provide a definition with
\DeclareUnicodeCharacter 


! LaTeX Error: Unicode character –≤ (U+0432)
               not set up for use with LaTeX.

See the LaTeX manual or LaTeX Companion for explanation.
Type  H <return>  for immediate help.
 ...                                              
                                                  
l.4 ...Å—å —Ä–∞—Å–ø–æ–∑–Ω–∞–≤–∞–Ω–∏–µ –∫–ª—é—á–µ–≤
                                                  —ã—Ö —Ç–æ—á–µ–∫ (Keypoint ...

You may provide a definition with
\DeclareUnicodeCharacter 


! LaTeX Error: Unicode character —ã (U+044B)
               not set up for use with LaTeX.

See the LaTeX manual or LaTeX Companion for explanation.
Type  H <return>  for immediate help.
 ...                                              
                                                  
l.4 ...å —Ä–∞—Å–ø–æ–∑–Ω–∞–≤–∞–Ω–∏–µ –∫–ª—é—á–µ–≤—ã
                                                  —Ö —Ç–æ—á–µ–∫ (Keypoint De...

You may provide a definition with
\DeclareUnicodeCharacter 


! LaTeX Error: Unicode character —Ö (U+0445)
               not set up for use with LaTeX.

See the LaTeX manual or LaTeX Companion for explanation.
Type  H <return>  for immediate help.
 ...                                              
                                                  
l.4 ...—Ä–∞—Å–ø–æ–∑–Ω–∞–≤–∞–Ω–∏–µ –∫–ª—é—á–µ–≤—ã—Ö
                                                   —Ç–æ—á–µ–∫ (Keypoint Dete...

You may provide a definition with
\DeclareUnicodeCharacter 


! LaTeX Error: Unicode character —Ç (U+0442)
               not set up for use with LaTeX.

See the LaTeX manual or LaTeX Companion for explanation.
Type  H <return>  for immediate help.
 ...                                              
                                                  
l.4 ...∞—Å–ø–æ–∑–Ω–∞–≤–∞–Ω–∏–µ –∫–ª—é—á–µ–≤—ã—Ö —Ç
                                                  –æ—á–µ–∫ (Keypoint Detecti...
(That makes 100 errors; please try again.) 
Here is how much of TeX's memory you used:
 45 strings out of 478287
 725 string characters out of 5849289
 289007 words of memory out of 5000000
 18341 multiletter control sequences out of 15000+600000
 469259 words of font info for 28 fonts, out of 8000000 for 9000
 1141 hyphenation exceptions out of 8191
 13i,0n,12p,966b,33s stack positions out of 5000i,500n,10000p,200000b,80000s

!  ==> Fatal error occurred, no output PDF file produced!
