This is pdfTeX, Version 3.141592653-2.6-1.40.22 (TeX Live 2022/dev/Debian) (preloaded format=pdflatex 2024.4.26)  6 MAY 2024 17:25
entering extended mode
 restricted \write18 enabled.
 %&-line parsing enabled.
**Chapter5.tex
(./Chapter5.tex
LaTeX2e <2021-11-15> patch level 1
L3 programming layer <2022-01-21>
! Undefined control sequence.
l.1 \section
            {–≠–∫—Å–ø–µ—Ä–∏–º–µ–Ω—Ç}
The control sequence at the end of the top line
of your error message was never \def'ed. If you have
misspelled it (e.g., `\hobx'), type `I' and the correct
spelling (e.g., `I\hbox'). Otherwise just continue,
and I'll forget about whatever was undefined.


! LaTeX Error: Unicode character –≠ (U+042D)
               not set up for use with LaTeX.

See the LaTeX manual or LaTeX Companion for explanation.
Type  H <return>  for immediate help.
 ...                                              
                                                  
l.1 \section{–≠
               –∫—Å–ø–µ—Ä–∏–º–µ–Ω—Ç}
You may provide a definition with
\DeclareUnicodeCharacter 


! LaTeX Error: Unicode character –∫ (U+043A)
               not set up for use with LaTeX.

See the LaTeX manual or LaTeX Companion for explanation.
Type  H <return>  for immediate help.
 ...                                              
                                                  
l.1 \section{–≠–∫
                 —Å–ø–µ—Ä–∏–º–µ–Ω—Ç}
You may provide a definition with
\DeclareUnicodeCharacter 


! LaTeX Error: Unicode character —Å (U+0441)
               not set up for use with LaTeX.

See the LaTeX manual or LaTeX Companion for explanation.
Type  H <return>  for immediate help.
 ...                                              
                                                  
l.1 \section{–≠–∫—Å
                   –ø–µ—Ä–∏–º–µ–Ω—Ç}
You may provide a definition with
\DeclareUnicodeCharacter 


! LaTeX Error: Unicode character –ø (U+043F)
               not set up for use with LaTeX.

See the LaTeX manual or LaTeX Companion for explanation.
Type  H <return>  for immediate help.
 ...                                              
                                                  
l.1 \section{–≠–∫—Å–ø
                     –µ—Ä–∏–º–µ–Ω—Ç}
You may provide a definition with
\DeclareUnicodeCharacter 


! LaTeX Error: Unicode character –µ (U+0435)
               not set up for use with LaTeX.

See the LaTeX manual or LaTeX Companion for explanation.
Type  H <return>  for immediate help.
 ...                                              
                                                  
l.1 \section{–≠–∫—Å–ø–µ
                       —Ä–∏–º–µ–Ω—Ç}
You may provide a definition with
\DeclareUnicodeCharacter 


! LaTeX Error: Unicode character —Ä (U+0440)
               not set up for use with LaTeX.

See the LaTeX manual or LaTeX Companion for explanation.
Type  H <return>  for immediate help.
 ...                                              
                                                  
l.1 \section{–≠–∫—Å–ø–µ—Ä
                         –∏–º–µ–Ω—Ç}
You may provide a definition with
\DeclareUnicodeCharacter 


! LaTeX Error: Unicode character –∏ (U+0438)
               not set up for use with LaTeX.

See the LaTeX manual or LaTeX Companion for explanation.
Type  H <return>  for immediate help.
 ...                                              
                                                  
l.1 \section{–≠–∫—Å–ø–µ—Ä–∏
                           –º–µ–Ω—Ç}
You may provide a definition with
\DeclareUnicodeCharacter 


! LaTeX Error: Unicode character –º (U+043C)
               not set up for use with LaTeX.

See the LaTeX manual or LaTeX Companion for explanation.
Type  H <return>  for immediate help.
 ...                                              
                                                  
l.1 \section{–≠–∫—Å–ø–µ—Ä–∏–º
                             –µ–Ω—Ç}
You may provide a definition with
\DeclareUnicodeCharacter 


! LaTeX Error: Unicode character –µ (U+0435)
               not set up for use with LaTeX.

See the LaTeX manual or LaTeX Companion for explanation.
Type  H <return>  for immediate help.
 ...                                              
                                                  
l.1 \section{–≠–∫—Å–ø–µ—Ä–∏–º–µ
                               –Ω—Ç}
You may provide a definition with
\DeclareUnicodeCharacter 


! LaTeX Error: Unicode character –Ω (U+043D)
               not set up for use with LaTeX.

See the LaTeX manual or LaTeX Companion for explanation.
Type  H <return>  for immediate help.
 ...                                              
                                                  
l.1 \section{–≠–∫—Å–ø–µ—Ä–∏–º–µ–Ω
                                 —Ç}
You may provide a definition with
\DeclareUnicodeCharacter 


! LaTeX Error: Unicode character —Ç (U+0442)
               not set up for use with LaTeX.

See the LaTeX manual or LaTeX Companion for explanation.
Type  H <return>  for immediate help.
 ...                                              
                                                  
l.1 \section{–≠–∫—Å–ø–µ—Ä–∏–º–µ–Ω—Ç
                                   }
You may provide a definition with
\DeclareUnicodeCharacter 


! LaTeX Error: Unicode character –í (U+0412)
               not set up for use with LaTeX.

See the LaTeX manual or LaTeX Companion for explanation.
Type  H <return>  for immediate help.
 ...                                              
                                                  
l.4 –í
       –¥–∞–Ω–Ω–æ–π –≥–ª–∞–≤–µ –±—É–¥–µ—Ç –æ–ø–∏—Å–∞–Ω —ç–∫—Å–ø–µ—Ä–∏–º–µ–Ω—...

You may provide a definition with
\DeclareUnicodeCharacter 


! LaTeX Error: Unicode character –¥ (U+0434)
               not set up for use with LaTeX.

See the LaTeX manual or LaTeX Companion for explanation.
Type  H <return>  for immediate help.
 ...                                              
                                                  
l.4 –í –¥
         –∞–Ω–Ω–æ–π –≥–ª–∞–≤–µ –±—É–¥–µ—Ç –æ–ø–∏—Å–∞–Ω —ç–∫—Å–ø–µ—Ä–∏–º–µ–Ω—...

You may provide a definition with
\DeclareUnicodeCharacter 


! LaTeX Error: Unicode character –∞ (U+0430)
               not set up for use with LaTeX.

See the LaTeX manual or LaTeX Companion for explanation.
Type  H <return>  for immediate help.
 ...                                              
                                                  
l.4 –í –¥–∞
           –Ω–Ω–æ–π –≥–ª–∞–≤–µ –±—É–¥–µ—Ç –æ–ø–∏—Å–∞–Ω —ç–∫—Å–ø–µ—Ä–∏–º–µ–Ω—...

You may provide a definition with
\DeclareUnicodeCharacter 


! LaTeX Error: Unicode character –Ω (U+043D)
               not set up for use with LaTeX.

See the LaTeX manual or LaTeX Companion for explanation.
Type  H <return>  for immediate help.
 ...                                              
                                                  
l.4 –í –¥–∞–Ω
             –Ω–æ–π –≥–ª–∞–≤–µ –±—É–¥–µ—Ç –æ–ø–∏—Å–∞–Ω —ç–∫—Å–ø–µ—Ä–∏–º–µ–Ω—...

You may provide a definition with
\DeclareUnicodeCharacter 


! LaTeX Error: Unicode character –Ω (U+043D)
               not set up for use with LaTeX.

See the LaTeX manual or LaTeX Companion for explanation.
Type  H <return>  for immediate help.
 ...                                              
                                                  
l.4 –í –¥–∞–Ω–Ω
               –æ–π –≥–ª–∞–≤–µ –±—É–¥–µ—Ç –æ–ø–∏—Å–∞–Ω —ç–∫—Å–ø–µ—Ä–∏–º–µ–Ω—...

You may provide a definition with
\DeclareUnicodeCharacter 


! LaTeX Error: Unicode character –æ (U+043E)
               not set up for use with LaTeX.

See the LaTeX manual or LaTeX Companion for explanation.
Type  H <return>  for immediate help.
 ...                                              
                                                  
l.4 –í –¥–∞–Ω–Ω–æ
                 –π –≥–ª–∞–≤–µ –±—É–¥–µ—Ç –æ–ø–∏—Å–∞–Ω —ç–∫—Å–ø–µ—Ä–∏–º–µ–Ω—...

You may provide a definition with
\DeclareUnicodeCharacter 


! LaTeX Error: Unicode character –π (U+0439)
               not set up for use with LaTeX.

See the LaTeX manual or LaTeX Companion for explanation.
Type  H <return>  for immediate help.
 ...                                              
                                                  
l.4 –í –¥–∞–Ω–Ω–æ–π
                    –≥–ª–∞–≤–µ –±—É–¥–µ—Ç –æ–ø–∏—Å–∞–Ω —ç–∫—Å–ø–µ—Ä–∏–º–µ–Ω—...

You may provide a definition with
\DeclareUnicodeCharacter 


! LaTeX Error: Unicode character –≥ (U+0433)
               not set up for use with LaTeX.

See the LaTeX manual or LaTeX Companion for explanation.
Type  H <return>  for immediate help.
 ...                                              
                                                  
l.4 –í –¥–∞–Ω–Ω–æ–π –≥
                      –ª–∞–≤–µ –±—É–¥–µ—Ç –æ–ø–∏—Å–∞–Ω —ç–∫—Å–ø–µ—Ä–∏–º–µ–Ω—...

You may provide a definition with
\DeclareUnicodeCharacter 


! LaTeX Error: Unicode character –ª (U+043B)
               not set up for use with LaTeX.

See the LaTeX manual or LaTeX Companion for explanation.
Type  H <return>  for immediate help.
 ...                                              
                                                  
l.4 –í –¥–∞–Ω–Ω–æ–π –≥–ª
                        –∞–≤–µ –±—É–¥–µ—Ç –æ–ø–∏—Å–∞–Ω —ç–∫—Å–ø–µ—Ä–∏–º–µ–Ω—...

You may provide a definition with
\DeclareUnicodeCharacter 


! LaTeX Error: Unicode character –∞ (U+0430)
               not set up for use with LaTeX.

See the LaTeX manual or LaTeX Companion for explanation.
Type  H <return>  for immediate help.
 ...                                              
                                                  
l.4 –í –¥–∞–Ω–Ω–æ–π –≥–ª–∞
                          –≤–µ –±—É–¥–µ—Ç –æ–ø–∏—Å–∞–Ω —ç–∫—Å–ø–µ—Ä–∏–º–µ–Ω—...

You may provide a definition with
\DeclareUnicodeCharacter 


! LaTeX Error: Unicode character –≤ (U+0432)
               not set up for use with LaTeX.

See the LaTeX manual or LaTeX Companion for explanation.
Type  H <return>  for immediate help.
 ...                                              
                                                  
l.4 –í –¥–∞–Ω–Ω–æ–π –≥–ª–∞–≤
                            –µ –±—É–¥–µ—Ç –æ–ø–∏—Å–∞–Ω —ç–∫—Å–ø–µ—Ä–∏–º–µ–Ω—...

You may provide a definition with
\DeclareUnicodeCharacter 


! LaTeX Error: Unicode character –µ (U+0435)
               not set up for use with LaTeX.

See the LaTeX manual or LaTeX Companion for explanation.
Type  H <return>  for immediate help.
 ...                                              
                                                  
l.4 –í –¥–∞–Ω–Ω–æ–π –≥–ª–∞–≤–µ
                               –±—É–¥–µ—Ç –æ–ø–∏—Å–∞–Ω —ç–∫—Å–ø–µ—Ä–∏–º–µ–Ω—...

You may provide a definition with
\DeclareUnicodeCharacter 


! LaTeX Error: Unicode character –± (U+0431)
               not set up for use with LaTeX.

See the LaTeX manual or LaTeX Companion for explanation.
Type  H <return>  for immediate help.
 ...                                              
                                                  
l.4 –í –¥–∞–Ω–Ω–æ–π –≥–ª–∞–≤–µ –±
                                 —É–¥–µ—Ç –æ–ø–∏—Å–∞–Ω —ç–∫—Å–ø–µ—Ä–∏–º–µ–Ω—...

You may provide a definition with
\DeclareUnicodeCharacter 


! LaTeX Error: Unicode character —É (U+0443)
               not set up for use with LaTeX.

See the LaTeX manual or LaTeX Companion for explanation.
Type  H <return>  for immediate help.
 ...                                              
                                                  
l.4 –í –¥–∞–Ω–Ω–æ–π –≥–ª–∞–≤–µ –±—É
                                   –¥–µ—Ç –æ–ø–∏—Å–∞–Ω —ç–∫—Å–ø–µ—Ä–∏–º–µ–Ω—...

You may provide a definition with
\DeclareUnicodeCharacter 


! LaTeX Error: Unicode character –¥ (U+0434)
               not set up for use with LaTeX.

See the LaTeX manual or LaTeX Companion for explanation.
Type  H <return>  for immediate help.
 ...                                              
                                                  
l.4 –í –¥–∞–Ω–Ω–æ–π –≥–ª–∞–≤–µ –±—É–¥
                                     –µ—Ç –æ–ø–∏—Å–∞–Ω —ç–∫—Å–ø–µ—Ä–∏–º–µ–Ω—...

You may provide a definition with
\DeclareUnicodeCharacter 


! LaTeX Error: Unicode character –µ (U+0435)
               not set up for use with LaTeX.

See the LaTeX manual or LaTeX Companion for explanation.
Type  H <return>  for immediate help.
 ...                                              
                                                  
l.4 –í –¥–∞–Ω–Ω–æ–π –≥–ª–∞–≤–µ –±—É–¥–µ
                                       —Ç –æ–ø–∏—Å–∞–Ω —ç–∫—Å–ø–µ—Ä–∏–º–µ–Ω—...

You may provide a definition with
\DeclareUnicodeCharacter 


! LaTeX Error: Unicode character —Ç (U+0442)
               not set up for use with LaTeX.

See the LaTeX manual or LaTeX Companion for explanation.
Type  H <return>  for immediate help.
 ...                                              
                                                  
l.4 –í –¥–∞–Ω–Ω–æ–π –≥–ª–∞–≤–µ –±—É–¥–µ—Ç
                                          –æ–ø–∏—Å–∞–Ω —ç–∫—Å–ø–µ—Ä–∏–º–µ–Ω—...

You may provide a definition with
\DeclareUnicodeCharacter 


! LaTeX Error: Unicode character –æ (U+043E)
               not set up for use with LaTeX.

See the LaTeX manual or LaTeX Companion for explanation.
Type  H <return>  for immediate help.
 ...                                              
                                                  
l.4 –í –¥–∞–Ω–Ω–æ–π –≥–ª–∞–≤–µ –±—É–¥–µ—Ç –æ
                                            –ø–∏—Å–∞–Ω —ç–∫—Å–ø–µ—Ä–∏–º–µ–Ω—...

You may provide a definition with
\DeclareUnicodeCharacter 


! LaTeX Error: Unicode character –ø (U+043F)
               not set up for use with LaTeX.

See the LaTeX manual or LaTeX Companion for explanation.
Type  H <return>  for immediate help.
 ...                                              
                                                  
l.4 –í –¥–∞–Ω–Ω–æ–π –≥–ª–∞–≤–µ –±—É–¥–µ—Ç –æ–ø
                                              –∏—Å–∞–Ω —ç–∫—Å–ø–µ—Ä–∏–º–µ–Ω—...

You may provide a definition with
\DeclareUnicodeCharacter 


! LaTeX Error: Unicode character –∏ (U+0438)
               not set up for use with LaTeX.

See the LaTeX manual or LaTeX Companion for explanation.
Type  H <return>  for immediate help.
 ...                                              
                                                  
l.4 –í –¥–∞–Ω–Ω–æ–π –≥–ª–∞–≤–µ –±—É–¥–µ—Ç –æ–ø–∏
                                                —Å–∞–Ω —ç–∫—Å–ø–µ—Ä–∏–º–µ–Ω—...

You may provide a definition with
\DeclareUnicodeCharacter 


! LaTeX Error: Unicode character —Å (U+0441)
               not set up for use with LaTeX.

See the LaTeX manual or LaTeX Companion for explanation.
Type  H <return>  for immediate help.
 ...                                              
                                                  
l.4 –í –¥–∞–Ω–Ω–æ–π –≥–ª–∞–≤–µ –±—É–¥–µ—Ç –æ–ø–∏—Å
                                                  –∞–Ω —ç–∫—Å–ø–µ—Ä–∏–º–µ–Ω—...

You may provide a definition with
\DeclareUnicodeCharacter 


! LaTeX Error: Unicode character –∞ (U+0430)
               not set up for use with LaTeX.

See the LaTeX manual or LaTeX Companion for explanation.
Type  H <return>  for immediate help.
 ...                                              
                                                  
l.4 ...–∞–Ω–Ω–æ–π –≥–ª–∞–≤–µ –±—É–¥–µ—Ç –æ–ø–∏—Å–∞
                                                  –Ω —ç–∫—Å–ø–µ—Ä–∏–º–µ–Ω—Ç,...

You may provide a definition with
\DeclareUnicodeCharacter 


! LaTeX Error: Unicode character –Ω (U+043D)
               not set up for use with LaTeX.

See the LaTeX manual or LaTeX Companion for explanation.
Type  H <return>  for immediate help.
 ...                                              
                                                  
l.4 ...–Ω–Ω–æ–π –≥–ª–∞–≤–µ –±—É–¥–µ—Ç –æ–ø–∏—Å–∞–Ω
                                                   —ç–∫—Å–ø–µ—Ä–∏–º–µ–Ω—Ç, –...

You may provide a definition with
\DeclareUnicodeCharacter 


! LaTeX Error: Unicode character —ç (U+044D)
               not set up for use with LaTeX.

See the LaTeX manual or LaTeX Companion for explanation.
Type  H <return>  for immediate help.
 ...                                              
                                                  
l.4 ...Ω–æ–π –≥–ª–∞–≤–µ –±—É–¥–µ—Ç –æ–ø–∏—Å–∞–Ω —ç
                                                  –∫—Å–ø–µ—Ä–∏–º–µ–Ω—Ç, –∫–∞...

You may provide a definition with
\DeclareUnicodeCharacter 


! LaTeX Error: Unicode character –∫ (U+043A)
               not set up for use with LaTeX.

See the LaTeX manual or LaTeX Companion for explanation.
Type  H <return>  for immediate help.
 ...                                              
                                                  
l.4 ...æ–π –≥–ª–∞–≤–µ –±—É–¥–µ—Ç –æ–ø–∏—Å–∞–Ω —ç–∫
                                                  —Å–ø–µ—Ä–∏–º–µ–Ω—Ç, –∫–∞–∫...

You may provide a definition with
\DeclareUnicodeCharacter 


! LaTeX Error: Unicode character —Å (U+0441)
               not set up for use with LaTeX.

See the LaTeX manual or LaTeX Companion for explanation.
Type  H <return>  for immediate help.
 ...                                              
                                                  
l.4 ...π –≥–ª–∞–≤–µ –±—É–¥–µ—Ç –æ–ø–∏—Å–∞–Ω —ç–∫—Å
                                                  –ø–µ—Ä–∏–º–µ–Ω—Ç, –∫–∞–∫ —...

You may provide a definition with
\DeclareUnicodeCharacter 


! LaTeX Error: Unicode character –ø (U+043F)
               not set up for use with LaTeX.

See the LaTeX manual or LaTeX Companion for explanation.
Type  H <return>  for immediate help.
 ...                                              
                                                  
l.4 ...–≥–ª–∞–≤–µ –±—É–¥–µ—Ç –æ–ø–∏—Å–∞–Ω —ç–∫—Å–ø
                                                  –µ—Ä–∏–º–µ–Ω—Ç, –∫–∞–∫ —Ç–...

You may provide a definition with
\DeclareUnicodeCharacter 


! LaTeX Error: Unicode character –µ (U+0435)
               not set up for use with LaTeX.

See the LaTeX manual or LaTeX Companion for explanation.
Type  H <return>  for immediate help.
 ...                                              
                                                  
l.4 ...–ª–∞–≤–µ –±—É–¥–µ—Ç –æ–ø–∏—Å–∞–Ω —ç–∫—Å–ø–µ
                                                  —Ä–∏–º–µ–Ω—Ç, –∫–∞–∫ —Ç–∞–...

You may provide a definition with
\DeclareUnicodeCharacter 


! LaTeX Error: Unicode character —Ä (U+0440)
               not set up for use with LaTeX.

See the LaTeX manual or LaTeX Companion for explanation.
Type  H <return>  for immediate help.
 ...                                              
                                                  
l.4 ...–∞–≤–µ –±—É–¥–µ—Ç –æ–ø–∏—Å–∞–Ω —ç–∫—Å–ø–µ—Ä
                                                  –∏–º–µ–Ω—Ç, –∫–∞–∫ —Ç–∞–∫–...

You may provide a definition with
\DeclareUnicodeCharacter 


! LaTeX Error: Unicode character –∏ (U+0438)
               not set up for use with LaTeX.

See the LaTeX manual or LaTeX Companion for explanation.
Type  H <return>  for immediate help.
 ...                                              
                                                  
l.4 ...–≤–µ –±—É–¥–µ—Ç –æ–ø–∏—Å–∞–Ω —ç–∫—Å–ø–µ—Ä–∏
                                                  –º–µ–Ω—Ç, –∫–∞–∫ —Ç–∞–∫–æ–...

You may provide a definition with
\DeclareUnicodeCharacter 


! LaTeX Error: Unicode character –º (U+043C)
               not set up for use with LaTeX.

See the LaTeX manual or LaTeX Companion for explanation.
Type  H <return>  for immediate help.
 ...                                              
                                                  
l.4 ...–µ –±—É–¥–µ—Ç –æ–ø–∏—Å–∞–Ω —ç–∫—Å–ø–µ—Ä–∏–º
                                                  –µ–Ω—Ç, –∫–∞–∫ —Ç–∞–∫–æ–≤–...

You may provide a definition with
\DeclareUnicodeCharacter 


! LaTeX Error: Unicode character –µ (U+0435)
               not set up for use with LaTeX.

See the LaTeX manual or LaTeX Companion for explanation.
Type  H <return>  for immediate help.
 ...                                              
                                                  
l.4 ... –±—É–¥–µ—Ç –æ–ø–∏—Å–∞–Ω —ç–∫—Å–ø–µ—Ä–∏–º–µ
                                                  –Ω—Ç, –∫–∞–∫ —Ç–∞–∫–æ–≤–æ–π.
You may provide a definition with
\DeclareUnicodeCharacter 


! LaTeX Error: Unicode character –Ω (U+043D)
               not set up for use with LaTeX.

See the LaTeX manual or LaTeX Companion for explanation.
Type  H <return>  for immediate help.
 ...                                              
                                                  
l.4 ...±—É–¥–µ—Ç –æ–ø–∏—Å–∞–Ω —ç–∫—Å–ø–µ—Ä–∏–º–µ–Ω
                                                  —Ç, –∫–∞–∫ —Ç–∞–∫–æ–≤–æ–π.
You may provide a definition with
\DeclareUnicodeCharacter 


! LaTeX Error: Unicode character —Ç (U+0442)
               not set up for use with LaTeX.

See the LaTeX manual or LaTeX Companion for explanation.
Type  H <return>  for immediate help.
 ...                                              
                                                  
l.4 ...É–¥–µ—Ç –æ–ø–∏—Å–∞–Ω —ç–∫—Å–ø–µ—Ä–∏–º–µ–Ω—Ç
                                                  , –∫–∞–∫ —Ç–∞–∫–æ–≤–æ–π.
You may provide a definition with
\DeclareUnicodeCharacter 


! LaTeX Error: Missing \begin{document}.

See the LaTeX manual or LaTeX Companion for explanation.
Type  H <return>  for immediate help.
 ...                                              
                                                  
l.4 ...–¥–µ—Ç –æ–ø–∏—Å–∞–Ω —ç–∫—Å–ø–µ—Ä–∏–º–µ–Ω—Ç,
                                                   –∫–∞–∫ —Ç–∞–∫–æ–≤–æ–π.
You're in trouble here.  Try typing  <return>  to proceed.
If that doesn't work, type  X <return>  to quit.

Missing character: There is no , in font nullfont!

! LaTeX Error: Unicode character –∫ (U+043A)
               not set up for use with LaTeX.

See the LaTeX manual or LaTeX Companion for explanation.
Type  H <return>  for immediate help.
 ...                                              
                                                  
l.4 ...µ—Ç –æ–ø–∏—Å–∞–Ω —ç–∫—Å–ø–µ—Ä–∏–º–µ–Ω—Ç, –∫
                                                  –∞–∫ —Ç–∞–∫–æ–≤–æ–π.
You may provide a definition with
\DeclareUnicodeCharacter 


! LaTeX Error: Unicode character –∞ (U+0430)
               not set up for use with LaTeX.

See the LaTeX manual or LaTeX Companion for explanation.
Type  H <return>  for immediate help.
 ...                                              
                                                  
l.4 ...Ç –æ–ø–∏—Å–∞–Ω —ç–∫—Å–ø–µ—Ä–∏–º–µ–Ω—Ç, –∫–∞
                                                  –∫ —Ç–∞–∫–æ–≤–æ–π.
You may provide a definition with
\DeclareUnicodeCharacter 


! LaTeX Error: Unicode character –∫ (U+043A)
               not set up for use with LaTeX.

See the LaTeX manual or LaTeX Companion for explanation.
Type  H <return>  for immediate help.
 ...                                              
                                                  
l.4 ...–æ–ø–∏—Å–∞–Ω —ç–∫—Å–ø–µ—Ä–∏–º–µ–Ω—Ç, –∫–∞–∫
                                                   —Ç–∞–∫–æ–≤–æ–π.
You may provide a definition with
\DeclareUnicodeCharacter 


! LaTeX Error: Unicode character —Ç (U+0442)
               not set up for use with LaTeX.

See the LaTeX manual or LaTeX Companion for explanation.
Type  H <return>  for immediate help.
 ...                                              
                                                  
l.4 ...ø–∏—Å–∞–Ω —ç–∫—Å–ø–µ—Ä–∏–º–µ–Ω—Ç, –∫–∞–∫ —Ç
                                                  –∞–∫–æ–≤–æ–π.
You may provide a definition with
\DeclareUnicodeCharacter 


! LaTeX Error: Unicode character –∞ (U+0430)
               not set up for use with LaTeX.

See the LaTeX manual or LaTeX Companion for explanation.
Type  H <return>  for immediate help.
 ...                                              
                                                  
l.4 ...∏—Å–∞–Ω —ç–∫—Å–ø–µ—Ä–∏–º–µ–Ω—Ç, –∫–∞–∫ —Ç–∞
                                                  –∫–æ–≤–æ–π.
You may provide a definition with
\DeclareUnicodeCharacter 


! LaTeX Error: Unicode character –∫ (U+043A)
               not set up for use with LaTeX.

See the LaTeX manual or LaTeX Companion for explanation.
Type  H <return>  for immediate help.
 ...                                              
                                                  
l.4 ...Å–∞–Ω —ç–∫—Å–ø–µ—Ä–∏–º–µ–Ω—Ç, –∫–∞–∫ —Ç–∞–∫
                                                  –æ–≤–æ–π.
You may provide a definition with
\DeclareUnicodeCharacter 


! LaTeX Error: Unicode character –æ (U+043E)
               not set up for use with LaTeX.

See the LaTeX manual or LaTeX Companion for explanation.
Type  H <return>  for immediate help.
 ...                                              
                                                  
l.4 ...∞–Ω —ç–∫—Å–ø–µ—Ä–∏–º–µ–Ω—Ç, –∫–∞–∫ —Ç–∞–∫–æ
                                                  –≤–æ–π.
You may provide a definition with
\DeclareUnicodeCharacter 


! LaTeX Error: Unicode character –≤ (U+0432)
               not set up for use with LaTeX.

See the LaTeX manual or LaTeX Companion for explanation.
Type  H <return>  for immediate help.
 ...                                              
                                                  
l.4 ...Ω —ç–∫—Å–ø–µ—Ä–∏–º–µ–Ω—Ç, –∫–∞–∫ —Ç–∞–∫–æ–≤
                                                  –æ–π.
You may provide a definition with
\DeclareUnicodeCharacter 


! LaTeX Error: Unicode character –æ (U+043E)
               not set up for use with LaTeX.

See the LaTeX manual or LaTeX Companion for explanation.
Type  H <return>  for immediate help.
 ...                                              
                                                  
l.4 ...—ç–∫—Å–ø–µ—Ä–∏–º–µ–Ω—Ç, –∫–∞–∫ —Ç–∞–∫–æ–≤–æ
                                                  –π.
You may provide a definition with
\DeclareUnicodeCharacter 


! LaTeX Error: Unicode character –π (U+0439)
               not set up for use with LaTeX.

See the LaTeX manual or LaTeX Companion for explanation.
Type  H <return>  for immediate help.
 ...                                              
                                                  
l.4 ...–∫—Å–ø–µ—Ä–∏–º–µ–Ω—Ç, –∫–∞–∫ —Ç–∞–∫–æ–≤–æ–π
                                                  .
You may provide a definition with
\DeclareUnicodeCharacter 

Missing character: There is no . in font nullfont!

Overfull \hbox (20.0pt too wide) in paragraph at lines 4--5
[]
 []

! Undefined control sequence.
l.6 \subsection
               {–û–ø–∏—Å–∞–Ω–∏–µ –¥–µ—Ç–∞–ª–µ–π —ç–∫—Å–ø–µ—Ä–∏–º–µ–Ω—Ç–∞}
The control sequence at the end of the top line
of your error message was never \def'ed. If you have
misspelled it (e.g., `\hobx'), type `I' and the correct
spelling (e.g., `I\hbox'). Otherwise just continue,
and I'll forget about whatever was undefined.


! LaTeX Error: Unicode character –û (U+041E)
               not set up for use with LaTeX.

See the LaTeX manual or LaTeX Companion for explanation.
Type  H <return>  for immediate help.
 ...                                              
                                                  
l.6 \subsection{–û
                  –ø–∏—Å–∞–Ω–∏–µ –¥–µ—Ç–∞–ª–µ–π —ç–∫—Å–ø–µ—Ä–∏–º–µ–Ω—Ç–∞}
You may provide a definition with
\DeclareUnicodeCharacter 


! LaTeX Error: Unicode character –ø (U+043F)
               not set up for use with LaTeX.

See the LaTeX manual or LaTeX Companion for explanation.
Type  H <return>  for immediate help.
 ...                                              
                                                  
l.6 \subsection{–û–ø
                    –∏—Å–∞–Ω–∏–µ –¥–µ—Ç–∞–ª–µ–π —ç–∫—Å–ø–µ—Ä–∏–º–µ–Ω—Ç–∞}
You may provide a definition with
\DeclareUnicodeCharacter 


! LaTeX Error: Unicode character –∏ (U+0438)
               not set up for use with LaTeX.

See the LaTeX manual or LaTeX Companion for explanation.
Type  H <return>  for immediate help.
 ...                                              
                                                  
l.6 \subsection{–û–ø–∏
                      —Å–∞–Ω–∏–µ –¥–µ—Ç–∞–ª–µ–π —ç–∫—Å–ø–µ—Ä–∏–º–µ–Ω—Ç–∞}
You may provide a definition with
\DeclareUnicodeCharacter 


! LaTeX Error: Unicode character —Å (U+0441)
               not set up for use with LaTeX.

See the LaTeX manual or LaTeX Companion for explanation.
Type  H <return>  for immediate help.
 ...                                              
                                                  
l.6 \subsection{–û–ø–∏—Å
                        –∞–Ω–∏–µ –¥–µ—Ç–∞–ª–µ–π —ç–∫—Å–ø–µ—Ä–∏–º–µ–Ω—Ç–∞}
You may provide a definition with
\DeclareUnicodeCharacter 


! LaTeX Error: Unicode character –∞ (U+0430)
               not set up for use with LaTeX.

See the LaTeX manual or LaTeX Companion for explanation.
Type  H <return>  for immediate help.
 ...                                              
                                                  
l.6 \subsection{–û–ø–∏—Å–∞
                          –Ω–∏–µ –¥–µ—Ç–∞–ª–µ–π —ç–∫—Å–ø–µ—Ä–∏–º–µ–Ω—Ç–∞}
You may provide a definition with
\DeclareUnicodeCharacter 


! LaTeX Error: Unicode character –Ω (U+043D)
               not set up for use with LaTeX.

See the LaTeX manual or LaTeX Companion for explanation.
Type  H <return>  for immediate help.
 ...                                              
                                                  
l.6 \subsection{–û–ø–∏—Å–∞–Ω
                            –∏–µ –¥–µ—Ç–∞–ª–µ–π —ç–∫—Å–ø–µ—Ä–∏–º–µ–Ω—Ç–∞}
You may provide a definition with
\DeclareUnicodeCharacter 


! LaTeX Error: Unicode character –∏ (U+0438)
               not set up for use with LaTeX.

See the LaTeX manual or LaTeX Companion for explanation.
Type  H <return>  for immediate help.
 ...                                              
                                                  
l.6 \subsection{–û–ø–∏—Å–∞–Ω–∏
                              –µ –¥–µ—Ç–∞–ª–µ–π —ç–∫—Å–ø–µ—Ä–∏–º–µ–Ω—Ç–∞}
You may provide a definition with
\DeclareUnicodeCharacter 


! LaTeX Error: Unicode character –µ (U+0435)
               not set up for use with LaTeX.

See the LaTeX manual or LaTeX Companion for explanation.
Type  H <return>  for immediate help.
 ...                                              
                                                  
l.6 \subsection{–û–ø–∏—Å–∞–Ω–∏–µ
                                 –¥–µ—Ç–∞–ª–µ–π —ç–∫—Å–ø–µ—Ä–∏–º–µ–Ω—Ç–∞}
You may provide a definition with
\DeclareUnicodeCharacter 


! LaTeX Error: Unicode character –¥ (U+0434)
               not set up for use with LaTeX.

See the LaTeX manual or LaTeX Companion for explanation.
Type  H <return>  for immediate help.
 ...                                              
                                                  
l.6 \subsection{–û–ø–∏—Å–∞–Ω–∏–µ –¥
                                   –µ—Ç–∞–ª–µ–π —ç–∫—Å–ø–µ—Ä–∏–º–µ–Ω—Ç–∞}
You may provide a definition with
\DeclareUnicodeCharacter 


! LaTeX Error: Unicode character –µ (U+0435)
               not set up for use with LaTeX.

See the LaTeX manual or LaTeX Companion for explanation.
Type  H <return>  for immediate help.
 ...                                              
                                                  
l.6 \subsection{–û–ø–∏—Å–∞–Ω–∏–µ –¥–µ
                                     —Ç–∞–ª–µ–π —ç–∫—Å–ø–µ—Ä–∏–º–µ–Ω—Ç–∞}
You may provide a definition with
\DeclareUnicodeCharacter 


! LaTeX Error: Unicode character —Ç (U+0442)
               not set up for use with LaTeX.

See the LaTeX manual or LaTeX Companion for explanation.
Type  H <return>  for immediate help.
 ...                                              
                                                  
l.6 \subsection{–û–ø–∏—Å–∞–Ω–∏–µ –¥–µ—Ç
                                       –∞–ª–µ–π —ç–∫—Å–ø–µ—Ä–∏–º–µ–Ω—Ç–∞}
You may provide a definition with
\DeclareUnicodeCharacter 


! LaTeX Error: Unicode character –∞ (U+0430)
               not set up for use with LaTeX.

See the LaTeX manual or LaTeX Companion for explanation.
Type  H <return>  for immediate help.
 ...                                              
                                                  
l.6 \subsection{–û–ø–∏—Å–∞–Ω–∏–µ –¥–µ—Ç–∞
                                         –ª–µ–π —ç–∫—Å–ø–µ—Ä–∏–º–µ–Ω—Ç–∞}
You may provide a definition with
\DeclareUnicodeCharacter 


! LaTeX Error: Unicode character –ª (U+043B)
               not set up for use with LaTeX.

See the LaTeX manual or LaTeX Companion for explanation.
Type  H <return>  for immediate help.
 ...                                              
                                                  
l.6 \subsection{–û–ø–∏—Å–∞–Ω–∏–µ –¥–µ—Ç–∞–ª
                                           –µ–π —ç–∫—Å–ø–µ—Ä–∏–º–µ–Ω—Ç–∞}
You may provide a definition with
\DeclareUnicodeCharacter 


! LaTeX Error: Unicode character –µ (U+0435)
               not set up for use with LaTeX.

See the LaTeX manual or LaTeX Companion for explanation.
Type  H <return>  for immediate help.
 ...                                              
                                                  
l.6 \subsection{–û–ø–∏—Å–∞–Ω–∏–µ –¥–µ—Ç–∞–ª–µ
                                             –π —ç–∫—Å–ø–µ—Ä–∏–º–µ–Ω—Ç–∞}
You may provide a definition with
\DeclareUnicodeCharacter 


! LaTeX Error: Unicode character –π (U+0439)
               not set up for use with LaTeX.

See the LaTeX manual or LaTeX Companion for explanation.
Type  H <return>  for immediate help.
 ...                                              
                                                  
l.6 \subsection{–û–ø–∏—Å–∞–Ω–∏–µ –¥–µ—Ç–∞–ª–µ–π
                                                —ç–∫—Å–ø–µ—Ä–∏–º–µ–Ω—Ç–∞}
You may provide a definition with
\DeclareUnicodeCharacter 


! LaTeX Error: Unicode character —ç (U+044D)
               not set up for use with LaTeX.

See the LaTeX manual or LaTeX Companion for explanation.
Type  H <return>  for immediate help.
 ...                                              
                                                  
l.6 \subsection{–û–ø–∏—Å–∞–Ω–∏–µ –¥–µ—Ç–∞–ª–µ–π —ç
                                                  –∫—Å–ø–µ—Ä–∏–º–µ–Ω—Ç–∞}
You may provide a definition with
\DeclareUnicodeCharacter 


! LaTeX Error: Unicode character –∫ (U+043A)
               not set up for use with LaTeX.

See the LaTeX manual or LaTeX Companion for explanation.
Type  H <return>  for immediate help.
 ...                                              
                                                  
l.6 ...ection{–û–ø–∏—Å–∞–Ω–∏–µ –¥–µ—Ç–∞–ª–µ–π —ç–∫
                                                  —Å–ø–µ—Ä–∏–º–µ–Ω—Ç–∞}
You may provide a definition with
\DeclareUnicodeCharacter 


! LaTeX Error: Unicode character —Å (U+0441)
               not set up for use with LaTeX.

See the LaTeX manual or LaTeX Companion for explanation.
Type  H <return>  for immediate help.
 ...                                              
                                                  
l.6 ...tion{–û–ø–∏—Å–∞–Ω–∏–µ –¥–µ—Ç–∞–ª–µ–π —ç–∫—Å
                                                  –ø–µ—Ä–∏–º–µ–Ω—Ç–∞}
You may provide a definition with
\DeclareUnicodeCharacter 


! LaTeX Error: Unicode character –ø (U+043F)
               not set up for use with LaTeX.

See the LaTeX manual or LaTeX Companion for explanation.
Type  H <return>  for immediate help.
 ...                                              
                                                  
l.6 ...on{–û–ø–∏—Å–∞–Ω–∏–µ –¥–µ—Ç–∞–ª–µ–π —ç–∫—Å–ø
                                                  –µ—Ä–∏–º–µ–Ω—Ç–∞}
You may provide a definition with
\DeclareUnicodeCharacter 


! LaTeX Error: Unicode character –µ (U+0435)
               not set up for use with LaTeX.

See the LaTeX manual or LaTeX Companion for explanation.
Type  H <return>  for immediate help.
 ...                                              
                                                  
l.6 ...{–û–ø–∏—Å–∞–Ω–∏–µ –¥–µ—Ç–∞–ª–µ–π —ç–∫—Å–ø–µ
                                                  —Ä–∏–º–µ–Ω—Ç–∞}
You may provide a definition with
\DeclareUnicodeCharacter 


! LaTeX Error: Unicode character —Ä (U+0440)
               not set up for use with LaTeX.

See the LaTeX manual or LaTeX Companion for explanation.
Type  H <return>  for immediate help.
 ...                                              
                                                  
l.6 ...û–ø–∏—Å–∞–Ω–∏–µ –¥–µ—Ç–∞–ª–µ–π —ç–∫—Å–ø–µ—Ä
                                                  –∏–º–µ–Ω—Ç–∞}
You may provide a definition with
\DeclareUnicodeCharacter 


! LaTeX Error: Unicode character –∏ (U+0438)
               not set up for use with LaTeX.

See the LaTeX manual or LaTeX Companion for explanation.
Type  H <return>  for immediate help.
 ...                                              
                                                  
l.6 ...ø–∏—Å–∞–Ω–∏–µ –¥–µ—Ç–∞–ª–µ–π —ç–∫—Å–ø–µ—Ä–∏
                                                  –º–µ–Ω—Ç–∞}
You may provide a definition with
\DeclareUnicodeCharacter 


! LaTeX Error: Unicode character –º (U+043C)
               not set up for use with LaTeX.

See the LaTeX manual or LaTeX Companion for explanation.
Type  H <return>  for immediate help.
 ...                                              
                                                  
l.6 ...∏—Å–∞–Ω–∏–µ –¥–µ—Ç–∞–ª–µ–π —ç–∫—Å–ø–µ—Ä–∏–º
                                                  –µ–Ω—Ç–∞}
You may provide a definition with
\DeclareUnicodeCharacter 


! LaTeX Error: Unicode character –µ (U+0435)
               not set up for use with LaTeX.

See the LaTeX manual or LaTeX Companion for explanation.
Type  H <return>  for immediate help.
 ...                                              
                                                  
l.6 ...Å–∞–Ω–∏–µ –¥–µ—Ç–∞–ª–µ–π —ç–∫—Å–ø–µ—Ä–∏–º–µ
                                                  –Ω—Ç–∞}
You may provide a definition with
\DeclareUnicodeCharacter 


! LaTeX Error: Unicode character –Ω (U+043D)
               not set up for use with LaTeX.

See the LaTeX manual or LaTeX Companion for explanation.
Type  H <return>  for immediate help.
 ...                                              
                                                  
l.6 ...∞–Ω–∏–µ –¥–µ—Ç–∞–ª–µ–π —ç–∫—Å–ø–µ—Ä–∏–º–µ–Ω
                                                  —Ç–∞}
You may provide a definition with
\DeclareUnicodeCharacter 


! LaTeX Error: Unicode character —Ç (U+0442)
               not set up for use with LaTeX.

See the LaTeX manual or LaTeX Companion for explanation.
Type  H <return>  for immediate help.
 ...                                              
                                                  
l.6 ...Ω–∏–µ –¥–µ—Ç–∞–ª–µ–π —ç–∫—Å–ø–µ—Ä–∏–º–µ–Ω—Ç
                                                  –∞}
You may provide a definition with
\DeclareUnicodeCharacter 


! LaTeX Error: Unicode character –∞ (U+0430)
               not set up for use with LaTeX.

See the LaTeX manual or LaTeX Companion for explanation.
Type  H <return>  for immediate help.
 ...                                              
                                                  
l.6 ...∏–µ –¥–µ—Ç–∞–ª–µ–π —ç–∫—Å–ø–µ—Ä–∏–º–µ–Ω—Ç–∞
                                                  }
You may provide a definition with
\DeclareUnicodeCharacter 


! LaTeX Error: Unicode character –ü (U+041F)
               not set up for use with LaTeX.

See the LaTeX manual or LaTeX Companion for explanation.
Type  H <return>  for immediate help.
 ...                                              
                                                  
l.8 –ü
      –æ—Å—Ç–∞–Ω–æ–≤–∫–∞ —ç–∫—Å–ø–µ—Ä–∏–º–µ–Ω—Ç–∞. –ß—Ç–æ –ø–ª–∞–Ω–∏—Ä—É–µ—Ç...

You may provide a definition with
\DeclareUnicodeCharacter 


! LaTeX Error: Unicode character –æ (U+043E)
               not set up for use with LaTeX.

See the LaTeX manual or LaTeX Companion for explanation.
Type  H <return>  for immediate help.
 ...                                              
                                                  
l.8 –ü–æ
        —Å—Ç–∞–Ω–æ–≤–∫–∞ —ç–∫—Å–ø–µ—Ä–∏–º–µ–Ω—Ç–∞. –ß—Ç–æ –ø–ª–∞–Ω–∏—Ä—É–µ—Ç...

You may provide a definition with
\DeclareUnicodeCharacter 


! LaTeX Error: Unicode character —Å (U+0441)
               not set up for use with LaTeX.

See the LaTeX manual or LaTeX Companion for explanation.
Type  H <return>  for immediate help.
 ...                                              
                                                  
l.8 –ü–æ—Å
          —Ç–∞–Ω–æ–≤–∫–∞ —ç–∫—Å–ø–µ—Ä–∏–º–µ–Ω—Ç–∞. –ß—Ç–æ –ø–ª–∞–Ω–∏—Ä—É–µ—Ç...

You may provide a definition with
\DeclareUnicodeCharacter 


! LaTeX Error: Unicode character —Ç (U+0442)
               not set up for use with LaTeX.

See the LaTeX manual or LaTeX Companion for explanation.
Type  H <return>  for immediate help.
 ...                                              
                                                  
l.8 –ü–æ—Å—Ç
            –∞–Ω–æ–≤–∫–∞ —ç–∫—Å–ø–µ—Ä–∏–º–µ–Ω—Ç–∞. –ß—Ç–æ –ø–ª–∞–Ω–∏—Ä—É–µ—Ç...

You may provide a definition with
\DeclareUnicodeCharacter 


! LaTeX Error: Unicode character –∞ (U+0430)
               not set up for use with LaTeX.

See the LaTeX manual or LaTeX Companion for explanation.
Type  H <return>  for immediate help.
 ...                                              
                                                  
l.8 –ü–æ—Å—Ç–∞
              –Ω–æ–≤–∫–∞ —ç–∫—Å–ø–µ—Ä–∏–º–µ–Ω—Ç–∞. –ß—Ç–æ –ø–ª–∞–Ω–∏—Ä—É–µ—Ç...

You may provide a definition with
\DeclareUnicodeCharacter 


! LaTeX Error: Unicode character –Ω (U+043D)
               not set up for use with LaTeX.

See the LaTeX manual or LaTeX Companion for explanation.
Type  H <return>  for immediate help.
 ...                                              
                                                  
l.8 –ü–æ—Å—Ç–∞–Ω
                –æ–≤–∫–∞ —ç–∫—Å–ø–µ—Ä–∏–º–µ–Ω—Ç–∞. –ß—Ç–æ –ø–ª–∞–Ω–∏—Ä—É–µ—Ç...

You may provide a definition with
\DeclareUnicodeCharacter 


! LaTeX Error: Unicode character –æ (U+043E)
               not set up for use with LaTeX.

See the LaTeX manual or LaTeX Companion for explanation.
Type  H <return>  for immediate help.
 ...                                              
                                                  
l.8 –ü–æ—Å—Ç–∞–Ω–æ
                  –≤–∫–∞ —ç–∫—Å–ø–µ—Ä–∏–º–µ–Ω—Ç–∞. –ß—Ç–æ –ø–ª–∞–Ω–∏—Ä—É–µ—Ç...

You may provide a definition with
\DeclareUnicodeCharacter 


! LaTeX Error: Unicode character –≤ (U+0432)
               not set up for use with LaTeX.

See the LaTeX manual or LaTeX Companion for explanation.
Type  H <return>  for immediate help.
 ...                                              
                                                  
l.8 –ü–æ—Å—Ç–∞–Ω–æ–≤
                    –∫–∞ —ç–∫—Å–ø–µ—Ä–∏–º–µ–Ω—Ç–∞. –ß—Ç–æ –ø–ª–∞–Ω–∏—Ä—É–µ—Ç...

You may provide a definition with
\DeclareUnicodeCharacter 


! LaTeX Error: Unicode character –∫ (U+043A)
               not set up for use with LaTeX.

See the LaTeX manual or LaTeX Companion for explanation.
Type  H <return>  for immediate help.
 ...                                              
                                                  
l.8 –ü–æ—Å—Ç–∞–Ω–æ–≤–∫
                      –∞ —ç–∫—Å–ø–µ—Ä–∏–º–µ–Ω—Ç–∞. –ß—Ç–æ –ø–ª–∞–Ω–∏—Ä—É–µ—Ç...

You may provide a definition with
\DeclareUnicodeCharacter 


! LaTeX Error: Unicode character –∞ (U+0430)
               not set up for use with LaTeX.

See the LaTeX manual or LaTeX Companion for explanation.
Type  H <return>  for immediate help.
 ...                                              
                                                  
l.8 –ü–æ—Å—Ç–∞–Ω–æ–≤–∫–∞
                         —ç–∫—Å–ø–µ—Ä–∏–º–µ–Ω—Ç–∞. –ß—Ç–æ –ø–ª–∞–Ω–∏—Ä—É–µ—Ç...

You may provide a definition with
\DeclareUnicodeCharacter 


! LaTeX Error: Unicode character —ç (U+044D)
               not set up for use with LaTeX.

See the LaTeX manual or LaTeX Companion for explanation.
Type  H <return>  for immediate help.
 ...                                              
                                                  
l.8 –ü–æ—Å—Ç–∞–Ω–æ–≤–∫–∞ —ç
                           –∫—Å–ø–µ—Ä–∏–º–µ–Ω—Ç–∞. –ß—Ç–æ –ø–ª–∞–Ω–∏—Ä—É–µ—Ç...

You may provide a definition with
\DeclareUnicodeCharacter 


! LaTeX Error: Unicode character –∫ (U+043A)
               not set up for use with LaTeX.

See the LaTeX manual or LaTeX Companion for explanation.
Type  H <return>  for immediate help.
 ...                                              
                                                  
l.8 –ü–æ—Å—Ç–∞–Ω–æ–≤–∫–∞ —ç–∫
                             —Å–ø–µ—Ä–∏–º–µ–Ω—Ç–∞. –ß—Ç–æ –ø–ª–∞–Ω–∏—Ä—É–µ—Ç...

You may provide a definition with
\DeclareUnicodeCharacter 


! LaTeX Error: Unicode character —Å (U+0441)
               not set up for use with LaTeX.

See the LaTeX manual or LaTeX Companion for explanation.
Type  H <return>  for immediate help.
 ...                                              
                                                  
l.8 –ü–æ—Å—Ç–∞–Ω–æ–≤–∫–∞ —ç–∫—Å
                               –ø–µ—Ä–∏–º–µ–Ω—Ç–∞. –ß—Ç–æ –ø–ª–∞–Ω–∏—Ä—É–µ—Ç...

You may provide a definition with
\DeclareUnicodeCharacter 


! LaTeX Error: Unicode character –ø (U+043F)
               not set up for use with LaTeX.

See the LaTeX manual or LaTeX Companion for explanation.
Type  H <return>  for immediate help.
 ...                                              
                                                  
l.8 –ü–æ—Å—Ç–∞–Ω–æ–≤–∫–∞ —ç–∫—Å–ø
                                 –µ—Ä–∏–º–µ–Ω—Ç–∞. –ß—Ç–æ –ø–ª–∞–Ω–∏—Ä—É–µ—Ç...

You may provide a definition with
\DeclareUnicodeCharacter 


! LaTeX Error: Unicode character –µ (U+0435)
               not set up for use with LaTeX.

See the LaTeX manual or LaTeX Companion for explanation.
Type  H <return>  for immediate help.
 ...                                              
                                                  
l.8 –ü–æ—Å—Ç–∞–Ω–æ–≤–∫–∞ —ç–∫—Å–ø–µ
                                   —Ä–∏–º–µ–Ω—Ç–∞. –ß—Ç–æ –ø–ª–∞–Ω–∏—Ä—É–µ—Ç...

You may provide a definition with
\DeclareUnicodeCharacter 


! LaTeX Error: Unicode character —Ä (U+0440)
               not set up for use with LaTeX.

See the LaTeX manual or LaTeX Companion for explanation.
Type  H <return>  for immediate help.
 ...                                              
                                                  
l.8 –ü–æ—Å—Ç–∞–Ω–æ–≤–∫–∞ —ç–∫—Å–ø–µ—Ä
                                     –∏–º–µ–Ω—Ç–∞. –ß—Ç–æ –ø–ª–∞–Ω–∏—Ä—É–µ—Ç...

You may provide a definition with
\DeclareUnicodeCharacter 


! LaTeX Error: Unicode character –∏ (U+0438)
               not set up for use with LaTeX.

See the LaTeX manual or LaTeX Companion for explanation.
Type  H <return>  for immediate help.
 ...                                              
                                                  
l.8 –ü–æ—Å—Ç–∞–Ω–æ–≤–∫–∞ —ç–∫—Å–ø–µ—Ä–∏
                                       –º–µ–Ω—Ç–∞. –ß—Ç–æ –ø–ª–∞–Ω–∏—Ä—É–µ—Ç...

You may provide a definition with
\DeclareUnicodeCharacter 


! LaTeX Error: Unicode character –º (U+043C)
               not set up for use with LaTeX.

See the LaTeX manual or LaTeX Companion for explanation.
Type  H <return>  for immediate help.
 ...                                              
                                                  
l.8 –ü–æ—Å—Ç–∞–Ω–æ–≤–∫–∞ —ç–∫—Å–ø–µ—Ä–∏–º
                                         –µ–Ω—Ç–∞. –ß—Ç–æ –ø–ª–∞–Ω–∏—Ä—É–µ—Ç...

You may provide a definition with
\DeclareUnicodeCharacter 


! LaTeX Error: Unicode character –µ (U+0435)
               not set up for use with LaTeX.

See the LaTeX manual or LaTeX Companion for explanation.
Type  H <return>  for immediate help.
 ...                                              
                                                  
l.8 –ü–æ—Å—Ç–∞–Ω–æ–≤–∫–∞ —ç–∫—Å–ø–µ—Ä–∏–º–µ
                                           –Ω—Ç–∞. –ß—Ç–æ –ø–ª–∞–Ω–∏—Ä—É–µ—Ç...

You may provide a definition with
\DeclareUnicodeCharacter 


! LaTeX Error: Unicode character –Ω (U+043D)
               not set up for use with LaTeX.

See the LaTeX manual or LaTeX Companion for explanation.
Type  H <return>  for immediate help.
 ...                                              
                                                  
l.8 –ü–æ—Å—Ç–∞–Ω–æ–≤–∫–∞ —ç–∫—Å–ø–µ—Ä–∏–º–µ–Ω
                                             —Ç–∞. –ß—Ç–æ –ø–ª–∞–Ω–∏—Ä—É–µ—Ç...

You may provide a definition with
\DeclareUnicodeCharacter 


! LaTeX Error: Unicode character —Ç (U+0442)
               not set up for use with LaTeX.

See the LaTeX manual or LaTeX Companion for explanation.
Type  H <return>  for immediate help.
 ...                                              
                                                  
l.8 –ü–æ—Å—Ç–∞–Ω–æ–≤–∫–∞ —ç–∫—Å–ø–µ—Ä–∏–º–µ–Ω—Ç
                                               –∞. –ß—Ç–æ –ø–ª–∞–Ω–∏—Ä—É–µ—Ç...

You may provide a definition with
\DeclareUnicodeCharacter 


! LaTeX Error: Unicode character –∞ (U+0430)
               not set up for use with LaTeX.

See the LaTeX manual or LaTeX Companion for explanation.
Type  H <return>  for immediate help.
 ...                                              
                                                  
l.8 –ü–æ—Å—Ç–∞–Ω–æ–≤–∫–∞ —ç–∫—Å–ø–µ—Ä–∏–º–µ–Ω—Ç–∞
                                                 . –ß—Ç–æ –ø–ª–∞–Ω–∏—Ä—É–µ—Ç...

You may provide a definition with
\DeclareUnicodeCharacter 


! LaTeX Error: Missing \begin{document}.

See the LaTeX manual or LaTeX Companion for explanation.
Type  H <return>  for immediate help.
 ...                                              
                                                  
l.8 –ü–æ—Å—Ç–∞–Ω–æ–≤–∫–∞ —ç–∫—Å–ø–µ—Ä–∏–º–µ–Ω—Ç–∞.
                                                   –ß—Ç–æ –ø–ª–∞–Ω–∏—Ä—É–µ—Ç...

You're in trouble here.  Try typing  <return>  to proceed.
If that doesn't work, type  X <return>  to quit.

Missing character: There is no . in font nullfont!

! LaTeX Error: Unicode character –ß (U+0427)
               not set up for use with LaTeX.

See the LaTeX manual or LaTeX Companion for explanation.
Type  H <return>  for immediate help.
 ...                                              
                                                  
l.8 ...—Ç–∞–Ω–æ–≤–∫–∞ —ç–∫—Å–ø–µ—Ä–∏–º–µ–Ω—Ç–∞. –ß
                                                  —Ç–æ –ø–ª–∞–Ω–∏—Ä—É–µ—Ç—Å—...

You may provide a definition with
\DeclareUnicodeCharacter 


! LaTeX Error: Unicode character —Ç (U+0442)
               not set up for use with LaTeX.

See the LaTeX manual or LaTeX Companion for explanation.
Type  H <return>  for immediate help.
 ...                                              
                                                  
l.8 ...–∞–Ω–æ–≤–∫–∞ —ç–∫—Å–ø–µ—Ä–∏–º–µ–Ω—Ç–∞. –ß—Ç
                                                  –æ –ø–ª–∞–Ω–∏—Ä—É–µ—Ç—Å—è ...

You may provide a definition with
\DeclareUnicodeCharacter 


! LaTeX Error: Unicode character –æ (U+043E)
               not set up for use with LaTeX.

See the LaTeX manual or LaTeX Companion for explanation.
Type  H <return>  for immediate help.
 ...                                              
                                                  
l.8 ...–Ω–æ–≤–∫–∞ —ç–∫—Å–ø–µ—Ä–∏–º–µ–Ω—Ç–∞. –ß—Ç–æ
                                                   –ø–ª–∞–Ω–∏—Ä—É–µ—Ç—Å—è —Å...

You may provide a definition with
\DeclareUnicodeCharacter 


! LaTeX Error: Unicode character –ø (U+043F)
               not set up for use with LaTeX.

See the LaTeX manual or LaTeX Companion for explanation.
Type  H <return>  for immediate help.
 ...                                              
                                                  
l.8 ...æ–≤–∫–∞ —ç–∫—Å–ø–µ—Ä–∏–º–µ–Ω—Ç–∞. –ß—Ç–æ –ø
                                                  –ª–∞–Ω–∏—Ä—É–µ—Ç—Å—è —Å–¥–...

You may provide a definition with
\DeclareUnicodeCharacter 


! LaTeX Error: Unicode character –ª (U+043B)
               not set up for use with LaTeX.

See the LaTeX manual or LaTeX Companion for explanation.
Type  H <return>  for immediate help.
 ...                                              
                                                  
l.8 ...≤–∫–∞ —ç–∫—Å–ø–µ—Ä–∏–º–µ–Ω—Ç–∞. –ß—Ç–æ –ø–ª
                                                  –∞–Ω–∏—Ä—É–µ—Ç—Å—è —Å–¥–µ–...

You may provide a definition with
\DeclareUnicodeCharacter 


! LaTeX Error: Unicode character –∞ (U+0430)
               not set up for use with LaTeX.

See the LaTeX manual or LaTeX Companion for explanation.
Type  H <return>  for immediate help.
 ...                                              
                                                  
l.8 ...∫–∞ —ç–∫—Å–ø–µ—Ä–∏–º–µ–Ω—Ç–∞. –ß—Ç–æ –ø–ª–∞
                                                  –Ω–∏—Ä—É–µ—Ç—Å—è —Å–¥–µ–ª–...

You may provide a definition with
\DeclareUnicodeCharacter 


! LaTeX Error: Unicode character –Ω (U+043D)
               not set up for use with LaTeX.

See the LaTeX manual or LaTeX Companion for explanation.
Type  H <return>  for immediate help.
 ...                                              
                                                  
l.8 ...∞ —ç–∫—Å–ø–µ—Ä–∏–º–µ–Ω—Ç–∞. –ß—Ç–æ –ø–ª–∞–Ω
                                                  –∏—Ä—É–µ—Ç—Å—è —Å–¥–µ–ª–∞—...

You may provide a definition with
\DeclareUnicodeCharacter 


! LaTeX Error: Unicode character –∏ (U+0438)
               not set up for use with LaTeX.

See the LaTeX manual or LaTeX Companion for explanation.
Type  H <return>  for immediate help.
 ...                                              
                                                  
l.8 ...—ç–∫—Å–ø–µ—Ä–∏–º–µ–Ω—Ç–∞. –ß—Ç–æ –ø–ª–∞–Ω–∏
                                                  —Ä—É–µ—Ç—Å—è —Å–¥–µ–ª–∞—Ç—...

You may provide a definition with
\DeclareUnicodeCharacter 


! LaTeX Error: Unicode character —Ä (U+0440)
               not set up for use with LaTeX.

See the LaTeX manual or LaTeX Companion for explanation.
Type  H <return>  for immediate help.
 ...                                              
                                                  
l.8 ...–∫—Å–ø–µ—Ä–∏–º–µ–Ω—Ç–∞. –ß—Ç–æ –ø–ª–∞–Ω–∏—Ä
                                                  —É–µ—Ç—Å—è —Å–¥–µ–ª–∞—Ç—å ...

You may provide a definition with
\DeclareUnicodeCharacter 


! LaTeX Error: Unicode character —É (U+0443)
               not set up for use with LaTeX.

See the LaTeX manual or LaTeX Companion for explanation.
Type  H <return>  for immediate help.
 ...                                              
                                                  
l.8 ...—Å–ø–µ—Ä–∏–º–µ–Ω—Ç–∞. –ß—Ç–æ –ø–ª–∞–Ω–∏—Ä—É
                                                  –µ—Ç—Å—è —Å–¥–µ–ª–∞—Ç—å –∏...

You may provide a definition with
\DeclareUnicodeCharacter 


! LaTeX Error: Unicode character –µ (U+0435)
               not set up for use with LaTeX.

See the LaTeX manual or LaTeX Companion for explanation.
Type  H <return>  for immediate help.
 ...                                              
                                                  
l.8 ...–ø–µ—Ä–∏–º–µ–Ω—Ç–∞. –ß—Ç–æ –ø–ª–∞–Ω–∏—Ä—É–µ
                                                  —Ç—Å—è —Å–¥–µ–ª–∞—Ç—å –∏ –...

You may provide a definition with
\DeclareUnicodeCharacter 


! LaTeX Error: Unicode character —Ç (U+0442)
               not set up for use with LaTeX.

See the LaTeX manual or LaTeX Companion for explanation.
Type  H <return>  for immediate help.
 ...                                              
                                                  
l.8 ...–µ—Ä–∏–º–µ–Ω—Ç–∞. –ß—Ç–æ –ø–ª–∞–Ω–∏—Ä—É–µ—Ç
                                                  —Å—è —Å–¥–µ–ª–∞—Ç—å –∏ –∫–...

You may provide a definition with
\DeclareUnicodeCharacter 


! LaTeX Error: Unicode character —Å (U+0441)
               not set up for use with LaTeX.

See the LaTeX manual or LaTeX Companion for explanation.
Type  H <return>  for immediate help.
 ...                                              
                                                  
l.8 ...—Ä–∏–º–µ–Ω—Ç–∞. –ß—Ç–æ –ø–ª–∞–Ω–∏—Ä—É–µ—Ç—Å
                                                  —è —Å–¥–µ–ª–∞—Ç—å –∏ –∫–∞–...

You may provide a definition with
\DeclareUnicodeCharacter 


! LaTeX Error: Unicode character —è (U+044F)
               not set up for use with LaTeX.

See the LaTeX manual or LaTeX Companion for explanation.
Type  H <return>  for immediate help.
 ...                                              
                                                  
l.8 ...–∏–º–µ–Ω—Ç–∞. –ß—Ç–æ –ø–ª–∞–Ω–∏—Ä—É–µ—Ç—Å—è
                                                   —Å–¥–µ–ª–∞—Ç—å –∏ –∫–∞–∫–...

You may provide a definition with
\DeclareUnicodeCharacter 


! LaTeX Error: Unicode character —Å (U+0441)
               not set up for use with LaTeX.

See the LaTeX manual or LaTeX Companion for explanation.
Type  H <return>  for immediate help.
 ...                                              
                                                  
l.8 ...º–µ–Ω—Ç–∞. –ß—Ç–æ –ø–ª–∞–Ω–∏—Ä—É–µ—Ç—Å—è —Å
                                                  –¥–µ–ª–∞—Ç—å –∏ –∫–∞–∫–∏–µ...

You may provide a definition with
\DeclareUnicodeCharacter 


! LaTeX Error: Unicode character –¥ (U+0434)
               not set up for use with LaTeX.

See the LaTeX manual or LaTeX Companion for explanation.
Type  H <return>  for immediate help.
 ...                                              
                                                  
l.8 ...µ–Ω—Ç–∞. –ß—Ç–æ –ø–ª–∞–Ω–∏—Ä—É–µ—Ç—Å—è —Å–¥
                                                  –µ–ª–∞—Ç—å –∏ –∫–∞–∫–∏–µ —...

You may provide a definition with
\DeclareUnicodeCharacter 


! LaTeX Error: Unicode character –µ (U+0435)
               not set up for use with LaTeX.

See the LaTeX manual or LaTeX Companion for explanation.
Type  H <return>  for immediate help.
 ...                                              
                                                  
l.8 ...Ω—Ç–∞. –ß—Ç–æ –ø–ª–∞–Ω–∏—Ä—É–µ—Ç—Å—è —Å–¥–µ
                                                  –ª–∞—Ç—å –∏ –∫–∞–∫–∏–µ —Ä–...

You may provide a definition with
\DeclareUnicodeCharacter 


! LaTeX Error: Unicode character –ª (U+043B)
               not set up for use with LaTeX.

See the LaTeX manual or LaTeX Companion for explanation.
Type  H <return>  for immediate help.
 ...                                              
                                                  
l.8 ...Ç–∞. –ß—Ç–æ –ø–ª–∞–Ω–∏—Ä—É–µ—Ç—Å—è —Å–¥–µ–ª
                                                  –∞—Ç—å –∏ –∫–∞–∫–∏–µ —Ä–µ–...

You may provide a definition with
\DeclareUnicodeCharacter 


! LaTeX Error: Unicode character –∞ (U+0430)
               not set up for use with LaTeX.

See the LaTeX manual or LaTeX Companion for explanation.
Type  H <return>  for immediate help.
 ...                                              
                                                  
l.8 ...∞. –ß—Ç–æ –ø–ª–∞–Ω–∏—Ä—É–µ—Ç—Å—è —Å–¥–µ–ª–∞
                                                  —Ç—å –∏ –∫–∞–∫–∏–µ —Ä–µ–∑—...

You may provide a definition with
\DeclareUnicodeCharacter 


! LaTeX Error: Unicode character —Ç (U+0442)
               not set up for use with LaTeX.

See the LaTeX manual or LaTeX Companion for explanation.
Type  H <return>  for immediate help.
 ...                                              
                                                  
l.8 ... –ß—Ç–æ –ø–ª–∞–Ω–∏—Ä—É–µ—Ç—Å—è —Å–¥–µ–ª–∞—Ç
                                                  —å –∏ –∫–∞–∫–∏–µ —Ä–µ–∑—É–...

You may provide a definition with
\DeclareUnicodeCharacter 


! LaTeX Error: Unicode character —å (U+044C)
               not set up for use with LaTeX.

See the LaTeX manual or LaTeX Companion for explanation.
Type  H <return>  for immediate help.
 ...                                              
                                                  
l.8 ...ß—Ç–æ –ø–ª–∞–Ω–∏—Ä—É–µ—Ç—Å—è —Å–¥–µ–ª–∞—Ç—å
                                                   –∏ –∫–∞–∫–∏–µ —Ä–µ–∑—É–ª—...

You may provide a definition with
\DeclareUnicodeCharacter 


! LaTeX Error: Unicode character –∏ (U+0438)
               not set up for use with LaTeX.

See the LaTeX manual or LaTeX Companion for explanation.
Type  H <return>  for immediate help.
 ...                                              
                                                  
l.8 ...–æ –ø–ª–∞–Ω–∏—Ä—É–µ—Ç—Å—è —Å–¥–µ–ª–∞—Ç—å –∏
                                                   –∫–∞–∫–∏–µ —Ä–µ–∑—É–ª—å—Ç...

You may provide a definition with
\DeclareUnicodeCharacter 


! LaTeX Error: Unicode character –∫ (U+043A)
               not set up for use with LaTeX.

See the LaTeX manual or LaTeX Companion for explanation.
Type  H <return>  for immediate help.
 ...                                              
                                                  
l.8 ...–ø–ª–∞–Ω–∏—Ä—É–µ—Ç—Å—è —Å–¥–µ–ª–∞—Ç—å –∏ –∫
                                                  –∞–∫–∏–µ —Ä–µ–∑—É–ª—å—Ç–∞—...

You may provide a definition with
\DeclareUnicodeCharacter 


! LaTeX Error: Unicode character –∞ (U+0430)
               not set up for use with LaTeX.

See the LaTeX manual or LaTeX Companion for explanation.
Type  H <return>  for immediate help.
 ...                                              
                                                  
l.8 ...–ª–∞–Ω–∏—Ä—É–µ—Ç—Å—è —Å–¥–µ–ª–∞—Ç—å –∏ –∫–∞
                                                  –∫–∏–µ —Ä–µ–∑—É–ª—å—Ç–∞—Ç—...

You may provide a definition with
\DeclareUnicodeCharacter 


! LaTeX Error: Unicode character –∫ (U+043A)
               not set up for use with LaTeX.

See the LaTeX manual or LaTeX Companion for explanation.
Type  H <return>  for immediate help.
 ...                                              
                                                  
l.8 ...–∞–Ω–∏—Ä—É–µ—Ç—Å—è —Å–¥–µ–ª–∞—Ç—å –∏ –∫–∞–∫
                                                  –∏–µ —Ä–µ–∑—É–ª—å—Ç–∞—Ç—ã ...

You may provide a definition with
\DeclareUnicodeCharacter 


! LaTeX Error: Unicode character –∏ (U+0438)
               not set up for use with LaTeX.

See the LaTeX manual or LaTeX Companion for explanation.
Type  H <return>  for immediate help.
 ...                                              
                                                  
l.8 ...–Ω–∏—Ä—É–µ—Ç—Å—è —Å–¥–µ–ª–∞—Ç—å –∏ –∫–∞–∫–∏
                                                  –µ —Ä–µ–∑—É–ª—å—Ç–∞—Ç—ã —Ö...

You may provide a definition with
\DeclareUnicodeCharacter 


! LaTeX Error: Unicode character –µ (U+0435)
               not set up for use with LaTeX.

See the LaTeX manual or LaTeX Companion for explanation.
Type  H <return>  for immediate help.
 ...                                              
                                                  
l.8 ...–∏—Ä—É–µ—Ç—Å—è —Å–¥–µ–ª–∞—Ç—å –∏ –∫–∞–∫–∏–µ
                                                   —Ä–µ–∑—É–ª—å—Ç–∞—Ç—ã —Ö–æ...

You may provide a definition with
\DeclareUnicodeCharacter 


! LaTeX Error: Unicode character —Ä (U+0440)
               not set up for use with LaTeX.

See the LaTeX manual or LaTeX Companion for explanation.
Type  H <return>  for immediate help.
 ...                                              
                                                  
l.8 ...Ä—É–µ—Ç—Å—è —Å–¥–µ–ª–∞—Ç—å –∏ –∫–∞–∫–∏–µ —Ä
                                                  –µ–∑—É–ª—å—Ç–∞—Ç—ã —Ö–æ—á–...

You may provide a definition with
\DeclareUnicodeCharacter 


! LaTeX Error: Unicode character –µ (U+0435)
               not set up for use with LaTeX.

See the LaTeX manual or LaTeX Companion for explanation.
Type  H <return>  for immediate help.
 ...                                              
                                                  
l.8 ...É–µ—Ç—Å—è —Å–¥–µ–ª–∞—Ç—å –∏ –∫–∞–∫–∏–µ —Ä–µ
                                                  –∑—É–ª—å—Ç–∞—Ç—ã —Ö–æ—á–µ—...

You may provide a definition with
\DeclareUnicodeCharacter 


! LaTeX Error: Unicode character –∑ (U+0437)
               not set up for use with LaTeX.

See the LaTeX manual or LaTeX Companion for explanation.
Type  H <return>  for immediate help.
 ...                                              
                                                  
l.8 ...µ—Ç—Å—è —Å–¥–µ–ª–∞—Ç—å –∏ –∫–∞–∫–∏–µ —Ä–µ–∑
                                                  —É–ª—å—Ç–∞—Ç—ã —Ö–æ—á–µ—Ç—...

You may provide a definition with
\DeclareUnicodeCharacter 


! LaTeX Error: Unicode character —É (U+0443)
               not set up for use with LaTeX.

See the LaTeX manual or LaTeX Companion for explanation.
Type  H <return>  for immediate help.
 ...                                              
                                                  
l.8 ...Ç—Å—è —Å–¥–µ–ª–∞—Ç—å –∏ –∫–∞–∫–∏–µ —Ä–µ–∑—É
                                                  –ª—å—Ç–∞—Ç—ã —Ö–æ—á–µ—Ç—Å—...

You may provide a definition with
\DeclareUnicodeCharacter 


! LaTeX Error: Unicode character –ª (U+043B)
               not set up for use with LaTeX.

See the LaTeX manual or LaTeX Companion for explanation.
Type  H <return>  for immediate help.
 ...                                              
                                                  
l.8 ...Å—è —Å–¥–µ–ª–∞—Ç—å –∏ –∫–∞–∫–∏–µ —Ä–µ–∑—É–ª
                                                  —å—Ç–∞—Ç—ã —Ö–æ—á–µ—Ç—Å—è ...

You may provide a definition with
\DeclareUnicodeCharacter 


! LaTeX Error: Unicode character —å (U+044C)
               not set up for use with LaTeX.

See the LaTeX manual or LaTeX Companion for explanation.
Type  H <return>  for immediate help.
 ...                                              
                                                  
l.8 ...è —Å–¥–µ–ª–∞—Ç—å –∏ –∫–∞–∫–∏–µ —Ä–µ–∑—É–ª—å
                                                  —Ç–∞—Ç—ã —Ö–æ—á–µ—Ç—Å—è –ø...

You may provide a definition with
\DeclareUnicodeCharacter 


! LaTeX Error: Unicode character —Ç (U+0442)
               not set up for use with LaTeX.

See the LaTeX manual or LaTeX Companion for explanation.
Type  H <return>  for immediate help.
 ...                                              
                                                  
l.8 ...—Å–¥–µ–ª–∞—Ç—å –∏ –∫–∞–∫–∏–µ —Ä–µ–∑—É–ª—å—Ç
                                                  –∞—Ç—ã —Ö–æ—á–µ—Ç—Å—è –ø–æ...

You may provide a definition with
\DeclareUnicodeCharacter 


! LaTeX Error: Unicode character –∞ (U+0430)
               not set up for use with LaTeX.

See the LaTeX manual or LaTeX Companion for explanation.
Type  H <return>  for immediate help.
 ...                                              
                                                  
l.8 ...–¥–µ–ª–∞—Ç—å –∏ –∫–∞–∫–∏–µ —Ä–µ–∑—É–ª—å—Ç–∞
                                                  —Ç—ã —Ö–æ—á–µ—Ç—Å—è –ø–æ–ª...

You may provide a definition with
\DeclareUnicodeCharacter 


! LaTeX Error: Unicode character —Ç (U+0442)
               not set up for use with LaTeX.

See the LaTeX manual or LaTeX Companion for explanation.
Type  H <return>  for immediate help.
 ...                                              
                                                  
l.8 ...–µ–ª–∞—Ç—å –∏ –∫–∞–∫–∏–µ —Ä–µ–∑—É–ª—å—Ç–∞—Ç
                                                  —ã —Ö–æ—á–µ—Ç—Å—è –ø–æ–ª—É...

You may provide a definition with
\DeclareUnicodeCharacter 


! LaTeX Error: Unicode character —ã (U+044B)
               not set up for use with LaTeX.

See the LaTeX manual or LaTeX Companion for explanation.
Type  H <return>  for immediate help.
 ...                                              
                                                  
l.8 ...–ª–∞—Ç—å –∏ –∫–∞–∫–∏–µ —Ä–µ–∑—É–ª—å—Ç–∞—Ç—ã
                                                   —Ö–æ—á–µ—Ç—Å—è –ø–æ–ª—É—á...

You may provide a definition with
\DeclareUnicodeCharacter 


! LaTeX Error: Unicode character —Ö (U+0445)
               not set up for use with LaTeX.

See the LaTeX manual or LaTeX Companion for explanation.
Type  H <return>  for immediate help.
 ...                                              
                                                  
l.8 ...∞—Ç—å –∏ –∫–∞–∫–∏–µ —Ä–µ–∑—É–ª—å—Ç–∞—Ç—ã —Ö
                                                  –æ—á–µ—Ç—Å—è –ø–æ–ª—É—á–∏—...

You may provide a definition with
\DeclareUnicodeCharacter 


! LaTeX Error: Unicode character –æ (U+043E)
               not set up for use with LaTeX.

See the LaTeX manual or LaTeX Companion for explanation.
Type  H <return>  for immediate help.
 ...                                              
                                                  
l.8 ...Ç—å –∏ –∫–∞–∫–∏–µ —Ä–µ–∑—É–ª—å—Ç–∞—Ç—ã —Ö–æ
                                                  —á–µ—Ç—Å—è –ø–æ–ª—É—á–∏—Ç—...

You may provide a definition with
\DeclareUnicodeCharacter 


! LaTeX Error: Unicode character —á (U+0447)
               not set up for use with LaTeX.

See the LaTeX manual or LaTeX Companion for explanation.
Type  H <return>  for immediate help.
 ...                                              
                                                  
l.8 ...å –∏ –∫–∞–∫–∏–µ —Ä–µ–∑—É–ª—å—Ç–∞—Ç—ã —Ö–æ—á
                                                  –µ—Ç—Å—è –ø–æ–ª—É—á–∏—Ç—å....

You may provide a definition with
\DeclareUnicodeCharacter 


! LaTeX Error: Unicode character –µ (U+0435)
               not set up for use with LaTeX.

See the LaTeX manual or LaTeX Companion for explanation.
Type  H <return>  for immediate help.
 ...                                              
                                                  
l.8 ...–∏ –∫–∞–∫–∏–µ —Ä–µ–∑—É–ª—å—Ç–∞—Ç—ã —Ö–æ—á–µ
                                                  —Ç—Å—è –ø–æ–ª—É—á–∏—Ç—å. –...

You may provide a definition with
\DeclareUnicodeCharacter 


! LaTeX Error: Unicode character —Ç (U+0442)
               not set up for use with LaTeX.

See the LaTeX manual or LaTeX Companion for explanation.
Type  H <return>  for immediate help.
 ...                                              
                                                  
l.8 ... –∫–∞–∫–∏–µ —Ä–µ–∑—É–ª—å—Ç–∞—Ç—ã —Ö–æ—á–µ—Ç
                                                  —Å—è –ø–æ–ª—É—á–∏—Ç—å. –ö–...

You may provide a definition with
\DeclareUnicodeCharacter 


! LaTeX Error: Unicode character —Å (U+0441)
               not set up for use with LaTeX.

See the LaTeX manual or LaTeX Companion for explanation.
Type  H <return>  for immediate help.
 ...                                              
                                                  
l.8 ...∫–∞–∫–∏–µ —Ä–µ–∑—É–ª—å—Ç–∞—Ç—ã —Ö–æ—á–µ—Ç—Å
                                                  —è –ø–æ–ª—É—á–∏—Ç—å. –ö–∞–...

You may provide a definition with
\DeclareUnicodeCharacter 


! LaTeX Error: Unicode character —è (U+044F)
               not set up for use with LaTeX.

See the LaTeX manual or LaTeX Companion for explanation.
Type  H <return>  for immediate help.
 ...                                              
                                                  
l.8 ...∞–∫–∏–µ —Ä–µ–∑—É–ª—å—Ç–∞—Ç—ã —Ö–æ—á–µ—Ç—Å—è
                                                   –ø–æ–ª—É—á–∏—Ç—å. –ö–∞–∫–...

You may provide a definition with
\DeclareUnicodeCharacter 


! LaTeX Error: Unicode character –ø (U+043F)
               not set up for use with LaTeX.

See the LaTeX manual or LaTeX Companion for explanation.
Type  H <return>  for immediate help.
 ...                                              
                                                  
l.8 ...–∏–µ —Ä–µ–∑—É–ª—å—Ç–∞—Ç—ã —Ö–æ—á–µ—Ç—Å—è –ø
                                                  –æ–ª—É—á–∏—Ç—å. –ö–∞–∫–∏–µ...

You may provide a definition with
\DeclareUnicodeCharacter 


! LaTeX Error: Unicode character –æ (U+043E)
               not set up for use with LaTeX.

See the LaTeX manual or LaTeX Companion for explanation.
Type  H <return>  for immediate help.
 ...                                              
                                                  
l.8 ...–µ —Ä–µ–∑—É–ª—å—Ç–∞—Ç—ã —Ö–æ—á–µ—Ç—Å—è –ø–æ
                                                  –ª—É—á–∏—Ç—å. –ö–∞–∫–∏–µ –...

You may provide a definition with
\DeclareUnicodeCharacter 


! LaTeX Error: Unicode character –ª (U+043B)
               not set up for use with LaTeX.

See the LaTeX manual or LaTeX Companion for explanation.
Type  H <return>  for immediate help.
 ...                                              
                                                  
l.8 ... —Ä–µ–∑—É–ª—å—Ç–∞—Ç—ã —Ö–æ—á–µ—Ç—Å—è –ø–æ–ª
                                                  —É—á–∏—Ç—å. –ö–∞–∫–∏–µ –º–...

You may provide a definition with
\DeclareUnicodeCharacter 


! LaTeX Error: Unicode character —É (U+0443)
               not set up for use with LaTeX.

See the LaTeX manual or LaTeX Companion for explanation.
Type  H <return>  for immediate help.
 ...                                              
                                                  
l.8 ...Ä–µ–∑—É–ª—å—Ç–∞—Ç—ã —Ö–æ—á–µ—Ç—Å—è –ø–æ–ª—É
                                                  —á–∏—Ç—å. –ö–∞–∫–∏–µ –º–µ—...

You may provide a definition with
\DeclareUnicodeCharacter 


! LaTeX Error: Unicode character —á (U+0447)
               not set up for use with LaTeX.

See the LaTeX manual or LaTeX Companion for explanation.
Type  H <return>  for immediate help.
 ...                                              
                                                  
l.8 ...µ–∑—É–ª—å—Ç–∞—Ç—ã —Ö–æ—á–µ—Ç—Å—è –ø–æ–ª—É—á
                                                  –∏—Ç—å. –ö–∞–∫–∏–µ –º–µ—Ç—...

You may provide a definition with
\DeclareUnicodeCharacter 


! LaTeX Error: Unicode character –∏ (U+0438)
               not set up for use with LaTeX.

See the LaTeX manual or LaTeX Companion for explanation.
Type  H <return>  for immediate help.
 ...                                              
                                                  
l.8 ...∑—É–ª—å—Ç–∞—Ç—ã —Ö–æ—á–µ—Ç—Å—è –ø–æ–ª—É—á–∏
                                                  —Ç—å. –ö–∞–∫–∏–µ –º–µ—Ç—Ä–...

You may provide a definition with
\DeclareUnicodeCharacter 


! LaTeX Error: Unicode character —Ç (U+0442)
               not set up for use with LaTeX.

See the LaTeX manual or LaTeX Companion for explanation.
Type  H <return>  for immediate help.
 ...                                              
                                                  
l.8 ...É–ª—å—Ç–∞—Ç—ã —Ö–æ—á–µ—Ç—Å—è –ø–æ–ª—É—á–∏—Ç
                                                  —å. –ö–∞–∫–∏–µ –º–µ—Ç—Ä–∏–...

You may provide a definition with
\DeclareUnicodeCharacter 


! LaTeX Error: Unicode character —å (U+044C)
               not set up for use with LaTeX.

See the LaTeX manual or LaTeX Companion for explanation.
Type  H <return>  for immediate help.
 ...                                              
                                                  
l.8 ...ª—å—Ç–∞—Ç—ã —Ö–æ—á–µ—Ç—Å—è –ø–æ–ª—É—á–∏—Ç—å
                                                  . –ö–∞–∫–∏–µ –º–µ—Ç—Ä–∏–∫–...

You may provide a definition with
\DeclareUnicodeCharacter 

Missing character: There is no . in font nullfont!

! LaTeX Error: Unicode character –ö (U+041A)
               not set up for use with LaTeX.

See the LaTeX manual or LaTeX Companion for explanation.
Type  H <return>  for immediate help.
 ...                                              
                                                  
l.8 ...Ç–∞—Ç—ã —Ö–æ—á–µ—Ç—Å—è –ø–æ–ª—É—á–∏—Ç—å. –ö
                                                  –∞–∫–∏–µ –º–µ—Ç—Ä–∏–∫–∏ –±...

You may provide a definition with
\DeclareUnicodeCharacter 


! LaTeX Error: Unicode character –∞ (U+0430)
               not set up for use with LaTeX.

See the LaTeX manual or LaTeX Companion for explanation.
Type  H <return>  for immediate help.
 ...                                              
                                                  
l.8 ...∞—Ç—ã —Ö–æ—á–µ—Ç—Å—è –ø–æ–ª—É—á–∏—Ç—å. –ö–∞
                                                  –∫–∏–µ –º–µ—Ç—Ä–∏–∫–∏ –±—É...

You may provide a definition with
\DeclareUnicodeCharacter 


! LaTeX Error: Unicode character –∫ (U+043A)
               not set up for use with LaTeX.

See the LaTeX manual or LaTeX Companion for explanation.
Type  H <return>  for immediate help.
 ...                                              
                                                  
l.8 ...Ç—ã —Ö–æ—á–µ—Ç—Å—è –ø–æ–ª—É—á–∏—Ç—å. –ö–∞–∫
                                                  –∏–µ –º–µ—Ç—Ä–∏–∫–∏ –±—É–¥...

You may provide a definition with
\DeclareUnicodeCharacter 


! LaTeX Error: Unicode character –∏ (U+0438)
               not set up for use with LaTeX.

See the LaTeX manual or LaTeX Companion for explanation.
Type  H <return>  for immediate help.
 ...                                              
                                                  
l.8 ...ã —Ö–æ—á–µ—Ç—Å—è –ø–æ–ª—É—á–∏—Ç—å. –ö–∞–∫–∏
                                                  –µ –º–µ—Ç—Ä–∏–∫–∏ –±—É–¥–µ...

You may provide a definition with
\DeclareUnicodeCharacter 


! LaTeX Error: Unicode character –µ (U+0435)
               not set up for use with LaTeX.

See the LaTeX manual or LaTeX Companion for explanation.
Type  H <return>  for immediate help.
 ...                                              
                                                  
l.8 ...—Ö–æ—á–µ—Ç—Å—è –ø–æ–ª—É—á–∏—Ç—å. –ö–∞–∫–∏–µ
                                                   –º–µ—Ç—Ä–∏–∫–∏ –±—É–¥–µ–º...

You may provide a definition with
\DeclareUnicodeCharacter 


! LaTeX Error: Unicode character –º (U+043C)
               not set up for use with LaTeX.

See the LaTeX manual or LaTeX Companion for explanation.
Type  H <return>  for immediate help.
 ...                                              
                                                  
l.8 ...æ—á–µ—Ç—Å—è –ø–æ–ª—É—á–∏—Ç—å. –ö–∞–∫–∏–µ –º
                                                  –µ—Ç—Ä–∏–∫–∏ –±—É–¥–µ–º –∏...

You may provide a definition with
\DeclareUnicodeCharacter 


! LaTeX Error: Unicode character –µ (U+0435)
               not set up for use with LaTeX.

See the LaTeX manual or LaTeX Companion for explanation.
Type  H <return>  for immediate help.
 ...                                              
                                                  
l.8 ...á–µ—Ç—Å—è –ø–æ–ª—É—á–∏—Ç—å. –ö–∞–∫–∏–µ –º–µ
                                                  —Ç—Ä–∏–∫–∏ –±—É–¥–µ–º –∏—Å...

You may provide a definition with
\DeclareUnicodeCharacter 


! LaTeX Error: Unicode character —Ç (U+0442)
               not set up for use with LaTeX.

See the LaTeX manual or LaTeX Companion for explanation.
Type  H <return>  for immediate help.
 ...                                              
                                                  
l.8 ...µ—Ç—Å—è –ø–æ–ª—É—á–∏—Ç—å. –ö–∞–∫–∏–µ –º–µ—Ç
                                                  —Ä–∏–∫–∏ –±—É–¥–µ–º –∏—Å–ø...

You may provide a definition with
\DeclareUnicodeCharacter 


! LaTeX Error: Unicode character —Ä (U+0440)
               not set up for use with LaTeX.

See the LaTeX manual or LaTeX Companion for explanation.
Type  H <return>  for immediate help.
 ...                                              
                                                  
l.8 ...Ç—Å—è –ø–æ–ª—É—á–∏—Ç—å. –ö–∞–∫–∏–µ –º–µ—Ç—Ä
                                                  –∏–∫–∏ –±—É–¥–µ–º –∏—Å–ø–æ...

You may provide a definition with
\DeclareUnicodeCharacter 


! LaTeX Error: Unicode character –∏ (U+0438)
               not set up for use with LaTeX.

See the LaTeX manual or LaTeX Companion for explanation.
Type  H <return>  for immediate help.
 ...                                              
                                                  
l.8 ...Å—è –ø–æ–ª—É—á–∏—Ç—å. –ö–∞–∫–∏–µ –º–µ—Ç—Ä–∏
                                                  –∫–∏ –±—É–¥–µ–º –∏—Å–ø–æ–ª...

You may provide a definition with
\DeclareUnicodeCharacter 


! LaTeX Error: Unicode character –∫ (U+043A)
               not set up for use with LaTeX.

See the LaTeX manual or LaTeX Companion for explanation.
Type  H <return>  for immediate help.
 ...                                              
                                                  
l.8 ...è –ø–æ–ª—É—á–∏—Ç—å. –ö–∞–∫–∏–µ –º–µ—Ç—Ä–∏–∫
                                                  –∏ –±—É–¥–µ–º –∏—Å–ø–æ–ª—å...

You may provide a definition with
\DeclareUnicodeCharacter 


! LaTeX Error: Unicode character –∏ (U+0438)
               not set up for use with LaTeX.

See the LaTeX manual or LaTeX Companion for explanation.
Type  H <return>  for immediate help.
 ...                                              
                                                  
l.8 ...–ø–æ–ª—É—á–∏—Ç—å. –ö–∞–∫–∏–µ –º–µ—Ç—Ä–∏–∫–∏
                                                   –±—É–¥–µ–º –∏—Å–ø–æ–ª—å–∑...

You may provide a definition with
\DeclareUnicodeCharacter 


! LaTeX Error: Unicode character –± (U+0431)
               not set up for use with LaTeX.

See the LaTeX manual or LaTeX Companion for explanation.
Type  H <return>  for immediate help.
 ...                                              
                                                  
l.8 ...æ–ª—É—á–∏—Ç—å. –ö–∞–∫–∏–µ –º–µ—Ç—Ä–∏–∫–∏ –±
                                                  —É–¥–µ–º –∏—Å–ø–æ–ª—å–∑–æ–...

You may provide a definition with
\DeclareUnicodeCharacter 


! LaTeX Error: Unicode character —É (U+0443)
               not set up for use with LaTeX.

See the LaTeX manual or LaTeX Companion for explanation.
Type  H <return>  for immediate help.
 ...                                              
                                                  
l.8 ...ª—É—á–∏—Ç—å. –ö–∞–∫–∏–µ –º–µ—Ç—Ä–∏–∫–∏ –±—É
                                                  –¥–µ–º –∏—Å–ø–æ–ª—å–∑–æ–≤–...

You may provide a definition with
\DeclareUnicodeCharacter 


! LaTeX Error: Unicode character –¥ (U+0434)
               not set up for use with LaTeX.

See the LaTeX manual or LaTeX Companion for explanation.
Type  H <return>  for immediate help.
 ...                                              
                                                  
l.8 ...É—á–∏—Ç—å. –ö–∞–∫–∏–µ –º–µ—Ç—Ä–∏–∫–∏ –±—É–¥
                                                  –µ–º –∏—Å–ø–æ–ª—å–∑–æ–≤–∞—...

You may provide a definition with
\DeclareUnicodeCharacter 


! LaTeX Error: Unicode character –µ (U+0435)
               not set up for use with LaTeX.

See the LaTeX manual or LaTeX Companion for explanation.
Type  H <return>  for immediate help.
 ...                                              
                                                  
l.8 ...á–∏—Ç—å. –ö–∞–∫–∏–µ –º–µ—Ç—Ä–∏–∫–∏ –±—É–¥–µ
                                                  –º –∏—Å–ø–æ–ª—å–∑–æ–≤–∞—Ç—...

You may provide a definition with
\DeclareUnicodeCharacter 


! LaTeX Error: Unicode character –º (U+043C)
               not set up for use with LaTeX.

See the LaTeX manual or LaTeX Companion for explanation.
Type  H <return>  for immediate help.
 ...                                              
                                                  
l.8 ...∏—Ç—å. –ö–∞–∫–∏–µ –º–µ—Ç—Ä–∏–∫–∏ –±—É–¥–µ–º
                                                   –∏—Å–ø–æ–ª—å–∑–æ–≤–∞—Ç—å ...

You may provide a definition with
\DeclareUnicodeCharacter 


! LaTeX Error: Unicode character –∏ (U+0438)
               not set up for use with LaTeX.

See the LaTeX manual or LaTeX Companion for explanation.
Type  H <return>  for immediate help.
 ...                                              
                                                  
l.8 ...—å. –ö–∞–∫–∏–µ –º–µ—Ç—Ä–∏–∫–∏ –±—É–¥–µ–º –∏
                                                  —Å–ø–æ–ª—å–∑–æ–≤–∞—Ç—å –∏ ...

You may provide a definition with
\DeclareUnicodeCharacter 


! LaTeX Error: Unicode character —Å (U+0441)
               not set up for use with LaTeX.

See the LaTeX manual or LaTeX Companion for explanation.
Type  H <return>  for immediate help.
 ...                                              
                                                  
l.8 .... –ö–∞–∫–∏–µ –º–µ—Ç—Ä–∏–∫–∏ –±—É–¥–µ–º –∏—Å
                                                  –ø–æ–ª—å–∑–æ–≤–∞—Ç—å –∏ –ø...

You may provide a definition with
\DeclareUnicodeCharacter 


! LaTeX Error: Unicode character –ø (U+043F)
               not set up for use with LaTeX.

See the LaTeX manual or LaTeX Companion for explanation.
Type  H <return>  for immediate help.
 ...                                              
                                                  
l.8 ...–ö–∞–∫–∏–µ –º–µ—Ç—Ä–∏–∫–∏ –±—É–¥–µ–º –∏—Å–ø
                                                  –æ–ª—å–∑–æ–≤–∞—Ç—å –∏ –ø–æ...

You may provide a definition with
\DeclareUnicodeCharacter 


! LaTeX Error: Unicode character –æ (U+043E)
               not set up for use with LaTeX.

See the LaTeX manual or LaTeX Companion for explanation.
Type  H <return>  for immediate help.
 ...                                              
                                                  
l.8 ...–∞–∫–∏–µ –º–µ—Ç—Ä–∏–∫–∏ –±—É–¥–µ–º –∏—Å–ø–æ
                                                  –ª—å–∑–æ–≤–∞—Ç—å –∏ –ø–æ –...

You may provide a definition with
\DeclareUnicodeCharacter 


! LaTeX Error: Unicode character –ª (U+043B)
               not set up for use with LaTeX.

See the LaTeX manual or LaTeX Companion for explanation.
Type  H <return>  for immediate help.
 ...                                              
                                                  
l.8 ...–∫–∏–µ –º–µ—Ç—Ä–∏–∫–∏ –±—É–¥–µ–º –∏—Å–ø–æ–ª
                                                  —å–∑–æ–≤–∞—Ç—å –∏ –ø–æ –∫–...

You may provide a definition with
\DeclareUnicodeCharacter 


! LaTeX Error: Unicode character —å (U+044C)
               not set up for use with LaTeX.

See the LaTeX manual or LaTeX Companion for explanation.
Type  H <return>  for immediate help.
 ...                                              
                                                  
l.8 ...–∏–µ –º–µ—Ç—Ä–∏–∫–∏ –±—É–¥–µ–º –∏—Å–ø–æ–ª—å
                                                  –∑–æ–≤–∞—Ç—å –∏ –ø–æ –∫–∞–...

You may provide a definition with
\DeclareUnicodeCharacter 


! LaTeX Error: Unicode character –∑ (U+0437)
               not set up for use with LaTeX.

See the LaTeX manual or LaTeX Companion for explanation.
Type  H <return>  for immediate help.
 ...                                              
                                                  
l.8 ...–µ –º–µ—Ç—Ä–∏–∫–∏ –±—É–¥–µ–º –∏—Å–ø–æ–ª—å–∑
                                                  –æ–≤–∞—Ç—å –∏ –ø–æ –∫–∞–∫–...

You may provide a definition with
\DeclareUnicodeCharacter 


! LaTeX Error: Unicode character –æ (U+043E)
               not set up for use with LaTeX.

See the LaTeX manual or LaTeX Companion for explanation.
Type  H <return>  for immediate help.
 ...                                              
                                                  
l.8 ... –º–µ—Ç—Ä–∏–∫–∏ –±—É–¥–µ–º –∏—Å–ø–æ–ª—å–∑–æ
                                                  –≤–∞—Ç—å –∏ –ø–æ –∫–∞–∫–∏–...

You may provide a definition with
\DeclareUnicodeCharacter 


! LaTeX Error: Unicode character –≤ (U+0432)
               not set up for use with LaTeX.

See the LaTeX manual or LaTeX Companion for explanation.
Type  H <return>  for immediate help.
 ...                                              
                                                  
l.8 ...º–µ—Ç—Ä–∏–∫–∏ –±—É–¥–µ–º –∏—Å–ø–æ–ª—å–∑–æ–≤
                                                  –∞—Ç—å –∏ –ø–æ –∫–∞–∫–∏–º ...

You may provide a definition with
\DeclareUnicodeCharacter 


! LaTeX Error: Unicode character –∞ (U+0430)
               not set up for use with LaTeX.

See the LaTeX manual or LaTeX Companion for explanation.
Type  H <return>  for immediate help.
 ...                                              
                                                  
l.8 ...µ—Ç—Ä–∏–∫–∏ –±—É–¥–µ–º –∏—Å–ø–æ–ª—å–∑–æ–≤–∞
                                                  —Ç—å –∏ –ø–æ –∫–∞–∫–∏–º –º...

You may provide a definition with
\DeclareUnicodeCharacter 


! LaTeX Error: Unicode character —Ç (U+0442)
               not set up for use with LaTeX.

See the LaTeX manual or LaTeX Companion for explanation.
Type  H <return>  for immediate help.
 ...                                              
                                                  
l.8 ...Ç—Ä–∏–∫–∏ –±—É–¥–µ–º –∏—Å–ø–æ–ª—å–∑–æ–≤–∞—Ç
                                                  —å –∏ –ø–æ –∫–∞–∫–∏–º –º–µ...

You may provide a definition with
\DeclareUnicodeCharacter 


! LaTeX Error: Unicode character —å (U+044C)
               not set up for use with LaTeX.

See the LaTeX manual or LaTeX Companion for explanation.
Type  H <return>  for immediate help.
 ...                                              
                                                  
l.8 ...Ä–∏–∫–∏ –±—É–¥–µ–º –∏—Å–ø–æ–ª—å–∑–æ–≤–∞—Ç—å
                                                   –∏ –ø–æ –∫–∞–∫–∏–º –º–µ—Ç...

You may provide a definition with
\DeclareUnicodeCharacter 


! LaTeX Error: Unicode character –∏ (U+0438)
               not set up for use with LaTeX.

See the LaTeX manual or LaTeX Companion for explanation.
Type  H <return>  for immediate help.
 ...                                              
                                                  
l.8 ...–∫–∏ –±—É–¥–µ–º –∏—Å–ø–æ–ª—å–∑–æ–≤–∞—Ç—å –∏
                                                   –ø–æ –∫–∞–∫–∏–º –º–µ—Ç—Ä–...

You may provide a definition with
\DeclareUnicodeCharacter 


! LaTeX Error: Unicode character –ø (U+043F)
               not set up for use with LaTeX.

See the LaTeX manual or LaTeX Companion for explanation.
Type  H <return>  for immediate help.
 ...                                              
                                                  
l.8 ...∏ –±—É–¥–µ–º –∏—Å–ø–æ–ª—å–∑–æ–≤–∞—Ç—å –∏ –ø
                                                  –æ –∫–∞–∫–∏–º –º–µ—Ç—Ä–∏–∫...

You may provide a definition with
\DeclareUnicodeCharacter 


! LaTeX Error: Unicode character –æ (U+043E)
               not set up for use with LaTeX.

See the LaTeX manual or LaTeX Companion for explanation.
Type  H <return>  for immediate help.
 ...                                              
                                                  
l.8 ...–±—É–¥–µ–º –∏—Å–ø–æ–ª—å–∑–æ–≤–∞—Ç—å –∏ –ø–æ
                                                   –∫–∞–∫–∏–º –º–µ—Ç—Ä–∏–∫–∞...

You may provide a definition with
\DeclareUnicodeCharacter 


! LaTeX Error: Unicode character –∫ (U+043A)
               not set up for use with LaTeX.

See the LaTeX manual or LaTeX Companion for explanation.
Type  H <return>  for immediate help.
 ...                                              
                                                  
l.8 ...É–¥–µ–º –∏—Å–ø–æ–ª—å–∑–æ–≤–∞—Ç—å –∏ –ø–æ –∫
                                                  –∞–∫–∏–º –º–µ—Ç—Ä–∏–∫–∞–º ...

You may provide a definition with
\DeclareUnicodeCharacter 


! LaTeX Error: Unicode character –∞ (U+0430)
               not set up for use with LaTeX.

See the LaTeX manual or LaTeX Companion for explanation.
Type  H <return>  for immediate help.
 ...                                              
                                                  
l.8 ...¥–µ–º –∏—Å–ø–æ–ª—å–∑–æ–≤–∞—Ç—å –∏ –ø–æ –∫–∞
                                                  –∫–∏–º –º–µ—Ç—Ä–∏–∫–∞–º –±...

You may provide a definition with
\DeclareUnicodeCharacter 


! LaTeX Error: Unicode character –∫ (U+043A)
               not set up for use with LaTeX.

See the LaTeX manual or LaTeX Companion for explanation.
Type  H <return>  for immediate help.
 ...                                              
                                                  
l.8 ...µ–º –∏—Å–ø–æ–ª—å–∑–æ–≤–∞—Ç—å –∏ –ø–æ –∫–∞–∫
                                                  –∏–º –º–µ—Ç—Ä–∏–∫–∞–º –±—É...

You may provide a definition with
\DeclareUnicodeCharacter 


! LaTeX Error: Unicode character –∏ (U+0438)
               not set up for use with LaTeX.

See the LaTeX manual or LaTeX Companion for explanation.
Type  H <return>  for immediate help.
 ...                                              
                                                  
l.8 ...º –∏—Å–ø–æ–ª—å–∑–æ–≤–∞—Ç—å –∏ –ø–æ –∫–∞–∫–∏
                                                  –º –º–µ—Ç—Ä–∏–∫–∞–º –±—É–¥...

You may provide a definition with
\DeclareUnicodeCharacter 


! LaTeX Error: Unicode character –º (U+043C)
               not set up for use with LaTeX.

See the LaTeX manual or LaTeX Companion for explanation.
Type  H <return>  for immediate help.
 ...                                              
                                                  
l.8 ...–∏—Å–ø–æ–ª—å–∑–æ–≤–∞—Ç—å –∏ –ø–æ –∫–∞–∫–∏–º
                                                   –º–µ—Ç—Ä–∏–∫–∞–º –±—É–¥–µ...

You may provide a definition with
\DeclareUnicodeCharacter 


! LaTeX Error: Unicode character –º (U+043C)
               not set up for use with LaTeX.

See the LaTeX manual or LaTeX Companion for explanation.
Type  H <return>  for immediate help.
 ...                                              
                                                  
l.8 ...Å–ø–æ–ª—å–∑–æ–≤–∞—Ç—å –∏ –ø–æ –∫–∞–∫–∏–º –º
                                                  –µ—Ç—Ä–∏–∫–∞–º –±—É–¥–µ–º ...

You may provide a definition with
\DeclareUnicodeCharacter 


! LaTeX Error: Unicode character –µ (U+0435)
               not set up for use with LaTeX.

See the LaTeX manual or LaTeX Companion for explanation.
Type  H <return>  for immediate help.
 ...                                              
                                                  
l.8 ...ø–æ–ª—å–∑–æ–≤–∞—Ç—å –∏ –ø–æ –∫–∞–∫–∏–º –º–µ
                                                  —Ç—Ä–∏–∫–∞–º –±—É–¥–µ–º —Å...

You may provide a definition with
\DeclareUnicodeCharacter 


! LaTeX Error: Unicode character —Ç (U+0442)
               not set up for use with LaTeX.

See the LaTeX manual or LaTeX Companion for explanation.
Type  H <return>  for immediate help.
 ...                                              
                                                  
l.8 ...æ–ª—å–∑–æ–≤–∞—Ç—å –∏ –ø–æ –∫–∞–∫–∏–º –º–µ—Ç
                                                  —Ä–∏–∫–∞–º –±—É–¥–µ–º —Å—Ä...

You may provide a definition with
\DeclareUnicodeCharacter 


! LaTeX Error: Unicode character —Ä (U+0440)
               not set up for use with LaTeX.

See the LaTeX manual or LaTeX Companion for explanation.
Type  H <return>  for immediate help.
 ...                                              
                                                  
l.8 ...ª—å–∑–æ–≤–∞—Ç—å –∏ –ø–æ –∫–∞–∫–∏–º –º–µ—Ç—Ä
                                                  –∏–∫–∞–º –±—É–¥–µ–º —Å—Ä–∞...

You may provide a definition with
\DeclareUnicodeCharacter 


! LaTeX Error: Unicode character –∏ (U+0438)
               not set up for use with LaTeX.

See the LaTeX manual or LaTeX Companion for explanation.
Type  H <return>  for immediate help.
 ...                                              
                                                  
l.8 ...å–∑–æ–≤–∞—Ç—å –∏ –ø–æ –∫–∞–∫–∏–º –º–µ—Ç—Ä–∏
                                                  –∫–∞–º –±—É–¥–µ–º —Å—Ä–∞–≤...

You may provide a definition with
\DeclareUnicodeCharacter 


! LaTeX Error: Unicode character –∫ (U+043A)
               not set up for use with LaTeX.

See the LaTeX manual or LaTeX Companion for explanation.
Type  H <return>  for immediate help.
 ...                                              
                                                  
l.8 ...∑–æ–≤–∞—Ç—å –∏ –ø–æ –∫–∞–∫–∏–º –º–µ—Ç—Ä–∏–∫
                                                  –∞–º –±—É–¥–µ–º —Å—Ä–∞–≤–Ω...

You may provide a definition with
\DeclareUnicodeCharacter 


! LaTeX Error: Unicode character –∞ (U+0430)
               not set up for use with LaTeX.

See the LaTeX manual or LaTeX Companion for explanation.
Type  H <return>  for immediate help.
 ...                                              
                                                  
l.8 ...æ–≤–∞—Ç—å –∏ –ø–æ –∫–∞–∫–∏–º –º–µ—Ç—Ä–∏–∫–∞
                                                  –º –±—É–¥–µ–º —Å—Ä–∞–≤–Ω–∏...

You may provide a definition with
\DeclareUnicodeCharacter 


! LaTeX Error: Unicode character –º (U+043C)
               not set up for use with LaTeX.

See the LaTeX manual or LaTeX Companion for explanation.
Type  H <return>  for immediate help.
 ...                                              
                                                  
l.8 ...≤–∞—Ç—å –∏ –ø–æ –∫–∞–∫–∏–º –º–µ—Ç—Ä–∏–∫–∞–º
                                                   –±—É–¥–µ–º —Å—Ä–∞–≤–Ω–∏–≤...

You may provide a definition with
\DeclareUnicodeCharacter 


! LaTeX Error: Unicode character –± (U+0431)
               not set up for use with LaTeX.

See the LaTeX manual or LaTeX Companion for explanation.
Type  H <return>  for immediate help.
 ...                                              
                                                  
l.8 ...—Ç—å –∏ –ø–æ –∫–∞–∫–∏–º –º–µ—Ç—Ä–∏–∫–∞–º –±
                                                  —É–¥–µ–º —Å—Ä–∞–≤–Ω–∏–≤–∞—...

You may provide a definition with
\DeclareUnicodeCharacter 


! LaTeX Error: Unicode character —É (U+0443)
               not set up for use with LaTeX.

See the LaTeX manual or LaTeX Companion for explanation.
Type  H <return>  for immediate help.
 ...                                              
                                                  
l.8 ...—å –∏ –ø–æ –∫–∞–∫–∏–º –º–µ—Ç—Ä–∏–∫–∞–º –±—É
                                                  –¥–µ–º —Å—Ä–∞–≤–Ω–∏–≤–∞—Ç—å.
(That makes 100 errors; please try again.) 
Here is how much of TeX's memory you used:
 48 strings out of 478287
 740 string characters out of 5849289
 289007 words of memory out of 5000000
 18344 multiletter control sequences out of 15000+600000
 469259 words of font info for 28 fonts, out of 8000000 for 9000
 1141 hyphenation exceptions out of 8191
 13i,0n,12p,335b,26s stack positions out of 5000i,500n,10000p,200000b,80000s

!  ==> Fatal error occurred, no output PDF file produced!
