This is pdfTeX, Version 3.141592653-2.6-1.40.22 (TeX Live 2022/dev/Debian) (preloaded format=pdflatex 2024.4.26)  13 JUN 2024 02:29
entering extended mode
 restricted \write18 enabled.
 %&-line parsing enabled.
**Chapter6.tex
(./Chapter6.tex
LaTeX2e <2021-11-15> patch level 1
L3 programming layer <2022-01-21>
! Undefined control sequence.
l.1 \section
            {–ó–∞–∫–ª—é—á–µ–Ω–∏–µ}
The control sequence at the end of the top line
of your error message was never \def'ed. If you have
misspelled it (e.g., `\hobx'), type `I' and the correct
spelling (e.g., `I\hbox'). Otherwise just continue,
and I'll forget about whatever was undefined.


! LaTeX Error: Unicode character –ó (U+0417)
               not set up for use with LaTeX.

See the LaTeX manual or LaTeX Companion for explanation.
Type  H <return>  for immediate help.
 ...                                              
                                                  
l.1 \section{–ó
               –∞–∫–ª—é—á–µ–Ω–∏–µ}
You may provide a definition with
\DeclareUnicodeCharacter 


! LaTeX Error: Unicode character –∞ (U+0430)
               not set up for use with LaTeX.

See the LaTeX manual or LaTeX Companion for explanation.
Type  H <return>  for immediate help.
 ...                                              
                                                  
l.1 \section{–ó–∞
                 –∫–ª—é—á–µ–Ω–∏–µ}
You may provide a definition with
\DeclareUnicodeCharacter 


! LaTeX Error: Unicode character –∫ (U+043A)
               not set up for use with LaTeX.

See the LaTeX manual or LaTeX Companion for explanation.
Type  H <return>  for immediate help.
 ...                                              
                                                  
l.1 \section{–ó–∞–∫
                   –ª—é—á–µ–Ω–∏–µ}
You may provide a definition with
\DeclareUnicodeCharacter 


! LaTeX Error: Unicode character –ª (U+043B)
               not set up for use with LaTeX.

See the LaTeX manual or LaTeX Companion for explanation.
Type  H <return>  for immediate help.
 ...                                              
                                                  
l.1 \section{–ó–∞–∫–ª
                     —é—á–µ–Ω–∏–µ}
You may provide a definition with
\DeclareUnicodeCharacter 


! LaTeX Error: Unicode character —é (U+044E)
               not set up for use with LaTeX.

See the LaTeX manual or LaTeX Companion for explanation.
Type  H <return>  for immediate help.
 ...                                              
                                                  
l.1 \section{–ó–∞–∫–ª—é
                       —á–µ–Ω–∏–µ}
You may provide a definition with
\DeclareUnicodeCharacter 


! LaTeX Error: Unicode character —á (U+0447)
               not set up for use with LaTeX.

See the LaTeX manual or LaTeX Companion for explanation.
Type  H <return>  for immediate help.
 ...                                              
                                                  
l.1 \section{–ó–∞–∫–ª—é—á
                         –µ–Ω–∏–µ}
You may provide a definition with
\DeclareUnicodeCharacter 


! LaTeX Error: Unicode character –µ (U+0435)
               not set up for use with LaTeX.

See the LaTeX manual or LaTeX Companion for explanation.
Type  H <return>  for immediate help.
 ...                                              
                                                  
l.1 \section{–ó–∞–∫–ª—é—á–µ
                           –Ω–∏–µ}
You may provide a definition with
\DeclareUnicodeCharacter 


! LaTeX Error: Unicode character –Ω (U+043D)
               not set up for use with LaTeX.

See the LaTeX manual or LaTeX Companion for explanation.
Type  H <return>  for immediate help.
 ...                                              
                                                  
l.1 \section{–ó–∞–∫–ª—é—á–µ–Ω
                             –∏–µ}
You may provide a definition with
\DeclareUnicodeCharacter 


! LaTeX Error: Unicode character –∏ (U+0438)
               not set up for use with LaTeX.

See the LaTeX manual or LaTeX Companion for explanation.
Type  H <return>  for immediate help.
 ...                                              
                                                  
l.1 \section{–ó–∞–∫–ª—é—á–µ–Ω–∏
                               –µ}
You may provide a definition with
\DeclareUnicodeCharacter 


! LaTeX Error: Unicode character –µ (U+0435)
               not set up for use with LaTeX.

See the LaTeX manual or LaTeX Companion for explanation.
Type  H <return>  for immediate help.
 ...                                              
                                                  
l.1 \section{–ó–∞–∫–ª—é—á–µ–Ω–∏–µ
                                 }
You may provide a definition with
\DeclareUnicodeCharacter 


! LaTeX Error: Unicode character –í (U+0412)
               not set up for use with LaTeX.

See the LaTeX manual or LaTeX Companion for explanation.
Type  H <return>  for immediate help.
 ...                                              
                                                  
l.6 –í
       —Ä–∞–º–∫–∞—Ö –ø—Ä–æ–≤–µ–¥–µ–Ω–Ω–æ–≥–æ –∏—Å—Å–ª–µ–¥–æ–≤–∞–Ω–∏—è –±—ã–ª...

You may provide a definition with
\DeclareUnicodeCharacter 


! LaTeX Error: Unicode character —Ä (U+0440)
               not set up for use with LaTeX.

See the LaTeX manual or LaTeX Companion for explanation.
Type  H <return>  for immediate help.
 ...                                              
                                                  
l.6 –í —Ä
         –∞–º–∫–∞—Ö –ø—Ä–æ–≤–µ–¥–µ–Ω–Ω–æ–≥–æ –∏—Å—Å–ª–µ–¥–æ–≤–∞–Ω–∏—è –±—ã–ª...

You may provide a definition with
\DeclareUnicodeCharacter 


! LaTeX Error: Unicode character –∞ (U+0430)
               not set up for use with LaTeX.

See the LaTeX manual or LaTeX Companion for explanation.
Type  H <return>  for immediate help.
 ...                                              
                                                  
l.6 –í —Ä–∞
           –º–∫–∞—Ö –ø—Ä–æ–≤–µ–¥–µ–Ω–Ω–æ–≥–æ –∏—Å—Å–ª–µ–¥–æ–≤–∞–Ω–∏—è –±—ã–ª...

You may provide a definition with
\DeclareUnicodeCharacter 


! LaTeX Error: Unicode character –º (U+043C)
               not set up for use with LaTeX.

See the LaTeX manual or LaTeX Companion for explanation.
Type  H <return>  for immediate help.
 ...                                              
                                                  
l.6 –í —Ä–∞–º
             –∫–∞—Ö –ø—Ä–æ–≤–µ–¥–µ–Ω–Ω–æ–≥–æ –∏—Å—Å–ª–µ–¥–æ–≤–∞–Ω–∏—è –±—ã–ª...

You may provide a definition with
\DeclareUnicodeCharacter 


! LaTeX Error: Unicode character –∫ (U+043A)
               not set up for use with LaTeX.

See the LaTeX manual or LaTeX Companion for explanation.
Type  H <return>  for immediate help.
 ...                                              
                                                  
l.6 –í —Ä–∞–º–∫
               –∞—Ö –ø—Ä–æ–≤–µ–¥–µ–Ω–Ω–æ–≥–æ –∏—Å—Å–ª–µ–¥–æ–≤–∞–Ω–∏—è –±—ã–ª...

You may provide a definition with
\DeclareUnicodeCharacter 


! LaTeX Error: Unicode character –∞ (U+0430)
               not set up for use with LaTeX.

See the LaTeX manual or LaTeX Companion for explanation.
Type  H <return>  for immediate help.
 ...                                              
                                                  
l.6 –í —Ä–∞–º–∫–∞
                 —Ö –ø—Ä–æ–≤–µ–¥–µ–Ω–Ω–æ–≥–æ –∏—Å—Å–ª–µ–¥–æ–≤–∞–Ω–∏—è –±—ã–ª...

You may provide a definition with
\DeclareUnicodeCharacter 


! LaTeX Error: Unicode character —Ö (U+0445)
               not set up for use with LaTeX.

See the LaTeX manual or LaTeX Companion for explanation.
Type  H <return>  for immediate help.
 ...                                              
                                                  
l.6 –í —Ä–∞–º–∫–∞—Ö
                    –ø—Ä–æ–≤–µ–¥–µ–Ω–Ω–æ–≥–æ –∏—Å—Å–ª–µ–¥–æ–≤–∞–Ω–∏—è –±—ã–ª...

You may provide a definition with
\DeclareUnicodeCharacter 


! LaTeX Error: Unicode character –ø (U+043F)
               not set up for use with LaTeX.

See the LaTeX manual or LaTeX Companion for explanation.
Type  H <return>  for immediate help.
 ...                                              
                                                  
l.6 –í —Ä–∞–º–∫–∞—Ö –ø
                      —Ä–æ–≤–µ–¥–µ–Ω–Ω–æ–≥–æ –∏—Å—Å–ª–µ–¥–æ–≤–∞–Ω–∏—è –±—ã–ª...

You may provide a definition with
\DeclareUnicodeCharacter 


! LaTeX Error: Unicode character —Ä (U+0440)
               not set up for use with LaTeX.

See the LaTeX manual or LaTeX Companion for explanation.
Type  H <return>  for immediate help.
 ...                                              
                                                  
l.6 –í —Ä–∞–º–∫–∞—Ö –ø—Ä
                        –æ–≤–µ–¥–µ–Ω–Ω–æ–≥–æ –∏—Å—Å–ª–µ–¥–æ–≤–∞–Ω–∏—è –±—ã–ª...

You may provide a definition with
\DeclareUnicodeCharacter 


! LaTeX Error: Unicode character –æ (U+043E)
               not set up for use with LaTeX.

See the LaTeX manual or LaTeX Companion for explanation.
Type  H <return>  for immediate help.
 ...                                              
                                                  
l.6 –í —Ä–∞–º–∫–∞—Ö –ø—Ä–æ
                          –≤–µ–¥–µ–Ω–Ω–æ–≥–æ –∏—Å—Å–ª–µ–¥–æ–≤–∞–Ω–∏—è –±—ã–ª...

You may provide a definition with
\DeclareUnicodeCharacter 


! LaTeX Error: Unicode character –≤ (U+0432)
               not set up for use with LaTeX.

See the LaTeX manual or LaTeX Companion for explanation.
Type  H <return>  for immediate help.
 ...                                              
                                                  
l.6 –í —Ä–∞–º–∫–∞—Ö –ø—Ä–æ–≤
                            –µ–¥–µ–Ω–Ω–æ–≥–æ –∏—Å—Å–ª–µ–¥–æ–≤–∞–Ω–∏—è –±—ã–ª...

You may provide a definition with
\DeclareUnicodeCharacter 


! LaTeX Error: Unicode character –µ (U+0435)
               not set up for use with LaTeX.

See the LaTeX manual or LaTeX Companion for explanation.
Type  H <return>  for immediate help.
 ...                                              
                                                  
l.6 –í —Ä–∞–º–∫–∞—Ö –ø—Ä–æ–≤–µ
                              –¥–µ–Ω–Ω–æ–≥–æ –∏—Å—Å–ª–µ–¥–æ–≤–∞–Ω–∏—è –±—ã–ª...

You may provide a definition with
\DeclareUnicodeCharacter 


! LaTeX Error: Unicode character –¥ (U+0434)
               not set up for use with LaTeX.

See the LaTeX manual or LaTeX Companion for explanation.
Type  H <return>  for immediate help.
 ...                                              
                                                  
l.6 –í —Ä–∞–º–∫–∞—Ö –ø—Ä–æ–≤–µ–¥
                                –µ–Ω–Ω–æ–≥–æ –∏—Å—Å–ª–µ–¥–æ–≤–∞–Ω–∏—è –±—ã–ª...

You may provide a definition with
\DeclareUnicodeCharacter 


! LaTeX Error: Unicode character –µ (U+0435)
               not set up for use with LaTeX.

See the LaTeX manual or LaTeX Companion for explanation.
Type  H <return>  for immediate help.
 ...                                              
                                                  
l.6 –í —Ä–∞–º–∫–∞—Ö –ø—Ä–æ–≤–µ–¥–µ
                                  –Ω–Ω–æ–≥–æ –∏—Å—Å–ª–µ–¥–æ–≤–∞–Ω–∏—è –±—ã–ª...

You may provide a definition with
\DeclareUnicodeCharacter 


! LaTeX Error: Unicode character –Ω (U+043D)
               not set up for use with LaTeX.

See the LaTeX manual or LaTeX Companion for explanation.
Type  H <return>  for immediate help.
 ...                                              
                                                  
l.6 –í —Ä–∞–º–∫–∞—Ö –ø—Ä–æ–≤–µ–¥–µ–Ω
                                    –Ω–æ–≥–æ –∏—Å—Å–ª–µ–¥–æ–≤–∞–Ω–∏—è –±—ã–ª...

You may provide a definition with
\DeclareUnicodeCharacter 


! LaTeX Error: Unicode character –Ω (U+043D)
               not set up for use with LaTeX.

See the LaTeX manual or LaTeX Companion for explanation.
Type  H <return>  for immediate help.
 ...                                              
                                                  
l.6 –í —Ä–∞–º–∫–∞—Ö –ø—Ä–æ–≤–µ–¥–µ–Ω–Ω
                                      –æ–≥–æ –∏—Å—Å–ª–µ–¥–æ–≤–∞–Ω–∏—è –±—ã–ª...

You may provide a definition with
\DeclareUnicodeCharacter 


! LaTeX Error: Unicode character –æ (U+043E)
               not set up for use with LaTeX.

See the LaTeX manual or LaTeX Companion for explanation.
Type  H <return>  for immediate help.
 ...                                              
                                                  
l.6 –í —Ä–∞–º–∫–∞—Ö –ø—Ä–æ–≤–µ–¥–µ–Ω–Ω–æ
                                        –≥–æ –∏—Å—Å–ª–µ–¥–æ–≤–∞–Ω–∏—è –±—ã–ª...

You may provide a definition with
\DeclareUnicodeCharacter 


! LaTeX Error: Unicode character –≥ (U+0433)
               not set up for use with LaTeX.

See the LaTeX manual or LaTeX Companion for explanation.
Type  H <return>  for immediate help.
 ...                                              
                                                  
l.6 –í —Ä–∞–º–∫–∞—Ö –ø—Ä–æ–≤–µ–¥–µ–Ω–Ω–æ–≥
                                          –æ –∏—Å—Å–ª–µ–¥–æ–≤–∞–Ω–∏—è –±—ã–ª...

You may provide a definition with
\DeclareUnicodeCharacter 


! LaTeX Error: Unicode character –æ (U+043E)
               not set up for use with LaTeX.

See the LaTeX manual or LaTeX Companion for explanation.
Type  H <return>  for immediate help.
 ...                                              
                                                  
l.6 –í —Ä–∞–º–∫–∞—Ö –ø—Ä–æ–≤–µ–¥–µ–Ω–Ω–æ–≥–æ
                                             –∏—Å—Å–ª–µ–¥–æ–≤–∞–Ω–∏—è –±—ã–ª...

You may provide a definition with
\DeclareUnicodeCharacter 


! LaTeX Error: Unicode character –∏ (U+0438)
               not set up for use with LaTeX.

See the LaTeX manual or LaTeX Companion for explanation.
Type  H <return>  for immediate help.
 ...                                              
                                                  
l.6 –í —Ä–∞–º–∫–∞—Ö –ø—Ä–æ–≤–µ–¥–µ–Ω–Ω–æ–≥–æ –∏
                                               —Å—Å–ª–µ–¥–æ–≤–∞–Ω–∏—è –±—ã–ª...

You may provide a definition with
\DeclareUnicodeCharacter 


! LaTeX Error: Unicode character —Å (U+0441)
               not set up for use with LaTeX.

See the LaTeX manual or LaTeX Companion for explanation.
Type  H <return>  for immediate help.
 ...                                              
                                                  
l.6 –í —Ä–∞–º–∫–∞—Ö –ø—Ä–æ–≤–µ–¥–µ–Ω–Ω–æ–≥–æ –∏—Å
                                                 —Å–ª–µ–¥–æ–≤–∞–Ω–∏—è –±—ã–ª...

You may provide a definition with
\DeclareUnicodeCharacter 


! LaTeX Error: Unicode character —Å (U+0441)
               not set up for use with LaTeX.

See the LaTeX manual or LaTeX Companion for explanation.
Type  H <return>  for immediate help.
 ...                                              
                                                  
l.6 ...Ä–∞–º–∫–∞—Ö –ø—Ä–æ–≤–µ–¥–µ–Ω–Ω–æ–≥–æ –∏—Å—Å
                                                  –ª–µ–¥–æ–≤–∞–Ω–∏—è –±—ã–ª–...

You may provide a definition with
\DeclareUnicodeCharacter 


! LaTeX Error: Unicode character –ª (U+043B)
               not set up for use with LaTeX.

See the LaTeX manual or LaTeX Companion for explanation.
Type  H <return>  for immediate help.
 ...                                              
                                                  
l.6 ...∞–º–∫–∞—Ö –ø—Ä–æ–≤–µ–¥–µ–Ω–Ω–æ–≥–æ –∏—Å—Å–ª
                                                  –µ–¥–æ–≤–∞–Ω–∏—è –±—ã–ª–∏ ...

You may provide a definition with
\DeclareUnicodeCharacter 


! LaTeX Error: Unicode character –µ (U+0435)
               not set up for use with LaTeX.

See the LaTeX manual or LaTeX Companion for explanation.
Type  H <return>  for immediate help.
 ...                                              
                                                  
l.6 ...º–∫–∞—Ö –ø—Ä–æ–≤–µ–¥–µ–Ω–Ω–æ–≥–æ –∏—Å—Å–ª–µ
                                                  –¥–æ–≤–∞–Ω–∏—è –±—ã–ª–∏ —Ä...

You may provide a definition with
\DeclareUnicodeCharacter 


! LaTeX Error: Unicode character –¥ (U+0434)
               not set up for use with LaTeX.

See the LaTeX manual or LaTeX Companion for explanation.
Type  H <return>  for immediate help.
 ...                                              
                                                  
l.6 ...∫–∞—Ö –ø—Ä–æ–≤–µ–¥–µ–Ω–Ω–æ–≥–æ –∏—Å—Å–ª–µ–¥
                                                  –æ–≤–∞–Ω–∏—è –±—ã–ª–∏ —Ä–∞...

You may provide a definition with
\DeclareUnicodeCharacter 


! LaTeX Error: Unicode character –æ (U+043E)
               not set up for use with LaTeX.

See the LaTeX manual or LaTeX Companion for explanation.
Type  H <return>  for immediate help.
 ...                                              
                                                  
l.6 ...∞—Ö –ø—Ä–æ–≤–µ–¥–µ–Ω–Ω–æ–≥–æ –∏—Å—Å–ª–µ–¥–æ
                                                  –≤–∞–Ω–∏—è –±—ã–ª–∏ —Ä–∞—Å...

You may provide a definition with
\DeclareUnicodeCharacter 


! LaTeX Error: Unicode character –≤ (U+0432)
               not set up for use with LaTeX.

See the LaTeX manual or LaTeX Companion for explanation.
Type  H <return>  for immediate help.
 ...                                              
                                                  
l.6 ...Ö –ø—Ä–æ–≤–µ–¥–µ–Ω–Ω–æ–≥–æ –∏—Å—Å–ª–µ–¥–æ–≤
                                                  –∞–Ω–∏—è –±—ã–ª–∏ —Ä–∞—Å—Å...

You may provide a definition with
\DeclareUnicodeCharacter 


! LaTeX Error: Unicode character –∞ (U+0430)
               not set up for use with LaTeX.

See the LaTeX manual or LaTeX Companion for explanation.
Type  H <return>  for immediate help.
 ...                                              
                                                  
l.6 ...–ø—Ä–æ–≤–µ–¥–µ–Ω–Ω–æ–≥–æ –∏—Å—Å–ª–µ–¥–æ–≤–∞
                                                  –Ω–∏—è –±—ã–ª–∏ —Ä–∞—Å—Å–º...

You may provide a definition with
\DeclareUnicodeCharacter 


! LaTeX Error: Unicode character –Ω (U+043D)
               not set up for use with LaTeX.

See the LaTeX manual or LaTeX Companion for explanation.
Type  H <return>  for immediate help.
 ...                                              
                                                  
l.6 ...—Ä–æ–≤–µ–¥–µ–Ω–Ω–æ–≥–æ –∏—Å—Å–ª–µ–¥–æ–≤–∞–Ω
                                                  –∏—è –±—ã–ª–∏ —Ä–∞—Å—Å–º–æ...

You may provide a definition with
\DeclareUnicodeCharacter 


! LaTeX Error: Unicode character –∏ (U+0438)
               not set up for use with LaTeX.

See the LaTeX manual or LaTeX Companion for explanation.
Type  H <return>  for immediate help.
 ...                                              
                                                  
l.6 ...–æ–≤–µ–¥–µ–Ω–Ω–æ–≥–æ –∏—Å—Å–ª–µ–¥–æ–≤–∞–Ω–∏
                                                  —è –±—ã–ª–∏ —Ä–∞—Å—Å–º–æ—Ç...

You may provide a definition with
\DeclareUnicodeCharacter 


! LaTeX Error: Unicode character —è (U+044F)
               not set up for use with LaTeX.

See the LaTeX manual or LaTeX Companion for explanation.
Type  H <return>  for immediate help.
 ...                                              
                                                  
l.6 ...–≤–µ–¥–µ–Ω–Ω–æ–≥–æ –∏—Å—Å–ª–µ–¥–æ–≤–∞–Ω–∏—è
                                                   –±—ã–ª–∏ —Ä–∞—Å—Å–º–æ—Ç—Ä...

You may provide a definition with
\DeclareUnicodeCharacter 


! LaTeX Error: Unicode character –± (U+0431)
               not set up for use with LaTeX.

See the LaTeX manual or LaTeX Companion for explanation.
Type  H <return>  for immediate help.
 ...                                              
                                                  
l.6 ...µ–¥–µ–Ω–Ω–æ–≥–æ –∏—Å—Å–ª–µ–¥–æ–≤–∞–Ω–∏—è –±
                                                  —ã–ª–∏ —Ä–∞—Å—Å–º–æ—Ç—Ä–µ–...

You may provide a definition with
\DeclareUnicodeCharacter 


! LaTeX Error: Unicode character —ã (U+044B)
               not set up for use with LaTeX.

See the LaTeX manual or LaTeX Companion for explanation.
Type  H <return>  for immediate help.
 ...                                              
                                                  
l.6 ...¥–µ–Ω–Ω–æ–≥–æ –∏—Å—Å–ª–µ–¥–æ–≤–∞–Ω–∏—è –±—ã
                                                  –ª–∏ —Ä–∞—Å—Å–º–æ—Ç—Ä–µ–Ω—...

You may provide a definition with
\DeclareUnicodeCharacter 


! LaTeX Error: Unicode character –ª (U+043B)
               not set up for use with LaTeX.

See the LaTeX manual or LaTeX Companion for explanation.
Type  H <return>  for immediate help.
 ...                                              
                                                  
l.6 ...µ–Ω–Ω–æ–≥–æ –∏—Å—Å–ª–µ–¥–æ–≤–∞–Ω–∏—è –±—ã–ª
                                                  –∏ —Ä–∞—Å—Å–º–æ—Ç—Ä–µ–Ω—ã ...

You may provide a definition with
\DeclareUnicodeCharacter 


! LaTeX Error: Unicode character –∏ (U+0438)
               not set up for use with LaTeX.

See the LaTeX manual or LaTeX Companion for explanation.
Type  H <return>  for immediate help.
 ...                                              
                                                  
l.6 ...Ω–Ω–æ–≥–æ –∏—Å—Å–ª–µ–¥–æ–≤–∞–Ω–∏—è –±—ã–ª–∏
                                                   —Ä–∞—Å—Å–º–æ—Ç—Ä–µ–Ω—ã –Ω...

You may provide a definition with
\DeclareUnicodeCharacter 


! LaTeX Error: Unicode character —Ä (U+0440)
               not set up for use with LaTeX.

See the LaTeX manual or LaTeX Companion for explanation.
Type  H <return>  for immediate help.
 ...                                              
                                                  
l.6 ...–æ–≥–æ –∏—Å—Å–ª–µ–¥–æ–≤–∞–Ω–∏—è –±—ã–ª–∏ —Ä
                                                  –∞—Å—Å–º–æ—Ç—Ä–µ–Ω—ã –Ω–µ—...

You may provide a definition with
\DeclareUnicodeCharacter 


! LaTeX Error: Unicode character –∞ (U+0430)
               not set up for use with LaTeX.

See the LaTeX manual or LaTeX Companion for explanation.
Type  H <return>  for immediate help.
 ...                                              
                                                  
l.6 ...–≥–æ –∏—Å—Å–ª–µ–¥–æ–≤–∞–Ω–∏—è –±—ã–ª–∏ —Ä–∞
                                                  —Å—Å–º–æ—Ç—Ä–µ–Ω—ã –Ω–µ—Å–...

You may provide a definition with
\DeclareUnicodeCharacter 


! LaTeX Error: Unicode character —Å (U+0441)
               not set up for use with LaTeX.

See the LaTeX manual or LaTeX Companion for explanation.
Type  H <return>  for immediate help.
 ...                                              
                                                  
l.6 ...–æ –∏—Å—Å–ª–µ–¥–æ–≤–∞–Ω–∏—è –±—ã–ª–∏ —Ä–∞—Å
                                                  —Å–º–æ—Ç—Ä–µ–Ω—ã –Ω–µ—Å–∫–...

You may provide a definition with
\DeclareUnicodeCharacter 


! LaTeX Error: Unicode character —Å (U+0441)
               not set up for use with LaTeX.

See the LaTeX manual or LaTeX Companion for explanation.
Type  H <return>  for immediate help.
 ...                                              
                                                  
l.6 ... –∏—Å—Å–ª–µ–¥–æ–≤–∞–Ω–∏—è –±—ã–ª–∏ —Ä–∞—Å—Å
                                                  –º–æ—Ç—Ä–µ–Ω—ã –Ω–µ—Å–∫–æ–...

You may provide a definition with
\DeclareUnicodeCharacter 


! LaTeX Error: Unicode character –º (U+043C)
               not set up for use with LaTeX.

See the LaTeX manual or LaTeX Companion for explanation.
Type  H <return>  for immediate help.
 ...                                              
                                                  
l.6 ...∏—Å—Å–ª–µ–¥–æ–≤–∞–Ω–∏—è –±—ã–ª–∏ —Ä–∞—Å—Å–º
                                                  –æ—Ç—Ä–µ–Ω—ã –Ω–µ—Å–∫–æ–ª—...

You may provide a definition with
\DeclareUnicodeCharacter 


! LaTeX Error: Unicode character –æ (U+043E)
               not set up for use with LaTeX.

See the LaTeX manual or LaTeX Companion for explanation.
Type  H <return>  for immediate help.
 ...                                              
                                                  
l.6 ...Å—Å–ª–µ–¥–æ–≤–∞–Ω–∏—è –±—ã–ª–∏ —Ä–∞—Å—Å–º–æ
                                                  —Ç—Ä–µ–Ω—ã –Ω–µ—Å–∫–æ–ª—å–...

You may provide a definition with
\DeclareUnicodeCharacter 


! LaTeX Error: Unicode character —Ç (U+0442)
               not set up for use with LaTeX.

See the LaTeX manual or LaTeX Companion for explanation.
Type  H <return>  for immediate help.
 ...                                              
                                                  
l.6 ...Å–ª–µ–¥–æ–≤–∞–Ω–∏—è –±—ã–ª–∏ —Ä–∞—Å—Å–º–æ—Ç
                                                  —Ä–µ–Ω—ã –Ω–µ—Å–∫–æ–ª—å–∫–...

You may provide a definition with
\DeclareUnicodeCharacter 


! LaTeX Error: Unicode character —Ä (U+0440)
               not set up for use with LaTeX.

See the LaTeX manual or LaTeX Companion for explanation.
Type  H <return>  for immediate help.
 ...                                              
                                                  
l.6 ...ª–µ–¥–æ–≤–∞–Ω–∏—è –±—ã–ª–∏ —Ä–∞—Å—Å–º–æ—Ç—Ä
                                                  –µ–Ω—ã –Ω–µ—Å–∫–æ–ª—å–∫–æ ...

You may provide a definition with
\DeclareUnicodeCharacter 


! LaTeX Error: Unicode character –µ (U+0435)
               not set up for use with LaTeX.

See the LaTeX manual or LaTeX Companion for explanation.
Type  H <return>  for immediate help.
 ...                                              
                                                  
l.6 ...µ–¥–æ–≤–∞–Ω–∏—è –±—ã–ª–∏ —Ä–∞—Å—Å–º–æ—Ç—Ä–µ
                                                  –Ω—ã –Ω–µ—Å–∫–æ–ª—å–∫–æ —Ä...

You may provide a definition with
\DeclareUnicodeCharacter 


! LaTeX Error: Unicode character –Ω (U+043D)
               not set up for use with LaTeX.

See the LaTeX manual or LaTeX Companion for explanation.
Type  H <return>  for immediate help.
 ...                                              
                                                  
l.6 ...¥–æ–≤–∞–Ω–∏—è –±—ã–ª–∏ —Ä–∞—Å—Å–º–æ—Ç—Ä–µ–Ω
                                                  —ã –Ω–µ—Å–∫–æ–ª—å–∫–æ —Ä–µ...

You may provide a definition with
\DeclareUnicodeCharacter 


! LaTeX Error: Unicode character —ã (U+044B)
               not set up for use with LaTeX.

See the LaTeX manual or LaTeX Companion for explanation.
Type  H <return>  for immediate help.
 ...                                              
                                                  
l.6 ...æ–≤–∞–Ω–∏—è –±—ã–ª–∏ —Ä–∞—Å—Å–º–æ—Ç—Ä–µ–Ω—ã
                                                   –Ω–µ—Å–∫–æ–ª—å–∫–æ —Ä–µ—à...

You may provide a definition with
\DeclareUnicodeCharacter 


! LaTeX Error: Unicode character –Ω (U+043D)
               not set up for use with LaTeX.

See the LaTeX manual or LaTeX Companion for explanation.
Type  H <return>  for immediate help.
 ...                                              
                                                  
l.6 ...–∞–Ω–∏—è –±—ã–ª–∏ —Ä–∞—Å—Å–º–æ—Ç—Ä–µ–Ω—ã –Ω
                                                  –µ—Å–∫–æ–ª—å–∫–æ —Ä–µ—à–µ–...

You may provide a definition with
\DeclareUnicodeCharacter 


! LaTeX Error: Unicode character –µ (U+0435)
               not set up for use with LaTeX.

See the LaTeX manual or LaTeX Companion for explanation.
Type  H <return>  for immediate help.
 ...                                              
                                                  
l.6 ...–Ω–∏—è –±—ã–ª–∏ —Ä–∞—Å—Å–º–æ—Ç—Ä–µ–Ω—ã –Ω–µ
                                                  —Å–∫–æ–ª—å–∫–æ —Ä–µ—à–µ–Ω–...

You may provide a definition with
\DeclareUnicodeCharacter 


! LaTeX Error: Unicode character —Å (U+0441)
               not set up for use with LaTeX.

See the LaTeX manual or LaTeX Companion for explanation.
Type  H <return>  for immediate help.
 ...                                              
                                                  
l.6 ...–∏—è –±—ã–ª–∏ —Ä–∞—Å—Å–º–æ—Ç—Ä–µ–Ω—ã –Ω–µ—Å
                                                  –∫–æ–ª—å–∫–æ —Ä–µ—à–µ–Ω–∏–...

You may provide a definition with
\DeclareUnicodeCharacter 


! LaTeX Error: Unicode character –∫ (U+043A)
               not set up for use with LaTeX.

See the LaTeX manual or LaTeX Companion for explanation.
Type  H <return>  for immediate help.
 ...                                              
                                                  
l.6 ...—è –±—ã–ª–∏ —Ä–∞—Å—Å–º–æ—Ç—Ä–µ–Ω—ã –Ω–µ—Å–∫
                                                  –æ–ª—å–∫–æ —Ä–µ—à–µ–Ω–∏–π ...

You may provide a definition with
\DeclareUnicodeCharacter 


! LaTeX Error: Unicode character –æ (U+043E)
               not set up for use with LaTeX.

See the LaTeX manual or LaTeX Companion for explanation.
Type  H <return>  for immediate help.
 ...                                              
                                                  
l.6 ... –±—ã–ª–∏ —Ä–∞—Å—Å–º–æ—Ç—Ä–µ–Ω—ã –Ω–µ—Å–∫–æ
                                                  –ª—å–∫–æ —Ä–µ—à–µ–Ω–∏–π –∑...

You may provide a definition with
\DeclareUnicodeCharacter 


! LaTeX Error: Unicode character –ª (U+043B)
               not set up for use with LaTeX.

See the LaTeX manual or LaTeX Companion for explanation.
Type  H <return>  for immediate help.
 ...                                              
                                                  
l.6 ...±—ã–ª–∏ —Ä–∞—Å—Å–º–æ—Ç—Ä–µ–Ω—ã –Ω–µ—Å–∫–æ–ª
                                                  —å–∫–æ —Ä–µ—à–µ–Ω–∏–π –∑–∞...

You may provide a definition with
\DeclareUnicodeCharacter 


! LaTeX Error: Unicode character —å (U+044C)
               not set up for use with LaTeX.

See the LaTeX manual or LaTeX Companion for explanation.
Type  H <return>  for immediate help.
 ...                                              
                                                  
l.6 ...ã–ª–∏ —Ä–∞—Å—Å–º–æ—Ç—Ä–µ–Ω—ã –Ω–µ—Å–∫–æ–ª—å
                                                  –∫–æ —Ä–µ—à–µ–Ω–∏–π –∑–∞–¥...

You may provide a definition with
\DeclareUnicodeCharacter 


! LaTeX Error: Unicode character –∫ (U+043A)
               not set up for use with LaTeX.

See the LaTeX manual or LaTeX Companion for explanation.
Type  H <return>  for immediate help.
 ...                                              
                                                  
l.6 ...ª–∏ —Ä–∞—Å—Å–º–æ—Ç—Ä–µ–Ω—ã –Ω–µ—Å–∫–æ–ª—å–∫
                                                  –æ —Ä–µ—à–µ–Ω–∏–π –∑–∞–¥–∞...

You may provide a definition with
\DeclareUnicodeCharacter 


! LaTeX Error: Unicode character –æ (U+043E)
               not set up for use with LaTeX.

See the LaTeX manual or LaTeX Companion for explanation.
Type  H <return>  for immediate help.
 ...                                              
                                                  
l.6 ...∏ —Ä–∞—Å—Å–º–æ—Ç—Ä–µ–Ω—ã –Ω–µ—Å–∫–æ–ª—å–∫–æ
                                                   —Ä–µ—à–µ–Ω–∏–π –∑–∞–¥–∞—á...

You may provide a definition with
\DeclareUnicodeCharacter 


! LaTeX Error: Unicode character —Ä (U+0440)
               not set up for use with LaTeX.

See the LaTeX manual or LaTeX Companion for explanation.
Type  H <return>  for immediate help.
 ...                                              
                                                  
l.6 ...Ä–∞—Å—Å–º–æ—Ç—Ä–µ–Ω—ã –Ω–µ—Å–∫–æ–ª—å–∫–æ —Ä
                                                  –µ—à–µ–Ω–∏–π –∑–∞–¥–∞—á–∏ ...

You may provide a definition with
\DeclareUnicodeCharacter 


! LaTeX Error: Unicode character –µ (U+0435)
               not set up for use with LaTeX.

See the LaTeX manual or LaTeX Companion for explanation.
Type  H <return>  for immediate help.
 ...                                              
                                                  
l.6 ...∞—Å—Å–º–æ—Ç—Ä–µ–Ω—ã –Ω–µ—Å–∫–æ–ª—å–∫–æ —Ä–µ
                                                  —à–µ–Ω–∏–π –∑–∞–¥–∞—á–∏ —Ä...

You may provide a definition with
\DeclareUnicodeCharacter 


! LaTeX Error: Unicode character —à (U+0448)
               not set up for use with LaTeX.

See the LaTeX manual or LaTeX Companion for explanation.
Type  H <return>  for immediate help.
 ...                                              
                                                  
l.6 ...Å—Å–º–æ—Ç—Ä–µ–Ω—ã –Ω–µ—Å–∫–æ–ª—å–∫–æ —Ä–µ—à
                                                  –µ–Ω–∏–π –∑–∞–¥–∞—á–∏ —Ä–∞...

You may provide a definition with
\DeclareUnicodeCharacter 


! LaTeX Error: Unicode character –µ (U+0435)
               not set up for use with LaTeX.

See the LaTeX manual or LaTeX Companion for explanation.
Type  H <return>  for immediate help.
 ...                                              
                                                  
l.6 ...Å–º–æ—Ç—Ä–µ–Ω—ã –Ω–µ—Å–∫–æ–ª—å–∫–æ —Ä–µ—à–µ
                                                  –Ω–∏–π –∑–∞–¥–∞—á–∏ —Ä–∞—Å...

You may provide a definition with
\DeclareUnicodeCharacter 


! LaTeX Error: Unicode character –Ω (U+043D)
               not set up for use with LaTeX.

See the LaTeX manual or LaTeX Companion for explanation.
Type  H <return>  for immediate help.
 ...                                              
                                                  
l.6 ...º–æ—Ç—Ä–µ–Ω—ã –Ω–µ—Å–∫–æ–ª—å–∫–æ —Ä–µ—à–µ–Ω
                                                  –∏–π –∑–∞–¥–∞—á–∏ —Ä–∞—Å–ø...

You may provide a definition with
\DeclareUnicodeCharacter 


! LaTeX Error: Unicode character –∏ (U+0438)
               not set up for use with LaTeX.

See the LaTeX manual or LaTeX Companion for explanation.
Type  H <return>  for immediate help.
 ...                                              
                                                  
l.6 ...æ—Ç—Ä–µ–Ω—ã –Ω–µ—Å–∫–æ–ª—å–∫–æ —Ä–µ—à–µ–Ω–∏
                                                  –π –∑–∞–¥–∞—á–∏ —Ä–∞—Å–ø–æ...

You may provide a definition with
\DeclareUnicodeCharacter 


! LaTeX Error: Unicode character –π (U+0439)
               not set up for use with LaTeX.

See the LaTeX manual or LaTeX Companion for explanation.
Type  H <return>  for immediate help.
 ...                                              
                                                  
l.6 ...Ç—Ä–µ–Ω—ã –Ω–µ—Å–∫–æ–ª—å–∫–æ —Ä–µ—à–µ–Ω–∏–π
                                                   –∑–∞–¥–∞—á–∏ —Ä–∞—Å–ø–æ–∑...

You may provide a definition with
\DeclareUnicodeCharacter 


! LaTeX Error: Unicode character –∑ (U+0437)
               not set up for use with LaTeX.

See the LaTeX manual or LaTeX Companion for explanation.
Type  H <return>  for immediate help.
 ...                                              
                                                  
l.6 ...–µ–Ω—ã –Ω–µ—Å–∫–æ–ª—å–∫–æ —Ä–µ—à–µ–Ω–∏–π –∑
                                                  –∞–¥–∞—á–∏ —Ä–∞—Å–ø–æ–∑–Ω–...

You may provide a definition with
\DeclareUnicodeCharacter 


! LaTeX Error: Unicode character –∞ (U+0430)
               not set up for use with LaTeX.

See the LaTeX manual or LaTeX Companion for explanation.
Type  H <return>  for immediate help.
 ...                                              
                                                  
l.6 ...–Ω—ã –Ω–µ—Å–∫–æ–ª—å–∫–æ —Ä–µ—à–µ–Ω–∏–π –∑–∞
                                                  –¥–∞—á–∏ —Ä–∞—Å–ø–æ–∑–Ω–∞–...

You may provide a definition with
\DeclareUnicodeCharacter 


! LaTeX Error: Unicode character –¥ (U+0434)
               not set up for use with LaTeX.

See the LaTeX manual or LaTeX Companion for explanation.
Type  H <return>  for immediate help.
 ...                                              
                                                  
l.6 ...—ã –Ω–µ—Å–∫–æ–ª—å–∫–æ —Ä–µ—à–µ–Ω–∏–π –∑–∞–¥
                                                  –∞—á–∏ —Ä–∞—Å–ø–æ–∑–Ω–∞–≤–...

You may provide a definition with
\DeclareUnicodeCharacter 


! LaTeX Error: Unicode character –∞ (U+0430)
               not set up for use with LaTeX.

See the LaTeX manual or LaTeX Companion for explanation.
Type  H <return>  for immediate help.
 ...                                              
                                                  
l.6 ... –Ω–µ—Å–∫–æ–ª—å–∫–æ —Ä–µ—à–µ–Ω–∏–π –∑–∞–¥–∞
                                                  —á–∏ —Ä–∞—Å–ø–æ–∑–Ω–∞–≤–∞–...

You may provide a definition with
\DeclareUnicodeCharacter 


! LaTeX Error: Unicode character —á (U+0447)
               not set up for use with LaTeX.

See the LaTeX manual or LaTeX Companion for explanation.
Type  H <return>  for immediate help.
 ...                                              
                                                  
l.6 ...Ω–µ—Å–∫–æ–ª—å–∫–æ —Ä–µ—à–µ–Ω–∏–π –∑–∞–¥–∞—á
                                                  –∏ —Ä–∞—Å–ø–æ–∑–Ω–∞–≤–∞–Ω–...

You may provide a definition with
\DeclareUnicodeCharacter 


! LaTeX Error: Unicode character –∏ (U+0438)
               not set up for use with LaTeX.

See the LaTeX manual or LaTeX Companion for explanation.
Type  H <return>  for immediate help.
 ...                                              
                                                  
l.6 ...µ—Å–∫–æ–ª—å–∫–æ —Ä–µ—à–µ–Ω–∏–π –∑–∞–¥–∞—á–∏
                                                   —Ä–∞—Å–ø–æ–∑–Ω–∞–≤–∞–Ω–∏—...

You may provide a definition with
\DeclareUnicodeCharacter 


! LaTeX Error: Unicode character —Ä (U+0440)
               not set up for use with LaTeX.

See the LaTeX manual or LaTeX Companion for explanation.
Type  H <return>  for immediate help.
 ...                                              
                                                  
l.6 ...–∫–æ–ª—å–∫–æ —Ä–µ—à–µ–Ω–∏–π –∑–∞–¥–∞—á–∏ —Ä
                                                  –∞—Å–ø–æ–∑–Ω–∞–≤–∞–Ω–∏—è –...

You may provide a definition with
\DeclareUnicodeCharacter 


! LaTeX Error: Unicode character –∞ (U+0430)
               not set up for use with LaTeX.

See the LaTeX manual or LaTeX Companion for explanation.
Type  H <return>  for immediate help.
 ...                                              
                                                  
l.6 ...–æ–ª—å–∫–æ —Ä–µ—à–µ–Ω–∏–π –∑–∞–¥–∞—á–∏ —Ä–∞
                                                  —Å–ø–æ–∑–Ω–∞–≤–∞–Ω–∏—è –∫–...

You may provide a definition with
\DeclareUnicodeCharacter 


! LaTeX Error: Unicode character —Å (U+0441)
               not set up for use with LaTeX.

See the LaTeX manual or LaTeX Companion for explanation.
Type  H <return>  for immediate help.
 ...                                              
                                                  
l.6 ...–ª—å–∫–æ —Ä–µ—à–µ–Ω–∏–π –∑–∞–¥–∞—á–∏ —Ä–∞—Å
                                                  –ø–æ–∑–Ω–∞–≤–∞–Ω–∏—è –∫–ª—...

You may provide a definition with
\DeclareUnicodeCharacter 


! LaTeX Error: Unicode character –ø (U+043F)
               not set up for use with LaTeX.

See the LaTeX manual or LaTeX Companion for explanation.
Type  H <return>  for immediate help.
 ...                                              
                                                  
l.6 ...—å–∫–æ —Ä–µ—à–µ–Ω–∏–π –∑–∞–¥–∞—á–∏ —Ä–∞—Å–ø
                                                  –æ–∑–Ω–∞–≤–∞–Ω–∏—è –∫–ª—é—...

You may provide a definition with
\DeclareUnicodeCharacter 


! LaTeX Error: Unicode character –æ (U+043E)
               not set up for use with LaTeX.

See the LaTeX manual or LaTeX Companion for explanation.
Type  H <return>  for immediate help.
 ...                                              
                                                  
l.6 ...–∫–æ —Ä–µ—à–µ–Ω–∏–π –∑–∞–¥–∞—á–∏ —Ä–∞—Å–ø–æ
                                                  –∑–Ω–∞–≤–∞–Ω–∏—è –∫–ª—é—á–...

You may provide a definition with
\DeclareUnicodeCharacter 


! LaTeX Error: Unicode character –∑ (U+0437)
               not set up for use with LaTeX.

See the LaTeX manual or LaTeX Companion for explanation.
Type  H <return>  for immediate help.
 ...                                              
                                                  
l.6 ...–æ —Ä–µ—à–µ–Ω–∏–π –∑–∞–¥–∞—á–∏ —Ä–∞—Å–ø–æ–∑
                                                  –Ω–∞–≤–∞–Ω–∏—è –∫–ª—é—á–µ–...

You may provide a definition with
\DeclareUnicodeCharacter 


! LaTeX Error: Unicode character –Ω (U+043D)
               not set up for use with LaTeX.

See the LaTeX manual or LaTeX Companion for explanation.
Type  H <return>  for immediate help.
 ...                                              
                                                  
l.6 ... —Ä–µ—à–µ–Ω–∏–π –∑–∞–¥–∞—á–∏ —Ä–∞—Å–ø–æ–∑–Ω
                                                  –∞–≤–∞–Ω–∏—è –∫–ª—é—á–µ–≤—...

You may provide a definition with
\DeclareUnicodeCharacter 


! LaTeX Error: Unicode character –∞ (U+0430)
               not set up for use with LaTeX.

See the LaTeX manual or LaTeX Companion for explanation.
Type  H <return>  for immediate help.
 ...                                              
                                                  
l.6 ...Ä–µ—à–µ–Ω–∏–π –∑–∞–¥–∞—á–∏ —Ä–∞—Å–ø–æ–∑–Ω–∞
                                                  –≤–∞–Ω–∏—è –∫–ª—é—á–µ–≤—ã—...

You may provide a definition with
\DeclareUnicodeCharacter 


! LaTeX Error: Unicode character –≤ (U+0432)
               not set up for use with LaTeX.

See the LaTeX manual or LaTeX Companion for explanation.
Type  H <return>  for immediate help.
 ...                                              
                                                  
l.6 ...µ—à–µ–Ω–∏–π –∑–∞–¥–∞—á–∏ —Ä–∞—Å–ø–æ–∑–Ω–∞–≤
                                                  –∞–Ω–∏—è –∫–ª—é—á–µ–≤—ã—Ö ...

You may provide a definition with
\DeclareUnicodeCharacter 


! LaTeX Error: Unicode character –∞ (U+0430)
               not set up for use with LaTeX.

See the LaTeX manual or LaTeX Companion for explanation.
Type  H <return>  for immediate help.
 ...                                              
                                                  
l.6 ...à–µ–Ω–∏–π –∑–∞–¥–∞—á–∏ —Ä–∞—Å–ø–æ–∑–Ω–∞–≤–∞
                                                  –Ω–∏—è –∫–ª—é—á–µ–≤—ã—Ö —Ç...

You may provide a definition with
\DeclareUnicodeCharacter 


! LaTeX Error: Unicode character –Ω (U+043D)
               not set up for use with LaTeX.

See the LaTeX manual or LaTeX Companion for explanation.
Type  H <return>  for immediate help.
 ...                                              
                                                  
l.6 ...µ–Ω–∏–π –∑–∞–¥–∞—á–∏ —Ä–∞—Å–ø–æ–∑–Ω–∞–≤–∞–Ω
                                                  –∏—è –∫–ª—é—á–µ–≤—ã—Ö —Ç–æ...

You may provide a definition with
\DeclareUnicodeCharacter 


! LaTeX Error: Unicode character –∏ (U+0438)
               not set up for use with LaTeX.

See the LaTeX manual or LaTeX Companion for explanation.
Type  H <return>  for immediate help.
 ...                                              
                                                  
l.6 ...Ω–∏–π –∑–∞–¥–∞—á–∏ —Ä–∞—Å–ø–æ–∑–Ω–∞–≤–∞–Ω–∏
                                                  —è –∫–ª—é—á–µ–≤—ã—Ö —Ç–æ—á...

You may provide a definition with
\DeclareUnicodeCharacter 


! LaTeX Error: Unicode character —è (U+044F)
               not set up for use with LaTeX.

See the LaTeX manual or LaTeX Companion for explanation.
Type  H <return>  for immediate help.
 ...                                              
                                                  
l.6 ...∏–π –∑–∞–¥–∞—á–∏ —Ä–∞—Å–ø–æ–∑–Ω–∞–≤–∞–Ω–∏—è
                                                   –∫–ª—é—á–µ–≤—ã—Ö —Ç–æ—á–µ...

You may provide a definition with
\DeclareUnicodeCharacter 


! LaTeX Error: Unicode character –∫ (U+043A)
               not set up for use with LaTeX.

See the LaTeX manual or LaTeX Companion for explanation.
Type  H <return>  for immediate help.
 ...                                              
                                                  
l.6 ... –∑–∞–¥–∞—á–∏ —Ä–∞—Å–ø–æ–∑–Ω–∞–≤–∞–Ω–∏—è –∫
                                                  –ª—é—á–µ–≤—ã—Ö —Ç–æ—á–µ–∫ ...

You may provide a definition with
\DeclareUnicodeCharacter 


! LaTeX Error: Unicode character –ª (U+043B)
               not set up for use with LaTeX.

See the LaTeX manual or LaTeX Companion for explanation.
Type  H <return>  for immediate help.
 ...                                              
                                                  
l.6 ...∑–∞–¥–∞—á–∏ —Ä–∞—Å–ø–æ–∑–Ω–∞–≤–∞–Ω–∏—è –∫–ª
                                                  —é—á–µ–≤—ã—Ö —Ç–æ—á–µ–∫ –Ω...

You may provide a definition with
\DeclareUnicodeCharacter 


! LaTeX Error: Unicode character —é (U+044E)
               not set up for use with LaTeX.

See the LaTeX manual or LaTeX Companion for explanation.
Type  H <return>  for immediate help.
 ...                                              
                                                  
l.6 ...∞–¥–∞—á–∏ —Ä–∞—Å–ø–æ–∑–Ω–∞–≤–∞–Ω–∏—è –∫–ª—é
                                                  —á–µ–≤—ã—Ö —Ç–æ—á–µ–∫ –Ω–∞...

You may provide a definition with
\DeclareUnicodeCharacter 


! LaTeX Error: Unicode character —á (U+0447)
               not set up for use with LaTeX.

See the LaTeX manual or LaTeX Companion for explanation.
Type  H <return>  for immediate help.
 ...                                              
                                                  
l.6 ...¥–∞—á–∏ —Ä–∞—Å–ø–æ–∑–Ω–∞–≤–∞–Ω–∏—è –∫–ª—é—á
                                                  –µ–≤—ã—Ö —Ç–æ—á–µ–∫ –Ω–∞ —...

You may provide a definition with
\DeclareUnicodeCharacter 


! LaTeX Error: Unicode character –µ (U+0435)
               not set up for use with LaTeX.

See the LaTeX manual or LaTeX Companion for explanation.
Type  H <return>  for immediate help.
 ...                                              
                                                  
l.6 ...∞—á–∏ —Ä–∞—Å–ø–æ–∑–Ω–∞–≤–∞–Ω–∏—è –∫–ª—é—á–µ
                                                  –≤—ã—Ö —Ç–æ—á–µ–∫ –Ω–∞ —Ç–...

You may provide a definition with
\DeclareUnicodeCharacter 


! LaTeX Error: Unicode character –≤ (U+0432)
               not set up for use with LaTeX.

See the LaTeX manual or LaTeX Companion for explanation.
Type  H <return>  for immediate help.
 ...                                              
                                                  
l.6 ...á–∏ —Ä–∞—Å–ø–æ–∑–Ω–∞–≤–∞–Ω–∏—è –∫–ª—é—á–µ–≤
                                                  —ã—Ö —Ç–æ—á–µ–∫ –Ω–∞ —Ç–µ–...

You may provide a definition with
\DeclareUnicodeCharacter 


! LaTeX Error: Unicode character —ã (U+044B)
               not set up for use with LaTeX.

See the LaTeX manual or LaTeX Companion for explanation.
Type  H <return>  for immediate help.
 ...                                              
                                                  
l.6 ...∏ —Ä–∞—Å–ø–æ–∑–Ω–∞–≤–∞–Ω–∏—è –∫–ª—é—á–µ–≤—ã
                                                  —Ö —Ç–æ—á–µ–∫ –Ω–∞ —Ç–µ–ª–...

You may provide a definition with
\DeclareUnicodeCharacter 


! LaTeX Error: Unicode character —Ö (U+0445)
               not set up for use with LaTeX.

See the LaTeX manual or LaTeX Companion for explanation.
Type  H <return>  for immediate help.
 ...                                              
                                                  
l.6 ...—Ä–∞—Å–ø–æ–∑–Ω–∞–≤–∞–Ω–∏—è –∫–ª—é—á–µ–≤—ã—Ö
                                                   —Ç–æ—á–µ–∫ –Ω–∞ —Ç–µ–ª–µ ...
(That makes 100 errors; please try again.) 
Here is how much of TeX's memory you used:
 44 strings out of 478287
 720 string characters out of 5849289
 289007 words of memory out of 5000000
 18340 multiletter control sequences out of 15000+600000
 469259 words of font info for 28 fonts, out of 8000000 for 9000
 1141 hyphenation exceptions out of 8191
 13i,0n,12p,708b,25s stack positions out of 5000i,500n,10000p,200000b,80000s

!  ==> Fatal error occurred, no output PDF file produced!
