This is pdfTeX, Version 3.141592653-2.6-1.40.22 (TeX Live 2022/dev/Debian) (preloaded format=pdflatex 2024.4.26)  30 MAY 2024 23:36
entering extended mode
 restricted \write18 enabled.
 %&-line parsing enabled.
**Chapter3.tex
(./Chapter3.tex
LaTeX2e <2021-11-15> patch level 1
L3 programming layer <2022-01-21>
! Undefined control sequence.
l.1 \section
            {Domain Adaptation}
The control sequence at the end of the top line
of your error message was never \def'ed. If you have
misspelled it (e.g., `\hobx'), type `I' and the correct
spelling (e.g., `I\hbox'). Otherwise just continue,
and I'll forget about whatever was undefined.


! LaTeX Error: Missing \begin{document}.

See the LaTeX manual or LaTeX Companion for explanation.
Type  H <return>  for immediate help.
 ...                                              
                                                  
l.1 \section{D
              omain Adaptation}
You're in trouble here.  Try typing  <return>  to proceed.
If that doesn't work, type  X <return>  to quit.

Missing character: There is no D in font nullfont!
Missing character: There is no o in font nullfont!
Missing character: There is no m in font nullfont!
Missing character: There is no a in font nullfont!
Missing character: There is no i in font nullfont!
Missing character: There is no n in font nullfont!
Missing character: There is no A in font nullfont!
Missing character: There is no d in font nullfont!
Missing character: There is no a in font nullfont!
Missing character: There is no p in font nullfont!
Missing character: There is no t in font nullfont!
Missing character: There is no a in font nullfont!
Missing character: There is no t in font nullfont!
Missing character: There is no i in font nullfont!
Missing character: There is no o in font nullfont!
Missing character: There is no n in font nullfont!

Overfull \hbox (20.0pt too wide) in paragraph at lines 1--3
[]
 []


! LaTeX Error: Unicode character –í (U+0412)
               not set up for use with LaTeX.

See the LaTeX manual or LaTeX Companion for explanation.
Type  H <return>  for immediate help.
 ...                                              
                                                  
l.4 –í
       —Å–æ–≤—Ä–µ–º–µ–Ω–Ω–æ–º –º–∏—Ä–µ –º–∞—à–∏–Ω–Ω–æ–≥–æ –æ–±—É—á–µ–Ω–∏—è –...

You may provide a definition with
\DeclareUnicodeCharacter 


! LaTeX Error: Unicode character —Å (U+0441)
               not set up for use with LaTeX.

See the LaTeX manual or LaTeX Companion for explanation.
Type  H <return>  for immediate help.
 ...                                              
                                                  
l.4 –í —Å
         –æ–≤—Ä–µ–º–µ–Ω–Ω–æ–º –º–∏—Ä–µ –º–∞—à–∏–Ω–Ω–æ–≥–æ –æ–±—É—á–µ–Ω–∏—è –...

You may provide a definition with
\DeclareUnicodeCharacter 


! LaTeX Error: Unicode character –æ (U+043E)
               not set up for use with LaTeX.

See the LaTeX manual or LaTeX Companion for explanation.
Type  H <return>  for immediate help.
 ...                                              
                                                  
l.4 –í —Å–æ
           –≤—Ä–µ–º–µ–Ω–Ω–æ–º –º–∏—Ä–µ –º–∞—à–∏–Ω–Ω–æ–≥–æ –æ–±—É—á–µ–Ω–∏—è –...

You may provide a definition with
\DeclareUnicodeCharacter 


! LaTeX Error: Unicode character –≤ (U+0432)
               not set up for use with LaTeX.

See the LaTeX manual or LaTeX Companion for explanation.
Type  H <return>  for immediate help.
 ...                                              
                                                  
l.4 –í —Å–æ–≤
             —Ä–µ–º–µ–Ω–Ω–æ–º –º–∏—Ä–µ –º–∞—à–∏–Ω–Ω–æ–≥–æ –æ–±—É—á–µ–Ω–∏—è –...

You may provide a definition with
\DeclareUnicodeCharacter 


! LaTeX Error: Unicode character —Ä (U+0440)
               not set up for use with LaTeX.

See the LaTeX manual or LaTeX Companion for explanation.
Type  H <return>  for immediate help.
 ...                                              
                                                  
l.4 –í —Å–æ–≤—Ä
               –µ–º–µ–Ω–Ω–æ–º –º–∏—Ä–µ –º–∞—à–∏–Ω–Ω–æ–≥–æ –æ–±—É—á–µ–Ω–∏—è –...

You may provide a definition with
\DeclareUnicodeCharacter 


! LaTeX Error: Unicode character –µ (U+0435)
               not set up for use with LaTeX.

See the LaTeX manual or LaTeX Companion for explanation.
Type  H <return>  for immediate help.
 ...                                              
                                                  
l.4 –í —Å–æ–≤—Ä–µ
                 –º–µ–Ω–Ω–æ–º –º–∏—Ä–µ –º–∞—à–∏–Ω–Ω–æ–≥–æ –æ–±—É—á–µ–Ω–∏—è –...

You may provide a definition with
\DeclareUnicodeCharacter 


! LaTeX Error: Unicode character –º (U+043C)
               not set up for use with LaTeX.

See the LaTeX manual or LaTeX Companion for explanation.
Type  H <return>  for immediate help.
 ...                                              
                                                  
l.4 –í —Å–æ–≤—Ä–µ–º
                   –µ–Ω–Ω–æ–º –º–∏—Ä–µ –º–∞—à–∏–Ω–Ω–æ–≥–æ –æ–±—É—á–µ–Ω–∏—è –...

You may provide a definition with
\DeclareUnicodeCharacter 


! LaTeX Error: Unicode character –µ (U+0435)
               not set up for use with LaTeX.

See the LaTeX manual or LaTeX Companion for explanation.
Type  H <return>  for immediate help.
 ...                                              
                                                  
l.4 –í —Å–æ–≤—Ä–µ–º–µ
                     –Ω–Ω–æ–º –º–∏—Ä–µ –º–∞—à–∏–Ω–Ω–æ–≥–æ –æ–±—É—á–µ–Ω–∏—è –...

You may provide a definition with
\DeclareUnicodeCharacter 


! LaTeX Error: Unicode character –Ω (U+043D)
               not set up for use with LaTeX.

See the LaTeX manual or LaTeX Companion for explanation.
Type  H <return>  for immediate help.
 ...                                              
                                                  
l.4 –í —Å–æ–≤—Ä–µ–º–µ–Ω
                       –Ω–æ–º –º–∏—Ä–µ –º–∞—à–∏–Ω–Ω–æ–≥–æ –æ–±—É—á–µ–Ω–∏—è –...

You may provide a definition with
\DeclareUnicodeCharacter 


! LaTeX Error: Unicode character –Ω (U+043D)
               not set up for use with LaTeX.

See the LaTeX manual or LaTeX Companion for explanation.
Type  H <return>  for immediate help.
 ...                                              
                                                  
l.4 –í —Å–æ–≤—Ä–µ–º–µ–Ω–Ω
                         –æ–º –º–∏—Ä–µ –º–∞—à–∏–Ω–Ω–æ–≥–æ –æ–±—É—á–µ–Ω–∏—è –...

You may provide a definition with
\DeclareUnicodeCharacter 


! LaTeX Error: Unicode character –æ (U+043E)
               not set up for use with LaTeX.

See the LaTeX manual or LaTeX Companion for explanation.
Type  H <return>  for immediate help.
 ...                                              
                                                  
l.4 –í —Å–æ–≤—Ä–µ–º–µ–Ω–Ω–æ
                           –º –º–∏—Ä–µ –º–∞—à–∏–Ω–Ω–æ–≥–æ –æ–±—É—á–µ–Ω–∏—è –...

You may provide a definition with
\DeclareUnicodeCharacter 


! LaTeX Error: Unicode character –º (U+043C)
               not set up for use with LaTeX.

See the LaTeX manual or LaTeX Companion for explanation.
Type  H <return>  for immediate help.
 ...                                              
                                                  
l.4 –í —Å–æ–≤—Ä–µ–º–µ–Ω–Ω–æ–º
                              –º–∏—Ä–µ –º–∞—à–∏–Ω–Ω–æ–≥–æ –æ–±—É—á–µ–Ω–∏—è –...

You may provide a definition with
\DeclareUnicodeCharacter 


! LaTeX Error: Unicode character –º (U+043C)
               not set up for use with LaTeX.

See the LaTeX manual or LaTeX Companion for explanation.
Type  H <return>  for immediate help.
 ...                                              
                                                  
l.4 –í —Å–æ–≤—Ä–µ–º–µ–Ω–Ω–æ–º –º
                                –∏—Ä–µ –º–∞—à–∏–Ω–Ω–æ–≥–æ –æ–±—É—á–µ–Ω–∏—è –...

You may provide a definition with
\DeclareUnicodeCharacter 


! LaTeX Error: Unicode character –∏ (U+0438)
               not set up for use with LaTeX.

See the LaTeX manual or LaTeX Companion for explanation.
Type  H <return>  for immediate help.
 ...                                              
                                                  
l.4 –í —Å–æ–≤—Ä–µ–º–µ–Ω–Ω–æ–º –º–∏
                                  —Ä–µ –º–∞—à–∏–Ω–Ω–æ–≥–æ –æ–±—É—á–µ–Ω–∏—è –...

You may provide a definition with
\DeclareUnicodeCharacter 


! LaTeX Error: Unicode character —Ä (U+0440)
               not set up for use with LaTeX.

See the LaTeX manual or LaTeX Companion for explanation.
Type  H <return>  for immediate help.
 ...                                              
                                                  
l.4 –í —Å–æ–≤—Ä–µ–º–µ–Ω–Ω–æ–º –º–∏—Ä
                                    –µ –º–∞—à–∏–Ω–Ω–æ–≥–æ –æ–±—É—á–µ–Ω–∏—è –...

You may provide a definition with
\DeclareUnicodeCharacter 


! LaTeX Error: Unicode character –µ (U+0435)
               not set up for use with LaTeX.

See the LaTeX manual or LaTeX Companion for explanation.
Type  H <return>  for immediate help.
 ...                                              
                                                  
l.4 –í —Å–æ–≤—Ä–µ–º–µ–Ω–Ω–æ–º –º–∏—Ä–µ
                                       –º–∞—à–∏–Ω–Ω–æ–≥–æ –æ–±—É—á–µ–Ω–∏—è –...

You may provide a definition with
\DeclareUnicodeCharacter 


! LaTeX Error: Unicode character –º (U+043C)
               not set up for use with LaTeX.

See the LaTeX manual or LaTeX Companion for explanation.
Type  H <return>  for immediate help.
 ...                                              
                                                  
l.4 –í —Å–æ–≤—Ä–µ–º–µ–Ω–Ω–æ–º –º–∏—Ä–µ –º
                                         –∞—à–∏–Ω–Ω–æ–≥–æ –æ–±—É—á–µ–Ω–∏—è –...

You may provide a definition with
\DeclareUnicodeCharacter 


! LaTeX Error: Unicode character –∞ (U+0430)
               not set up for use with LaTeX.

See the LaTeX manual or LaTeX Companion for explanation.
Type  H <return>  for immediate help.
 ...                                              
                                                  
l.4 –í —Å–æ–≤—Ä–µ–º–µ–Ω–Ω–æ–º –º–∏—Ä–µ –º–∞
                                           —à–∏–Ω–Ω–æ–≥–æ –æ–±—É—á–µ–Ω–∏—è –...

You may provide a definition with
\DeclareUnicodeCharacter 


! LaTeX Error: Unicode character —à (U+0448)
               not set up for use with LaTeX.

See the LaTeX manual or LaTeX Companion for explanation.
Type  H <return>  for immediate help.
 ...                                              
                                                  
l.4 –í —Å–æ–≤—Ä–µ–º–µ–Ω–Ω–æ–º –º–∏—Ä–µ –º–∞—à
                                             –∏–Ω–Ω–æ–≥–æ –æ–±—É—á–µ–Ω–∏—è –...

You may provide a definition with
\DeclareUnicodeCharacter 


! LaTeX Error: Unicode character –∏ (U+0438)
               not set up for use with LaTeX.

See the LaTeX manual or LaTeX Companion for explanation.
Type  H <return>  for immediate help.
 ...                                              
                                                  
l.4 –í —Å–æ–≤—Ä–µ–º–µ–Ω–Ω–æ–º –º–∏—Ä–µ –º–∞—à–∏
                                               –Ω–Ω–æ–≥–æ –æ–±—É—á–µ–Ω–∏—è –...

You may provide a definition with
\DeclareUnicodeCharacter 


! LaTeX Error: Unicode character –Ω (U+043D)
               not set up for use with LaTeX.

See the LaTeX manual or LaTeX Companion for explanation.
Type  H <return>  for immediate help.
 ...                                              
                                                  
l.4 –í —Å–æ–≤—Ä–µ–º–µ–Ω–Ω–æ–º –º–∏—Ä–µ –º–∞—à–∏–Ω
                                                 –Ω–æ–≥–æ –æ–±—É—á–µ–Ω–∏—è –...

You may provide a definition with
\DeclareUnicodeCharacter 


! LaTeX Error: Unicode character –Ω (U+043D)
               not set up for use with LaTeX.

See the LaTeX manual or LaTeX Companion for explanation.
Type  H <return>  for immediate help.
 ...                                              
                                                  
l.4 ...Å–æ–≤—Ä–µ–º–µ–Ω–Ω–æ–º –º–∏—Ä–µ –º–∞—à–∏–Ω–Ω
                                                  –æ–≥–æ –æ–±—É—á–µ–Ω–∏—è –∏...

You may provide a definition with
\DeclareUnicodeCharacter 


! LaTeX Error: Unicode character –æ (U+043E)
               not set up for use with LaTeX.

See the LaTeX manual or LaTeX Companion for explanation.
Type  H <return>  for immediate help.
 ...                                              
                                                  
l.4 ...æ–≤—Ä–µ–º–µ–Ω–Ω–æ–º –º–∏—Ä–µ –º–∞—à–∏–Ω–Ω–æ
                                                  –≥–æ –æ–±—É—á–µ–Ω–∏—è –∏ –...

You may provide a definition with
\DeclareUnicodeCharacter 


! LaTeX Error: Unicode character –≥ (U+0433)
               not set up for use with LaTeX.

See the LaTeX manual or LaTeX Companion for explanation.
Type  H <return>  for immediate help.
 ...                                              
                                                  
l.4 ...≤—Ä–µ–º–µ–Ω–Ω–æ–º –º–∏—Ä–µ –º–∞—à–∏–Ω–Ω–æ–≥
                                                  –æ –æ–±—É—á–µ–Ω–∏—è –∏ –∏—...

You may provide a definition with
\DeclareUnicodeCharacter 


! LaTeX Error: Unicode character –æ (U+043E)
               not set up for use with LaTeX.

See the LaTeX manual or LaTeX Companion for explanation.
Type  H <return>  for immediate help.
 ...                                              
                                                  
l.4 ...Ä–µ–º–µ–Ω–Ω–æ–º –º–∏—Ä–µ –º–∞—à–∏–Ω–Ω–æ–≥–æ
                                                   –æ–±—É—á–µ–Ω–∏—è –∏ –∏—Å–...

You may provide a definition with
\DeclareUnicodeCharacter 


! LaTeX Error: Unicode character –æ (U+043E)
               not set up for use with LaTeX.

See the LaTeX manual or LaTeX Companion for explanation.
Type  H <return>  for immediate help.
 ...                                              
                                                  
l.4 ...–º–µ–Ω–Ω–æ–º –º–∏—Ä–µ –º–∞—à–∏–Ω–Ω–æ–≥–æ –æ
                                                  –±—É—á–µ–Ω–∏—è –∏ –∏—Å–∫—É...

You may provide a definition with
\DeclareUnicodeCharacter 


! LaTeX Error: Unicode character –± (U+0431)
               not set up for use with LaTeX.

See the LaTeX manual or LaTeX Companion for explanation.
Type  H <return>  for immediate help.
 ...                                              
                                                  
l.4 ...–µ–Ω–Ω–æ–º –º–∏—Ä–µ –º–∞—à–∏–Ω–Ω–æ–≥–æ –æ–±
                                                  —É—á–µ–Ω–∏—è –∏ –∏—Å–∫—É—Å...

You may provide a definition with
\DeclareUnicodeCharacter 


! LaTeX Error: Unicode character —É (U+0443)
               not set up for use with LaTeX.

See the LaTeX manual or LaTeX Companion for explanation.
Type  H <return>  for immediate help.
 ...                                              
                                                  
l.4 ...–Ω–Ω–æ–º –º–∏—Ä–µ –º–∞—à–∏–Ω–Ω–æ–≥–æ –æ–±—É
                                                  —á–µ–Ω–∏—è –∏ –∏—Å–∫—É—Å—Å...

You may provide a definition with
\DeclareUnicodeCharacter 


! LaTeX Error: Unicode character —á (U+0447)
               not set up for use with LaTeX.

See the LaTeX manual or LaTeX Companion for explanation.
Type  H <return>  for immediate help.
 ...                                              
                                                  
l.4 ...–Ω–æ–º –º–∏—Ä–µ –º–∞—à–∏–Ω–Ω–æ–≥–æ –æ–±—É—á
                                                  –µ–Ω–∏—è –∏ –∏—Å–∫—É—Å—Å—Ç...

You may provide a definition with
\DeclareUnicodeCharacter 


! LaTeX Error: Unicode character –µ (U+0435)
               not set up for use with LaTeX.

See the LaTeX manual or LaTeX Companion for explanation.
Type  H <return>  for immediate help.
 ...                                              
                                                  
l.4 ...–æ–º –º–∏—Ä–µ –º–∞—à–∏–Ω–Ω–æ–≥–æ –æ–±—É—á–µ
                                                  –Ω–∏—è –∏ –∏—Å–∫—É—Å—Å—Ç–≤...

You may provide a definition with
\DeclareUnicodeCharacter 


! LaTeX Error: Unicode character –Ω (U+043D)
               not set up for use with LaTeX.

See the LaTeX manual or LaTeX Companion for explanation.
Type  H <return>  for immediate help.
 ...                                              
                                                  
l.4 ...–º –º–∏—Ä–µ –º–∞—à–∏–Ω–Ω–æ–≥–æ –æ–±—É—á–µ–Ω
                                                  –∏—è –∏ –∏—Å–∫—É—Å—Å—Ç–≤–µ...

You may provide a definition with
\DeclareUnicodeCharacter 


! LaTeX Error: Unicode character –∏ (U+0438)
               not set up for use with LaTeX.

See the LaTeX manual or LaTeX Companion for explanation.
Type  H <return>  for immediate help.
 ...                                              
                                                  
l.4 ... –º–∏—Ä–µ –º–∞—à–∏–Ω–Ω–æ–≥–æ –æ–±—É—á–µ–Ω–∏
                                                  —è –∏ –∏—Å–∫—É—Å—Å—Ç–≤–µ–Ω...

You may provide a definition with
\DeclareUnicodeCharacter 


! LaTeX Error: Unicode character —è (U+044F)
               not set up for use with LaTeX.

See the LaTeX manual or LaTeX Companion for explanation.
Type  H <return>  for immediate help.
 ...                                              
                                                  
l.4 ...º–∏—Ä–µ –º–∞—à–∏–Ω–Ω–æ–≥–æ –æ–±—É—á–µ–Ω–∏—è
                                                   –∏ –∏—Å–∫—É—Å—Å—Ç–≤–µ–Ω–Ω...

You may provide a definition with
\DeclareUnicodeCharacter 


! LaTeX Error: Unicode character –∏ (U+0438)
               not set up for use with LaTeX.

See the LaTeX manual or LaTeX Companion for explanation.
Type  H <return>  for immediate help.
 ...                                              
                                                  
l.4 ...—Ä–µ –º–∞—à–∏–Ω–Ω–æ–≥–æ –æ–±—É—á–µ–Ω–∏—è –∏
                                                   –∏—Å–∫—É—Å—Å—Ç–≤–µ–Ω–Ω–æ–...

You may provide a definition with
\DeclareUnicodeCharacter 


! LaTeX Error: Unicode character –∏ (U+0438)
               not set up for use with LaTeX.

See the LaTeX manual or LaTeX Companion for explanation.
Type  H <return>  for immediate help.
 ...                                              
                                                  
l.4 ...µ –º–∞—à–∏–Ω–Ω–æ–≥–æ –æ–±—É—á–µ–Ω–∏—è –∏ –∏
                                                  —Å–∫—É—Å—Å—Ç–≤–µ–Ω–Ω–æ–≥–æ...

You may provide a definition with
\DeclareUnicodeCharacter 


! LaTeX Error: Unicode character —Å (U+0441)
               not set up for use with LaTeX.

See the LaTeX manual or LaTeX Companion for explanation.
Type  H <return>  for immediate help.
 ...                                              
                                                  
l.4 ...–º–∞—à–∏–Ω–Ω–æ–≥–æ –æ–±—É—á–µ–Ω–∏—è –∏ –∏—Å
                                                  –∫—É—Å—Å—Ç–≤–µ–Ω–Ω–æ–≥–æ –...

You may provide a definition with
\DeclareUnicodeCharacter 


! LaTeX Error: Unicode character –∫ (U+043A)
               not set up for use with LaTeX.

See the LaTeX manual or LaTeX Companion for explanation.
Type  H <return>  for immediate help.
 ...                                              
                                                  
l.4 ...–∞—à–∏–Ω–Ω–æ–≥–æ –æ–±—É—á–µ–Ω–∏—è –∏ –∏—Å–∫
                                                  —É—Å—Å—Ç–≤–µ–Ω–Ω–æ–≥–æ –∏–...

You may provide a definition with
\DeclareUnicodeCharacter 


! LaTeX Error: Unicode character —É (U+0443)
               not set up for use with LaTeX.

See the LaTeX manual or LaTeX Companion for explanation.
Type  H <return>  for immediate help.
 ...                                              
                                                  
l.4 ...—à–∏–Ω–Ω–æ–≥–æ –æ–±—É—á–µ–Ω–∏—è –∏ –∏—Å–∫—É
                                                  —Å—Å—Ç–≤–µ–Ω–Ω–æ–≥–æ –∏–Ω—...

You may provide a definition with
\DeclareUnicodeCharacter 


! LaTeX Error: Unicode character —Å (U+0441)
               not set up for use with LaTeX.

See the LaTeX manual or LaTeX Companion for explanation.
Type  H <return>  for immediate help.
 ...                                              
                                                  
l.4 ...–∏–Ω–Ω–æ–≥–æ –æ–±—É—á–µ–Ω–∏—è –∏ –∏—Å–∫—É—Å
                                                  —Å—Ç–≤–µ–Ω–Ω–æ–≥–æ –∏–Ω—Ç–...

You may provide a definition with
\DeclareUnicodeCharacter 


! LaTeX Error: Unicode character —Å (U+0441)
               not set up for use with LaTeX.

See the LaTeX manual or LaTeX Companion for explanation.
Type  H <return>  for immediate help.
 ...                                              
                                                  
l.4 ...–Ω–Ω–æ–≥–æ –æ–±—É—á–µ–Ω–∏—è –∏ –∏—Å–∫—É—Å—Å
                                                  —Ç–≤–µ–Ω–Ω–æ–≥–æ –∏–Ω—Ç–µ–...

You may provide a definition with
\DeclareUnicodeCharacter 


! LaTeX Error: Unicode character —Ç (U+0442)
               not set up for use with LaTeX.

See the LaTeX manual or LaTeX Companion for explanation.
Type  H <return>  for immediate help.
 ...                                              
                                                  
l.4 ...–Ω–æ–≥–æ –æ–±—É—á–µ–Ω–∏—è –∏ –∏—Å–∫—É—Å—Å—Ç
                                                  –≤–µ–Ω–Ω–æ–≥–æ –∏–Ω—Ç–µ–ª–...

You may provide a definition with
\DeclareUnicodeCharacter 


! LaTeX Error: Unicode character –≤ (U+0432)
               not set up for use with LaTeX.

See the LaTeX manual or LaTeX Companion for explanation.
Type  H <return>  for immediate help.
 ...                                              
                                                  
l.4 ...–æ–≥–æ –æ–±—É—á–µ–Ω–∏—è –∏ –∏—Å–∫—É—Å—Å—Ç–≤
                                                  –µ–Ω–Ω–æ–≥–æ –∏–Ω—Ç–µ–ª–ª–...

You may provide a definition with
\DeclareUnicodeCharacter 


! LaTeX Error: Unicode character –µ (U+0435)
               not set up for use with LaTeX.

See the LaTeX manual or LaTeX Companion for explanation.
Type  H <return>  for immediate help.
 ...                                              
                                                  
l.4 ...–≥–æ –æ–±—É—á–µ–Ω–∏—è –∏ –∏—Å–∫—É—Å—Å—Ç–≤–µ
                                                  –Ω–Ω–æ–≥–æ –∏–Ω—Ç–µ–ª–ª–µ–...

You may provide a definition with
\DeclareUnicodeCharacter 


! LaTeX Error: Unicode character –Ω (U+043D)
               not set up for use with LaTeX.

See the LaTeX manual or LaTeX Companion for explanation.
Type  H <return>  for immediate help.
 ...                                              
                                                  
l.4 ...–æ –æ–±—É—á–µ–Ω–∏—è –∏ –∏—Å–∫—É—Å—Å—Ç–≤–µ–Ω
                                                  –Ω–æ–≥–æ –∏–Ω—Ç–µ–ª–ª–µ–∫—...

You may provide a definition with
\DeclareUnicodeCharacter 


! LaTeX Error: Unicode character –Ω (U+043D)
               not set up for use with LaTeX.

See the LaTeX manual or LaTeX Companion for explanation.
Type  H <return>  for immediate help.
 ...                                              
                                                  
l.4 ... –æ–±—É—á–µ–Ω–∏—è –∏ –∏—Å–∫—É—Å—Å—Ç–≤–µ–Ω–Ω
                                                  –æ–≥–æ –∏–Ω—Ç–µ–ª–ª–µ–∫—Ç–...

You may provide a definition with
\DeclareUnicodeCharacter 


! LaTeX Error: Unicode character –æ (U+043E)
               not set up for use with LaTeX.

See the LaTeX manual or LaTeX Companion for explanation.
Type  H <return>  for immediate help.
 ...                                              
                                                  
l.4 ...æ–±—É—á–µ–Ω–∏—è –∏ –∏—Å–∫—É—Å—Å—Ç–≤–µ–Ω–Ω–æ
                                                  –≥–æ –∏–Ω—Ç–µ–ª–ª–µ–∫—Ç–∞ ...

You may provide a definition with
\DeclareUnicodeCharacter 


! LaTeX Error: Unicode character –≥ (U+0433)
               not set up for use with LaTeX.

See the LaTeX manual or LaTeX Companion for explanation.
Type  H <return>  for immediate help.
 ...                                              
                                                  
l.4 ...±—É—á–µ–Ω–∏—è –∏ –∏—Å–∫—É—Å—Å—Ç–≤–µ–Ω–Ω–æ–≥
                                                  –æ –∏–Ω—Ç–µ–ª–ª–µ–∫—Ç–∞ —Å...

You may provide a definition with
\DeclareUnicodeCharacter 


! LaTeX Error: Unicode character –æ (U+043E)
               not set up for use with LaTeX.

See the LaTeX manual or LaTeX Companion for explanation.
Type  H <return>  for immediate help.
 ...                                              
                                                  
l.4 ...É—á–µ–Ω–∏—è –∏ –∏—Å–∫—É—Å—Å—Ç–≤–µ–Ω–Ω–æ–≥–æ
                                                   –∏–Ω—Ç–µ–ª–ª–µ–∫—Ç–∞ —Å–ø...

You may provide a definition with
\DeclareUnicodeCharacter 


! LaTeX Error: Unicode character –∏ (U+0438)
               not set up for use with LaTeX.

See the LaTeX manual or LaTeX Companion for explanation.
Type  H <return>  for immediate help.
 ...                                              
                                                  
l.4 ...–µ–Ω–∏—è –∏ –∏—Å–∫—É—Å—Å—Ç–≤–µ–Ω–Ω–æ–≥–æ –∏
                                                  –Ω—Ç–µ–ª–ª–µ–∫—Ç–∞ —Å–ø–æ—...

You may provide a definition with
\DeclareUnicodeCharacter 


! LaTeX Error: Unicode character –Ω (U+043D)
               not set up for use with LaTeX.

See the LaTeX manual or LaTeX Companion for explanation.
Type  H <return>  for immediate help.
 ...                                              
                                                  
l.4 ...–Ω–∏—è –∏ –∏—Å–∫—É—Å—Å—Ç–≤–µ–Ω–Ω–æ–≥–æ –∏–Ω
                                                  —Ç–µ–ª–ª–µ–∫—Ç–∞ —Å–ø–æ—Å–...

You may provide a definition with
\DeclareUnicodeCharacter 


! LaTeX Error: Unicode character —Ç (U+0442)
               not set up for use with LaTeX.

See the LaTeX manual or LaTeX Companion for explanation.
Type  H <return>  for immediate help.
 ...                                              
                                                  
l.4 ...–∏—è –∏ –∏—Å–∫—É—Å—Å—Ç–≤–µ–Ω–Ω–æ–≥–æ –∏–Ω—Ç
                                                  –µ–ª–ª–µ–∫—Ç–∞ —Å–ø–æ—Å–æ–...

You may provide a definition with
\DeclareUnicodeCharacter 


! LaTeX Error: Unicode character –µ (U+0435)
               not set up for use with LaTeX.

See the LaTeX manual or LaTeX Companion for explanation.
Type  H <return>  for immediate help.
 ...                                              
                                                  
l.4 ...—è –∏ –∏—Å–∫—É—Å—Å—Ç–≤–µ–Ω–Ω–æ–≥–æ –∏–Ω—Ç–µ
                                                  –ª–ª–µ–∫—Ç–∞ —Å–ø–æ—Å–æ–±–...

You may provide a definition with
\DeclareUnicodeCharacter 


! LaTeX Error: Unicode character –ª (U+043B)
               not set up for use with LaTeX.

See the LaTeX manual or LaTeX Companion for explanation.
Type  H <return>  for immediate help.
 ...                                              
                                                  
l.4 ... –∏ –∏—Å–∫—É—Å—Å—Ç–≤–µ–Ω–Ω–æ–≥–æ –∏–Ω—Ç–µ–ª
                                                  –ª–µ–∫—Ç–∞ —Å–ø–æ—Å–æ–±–Ω–...

You may provide a definition with
\DeclareUnicodeCharacter 


! LaTeX Error: Unicode character –ª (U+043B)
               not set up for use with LaTeX.

See the LaTeX manual or LaTeX Companion for explanation.
Type  H <return>  for immediate help.
 ...                                              
                                                  
l.4 ...∏ –∏—Å–∫—É—Å—Å—Ç–≤–µ–Ω–Ω–æ–≥–æ –∏–Ω—Ç–µ–ª–ª
                                                  –µ–∫—Ç–∞ —Å–ø–æ—Å–æ–±–Ω–æ—...

You may provide a definition with
\DeclareUnicodeCharacter 


! LaTeX Error: Unicode character –µ (U+0435)
               not set up for use with LaTeX.

See the LaTeX manual or LaTeX Companion for explanation.
Type  H <return>  for immediate help.
 ...                                              
                                                  
l.4 ...–∏—Å–∫—É—Å—Å—Ç–≤–µ–Ω–Ω–æ–≥–æ –∏–Ω—Ç–µ–ª–ª–µ
                                                  –∫—Ç–∞ —Å–ø–æ—Å–æ–±–Ω–æ—Å—...

You may provide a definition with
\DeclareUnicodeCharacter 


! LaTeX Error: Unicode character –∫ (U+043A)
               not set up for use with LaTeX.

See the LaTeX manual or LaTeX Companion for explanation.
Type  H <return>  for immediate help.
 ...                                              
                                                  
l.4 ...—Å–∫—É—Å—Å—Ç–≤–µ–Ω–Ω–æ–≥–æ –∏–Ω—Ç–µ–ª–ª–µ–∫
                                                  —Ç–∞ —Å–ø–æ—Å–æ–±–Ω–æ—Å—Ç—...

You may provide a definition with
\DeclareUnicodeCharacter 


! LaTeX Error: Unicode character —Ç (U+0442)
               not set up for use with LaTeX.

See the LaTeX manual or LaTeX Companion for explanation.
Type  H <return>  for immediate help.
 ...                                              
                                                  
l.4 ...–∫—É—Å—Å—Ç–≤–µ–Ω–Ω–æ–≥–æ –∏–Ω—Ç–µ–ª–ª–µ–∫—Ç
                                                  –∞ —Å–ø–æ—Å–æ–±–Ω–æ—Å—Ç—å ...

You may provide a definition with
\DeclareUnicodeCharacter 


! LaTeX Error: Unicode character –∞ (U+0430)
               not set up for use with LaTeX.

See the LaTeX manual or LaTeX Companion for explanation.
Type  H <return>  for immediate help.
 ...                                              
                                                  
l.4 ...—É—Å—Å—Ç–≤–µ–Ω–Ω–æ–≥–æ –∏–Ω—Ç–µ–ª–ª–µ–∫—Ç–∞
                                                   —Å–ø–æ—Å–æ–±–Ω–æ—Å—Ç—å –º...

You may provide a definition with
\DeclareUnicodeCharacter 


! LaTeX Error: Unicode character —Å (U+0441)
               not set up for use with LaTeX.

See the LaTeX manual or LaTeX Companion for explanation.
Type  H <return>  for immediate help.
 ...                                              
                                                  
l.4 ...Å—Å—Ç–≤–µ–Ω–Ω–æ–≥–æ –∏–Ω—Ç–µ–ª–ª–µ–∫—Ç–∞ —Å
                                                  –ø–æ—Å–æ–±–Ω–æ—Å—Ç—å –º–æ–...

You may provide a definition with
\DeclareUnicodeCharacter 


! LaTeX Error: Unicode character –ø (U+043F)
               not set up for use with LaTeX.

See the LaTeX manual or LaTeX Companion for explanation.
Type  H <return>  for immediate help.
 ...                                              
                                                  
l.4 ...Å—Ç–≤–µ–Ω–Ω–æ–≥–æ –∏–Ω—Ç–µ–ª–ª–µ–∫—Ç–∞ —Å–ø
                                                  –æ—Å–æ–±–Ω–æ—Å—Ç—å –º–æ–¥–...

You may provide a definition with
\DeclareUnicodeCharacter 


! LaTeX Error: Unicode character –æ (U+043E)
               not set up for use with LaTeX.

See the LaTeX manual or LaTeX Companion for explanation.
Type  H <return>  for immediate help.
 ...                                              
                                                  
l.4 ...Ç–≤–µ–Ω–Ω–æ–≥–æ –∏–Ω—Ç–µ–ª–ª–µ–∫—Ç–∞ —Å–ø–æ
                                                  —Å–æ–±–Ω–æ—Å—Ç—å –º–æ–¥–µ–...

You may provide a definition with
\DeclareUnicodeCharacter 


! LaTeX Error: Unicode character —Å (U+0441)
               not set up for use with LaTeX.

See the LaTeX manual or LaTeX Companion for explanation.
Type  H <return>  for immediate help.
 ...                                              
                                                  
l.4 ...≤–µ–Ω–Ω–æ–≥–æ –∏–Ω—Ç–µ–ª–ª–µ–∫—Ç–∞ —Å–ø–æ—Å
                                                  –æ–±–Ω–æ—Å—Ç—å –º–æ–¥–µ–ª–...

You may provide a definition with
\DeclareUnicodeCharacter 


! LaTeX Error: Unicode character –æ (U+043E)
               not set up for use with LaTeX.

See the LaTeX manual or LaTeX Companion for explanation.
Type  H <return>  for immediate help.
 ...                                              
                                                  
l.4 ...µ–Ω–Ω–æ–≥–æ –∏–Ω—Ç–µ–ª–ª–µ–∫—Ç–∞ —Å–ø–æ—Å–æ
                                                  –±–Ω–æ—Å—Ç—å –º–æ–¥–µ–ª–µ–...

You may provide a definition with
\DeclareUnicodeCharacter 


! LaTeX Error: Unicode character –± (U+0431)
               not set up for use with LaTeX.

See the LaTeX manual or LaTeX Companion for explanation.
Type  H <return>  for immediate help.
 ...                                              
                                                  
l.4 ...Ω–Ω–æ–≥–æ –∏–Ω—Ç–µ–ª–ª–µ–∫—Ç–∞ —Å–ø–æ—Å–æ–±
                                                  –Ω–æ—Å—Ç—å –º–æ–¥–µ–ª–µ–π ...

You may provide a definition with
\DeclareUnicodeCharacter 


! LaTeX Error: Unicode character –Ω (U+043D)
               not set up for use with LaTeX.

See the LaTeX manual or LaTeX Companion for explanation.
Type  H <return>  for immediate help.
 ...                                              
                                                  
l.4 ...Ω–æ–≥–æ –∏–Ω—Ç–µ–ª–ª–µ–∫—Ç–∞ —Å–ø–æ—Å–æ–±–Ω
                                                  –æ—Å—Ç—å –º–æ–¥–µ–ª–µ–π –∞...

You may provide a definition with
\DeclareUnicodeCharacter 


! LaTeX Error: Unicode character –æ (U+043E)
               not set up for use with LaTeX.

See the LaTeX manual or LaTeX Companion for explanation.
Type  H <return>  for immediate help.
 ...                                              
                                                  
l.4 ...æ–≥–æ –∏–Ω—Ç–µ–ª–ª–µ–∫—Ç–∞ —Å–ø–æ—Å–æ–±–Ω–æ
                                                  —Å—Ç—å –º–æ–¥–µ–ª–µ–π –∞–¥...

You may provide a definition with
\DeclareUnicodeCharacter 


! LaTeX Error: Unicode character —Å (U+0441)
               not set up for use with LaTeX.

See the LaTeX manual or LaTeX Companion for explanation.
Type  H <return>  for immediate help.
 ...                                              
                                                  
l.4 ...≥–æ –∏–Ω—Ç–µ–ª–ª–µ–∫—Ç–∞ —Å–ø–æ—Å–æ–±–Ω–æ—Å
                                                  —Ç—å –º–æ–¥–µ–ª–µ–π –∞–¥–∞...

You may provide a definition with
\DeclareUnicodeCharacter 


! LaTeX Error: Unicode character —Ç (U+0442)
               not set up for use with LaTeX.

See the LaTeX manual or LaTeX Companion for explanation.
Type  H <return>  for immediate help.
 ...                                              
                                                  
l.4 ...æ –∏–Ω—Ç–µ–ª–ª–µ–∫—Ç–∞ —Å–ø–æ—Å–æ–±–Ω–æ—Å—Ç
                                                  —å –º–æ–¥–µ–ª–µ–π –∞–¥–∞–ø...

You may provide a definition with
\DeclareUnicodeCharacter 


! LaTeX Error: Unicode character —å (U+044C)
               not set up for use with LaTeX.

See the LaTeX manual or LaTeX Companion for explanation.
Type  H <return>  for immediate help.
 ...                                              
                                                  
l.4 ...–∏–Ω—Ç–µ–ª–ª–µ–∫—Ç–∞ —Å–ø–æ—Å–æ–±–Ω–æ—Å—Ç—å
                                                   –º–æ–¥–µ–ª–µ–π –∞–¥–∞–ø—Ç...

You may provide a definition with
\DeclareUnicodeCharacter 


! LaTeX Error: Unicode character –º (U+043C)
               not set up for use with LaTeX.

See the LaTeX manual or LaTeX Companion for explanation.
Type  H <return>  for immediate help.
 ...                                              
                                                  
l.4 ...Ω—Ç–µ–ª–ª–µ–∫—Ç–∞ —Å–ø–æ—Å–æ–±–Ω–æ—Å—Ç—å –º
                                                  –æ–¥–µ–ª–µ–π –∞–¥–∞–ø—Ç–∏—...

You may provide a definition with
\DeclareUnicodeCharacter 


! LaTeX Error: Unicode character –æ (U+043E)
               not set up for use with LaTeX.

See the LaTeX manual or LaTeX Companion for explanation.
Type  H <return>  for immediate help.
 ...                                              
                                                  
l.4 ...Ç–µ–ª–ª–µ–∫—Ç–∞ —Å–ø–æ—Å–æ–±–Ω–æ—Å—Ç—å –º–æ
                                                  –¥–µ–ª–µ–π –∞–¥–∞–ø—Ç–∏—Ä–...

You may provide a definition with
\DeclareUnicodeCharacter 


! LaTeX Error: Unicode character –¥ (U+0434)
               not set up for use with LaTeX.

See the LaTeX manual or LaTeX Companion for explanation.
Type  H <return>  for immediate help.
 ...                                              
                                                  
l.4 ...µ–ª–ª–µ–∫—Ç–∞ —Å–ø–æ—Å–æ–±–Ω–æ—Å—Ç—å –º–æ–¥
                                                  –µ–ª–µ–π –∞–¥–∞–ø—Ç–∏—Ä–æ–...

You may provide a definition with
\DeclareUnicodeCharacter 


! LaTeX Error: Unicode character –µ (U+0435)
               not set up for use with LaTeX.

See the LaTeX manual or LaTeX Companion for explanation.
Type  H <return>  for immediate help.
 ...                                              
                                                  
l.4 ...ª–ª–µ–∫—Ç–∞ —Å–ø–æ—Å–æ–±–Ω–æ—Å—Ç—å –º–æ–¥–µ
                                                  –ª–µ–π –∞–¥–∞–ø—Ç–∏—Ä–æ–≤–...

You may provide a definition with
\DeclareUnicodeCharacter 


! LaTeX Error: Unicode character –ª (U+043B)
               not set up for use with LaTeX.

See the LaTeX manual or LaTeX Companion for explanation.
Type  H <return>  for immediate help.
 ...                                              
                                                  
l.4 ...ª–µ–∫—Ç–∞ —Å–ø–æ—Å–æ–±–Ω–æ—Å—Ç—å –º–æ–¥–µ–ª
                                                  –µ–π –∞–¥–∞–ø—Ç–∏—Ä–æ–≤–∞—...

You may provide a definition with
\DeclareUnicodeCharacter 


! LaTeX Error: Unicode character –µ (U+0435)
               not set up for use with LaTeX.

See the LaTeX manual or LaTeX Companion for explanation.
Type  H <return>  for immediate help.
 ...                                              
                                                  
l.4 ...µ–∫—Ç–∞ —Å–ø–æ—Å–æ–±–Ω–æ—Å—Ç—å –º–æ–¥–µ–ª–µ
                                                  –π –∞–¥–∞–ø—Ç–∏—Ä–æ–≤–∞—Ç—...

You may provide a definition with
\DeclareUnicodeCharacter 


! LaTeX Error: Unicode character –π (U+0439)
               not set up for use with LaTeX.

See the LaTeX manual or LaTeX Companion for explanation.
Type  H <return>  for immediate help.
 ...                                              
                                                  
l.4 ...∫—Ç–∞ —Å–ø–æ—Å–æ–±–Ω–æ—Å—Ç—å –º–æ–¥–µ–ª–µ–π
                                                   –∞–¥–∞–ø—Ç–∏—Ä–æ–≤–∞—Ç—å—...

You may provide a definition with
\DeclareUnicodeCharacter 


! LaTeX Error: Unicode character –∞ (U+0430)
               not set up for use with LaTeX.

See the LaTeX manual or LaTeX Companion for explanation.
Type  H <return>  for immediate help.
 ...                                              
                                                  
l.4 ...–∞ —Å–ø–æ—Å–æ–±–Ω–æ—Å—Ç—å –º–æ–¥–µ–ª–µ–π –∞
                                                  –¥–∞–ø—Ç–∏—Ä–æ–≤–∞—Ç—å—Å—è...

You may provide a definition with
\DeclareUnicodeCharacter 


! LaTeX Error: Unicode character –¥ (U+0434)
               not set up for use with LaTeX.

See the LaTeX manual or LaTeX Companion for explanation.
Type  H <return>  for immediate help.
 ...                                              
                                                  
l.4 ... —Å–ø–æ—Å–æ–±–Ω–æ—Å—Ç—å –º–æ–¥–µ–ª–µ–π –∞–¥
                                                  –∞–ø—Ç–∏—Ä–æ–≤–∞—Ç—å—Å—è –...

You may provide a definition with
\DeclareUnicodeCharacter 


! LaTeX Error: Unicode character –∞ (U+0430)
               not set up for use with LaTeX.

See the LaTeX manual or LaTeX Companion for explanation.
Type  H <return>  for immediate help.
 ...                                              
                                                  
l.4 ...Å–ø–æ—Å–æ–±–Ω–æ—Å—Ç—å –º–æ–¥–µ–ª–µ–π –∞–¥–∞
                                                  –ø—Ç–∏—Ä–æ–≤–∞—Ç—å—Å—è –∫ ...

You may provide a definition with
\DeclareUnicodeCharacter 


! LaTeX Error: Unicode character –ø (U+043F)
               not set up for use with LaTeX.

See the LaTeX manual or LaTeX Companion for explanation.
Type  H <return>  for immediate help.
 ...                                              
                                                  
l.4 ...ø–æ—Å–æ–±–Ω–æ—Å—Ç—å –º–æ–¥–µ–ª–µ–π –∞–¥–∞–ø
                                                  —Ç–∏—Ä–æ–≤–∞—Ç—å—Å—è –∫ –Ω...

You may provide a definition with
\DeclareUnicodeCharacter 


! LaTeX Error: Unicode character —Ç (U+0442)
               not set up for use with LaTeX.

See the LaTeX manual or LaTeX Companion for explanation.
Type  H <return>  for immediate help.
 ...                                              
                                                  
l.4 ...æ—Å–æ–±–Ω–æ—Å—Ç—å –º–æ–¥–µ–ª–µ–π –∞–¥–∞–ø—Ç
                                                  –∏—Ä–æ–≤–∞—Ç—å—Å—è –∫ –Ω–æ...

You may provide a definition with
\DeclareUnicodeCharacter 


! LaTeX Error: Unicode character –∏ (U+0438)
               not set up for use with LaTeX.

See the LaTeX manual or LaTeX Companion for explanation.
Type  H <return>  for immediate help.
 ...                                              
                                                  
l.4 ...Å–æ–±–Ω–æ—Å—Ç—å –º–æ–¥–µ–ª–µ–π –∞–¥–∞–ø—Ç–∏
                                                  —Ä–æ–≤–∞—Ç—å—Å—è –∫ –Ω–æ–≤...

You may provide a definition with
\DeclareUnicodeCharacter 


! LaTeX Error: Unicode character —Ä (U+0440)
               not set up for use with LaTeX.

See the LaTeX manual or LaTeX Companion for explanation.
Type  H <return>  for immediate help.
 ...                                              
                                                  
l.4 ...æ–±–Ω–æ—Å—Ç—å –º–æ–¥–µ–ª–µ–π –∞–¥–∞–ø—Ç–∏—Ä
                                                  –æ–≤–∞—Ç—å—Å—è –∫ –Ω–æ–≤—ã...

You may provide a definition with
\DeclareUnicodeCharacter 


! LaTeX Error: Unicode character –æ (U+043E)
               not set up for use with LaTeX.

See the LaTeX manual or LaTeX Companion for explanation.
Type  H <return>  for immediate help.
 ...                                              
                                                  
l.4 ...±–Ω–æ—Å—Ç—å –º–æ–¥–µ–ª–µ–π –∞–¥–∞–ø—Ç–∏—Ä–æ
                                                  –≤–∞—Ç—å—Å—è –∫ –Ω–æ–≤—ã–º...

You may provide a definition with
\DeclareUnicodeCharacter 


! LaTeX Error: Unicode character –≤ (U+0432)
               not set up for use with LaTeX.

See the LaTeX manual or LaTeX Companion for explanation.
Type  H <return>  for immediate help.
 ...                                              
                                                  
l.4 ...Ω–æ—Å—Ç—å –º–æ–¥–µ–ª–µ–π –∞–¥–∞–ø—Ç–∏—Ä–æ–≤
                                                  –∞—Ç—å—Å—è –∫ –Ω–æ–≤—ã–º —...

You may provide a definition with
\DeclareUnicodeCharacter 


! LaTeX Error: Unicode character –∞ (U+0430)
               not set up for use with LaTeX.

See the LaTeX manual or LaTeX Companion for explanation.
Type  H <return>  for immediate help.
 ...                                              
                                                  
l.4 ...æ—Å—Ç—å –º–æ–¥–µ–ª–µ–π –∞–¥–∞–ø—Ç–∏—Ä–æ–≤–∞
                                                  —Ç—å—Å—è –∫ –Ω–æ–≤—ã–º —É—...

You may provide a definition with
\DeclareUnicodeCharacter 


! LaTeX Error: Unicode character —Ç (U+0442)
               not set up for use with LaTeX.

See the LaTeX manual or LaTeX Companion for explanation.
Type  H <return>  for immediate help.
 ...                                              
                                                  
l.4 ...Å—Ç—å –º–æ–¥–µ–ª–µ–π –∞–¥–∞–ø—Ç–∏—Ä–æ–≤–∞—Ç
                                                  —å—Å—è –∫ –Ω–æ–≤—ã–º —É—Å–...

You may provide a definition with
\DeclareUnicodeCharacter 


! LaTeX Error: Unicode character —å (U+044C)
               not set up for use with LaTeX.

See the LaTeX manual or LaTeX Companion for explanation.
Type  H <return>  for immediate help.
 ...                                              
                                                  
l.4 ...Ç—å –º–æ–¥–µ–ª–µ–π –∞–¥–∞–ø—Ç–∏—Ä–æ–≤–∞—Ç—å
                                                  —Å—è –∫ –Ω–æ–≤—ã–º —É—Å–ª–...

You may provide a definition with
\DeclareUnicodeCharacter 


! LaTeX Error: Unicode character —Å (U+0441)
               not set up for use with LaTeX.

See the LaTeX manual or LaTeX Companion for explanation.
Type  H <return>  for immediate help.
 ...                                              
                                                  
l.4 ...å –º–æ–¥–µ–ª–µ–π –∞–¥–∞–ø—Ç–∏—Ä–æ–≤–∞—Ç—å—Å
                                                  —è –∫ –Ω–æ–≤—ã–º —É—Å–ª–æ–...

You may provide a definition with
\DeclareUnicodeCharacter 


! LaTeX Error: Unicode character —è (U+044F)
               not set up for use with LaTeX.

See the LaTeX manual or LaTeX Companion for explanation.
Type  H <return>  for immediate help.
 ...                                              
                                                  
l.4 ...–º–æ–¥–µ–ª–µ–π –∞–¥–∞–ø—Ç–∏—Ä–æ–≤–∞—Ç—å—Å—è
                                                   –∫ –Ω–æ–≤—ã–º —É—Å–ª–æ–≤–...

You may provide a definition with
\DeclareUnicodeCharacter 


! LaTeX Error: Unicode character –∫ (U+043A)
               not set up for use with LaTeX.

See the LaTeX manual or LaTeX Companion for explanation.
Type  H <return>  for immediate help.
 ...                                              
                                                  
l.4 ...æ–¥–µ–ª–µ–π –∞–¥–∞–ø—Ç–∏—Ä–æ–≤–∞—Ç—å—Å—è –∫
                                                   –Ω–æ–≤—ã–º —É—Å–ª–æ–≤–∏—è...

You may provide a definition with
\DeclareUnicodeCharacter 


! LaTeX Error: Unicode character –Ω (U+043D)
               not set up for use with LaTeX.

See the LaTeX manual or LaTeX Companion for explanation.
Type  H <return>  for immediate help.
 ...                                              
                                                  
l.4 ...–µ–ª–µ–π –∞–¥–∞–ø—Ç–∏—Ä–æ–≤–∞—Ç—å—Å—è –∫ –Ω
                                                  –æ–≤—ã–º —É—Å–ª–æ–≤–∏—è–º ...

You may provide a definition with
\DeclareUnicodeCharacter 


! LaTeX Error: Unicode character –æ (U+043E)
               not set up for use with LaTeX.

See the LaTeX manual or LaTeX Companion for explanation.
Type  H <return>  for immediate help.
 ...                                              
                                                  
l.4 ...–ª–µ–π –∞–¥–∞–ø—Ç–∏—Ä–æ–≤–∞—Ç—å—Å—è –∫ –Ω–æ
                                                  –≤—ã–º —É—Å–ª–æ–≤–∏—è–º –∏...

You may provide a definition with
\DeclareUnicodeCharacter 


! LaTeX Error: Unicode character –≤ (U+0432)
               not set up for use with LaTeX.

See the LaTeX manual or LaTeX Companion for explanation.
Type  H <return>  for immediate help.
 ...                                              
                                                  
l.4 ...–µ–π –∞–¥–∞–ø—Ç–∏—Ä–æ–≤–∞—Ç—å—Å—è –∫ –Ω–æ–≤
                                                  —ã–º —É—Å–ª–æ–≤–∏—è–º –∏ –...

You may provide a definition with
\DeclareUnicodeCharacter 


! LaTeX Error: Unicode character —ã (U+044B)
               not set up for use with LaTeX.

See the LaTeX manual or LaTeX Companion for explanation.
Type  H <return>  for immediate help.
 ...                                              
                                                  
l.4 ...–π –∞–¥–∞–ø—Ç–∏—Ä–æ–≤–∞—Ç—å—Å—è –∫ –Ω–æ–≤—ã
                                                  –º —É—Å–ª–æ–≤–∏—è–º –∏ –¥–...

You may provide a definition with
\DeclareUnicodeCharacter 


! LaTeX Error: Unicode character –º (U+043C)
               not set up for use with LaTeX.

See the LaTeX manual or LaTeX Companion for explanation.
Type  H <return>  for immediate help.
 ...                                              
                                                  
l.4 ... –∞–¥–∞–ø—Ç–∏—Ä–æ–≤–∞—Ç—å—Å—è –∫ –Ω–æ–≤—ã–º
                                                   —É—Å–ª–æ–≤–∏—è–º –∏ –¥–∞–...

You may provide a definition with
\DeclareUnicodeCharacter 


! LaTeX Error: Unicode character —É (U+0443)
               not set up for use with LaTeX.

See the LaTeX manual or LaTeX Companion for explanation.
Type  H <return>  for immediate help.
 ...                                              
                                                  
l.4 ...–¥–∞–ø—Ç–∏—Ä–æ–≤–∞—Ç—å—Å—è –∫ –Ω–æ–≤—ã–º —É
                                                  —Å–ª–æ–≤–∏—è–º –∏ –¥–∞–Ω–Ω...

You may provide a definition with
\DeclareUnicodeCharacter 


! LaTeX Error: Unicode character —Å (U+0441)
               not set up for use with LaTeX.

See the LaTeX manual or LaTeX Companion for explanation.
Type  H <return>  for immediate help.
 ...                                              
                                                  
l.4 ...–∞–ø—Ç–∏—Ä–æ–≤–∞—Ç—å—Å—è –∫ –Ω–æ–≤—ã–º —É—Å
                                                  –ª–æ–≤–∏—è–º –∏ –¥–∞–Ω–Ω—ã...

You may provide a definition with
\DeclareUnicodeCharacter 


! LaTeX Error: Unicode character –ª (U+043B)
               not set up for use with LaTeX.

See the LaTeX manual or LaTeX Companion for explanation.
Type  H <return>  for immediate help.
 ...                                              
                                                  
l.4 ...–ø—Ç–∏—Ä–æ–≤–∞—Ç—å—Å—è –∫ –Ω–æ–≤—ã–º —É—Å–ª
                                                  –æ–≤–∏—è–º –∏ –¥–∞–Ω–Ω—ã–º...

You may provide a definition with
\DeclareUnicodeCharacter 


! LaTeX Error: Unicode character –æ (U+043E)
               not set up for use with LaTeX.

See the LaTeX manual or LaTeX Companion for explanation.
Type  H <return>  for immediate help.
 ...                                              
                                                  
l.4 ...—Ç–∏—Ä–æ–≤–∞—Ç—å—Å—è –∫ –Ω–æ–≤—ã–º —É—Å–ª–æ
                                                  –≤–∏—è–º –∏ –¥–∞–Ω–Ω—ã–º —...
(That makes 100 errors; please try again.) 
Here is how much of TeX's memory you used:
 41 strings out of 478287
 705 string characters out of 5849289
 289007 words of memory out of 5000000
 18337 multiletter control sequences out of 15000+600000
 469259 words of font info for 28 fonts, out of 8000000 for 9000
 1141 hyphenation exceptions out of 8191
 13i,0n,12p,1101b,24s stack positions out of 5000i,500n,10000p,200000b,80000s

!  ==> Fatal error occurred, no output PDF file produced!
