This is pdfTeX, Version 3.141592653-2.6-1.40.22 (TeX Live 2022/dev/Debian) (preloaded format=pdflatex 2024.4.26)  5 JUN 2024 20:26
entering extended mode
 restricted \write18 enabled.
 %&-line parsing enabled.
**Chapter4.tex
(./Chapter4.tex
LaTeX2e <2021-11-15> patch level 1
L3 programming layer <2022-01-21>
! Undefined control sequence.
l.1 \section
            {–û–±–∑–æ—Ä —Å—É—â–µ—Å—Ç–≤—É—é—â–∏—Ö —Ä–µ—à–µ–Ω–∏–π}
The control sequence at the end of the top line
of your error message was never \def'ed. If you have
misspelled it (e.g., `\hobx'), type `I' and the correct
spelling (e.g., `I\hbox'). Otherwise just continue,
and I'll forget about whatever was undefined.


! LaTeX Error: Unicode character –û (U+041E)
               not set up for use with LaTeX.

See the LaTeX manual or LaTeX Companion for explanation.
Type  H <return>  for immediate help.
 ...                                              
                                                  
l.1 \section{–û
               –±–∑–æ—Ä —Å—É—â–µ—Å—Ç–≤—É—é—â–∏—Ö —Ä–µ—à–µ–Ω–∏–π}
You may provide a definition with
\DeclareUnicodeCharacter 


! LaTeX Error: Unicode character –± (U+0431)
               not set up for use with LaTeX.

See the LaTeX manual or LaTeX Companion for explanation.
Type  H <return>  for immediate help.
 ...                                              
                                                  
l.1 \section{–û–±
                 –∑–æ—Ä —Å—É—â–µ—Å—Ç–≤—É—é—â–∏—Ö —Ä–µ—à–µ–Ω–∏–π}
You may provide a definition with
\DeclareUnicodeCharacter 


! LaTeX Error: Unicode character –∑ (U+0437)
               not set up for use with LaTeX.

See the LaTeX manual or LaTeX Companion for explanation.
Type  H <return>  for immediate help.
 ...                                              
                                                  
l.1 \section{–û–±–∑
                   –æ—Ä —Å—É—â–µ—Å—Ç–≤—É—é—â–∏—Ö —Ä–µ—à–µ–Ω–∏–π}
You may provide a definition with
\DeclareUnicodeCharacter 


! LaTeX Error: Unicode character –æ (U+043E)
               not set up for use with LaTeX.

See the LaTeX manual or LaTeX Companion for explanation.
Type  H <return>  for immediate help.
 ...                                              
                                                  
l.1 \section{–û–±–∑–æ
                     —Ä —Å—É—â–µ—Å—Ç–≤—É—é—â–∏—Ö —Ä–µ—à–µ–Ω–∏–π}
You may provide a definition with
\DeclareUnicodeCharacter 


! LaTeX Error: Unicode character —Ä (U+0440)
               not set up for use with LaTeX.

See the LaTeX manual or LaTeX Companion for explanation.
Type  H <return>  for immediate help.
 ...                                              
                                                  
l.1 \section{–û–±–∑–æ—Ä
                        —Å—É—â–µ—Å—Ç–≤—É—é—â–∏—Ö —Ä–µ—à–µ–Ω–∏–π}
You may provide a definition with
\DeclareUnicodeCharacter 


! LaTeX Error: Unicode character —Å (U+0441)
               not set up for use with LaTeX.

See the LaTeX manual or LaTeX Companion for explanation.
Type  H <return>  for immediate help.
 ...                                              
                                                  
l.1 \section{–û–±–∑–æ—Ä —Å
                          —É—â–µ—Å—Ç–≤—É—é—â–∏—Ö —Ä–µ—à–µ–Ω–∏–π}
You may provide a definition with
\DeclareUnicodeCharacter 


! LaTeX Error: Unicode character —É (U+0443)
               not set up for use with LaTeX.

See the LaTeX manual or LaTeX Companion for explanation.
Type  H <return>  for immediate help.
 ...                                              
                                                  
l.1 \section{–û–±–∑–æ—Ä —Å—É
                            —â–µ—Å—Ç–≤—É—é—â–∏—Ö —Ä–µ—à–µ–Ω–∏–π}
You may provide a definition with
\DeclareUnicodeCharacter 


! LaTeX Error: Unicode character —â (U+0449)
               not set up for use with LaTeX.

See the LaTeX manual or LaTeX Companion for explanation.
Type  H <return>  for immediate help.
 ...                                              
                                                  
l.1 \section{–û–±–∑–æ—Ä —Å—É—â
                              –µ—Å—Ç–≤—É—é—â–∏—Ö —Ä–µ—à–µ–Ω–∏–π}
You may provide a definition with
\DeclareUnicodeCharacter 


! LaTeX Error: Unicode character –µ (U+0435)
               not set up for use with LaTeX.

See the LaTeX manual or LaTeX Companion for explanation.
Type  H <return>  for immediate help.
 ...                                              
                                                  
l.1 \section{–û–±–∑–æ—Ä —Å—É—â–µ
                                —Å—Ç–≤—É—é—â–∏—Ö —Ä–µ—à–µ–Ω–∏–π}
You may provide a definition with
\DeclareUnicodeCharacter 


! LaTeX Error: Unicode character —Å (U+0441)
               not set up for use with LaTeX.

See the LaTeX manual or LaTeX Companion for explanation.
Type  H <return>  for immediate help.
 ...                                              
                                                  
l.1 \section{–û–±–∑–æ—Ä —Å—É—â–µ—Å
                                  —Ç–≤—É—é—â–∏—Ö —Ä–µ—à–µ–Ω–∏–π}
You may provide a definition with
\DeclareUnicodeCharacter 


! LaTeX Error: Unicode character —Ç (U+0442)
               not set up for use with LaTeX.

See the LaTeX manual or LaTeX Companion for explanation.
Type  H <return>  for immediate help.
 ...                                              
                                                  
l.1 \section{–û–±–∑–æ—Ä —Å—É—â–µ—Å—Ç
                                    –≤—É—é—â–∏—Ö —Ä–µ—à–µ–Ω–∏–π}
You may provide a definition with
\DeclareUnicodeCharacter 


! LaTeX Error: Unicode character –≤ (U+0432)
               not set up for use with LaTeX.

See the LaTeX manual or LaTeX Companion for explanation.
Type  H <return>  for immediate help.
 ...                                              
                                                  
l.1 \section{–û–±–∑–æ—Ä —Å—É—â–µ—Å—Ç–≤
                                      —É—é—â–∏—Ö —Ä–µ—à–µ–Ω–∏–π}
You may provide a definition with
\DeclareUnicodeCharacter 


! LaTeX Error: Unicode character —É (U+0443)
               not set up for use with LaTeX.

See the LaTeX manual or LaTeX Companion for explanation.
Type  H <return>  for immediate help.
 ...                                              
                                                  
l.1 \section{–û–±–∑–æ—Ä —Å—É—â–µ—Å—Ç–≤—É
                                        —é—â–∏—Ö —Ä–µ—à–µ–Ω–∏–π}
You may provide a definition with
\DeclareUnicodeCharacter 


! LaTeX Error: Unicode character —é (U+044E)
               not set up for use with LaTeX.

See the LaTeX manual or LaTeX Companion for explanation.
Type  H <return>  for immediate help.
 ...                                              
                                                  
l.1 \section{–û–±–∑–æ—Ä —Å—É—â–µ—Å—Ç–≤—É—é
                                          —â–∏—Ö —Ä–µ—à–µ–Ω–∏–π}
You may provide a definition with
\DeclareUnicodeCharacter 


! LaTeX Error: Unicode character —â (U+0449)
               not set up for use with LaTeX.

See the LaTeX manual or LaTeX Companion for explanation.
Type  H <return>  for immediate help.
 ...                                              
                                                  
l.1 \section{–û–±–∑–æ—Ä —Å—É—â–µ—Å—Ç–≤—É—é—â
                                            –∏—Ö —Ä–µ—à–µ–Ω–∏–π}
You may provide a definition with
\DeclareUnicodeCharacter 


! LaTeX Error: Unicode character –∏ (U+0438)
               not set up for use with LaTeX.

See the LaTeX manual or LaTeX Companion for explanation.
Type  H <return>  for immediate help.
 ...                                              
                                                  
l.1 \section{–û–±–∑–æ—Ä —Å—É—â–µ—Å—Ç–≤—É—é—â–∏
                                              —Ö —Ä–µ—à–µ–Ω–∏–π}
You may provide a definition with
\DeclareUnicodeCharacter 


! LaTeX Error: Unicode character —Ö (U+0445)
               not set up for use with LaTeX.

See the LaTeX manual or LaTeX Companion for explanation.
Type  H <return>  for immediate help.
 ...                                              
                                                  
l.1 \section{–û–±–∑–æ—Ä —Å—É—â–µ—Å—Ç–≤—É—é—â–∏—Ö
                                                 —Ä–µ—à–µ–Ω–∏–π}
You may provide a definition with
\DeclareUnicodeCharacter 


! LaTeX Error: Unicode character —Ä (U+0440)
               not set up for use with LaTeX.

See the LaTeX manual or LaTeX Companion for explanation.
Type  H <return>  for immediate help.
 ...                                              
                                                  
l.1 ...tion{–û–±–∑–æ—Ä —Å—É—â–µ—Å—Ç–≤—É—é—â–∏—Ö —Ä
                                                  –µ—à–µ–Ω–∏–π}
You may provide a definition with
\DeclareUnicodeCharacter 


! LaTeX Error: Unicode character –µ (U+0435)
               not set up for use with LaTeX.

See the LaTeX manual or LaTeX Companion for explanation.
Type  H <return>  for immediate help.
 ...                                              
                                                  
l.1 ...on{–û–±–∑–æ—Ä —Å—É—â–µ—Å—Ç–≤—É—é—â–∏—Ö —Ä–µ
                                                  —à–µ–Ω–∏–π}
You may provide a definition with
\DeclareUnicodeCharacter 


! LaTeX Error: Unicode character —à (U+0448)
               not set up for use with LaTeX.

See the LaTeX manual or LaTeX Companion for explanation.
Type  H <return>  for immediate help.
 ...                                              
                                                  
l.1 ...{–û–±–∑–æ—Ä —Å—É—â–µ—Å—Ç–≤—É—é—â–∏—Ö —Ä–µ—à
                                                  –µ–Ω–∏–π}
You may provide a definition with
\DeclareUnicodeCharacter 


! LaTeX Error: Unicode character –µ (U+0435)
               not set up for use with LaTeX.

See the LaTeX manual or LaTeX Companion for explanation.
Type  H <return>  for immediate help.
 ...                                              
                                                  
l.1 ...û–±–∑–æ—Ä —Å—É—â–µ—Å—Ç–≤—É—é—â–∏—Ö —Ä–µ—à–µ
                                                  –Ω–∏–π}
You may provide a definition with
\DeclareUnicodeCharacter 


! LaTeX Error: Unicode character –Ω (U+043D)
               not set up for use with LaTeX.

See the LaTeX manual or LaTeX Companion for explanation.
Type  H <return>  for immediate help.
 ...                                              
                                                  
l.1 ...±–∑–æ—Ä —Å—É—â–µ—Å—Ç–≤—É—é—â–∏—Ö —Ä–µ—à–µ–Ω
                                                  –∏–π}
You may provide a definition with
\DeclareUnicodeCharacter 


! LaTeX Error: Unicode character –∏ (U+0438)
               not set up for use with LaTeX.

See the LaTeX manual or LaTeX Companion for explanation.
Type  H <return>  for immediate help.
 ...                                              
                                                  
l.1 ...∑–æ—Ä —Å—É—â–µ—Å—Ç–≤—É—é—â–∏—Ö —Ä–µ—à–µ–Ω–∏
                                                  –π}
You may provide a definition with
\DeclareUnicodeCharacter 


! LaTeX Error: Unicode character –π (U+0439)
               not set up for use with LaTeX.

See the LaTeX manual or LaTeX Companion for explanation.
Type  H <return>  for immediate help.
 ...                                              
                                                  
l.1 ...æ—Ä —Å—É—â–µ—Å—Ç–≤—É—é—â–∏—Ö —Ä–µ—à–µ–Ω–∏–π
                                                  }
You may provide a definition with
\DeclareUnicodeCharacter 

! Undefined control sequence.
l.7 \subsection
               {–û–±–∑–æ—Ä –º–æ–¥–µ–ª–µ–π –¥–ª—è —Ä–∞—Å–ø–æ–∑–Ω–∞–≤–∞–Ω–∏—è ...
The control sequence at the end of the top line
of your error message was never \def'ed. If you have
misspelled it (e.g., `\hobx'), type `I' and the correct
spelling (e.g., `I\hbox'). Otherwise just continue,
and I'll forget about whatever was undefined.


! LaTeX Error: Unicode character –û (U+041E)
               not set up for use with LaTeX.

See the LaTeX manual or LaTeX Companion for explanation.
Type  H <return>  for immediate help.
 ...                                              
                                                  
l.7 \subsection{–û
                  –±–∑–æ—Ä –º–æ–¥–µ–ª–µ–π –¥–ª—è —Ä–∞—Å–ø–æ–∑–Ω–∞–≤–∞–Ω–∏—è ...

You may provide a definition with
\DeclareUnicodeCharacter 


! LaTeX Error: Unicode character –± (U+0431)
               not set up for use with LaTeX.

See the LaTeX manual or LaTeX Companion for explanation.
Type  H <return>  for immediate help.
 ...                                              
                                                  
l.7 \subsection{–û–±
                    –∑–æ—Ä –º–æ–¥–µ–ª–µ–π –¥–ª—è —Ä–∞—Å–ø–æ–∑–Ω–∞–≤–∞–Ω–∏—è ...

You may provide a definition with
\DeclareUnicodeCharacter 


! LaTeX Error: Unicode character –∑ (U+0437)
               not set up for use with LaTeX.

See the LaTeX manual or LaTeX Companion for explanation.
Type  H <return>  for immediate help.
 ...                                              
                                                  
l.7 \subsection{–û–±–∑
                      –æ—Ä –º–æ–¥–µ–ª–µ–π –¥–ª—è —Ä–∞—Å–ø–æ–∑–Ω–∞–≤–∞–Ω–∏—è ...

You may provide a definition with
\DeclareUnicodeCharacter 


! LaTeX Error: Unicode character –æ (U+043E)
               not set up for use with LaTeX.

See the LaTeX manual or LaTeX Companion for explanation.
Type  H <return>  for immediate help.
 ...                                              
                                                  
l.7 \subsection{–û–±–∑–æ
                        —Ä –º–æ–¥–µ–ª–µ–π –¥–ª—è —Ä–∞—Å–ø–æ–∑–Ω–∞–≤–∞–Ω–∏—è ...

You may provide a definition with
\DeclareUnicodeCharacter 


! LaTeX Error: Unicode character —Ä (U+0440)
               not set up for use with LaTeX.

See the LaTeX manual or LaTeX Companion for explanation.
Type  H <return>  for immediate help.
 ...                                              
                                                  
l.7 \subsection{–û–±–∑–æ—Ä
                           –º–æ–¥–µ–ª–µ–π –¥–ª—è —Ä–∞—Å–ø–æ–∑–Ω–∞–≤–∞–Ω–∏—è ...

You may provide a definition with
\DeclareUnicodeCharacter 


! LaTeX Error: Unicode character –º (U+043C)
               not set up for use with LaTeX.

See the LaTeX manual or LaTeX Companion for explanation.
Type  H <return>  for immediate help.
 ...                                              
                                                  
l.7 \subsection{–û–±–∑–æ—Ä –º
                             –æ–¥–µ–ª–µ–π –¥–ª—è —Ä–∞—Å–ø–æ–∑–Ω–∞–≤–∞–Ω–∏—è ...

You may provide a definition with
\DeclareUnicodeCharacter 


! LaTeX Error: Unicode character –æ (U+043E)
               not set up for use with LaTeX.

See the LaTeX manual or LaTeX Companion for explanation.
Type  H <return>  for immediate help.
 ...                                              
                                                  
l.7 \subsection{–û–±–∑–æ—Ä –º–æ
                               –¥–µ–ª–µ–π –¥–ª—è —Ä–∞—Å–ø–æ–∑–Ω–∞–≤–∞–Ω–∏—è ...

You may provide a definition with
\DeclareUnicodeCharacter 


! LaTeX Error: Unicode character –¥ (U+0434)
               not set up for use with LaTeX.

See the LaTeX manual or LaTeX Companion for explanation.
Type  H <return>  for immediate help.
 ...                                              
                                                  
l.7 \subsection{–û–±–∑–æ—Ä –º–æ–¥
                                 –µ–ª–µ–π –¥–ª—è —Ä–∞—Å–ø–æ–∑–Ω–∞–≤–∞–Ω–∏—è ...

You may provide a definition with
\DeclareUnicodeCharacter 


! LaTeX Error: Unicode character –µ (U+0435)
               not set up for use with LaTeX.

See the LaTeX manual or LaTeX Companion for explanation.
Type  H <return>  for immediate help.
 ...                                              
                                                  
l.7 \subsection{–û–±–∑–æ—Ä –º–æ–¥–µ
                                   –ª–µ–π –¥–ª—è —Ä–∞—Å–ø–æ–∑–Ω–∞–≤–∞–Ω–∏—è ...

You may provide a definition with
\DeclareUnicodeCharacter 


! LaTeX Error: Unicode character –ª (U+043B)
               not set up for use with LaTeX.

See the LaTeX manual or LaTeX Companion for explanation.
Type  H <return>  for immediate help.
 ...                                              
                                                  
l.7 \subsection{–û–±–∑–æ—Ä –º–æ–¥–µ–ª
                                     –µ–π –¥–ª—è —Ä–∞—Å–ø–æ–∑–Ω–∞–≤–∞–Ω–∏—è ...

You may provide a definition with
\DeclareUnicodeCharacter 


! LaTeX Error: Unicode character –µ (U+0435)
               not set up for use with LaTeX.

See the LaTeX manual or LaTeX Companion for explanation.
Type  H <return>  for immediate help.
 ...                                              
                                                  
l.7 \subsection{–û–±–∑–æ—Ä –º–æ–¥–µ–ª–µ
                                       –π –¥–ª—è —Ä–∞—Å–ø–æ–∑–Ω–∞–≤–∞–Ω–∏—è ...

You may provide a definition with
\DeclareUnicodeCharacter 


! LaTeX Error: Unicode character –π (U+0439)
               not set up for use with LaTeX.

See the LaTeX manual or LaTeX Companion for explanation.
Type  H <return>  for immediate help.
 ...                                              
                                                  
l.7 \subsection{–û–±–∑–æ—Ä –º–æ–¥–µ–ª–µ–π
                                          –¥–ª—è —Ä–∞—Å–ø–æ–∑–Ω–∞–≤–∞–Ω–∏—è ...

You may provide a definition with
\DeclareUnicodeCharacter 


! LaTeX Error: Unicode character –¥ (U+0434)
               not set up for use with LaTeX.

See the LaTeX manual or LaTeX Companion for explanation.
Type  H <return>  for immediate help.
 ...                                              
                                                  
l.7 \subsection{–û–±–∑–æ—Ä –º–æ–¥–µ–ª–µ–π –¥
                                            –ª—è —Ä–∞—Å–ø–æ–∑–Ω–∞–≤–∞–Ω–∏—è ...

You may provide a definition with
\DeclareUnicodeCharacter 


! LaTeX Error: Unicode character –ª (U+043B)
               not set up for use with LaTeX.

See the LaTeX manual or LaTeX Companion for explanation.
Type  H <return>  for immediate help.
 ...                                              
                                                  
l.7 \subsection{–û–±–∑–æ—Ä –º–æ–¥–µ–ª–µ–π –¥–ª
                                              —è —Ä–∞—Å–ø–æ–∑–Ω–∞–≤–∞–Ω–∏—è ...

You may provide a definition with
\DeclareUnicodeCharacter 


! LaTeX Error: Unicode character —è (U+044F)
               not set up for use with LaTeX.

See the LaTeX manual or LaTeX Companion for explanation.
Type  H <return>  for immediate help.
 ...                                              
                                                  
l.7 \subsection{–û–±–∑–æ—Ä –º–æ–¥–µ–ª–µ–π –¥–ª—è
                                                 —Ä–∞—Å–ø–æ–∑–Ω–∞–≤–∞–Ω–∏—è ...

You may provide a definition with
\DeclareUnicodeCharacter 


! LaTeX Error: Unicode character —Ä (U+0440)
               not set up for use with LaTeX.

See the LaTeX manual or LaTeX Companion for explanation.
Type  H <return>  for immediate help.
 ...                                              
                                                  
l.7 ...section{–û–±–∑–æ—Ä –º–æ–¥–µ–ª–µ–π –¥–ª—è —Ä
                                                  –∞—Å–ø–æ–∑–Ω–∞–≤–∞–Ω–∏—è –...

You may provide a definition with
\DeclareUnicodeCharacter 


! LaTeX Error: Unicode character –∞ (U+0430)
               not set up for use with LaTeX.

See the LaTeX manual or LaTeX Companion for explanation.
Type  H <return>  for immediate help.
 ...                                              
                                                  
l.7 ...ction{–û–±–∑–æ—Ä –º–æ–¥–µ–ª–µ–π –¥–ª—è —Ä–∞
                                                  —Å–ø–æ–∑–Ω–∞–≤–∞–Ω–∏—è –ö–¢}
You may provide a definition with
\DeclareUnicodeCharacter 


! LaTeX Error: Unicode character —Å (U+0441)
               not set up for use with LaTeX.

See the LaTeX manual or LaTeX Companion for explanation.
Type  H <return>  for immediate help.
 ...                                              
                                                  
l.7 ...ion{–û–±–∑–æ—Ä –º–æ–¥–µ–ª–µ–π –¥–ª—è —Ä–∞—Å
                                                  –ø–æ–∑–Ω–∞–≤–∞–Ω–∏—è –ö–¢}
You may provide a definition with
\DeclareUnicodeCharacter 


! LaTeX Error: Unicode character –ø (U+043F)
               not set up for use with LaTeX.

See the LaTeX manual or LaTeX Companion for explanation.
Type  H <return>  for immediate help.
 ...                                              
                                                  
l.7 ...n{–û–±–∑–æ—Ä –º–æ–¥–µ–ª–µ–π –¥–ª—è —Ä–∞—Å–ø
                                                  –æ–∑–Ω–∞–≤–∞–Ω–∏—è –ö–¢}
You may provide a definition with
\DeclareUnicodeCharacter 


! LaTeX Error: Unicode character –æ (U+043E)
               not set up for use with LaTeX.

See the LaTeX manual or LaTeX Companion for explanation.
Type  H <return>  for immediate help.
 ...                                              
                                                  
l.7 ...–û–±–∑–æ—Ä –º–æ–¥–µ–ª–µ–π –¥–ª—è —Ä–∞—Å–ø–æ
                                                  –∑–Ω–∞–≤–∞–Ω–∏—è –ö–¢}
You may provide a definition with
\DeclareUnicodeCharacter 


! LaTeX Error: Unicode character –∑ (U+0437)
               not set up for use with LaTeX.

See the LaTeX manual or LaTeX Companion for explanation.
Type  H <return>  for immediate help.
 ...                                              
                                                  
l.7 ...–±–∑–æ—Ä –º–æ–¥–µ–ª–µ–π –¥–ª—è —Ä–∞—Å–ø–æ–∑
                                                  –Ω–∞–≤–∞–Ω–∏—è –ö–¢}
You may provide a definition with
\DeclareUnicodeCharacter 


! LaTeX Error: Unicode character –Ω (U+043D)
               not set up for use with LaTeX.

See the LaTeX manual or LaTeX Companion for explanation.
Type  H <return>  for immediate help.
 ...                                              
                                                  
l.7 ...–∑–æ—Ä –º–æ–¥–µ–ª–µ–π –¥–ª—è —Ä–∞—Å–ø–æ–∑–Ω
                                                  –∞–≤–∞–Ω–∏—è –ö–¢}
You may provide a definition with
\DeclareUnicodeCharacter 


! LaTeX Error: Unicode character –∞ (U+0430)
               not set up for use with LaTeX.

See the LaTeX manual or LaTeX Companion for explanation.
Type  H <return>  for immediate help.
 ...                                              
                                                  
l.7 ...–æ—Ä –º–æ–¥–µ–ª–µ–π –¥–ª—è —Ä–∞—Å–ø–æ–∑–Ω–∞
                                                  –≤–∞–Ω–∏—è –ö–¢}
You may provide a definition with
\DeclareUnicodeCharacter 


! LaTeX Error: Unicode character –≤ (U+0432)
               not set up for use with LaTeX.

See the LaTeX manual or LaTeX Companion for explanation.
Type  H <return>  for immediate help.
 ...                                              
                                                  
l.7 ...—Ä –º–æ–¥–µ–ª–µ–π –¥–ª—è —Ä–∞—Å–ø–æ–∑–Ω–∞–≤
                                                  –∞–Ω–∏—è –ö–¢}
You may provide a definition with
\DeclareUnicodeCharacter 


! LaTeX Error: Unicode character –∞ (U+0430)
               not set up for use with LaTeX.

See the LaTeX manual or LaTeX Companion for explanation.
Type  H <return>  for immediate help.
 ...                                              
                                                  
l.7 ... –º–æ–¥–µ–ª–µ–π –¥–ª—è —Ä–∞—Å–ø–æ–∑–Ω–∞–≤–∞
                                                  –Ω–∏—è –ö–¢}
You may provide a definition with
\DeclareUnicodeCharacter 


! LaTeX Error: Unicode character –Ω (U+043D)
               not set up for use with LaTeX.

See the LaTeX manual or LaTeX Companion for explanation.
Type  H <return>  for immediate help.
 ...                                              
                                                  
l.7 ...º–æ–¥–µ–ª–µ–π –¥–ª—è —Ä–∞—Å–ø–æ–∑–Ω–∞–≤–∞–Ω
                                                  –∏—è –ö–¢}
You may provide a definition with
\DeclareUnicodeCharacter 


! LaTeX Error: Unicode character –∏ (U+0438)
               not set up for use with LaTeX.

See the LaTeX manual or LaTeX Companion for explanation.
Type  H <return>  for immediate help.
 ...                                              
                                                  
l.7 ...æ–¥–µ–ª–µ–π –¥–ª—è —Ä–∞—Å–ø–æ–∑–Ω–∞–≤–∞–Ω–∏
                                                  —è –ö–¢}
You may provide a definition with
\DeclareUnicodeCharacter 


! LaTeX Error: Unicode character —è (U+044F)
               not set up for use with LaTeX.

See the LaTeX manual or LaTeX Companion for explanation.
Type  H <return>  for immediate help.
 ...                                              
                                                  
l.7 ...¥–µ–ª–µ–π –¥–ª—è —Ä–∞—Å–ø–æ–∑–Ω–∞–≤–∞–Ω–∏—è
                                                   –ö–¢}
You may provide a definition with
\DeclareUnicodeCharacter 


! LaTeX Error: Unicode character –ö (U+041A)
               not set up for use with LaTeX.

See the LaTeX manual or LaTeX Companion for explanation.
Type  H <return>  for immediate help.
 ...                                              
                                                  
l.7 ...–ª–µ–π –¥–ª—è —Ä–∞—Å–ø–æ–∑–Ω–∞–≤–∞–Ω–∏—è –ö
                                                  –¢}
You may provide a definition with
\DeclareUnicodeCharacter 


! LaTeX Error: Unicode character –¢ (U+0422)
               not set up for use with LaTeX.

See the LaTeX manual or LaTeX Companion for explanation.
Type  H <return>  for immediate help.
 ...                                              
                                                  
l.7 ...–µ–π –¥–ª—è —Ä–∞—Å–ø–æ–∑–Ω–∞–≤–∞–Ω–∏—è –ö–¢
                                                  }
You may provide a definition with
\DeclareUnicodeCharacter 


! LaTeX Error: Unicode character –í (U+0412)
               not set up for use with LaTeX.

See the LaTeX manual or LaTeX Companion for explanation.
Type  H <return>  for immediate help.
 ...                                              
                                                  
l.10 –í
        –¥–∞–Ω–Ω–æ–º —Ä–∞–∑–¥–µ–ª–µ –±—É–¥—É—Ç —Ä–∞—Å—Å–º–æ—Ç—Ä–µ–Ω—ã –Ω–µ—Å...

You may provide a definition with
\DeclareUnicodeCharacter 


! LaTeX Error: Unicode character –¥ (U+0434)
               not set up for use with LaTeX.

See the LaTeX manual or LaTeX Companion for explanation.
Type  H <return>  for immediate help.
 ...                                              
                                                  
l.10 –í –¥
          –∞–Ω–Ω–æ–º —Ä–∞–∑–¥–µ–ª–µ –±—É–¥—É—Ç —Ä–∞—Å—Å–º–æ—Ç—Ä–µ–Ω—ã –Ω–µ—Å...

You may provide a definition with
\DeclareUnicodeCharacter 


! LaTeX Error: Unicode character –∞ (U+0430)
               not set up for use with LaTeX.

See the LaTeX manual or LaTeX Companion for explanation.
Type  H <return>  for immediate help.
 ...                                              
                                                  
l.10 –í –¥–∞
            –Ω–Ω–æ–º —Ä–∞–∑–¥–µ–ª–µ –±—É–¥—É—Ç —Ä–∞—Å—Å–º–æ—Ç—Ä–µ–Ω—ã –Ω–µ—Å...

You may provide a definition with
\DeclareUnicodeCharacter 


! LaTeX Error: Unicode character –Ω (U+043D)
               not set up for use with LaTeX.

See the LaTeX manual or LaTeX Companion for explanation.
Type  H <return>  for immediate help.
 ...                                              
                                                  
l.10 –í –¥–∞–Ω
              –Ω–æ–º —Ä–∞–∑–¥–µ–ª–µ –±—É–¥—É—Ç —Ä–∞—Å—Å–º–æ—Ç—Ä–µ–Ω—ã –Ω–µ—Å...

You may provide a definition with
\DeclareUnicodeCharacter 


! LaTeX Error: Unicode character –Ω (U+043D)
               not set up for use with LaTeX.

See the LaTeX manual or LaTeX Companion for explanation.
Type  H <return>  for immediate help.
 ...                                              
                                                  
l.10 –í –¥–∞–Ω–Ω
                –æ–º —Ä–∞–∑–¥–µ–ª–µ –±—É–¥—É—Ç —Ä–∞—Å—Å–º–æ—Ç—Ä–µ–Ω—ã –Ω–µ—Å...

You may provide a definition with
\DeclareUnicodeCharacter 


! LaTeX Error: Unicode character –æ (U+043E)
               not set up for use with LaTeX.

See the LaTeX manual or LaTeX Companion for explanation.
Type  H <return>  for immediate help.
 ...                                              
                                                  
l.10 –í –¥–∞–Ω–Ω–æ
                  –º —Ä–∞–∑–¥–µ–ª–µ –±—É–¥—É—Ç —Ä–∞—Å—Å–º–æ—Ç—Ä–µ–Ω—ã –Ω–µ—Å...

You may provide a definition with
\DeclareUnicodeCharacter 


! LaTeX Error: Unicode character –º (U+043C)
               not set up for use with LaTeX.

See the LaTeX manual or LaTeX Companion for explanation.
Type  H <return>  for immediate help.
 ...                                              
                                                  
l.10 –í –¥–∞–Ω–Ω–æ–º
                     —Ä–∞–∑–¥–µ–ª–µ –±—É–¥—É—Ç —Ä–∞—Å—Å–º–æ—Ç—Ä–µ–Ω—ã –Ω–µ—Å...

You may provide a definition with
\DeclareUnicodeCharacter 


! LaTeX Error: Unicode character —Ä (U+0440)
               not set up for use with LaTeX.

See the LaTeX manual or LaTeX Companion for explanation.
Type  H <return>  for immediate help.
 ...                                              
                                                  
l.10 –í –¥–∞–Ω–Ω–æ–º —Ä
                       –∞–∑–¥–µ–ª–µ –±—É–¥—É—Ç —Ä–∞—Å—Å–º–æ—Ç—Ä–µ–Ω—ã –Ω–µ—Å...

You may provide a definition with
\DeclareUnicodeCharacter 


! LaTeX Error: Unicode character –∞ (U+0430)
               not set up for use with LaTeX.

See the LaTeX manual or LaTeX Companion for explanation.
Type  H <return>  for immediate help.
 ...                                              
                                                  
l.10 –í –¥–∞–Ω–Ω–æ–º —Ä–∞
                         –∑–¥–µ–ª–µ –±—É–¥—É—Ç —Ä–∞—Å—Å–º–æ—Ç—Ä–µ–Ω—ã –Ω–µ—Å...

You may provide a definition with
\DeclareUnicodeCharacter 


! LaTeX Error: Unicode character –∑ (U+0437)
               not set up for use with LaTeX.

See the LaTeX manual or LaTeX Companion for explanation.
Type  H <return>  for immediate help.
 ...                                              
                                                  
l.10 –í –¥–∞–Ω–Ω–æ–º —Ä–∞–∑
                           –¥–µ–ª–µ –±—É–¥—É—Ç —Ä–∞—Å—Å–º–æ—Ç—Ä–µ–Ω—ã –Ω–µ—Å...

You may provide a definition with
\DeclareUnicodeCharacter 


! LaTeX Error: Unicode character –¥ (U+0434)
               not set up for use with LaTeX.

See the LaTeX manual or LaTeX Companion for explanation.
Type  H <return>  for immediate help.
 ...                                              
                                                  
l.10 –í –¥–∞–Ω–Ω–æ–º —Ä–∞–∑–¥
                             –µ–ª–µ –±—É–¥—É—Ç —Ä–∞—Å—Å–º–æ—Ç—Ä–µ–Ω—ã –Ω–µ—Å...

You may provide a definition with
\DeclareUnicodeCharacter 


! LaTeX Error: Unicode character –µ (U+0435)
               not set up for use with LaTeX.

See the LaTeX manual or LaTeX Companion for explanation.
Type  H <return>  for immediate help.
 ...                                              
                                                  
l.10 –í –¥–∞–Ω–Ω–æ–º —Ä–∞–∑–¥–µ
                               –ª–µ –±—É–¥—É—Ç —Ä–∞—Å—Å–º–æ—Ç—Ä–µ–Ω—ã –Ω–µ—Å...

You may provide a definition with
\DeclareUnicodeCharacter 


! LaTeX Error: Unicode character –ª (U+043B)
               not set up for use with LaTeX.

See the LaTeX manual or LaTeX Companion for explanation.
Type  H <return>  for immediate help.
 ...                                              
                                                  
l.10 –í –¥–∞–Ω–Ω–æ–º —Ä–∞–∑–¥–µ–ª
                                 –µ –±—É–¥—É—Ç —Ä–∞—Å—Å–º–æ—Ç—Ä–µ–Ω—ã –Ω–µ—Å...

You may provide a definition with
\DeclareUnicodeCharacter 


! LaTeX Error: Unicode character –µ (U+0435)
               not set up for use with LaTeX.

See the LaTeX manual or LaTeX Companion for explanation.
Type  H <return>  for immediate help.
 ...                                              
                                                  
l.10 –í –¥–∞–Ω–Ω–æ–º —Ä–∞–∑–¥–µ–ª–µ
                                    –±—É–¥—É—Ç —Ä–∞—Å—Å–º–æ—Ç—Ä–µ–Ω—ã –Ω–µ—Å...

You may provide a definition with
\DeclareUnicodeCharacter 


! LaTeX Error: Unicode character –± (U+0431)
               not set up for use with LaTeX.

See the LaTeX manual or LaTeX Companion for explanation.
Type  H <return>  for immediate help.
 ...                                              
                                                  
l.10 –í –¥–∞–Ω–Ω–æ–º —Ä–∞–∑–¥–µ–ª–µ –±
                                      —É–¥—É—Ç —Ä–∞—Å—Å–º–æ—Ç—Ä–µ–Ω—ã –Ω–µ—Å...

You may provide a definition with
\DeclareUnicodeCharacter 


! LaTeX Error: Unicode character —É (U+0443)
               not set up for use with LaTeX.

See the LaTeX manual or LaTeX Companion for explanation.
Type  H <return>  for immediate help.
 ...                                              
                                                  
l.10 –í –¥–∞–Ω–Ω–æ–º —Ä–∞–∑–¥–µ–ª–µ –±—É
                                        –¥—É—Ç —Ä–∞—Å—Å–º–æ—Ç—Ä–µ–Ω—ã –Ω–µ—Å...

You may provide a definition with
\DeclareUnicodeCharacter 


! LaTeX Error: Unicode character –¥ (U+0434)
               not set up for use with LaTeX.

See the LaTeX manual or LaTeX Companion for explanation.
Type  H <return>  for immediate help.
 ...                                              
                                                  
l.10 –í –¥–∞–Ω–Ω–æ–º —Ä–∞–∑–¥–µ–ª–µ –±—É–¥
                                          —É—Ç —Ä–∞—Å—Å–º–æ—Ç—Ä–µ–Ω—ã –Ω–µ—Å...

You may provide a definition with
\DeclareUnicodeCharacter 


! LaTeX Error: Unicode character —É (U+0443)
               not set up for use with LaTeX.

See the LaTeX manual or LaTeX Companion for explanation.
Type  H <return>  for immediate help.
 ...                                              
                                                  
l.10 –í –¥–∞–Ω–Ω–æ–º —Ä–∞–∑–¥–µ–ª–µ –±—É–¥—É
                                            —Ç —Ä–∞—Å—Å–º–æ—Ç—Ä–µ–Ω—ã –Ω–µ—Å...

You may provide a definition with
\DeclareUnicodeCharacter 


! LaTeX Error: Unicode character —Ç (U+0442)
               not set up for use with LaTeX.

See the LaTeX manual or LaTeX Companion for explanation.
Type  H <return>  for immediate help.
 ...                                              
                                                  
l.10 –í –¥–∞–Ω–Ω–æ–º —Ä–∞–∑–¥–µ–ª–µ –±—É–¥—É—Ç
                                               —Ä–∞—Å—Å–º–æ—Ç—Ä–µ–Ω—ã –Ω–µ—Å...

You may provide a definition with
\DeclareUnicodeCharacter 


! LaTeX Error: Unicode character —Ä (U+0440)
               not set up for use with LaTeX.

See the LaTeX manual or LaTeX Companion for explanation.
Type  H <return>  for immediate help.
 ...                                              
                                                  
l.10 –í –¥–∞–Ω–Ω–æ–º —Ä–∞–∑–¥–µ–ª–µ –±—É–¥—É—Ç —Ä
                                                 –∞—Å—Å–º–æ—Ç—Ä–µ–Ω—ã –Ω–µ—Å...

You may provide a definition with
\DeclareUnicodeCharacter 


! LaTeX Error: Unicode character –∞ (U+0430)
               not set up for use with LaTeX.

See the LaTeX manual or LaTeX Companion for explanation.
Type  H <return>  for immediate help.
 ...                                              
                                                  
l.10 ...¥–∞–Ω–Ω–æ–º —Ä–∞–∑–¥–µ–ª–µ –±—É–¥—É—Ç —Ä–∞
                                                  —Å—Å–º–æ—Ç—Ä–µ–Ω—ã –Ω–µ—Å–...

You may provide a definition with
\DeclareUnicodeCharacter 


! LaTeX Error: Unicode character —Å (U+0441)
               not set up for use with LaTeX.

See the LaTeX manual or LaTeX Companion for explanation.
Type  H <return>  for immediate help.
 ...                                              
                                                  
l.10 ...∞–Ω–Ω–æ–º —Ä–∞–∑–¥–µ–ª–µ –±—É–¥—É—Ç —Ä–∞—Å
                                                  —Å–º–æ—Ç—Ä–µ–Ω—ã –Ω–µ—Å–∫–...

You may provide a definition with
\DeclareUnicodeCharacter 


! LaTeX Error: Unicode character —Å (U+0441)
               not set up for use with LaTeX.

See the LaTeX manual or LaTeX Companion for explanation.
Type  H <return>  for immediate help.
 ...                                              
                                                  
l.10 ...Ω–Ω–æ–º —Ä–∞–∑–¥–µ–ª–µ –±—É–¥—É—Ç —Ä–∞—Å—Å
                                                  –º–æ—Ç—Ä–µ–Ω—ã –Ω–µ—Å–∫–æ–...

You may provide a definition with
\DeclareUnicodeCharacter 


! LaTeX Error: Unicode character –º (U+043C)
               not set up for use with LaTeX.

See the LaTeX manual or LaTeX Companion for explanation.
Type  H <return>  for immediate help.
 ...                                              
                                                  
l.10 ...Ω–æ–º —Ä–∞–∑–¥–µ–ª–µ –±—É–¥—É—Ç —Ä–∞—Å—Å–º
                                                  –æ—Ç—Ä–µ–Ω—ã –Ω–µ—Å–∫–æ–ª—...

You may provide a definition with
\DeclareUnicodeCharacter 


! LaTeX Error: Unicode character –æ (U+043E)
               not set up for use with LaTeX.

See the LaTeX manual or LaTeX Companion for explanation.
Type  H <return>  for immediate help.
 ...                                              
                                                  
l.10 ...æ–º —Ä–∞–∑–¥–µ–ª–µ –±—É–¥—É—Ç —Ä–∞—Å—Å–º–æ
                                                  —Ç—Ä–µ–Ω—ã –Ω–µ—Å–∫–æ–ª—å–...

You may provide a definition with
\DeclareUnicodeCharacter 


! LaTeX Error: Unicode character —Ç (U+0442)
               not set up for use with LaTeX.

See the LaTeX manual or LaTeX Companion for explanation.
Type  H <return>  for immediate help.
 ...                                              
                                                  
l.10 ...º —Ä–∞–∑–¥–µ–ª–µ –±—É–¥—É—Ç —Ä–∞—Å—Å–º–æ—Ç
                                                  —Ä–µ–Ω—ã –Ω–µ—Å–∫–æ–ª—å–∫–...

You may provide a definition with
\DeclareUnicodeCharacter 


! LaTeX Error: Unicode character —Ä (U+0440)
               not set up for use with LaTeX.

See the LaTeX manual or LaTeX Companion for explanation.
Type  H <return>  for immediate help.
 ...                                              
                                                  
l.10 ...—Ä–∞–∑–¥–µ–ª–µ –±—É–¥—É—Ç —Ä–∞—Å—Å–º–æ—Ç—Ä
                                                  –µ–Ω—ã –Ω–µ—Å–∫–æ–ª—å–∫–æ ...

You may provide a definition with
\DeclareUnicodeCharacter 


! LaTeX Error: Unicode character –µ (U+0435)
               not set up for use with LaTeX.

See the LaTeX manual or LaTeX Companion for explanation.
Type  H <return>  for immediate help.
 ...                                              
                                                  
l.10 ...–∞–∑–¥–µ–ª–µ –±—É–¥—É—Ç —Ä–∞—Å—Å–º–æ—Ç—Ä–µ
                                                  –Ω—ã –Ω–µ—Å–∫–æ–ª—å–∫–æ –º...

You may provide a definition with
\DeclareUnicodeCharacter 


! LaTeX Error: Unicode character –Ω (U+043D)
               not set up for use with LaTeX.

See the LaTeX manual or LaTeX Companion for explanation.
Type  H <return>  for immediate help.
 ...                                              
                                                  
l.10 ...–∑–¥–µ–ª–µ –±—É–¥—É—Ç —Ä–∞—Å—Å–º–æ—Ç—Ä–µ–Ω
                                                  —ã –Ω–µ—Å–∫–æ–ª—å–∫–æ –º–æ...

You may provide a definition with
\DeclareUnicodeCharacter 


! LaTeX Error: Unicode character —ã (U+044B)
               not set up for use with LaTeX.

See the LaTeX manual or LaTeX Companion for explanation.
Type  H <return>  for immediate help.
 ...                                              
                                                  
l.10 ...–¥–µ–ª–µ –±—É–¥—É—Ç —Ä–∞—Å—Å–º–æ—Ç—Ä–µ–Ω—ã
                                                   –Ω–µ—Å–∫–æ–ª—å–∫–æ –º–æ–¥...

You may provide a definition with
\DeclareUnicodeCharacter 


! LaTeX Error: Unicode character –Ω (U+043D)
               not set up for use with LaTeX.

See the LaTeX manual or LaTeX Companion for explanation.
Type  H <return>  for immediate help.
 ...                                              
                                                  
l.10 ...µ–ª–µ –±—É–¥—É—Ç —Ä–∞—Å—Å–º–æ—Ç—Ä–µ–Ω—ã –Ω
                                                  –µ—Å–∫–æ–ª—å–∫–æ –º–æ–¥–µ–...

You may provide a definition with
\DeclareUnicodeCharacter 


! LaTeX Error: Unicode character –µ (U+0435)
               not set up for use with LaTeX.

See the LaTeX manual or LaTeX Companion for explanation.
Type  H <return>  for immediate help.
 ...                                              
                                                  
l.10 ...ª–µ –±—É–¥—É—Ç —Ä–∞—Å—Å–º–æ—Ç—Ä–µ–Ω—ã –Ω–µ
                                                  —Å–∫–æ–ª—å–∫–æ –º–æ–¥–µ–ª–...

You may provide a definition with
\DeclareUnicodeCharacter 


! LaTeX Error: Unicode character —Å (U+0441)
               not set up for use with LaTeX.

See the LaTeX manual or LaTeX Companion for explanation.
Type  H <return>  for immediate help.
 ...                                              
                                                  
l.10 ...µ –±—É–¥—É—Ç —Ä–∞—Å—Å–º–æ—Ç—Ä–µ–Ω—ã –Ω–µ—Å
                                                  –∫–æ–ª—å–∫–æ –º–æ–¥–µ–ª–µ–...

You may provide a definition with
\DeclareUnicodeCharacter 


! LaTeX Error: Unicode character –∫ (U+043A)
               not set up for use with LaTeX.

See the LaTeX manual or LaTeX Companion for explanation.
Type  H <return>  for immediate help.
 ...                                              
                                                  
l.10 ...–±—É–¥—É—Ç —Ä–∞—Å—Å–º–æ—Ç—Ä–µ–Ω—ã –Ω–µ—Å–∫
                                                  –æ–ª—å–∫–æ –º–æ–¥–µ–ª–µ–π ...

You may provide a definition with
\DeclareUnicodeCharacter 


! LaTeX Error: Unicode character –æ (U+043E)
               not set up for use with LaTeX.

See the LaTeX manual or LaTeX Companion for explanation.
Type  H <return>  for immediate help.
 ...                                              
                                                  
l.10 ...—É–¥—É—Ç —Ä–∞—Å—Å–º–æ—Ç—Ä–µ–Ω—ã –Ω–µ—Å–∫–æ
                                                  –ª—å–∫–æ –º–æ–¥–µ–ª–µ–π —Ä...

You may provide a definition with
\DeclareUnicodeCharacter 


! LaTeX Error: Unicode character –ª (U+043B)
               not set up for use with LaTeX.

See the LaTeX manual or LaTeX Companion for explanation.
Type  H <return>  for immediate help.
 ...                                              
                                                  
l.10 ...–¥—É—Ç —Ä–∞—Å—Å–º–æ—Ç—Ä–µ–Ω—ã –Ω–µ—Å–∫–æ–ª
                                                  —å–∫–æ –º–æ–¥–µ–ª–µ–π —Ä–∞...

You may provide a definition with
\DeclareUnicodeCharacter 


! LaTeX Error: Unicode character —å (U+044C)
               not set up for use with LaTeX.

See the LaTeX manual or LaTeX Companion for explanation.
Type  H <return>  for immediate help.
 ...                                              
                                                  
l.10 ...—É—Ç —Ä–∞—Å—Å–º–æ—Ç—Ä–µ–Ω—ã –Ω–µ—Å–∫–æ–ª—å
                                                  –∫–æ –º–æ–¥–µ–ª–µ–π —Ä–∞—Å...

You may provide a definition with
\DeclareUnicodeCharacter 


! LaTeX Error: Unicode character –∫ (U+043A)
               not set up for use with LaTeX.

See the LaTeX manual or LaTeX Companion for explanation.
Type  H <return>  for immediate help.
 ...                                              
                                                  
l.10 ...—Ç —Ä–∞—Å—Å–º–æ—Ç—Ä–µ–Ω—ã –Ω–µ—Å–∫–æ–ª—å–∫
                                                  –æ –º–æ–¥–µ–ª–µ–π —Ä–∞—Å–ø...

You may provide a definition with
\DeclareUnicodeCharacter 


! LaTeX Error: Unicode character –æ (U+043E)
               not set up for use with LaTeX.

See the LaTeX manual or LaTeX Companion for explanation.
Type  H <return>  for immediate help.
 ...                                              
                                                  
l.10 ... —Ä–∞—Å—Å–º–æ—Ç—Ä–µ–Ω—ã –Ω–µ—Å–∫–æ–ª—å–∫–æ
                                                   –º–æ–¥–µ–ª–µ–π —Ä–∞—Å–ø–æ...

You may provide a definition with
\DeclareUnicodeCharacter 


! LaTeX Error: Unicode character –º (U+043C)
               not set up for use with LaTeX.

See the LaTeX manual or LaTeX Companion for explanation.
Type  H <return>  for immediate help.
 ...                                              
                                                  
l.10 ...–∞—Å—Å–º–æ—Ç—Ä–µ–Ω—ã –Ω–µ—Å–∫–æ–ª—å–∫–æ –º
                                                  –æ–¥–µ–ª–µ–π —Ä–∞—Å–ø–æ–∑–...

You may provide a definition with
\DeclareUnicodeCharacter 


! LaTeX Error: Unicode character –æ (U+043E)
               not set up for use with LaTeX.

See the LaTeX manual or LaTeX Companion for explanation.
Type  H <return>  for immediate help.
 ...                                              
                                                  
l.10 ...—Å—Å–º–æ—Ç—Ä–µ–Ω—ã –Ω–µ—Å–∫–æ–ª—å–∫–æ –º–æ
                                                  –¥–µ–ª–µ–π —Ä–∞—Å–ø–æ–∑–Ω–...

You may provide a definition with
\DeclareUnicodeCharacter 


! LaTeX Error: Unicode character –¥ (U+0434)
               not set up for use with LaTeX.

See the LaTeX manual or LaTeX Companion for explanation.
Type  H <return>  for immediate help.
 ...                                              
                                                  
l.10 ...—Å–º–æ—Ç—Ä–µ–Ω—ã –Ω–µ—Å–∫–æ–ª—å–∫–æ –º–æ–¥
                                                  –µ–ª–µ–π —Ä–∞—Å–ø–æ–∑–Ω–∞–...

You may provide a definition with
\DeclareUnicodeCharacter 


! LaTeX Error: Unicode character –µ (U+0435)
               not set up for use with LaTeX.

See the LaTeX manual or LaTeX Companion for explanation.
Type  H <return>  for immediate help.
 ...                                              
                                                  
l.10 ...–º–æ—Ç—Ä–µ–Ω—ã –Ω–µ—Å–∫–æ–ª—å–∫–æ –º–æ–¥–µ
                                                  –ª–µ–π —Ä–∞—Å–ø–æ–∑–Ω–∞–≤–...

You may provide a definition with
\DeclareUnicodeCharacter 


! LaTeX Error: Unicode character –ª (U+043B)
               not set up for use with LaTeX.

See the LaTeX manual or LaTeX Companion for explanation.
Type  H <return>  for immediate help.
 ...                                              
                                                  
l.10 ...–æ—Ç—Ä–µ–Ω—ã –Ω–µ—Å–∫–æ–ª—å–∫–æ –º–æ–¥–µ–ª
                                                  –µ–π —Ä–∞—Å–ø–æ–∑–Ω–∞–≤–∞–...
(That makes 100 errors; please try again.) 
Here is how much of TeX's memory you used:
 46 strings out of 478287
 730 string characters out of 5849289
 289007 words of memory out of 5000000
 18342 multiletter control sequences out of 15000+600000
 469259 words of font info for 28 fonts, out of 8000000 for 9000
 1141 hyphenation exceptions out of 8191
 13i,0n,12p,520b,35s stack positions out of 5000i,500n,10000p,200000b,80000s

!  ==> Fatal error occurred, no output PDF file produced!
