\BOOKMARK [1][-]{section.1}{\376\377\004\022\004\062\004\065\004\064\004\065\004\075\004\070\004\065}{}% 1
\BOOKMARK [1][-]{section.2}{\376\377\004\041\004\062\004\065\004\100\004\102\004\076\004\107\004\075\004\113\004\065\000\040\004\075\004\065\004\071\004\100\004\076\004\075\004\075\004\113\004\065\000\040\004\101\004\065\004\102\004\070}{}% 2
\BOOKMARK [1][-]{section.3}{\376\377\004\040\004\060\004\101\004\077\004\076\004\067\004\075\004\060\004\062\004\060\004\075\004\070\004\065\000\040\004\072\004\073\004\116\004\107\004\065\004\062\004\113\004\105\000\040\004\102\004\076\004\107\004\065\004\072}{}% 3
\BOOKMARK [2][-]{subsection.3.1}{\376\377\004\032\004\073\004\116\004\107\004\065\004\062\004\113\004\065\000\040\004\102\004\076\004\107\004\072\004\070}{section.3}% 4
\BOOKMARK [2][-]{subsection.3.2}{\376\377\004\040\004\060\004\101\004\077\004\076\004\067\004\075\004\060\004\062\004\060\004\075\004\070\004\065\000\040\004\072\004\073\004\116\004\107\004\065\004\062\004\113\004\105\000\040\004\102\004\076\004\107\004\065\004\072\000\040\004\075\004\060\000\040\004\102\004\065\004\073\004\065\000\040\004\107\004\065\004\073\004\076\004\062\004\065\004\072\004\060\000.\000\040\004\041\004\072\004\065\004\073\004\065\004\102\000\040\004\107\004\065\004\073\004\076\004\062\004\065\004\072\004\060}{section.3}% 5
\BOOKMARK [1][-]{section.4}{\376\377\000D\000o\000m\000a\000i\000n\000\040\000A\000d\000a\000p\000t\000a\000t\000i\000o\000n}{}% 6
\BOOKMARK [2][-]{subsection.4.1}{\376\377\004\037\004\065\004\100\004\065\004\075\004\076\004\101\000\040\004\076\004\061\004\103\004\107\004\065\004\075\004\070\004\117}{section.4}% 7
\BOOKMARK [2][-]{subsection.4.2}{\376\377\004\024\004\076\004\074\004\065\004\075\004\075\004\060\004\117\000\040\004\060\004\064\004\060\004\077\004\102\004\060\004\106\004\070\004\117}{section.4}% 8
\BOOKMARK [3][-]{subsubsection.4.2.1}{\376\377\004\032\004\073\004\060\004\101\004\101\004\070\004\104\004\070\004\072\004\060\004\106\004\070\004\117\000\040\004\074\004\065\004\102\004\076\004\064\004\076\004\062\000\040\004\064\004\076\004\074\004\065\004\075\004\075\004\076\004\071\000\040\004\060\004\064\004\060\004\077\004\102\004\060\004\106\004\070\004\070}{subsection.4.2}% 9
\BOOKMARK [1][-]{section.5}{\376\377\004\036\004\061\004\067\004\076\004\100\000\040\004\101\004\103\004\111\004\065\004\101\004\102\004\062\004\103\004\116\004\111\004\070\004\105\000\040\004\100\004\065\004\110\004\065\004\075\004\070\004\071}{}% 10
\BOOKMARK [2][-]{subsection.5.1}{\376\377\004\036\004\061\004\067\004\076\004\100\000\040\004\074\004\076\004\064\004\065\004\073\004\065\004\071\000\040\004\064\004\073\004\117\000\040\004\100\004\060\004\101\004\077\004\076\004\067\004\075\004\060\004\062\004\060\004\075\004\070\004\117\000\040\004\032\004\042}{section.5}% 11
\BOOKMARK [3][-]{subsubsection.5.1.1}{\376\377\000D\000e\000e\000p\000P\000o\000s\000e}{subsection.5.1}% 12
\BOOKMARK [3][-]{subsubsection.5.1.2}{\376\377\000A\000l\000p\000h\000a\000P\000o\000s\000e}{subsection.5.1}% 13
\BOOKMARK [3][-]{subsubsection.5.1.3}{\376\377\000O\000p\000e\000n\000P\000o\000s\000e}{subsection.5.1}% 14
\BOOKMARK [3][-]{subsubsection.5.1.4}{\376\377\000B\000l\000a\000z\000e\000P\000o\000s\000e}{subsection.5.1}% 15
\BOOKMARK [3][-]{subsubsection.5.1.5}{\376\377\000H\000R\000N\000e\000t}{subsection.5.1}% 16
\BOOKMARK [3][-]{subsubsection.5.1.6}{\376\377\000V\000i\000T\000P\000o\000s\000e}{subsection.5.1}% 17
\BOOKMARK [3][-]{subsubsection.5.1.7}{\376\377\000R\000T\000M\000P\000o\000s\000e}{subsection.5.1}% 18
\BOOKMARK [3][-]{subsubsection.5.1.8}{\376\377\000S\000w\000i\000n}{subsection.5.1}% 19
\BOOKMARK [3][-]{subsubsection.5.1.9}{\376\377\000S\000i\000m\000c\000c\000\040\000+\000\040\000R\000e\000s\000n\000e\000t}{subsection.5.1}% 20
\BOOKMARK [3][-]{subsubsection.5.1.10}{\376\377\000D\000e\000k\000r\000\040\000+\000\040\000H\000R\000N\000e\000t}{subsection.5.1}% 21
\BOOKMARK [3][-]{subsubsection.5.1.11}{\376\377\000Y\000o\000l\000o\000P\000o\000s\000e}{subsection.5.1}% 22
\BOOKMARK [2][-]{subsection.5.2}{\376\377\004\020\004\075\004\060\004\073\004\070\004\067\000\040\004\070\000\040\004\062\004\113\004\061\004\076\004\100\000\040\004\074\004\065\004\102\004\076\004\064\004\076\004\062\000\040\004\064\004\076\004\074\004\065\004\075\004\075\004\076\004\071\000\040\004\060\004\064\004\060\004\077\004\102\004\060\004\106\004\070\004\070}{section.5}% 23
\BOOKMARK [3][-]{subsubsection.5.2.1}{\376\377\000P\000U\000L}{subsection.5.2}% 24
\BOOKMARK [3][-]{subsubsection.5.2.2}{\376\377\000R\000e\000g\000D\000A}{subsection.5.2}% 25
\BOOKMARK [3][-]{subsubsection.5.2.3}{\376\377\000U\000D\000A\000\040\000P\000o\000s\000e\000E\000s\000t\000i\000m\000a\000t\000i\000o\000n}{subsection.5.2}% 26
\BOOKMARK [3][-]{subsubsection.5.2.4}{\376\377\000P\000O\000S\000T}{subsection.5.2}% 27
\BOOKMARK [3][-]{subsubsection.5.2.5}{\376\377\000S\000F\000D\000A}{subsection.5.2}% 28
\BOOKMARK [1][-]{section.6}{\376\377\004\055\004\072\004\101\004\077\004\065\004\100\004\070\004\074\004\065\004\075\004\102}{}% 29
\BOOKMARK [2][-]{subsection.6.1}{\376\377\004\036\004\077\004\070\004\101\004\060\004\075\004\070\004\065\000\040\004\064\004\065\004\102\004\060\004\073\004\065\004\071\000\040\004\115\004\072\004\101\004\077\004\065\004\100\004\070\004\074\004\065\004\075\004\102\004\060}{section.6}% 30
\BOOKMARK [2][-]{subsection.6.2}{\376\377\004\024\004\060\004\075\004\075\004\113\004\065\000.\000\040\004\041\004\061\004\076\004\100\000\040\004\070\000\040\004\100\004\060\004\067\004\074\004\065\004\102\004\072\004\060}{section.6}% 31
\BOOKMARK [2][-]{subsection.6.3}{\376\377\004\040\004\065\004\067\004\103\004\073\004\114\004\102\004\060\004\102\004\113\000\040\004\115\004\072\004\101\004\077\004\065\004\100\004\070\004\074\004\065\004\075\004\102\004\060}{section.6}% 32
\BOOKMARK [1][-]{section.7}{\376\377\004\027\004\060\004\072\004\073\004\116\004\107\004\065\004\075\004\070\004\065}{}% 33
\BOOKMARK [1][-]{section*.5}{\376\377\004\041\004\077\004\070\004\101\004\076\004\072\000\040\004\073\004\070\004\102\004\065\004\100\004\060\004\102\004\103\004\100\004\113}{}% 34
